#-----------------------------------------------------------
# Vivado v2023.2 (64-bit)
# SW Build 4029153 on Fri Oct 13 20:14:34 MDT 2023
# IP Build 4028589 on Sat Oct 14 00:45:43 MDT 2023
# SharedData Build 4025554 on Tue Oct 10 17:18:54 MDT 2023
# Start of session at: Thu Apr 30 15:08:45 2026
# Process ID: 40660
# Current directory: D:/digital_twin/digital_twin/digital_twin.srcs
# Command line: vivado.exe -mode batch -source d:\digital_twin\digital_twin\repro_mycpu_min.tcl
# Log file: D:/digital_twin/digital_twin/digital_twin.srcs/vivado.log
# Journal file: D:/digital_twin/digital_twin/digital_twin.srcs\vivado.jou
# Running On: YukiRin, OS: Windows, CPU Frequency: 3194 MHz, CPU Physical cores: 16, Host memory: 47089 MB
#-----------------------------------------------------------
source {d:\digital_twin\digital_twin\repro_mycpu_min.tcl}
# create_project -in_memory -part xc7k325tffg900-2
create_project: Time (s): cpu = 00:00:05 ; elapsed = 00:00:05 . Memory (MB): peak = 566.395 ; gain = 182.781
# read_verilog -sv d:/digital_twin/digital_twin/digital_twin.srcs/sources_1/new/top.sv
# read_verilog -sv d:/digital_twin/digital_twin/digital_twin.srcs/sources_1/new/student_top.sv
# read_verilog -sv d:/digital_twin/digital_twin/digital_twin.srcs/sources_1/new/myCPU.sv
# synth_design -top top -part xc7k325tffg900-2
Command: synth_design -top top -part xc7k325tffg900-2
Starting synth_design
Attempting to get a license for feature 'Synthesis' and/or device 'xc7k325t'
INFO: [Common 17-349] Got license for feature 'Synthesis' and/or device 'xc7k325t'
INFO: [Synth 8-7079] Multithreading enabled for synth_design using a maximum of 2 processes.
INFO: [Synth 8-7078] Launching helper process for spawning children vivado processes
INFO: [Synth 8-7075] Helper process launched with PID 45348
---------------------------------------------------------------------------------
Starting Synthesize : Time (s): cpu = 00:00:05 ; elapsed = 00:00:04 . Memory (MB): peak = 1017.828 ; gain = 446.465
---------------------------------------------------------------------------------
ERROR: [Synth 8-2716] syntax error near '=' [d:/digital_twin/digital_twin/digital_twin.srcs/sources_1/new/myCPU.sv:520]
ERROR: [Synth 8-2716] syntax error near '=' [d:/digital_twin/digital_twin/digital_twin.srcs/sources_1/new/myCPU.sv:521]
ERROR: [Synth 8-2716] syntax error near 'always_comb' [d:/digital_twin/digital_twin/digital_twin.srcs/sources_1/new/myCPU.sv:545]
ERROR: [Synth 8-10307] SystemVerilog keyword 'always_comb' used in incorrect context [d:/digital_twin/digital_twin/digital_twin.srcs/sources_1/new/myCPU.sv:545]
ERROR: [Synth 8-2716] syntax error near 'always_comb' [d:/digital_twin/digital_twin/digital_twin.srcs/sources_1/new/myCPU.sv:569]
ERROR: [Synth 8-10307] SystemVerilog keyword 'always_comb' used in incorrect context [d:/digital_twin/digital_twin/digital_twin.srcs/sources_1/new/myCPU.sv:569]
ERROR: [Synth 8-2716] syntax error near 'always_ff' [d:/digital_twin/digital_twin/digital_twin.srcs/sources_1/new/myCPU.sv:578]
ERROR: [Synth 8-10307] SystemVerilog keyword 'always_ff' used in incorrect context [d:/digital_twin/digital_twin/digital_twin.srcs/sources_1/new/myCPU.sv:578]
ERROR: [Synth 8-2716] syntax error near 'always_comb' [d:/digital_twin/digital_twin/digital_twin.srcs/sources_1/new/myCPU.sv:624]
ERROR: [Synth 8-10307] SystemVerilog keyword 'always_comb' used in incorrect context [d:/digital_twin/digital_twin/digital_twin.srcs/sources_1/new/myCPU.sv:624]
ERROR: [Synth 8-2716] syntax error near 'always_ff' [d:/digital_twin/digital_twin/digital_twin.srcs/sources_1/new/myCPU.sv:665]
ERROR: [Synth 8-10307] SystemVerilog keyword 'always_ff' used in incorrect context [d:/digital_twin/digital_twin/digital_twin.srcs/sources_1/new/myCPU.sv:665]
ERROR: [Synth 8-2716] syntax error near 'always_comb' [d:/digital_twin/digital_twin/digital_twin.srcs/sources_1/new/myCPU.sv:686]
ERROR: [Synth 8-10307] SystemVerilog keyword 'always_comb' used in incorrect context [d:/digital_twin/digital_twin/digital_twin.srcs/sources_1/new/myCPU.sv:686]
ERROR: [Synth 8-2716] syntax error near 'endmodule' [d:/digital_twin/digital_twin/digital_twin.srcs/sources_1/new/myCPU.sv:726]
ERROR: [Synth 8-10307] SystemVerilog keyword 'endmodule' used in incorrect context [d:/digital_twin/digital_twin/digital_twin.srcs/sources_1/new/myCPU.sv:726]
ERROR: [Synth 8-2716] syntax error near 'endmodule' [d:/digital_twin/digital_twin/digital_twin.srcs/sources_1/new/myCPU.sv:743]
ERROR: [Synth 8-10307] SystemVerilog keyword 'endmodule' used in incorrect context [d:/digital_twin/digital_twin/digital_twin.srcs/sources_1/new/myCPU.sv:743]
INFO: [Synth 8-9084] Verilog file 'd:/digital_twin/digital_twin/digital_twin.srcs/sources_1/new/myCPU.sv' ignored due to errors
INFO: [Synth 8-6157] synthesizing module 'top' [d:/digital_twin/digital_twin/digital_twin.srcs/sources_1/new/top.sv:23]
ERROR: [Synth 8-439] module 'pll' not found [d:/digital_twin/digital_twin/digital_twin.srcs/sources_1/new/top.sv:92]
ERROR: [Synth 8-6156] failed synthesizing module 'top' [d:/digital_twin/digital_twin/digital_twin.srcs/sources_1/new/top.sv:23]
---------------------------------------------------------------------------------
Finished Synthesize : Time (s): cpu = 00:00:06 ; elapsed = 00:00:06 . Memory (MB): peak = 1124.066 ; gain = 552.703
---------------------------------------------------------------------------------
synthesize failed
INFO: [Common 17-83] Releasing license: Synthesis
7 Infos, 0 Warnings, 0 Critical Warnings and 21 Errors encountered.
synth_design failed
ERROR: [Common 17-69] Command failed: Vivado Synthesis failed
INFO: [Common 17-206] Exiting Vivado at Thu Apr 30 15:09:01 2026...
