#-----------------------------------------------------------
# Vivado v2023.2 (64-bit)
# SW Build 4029153 on Fri Oct 13 20:14:34 MDT 2023
# IP Build 4028589 on Sat Oct 14 00:45:43 MDT 2023
# SharedData Build 4025554 on Tue Oct 10 17:18:54 MDT 2023
# Start of session at: Thu Apr 30 16:04:22 2026
# Process ID: 23772
# Current directory: D:/digital_twin/digital_twin/digital_twin.srcs
# Command line: vivado.exe -mode batch -source d:/digital_twin/digital_twin/retarget_cpu_clk_impl_ultra.tcl -tclargs 200.000
# Log file: D:/digital_twin/digital_twin/digital_twin.srcs/vivado.log
# Journal file: D:/digital_twin/digital_twin/digital_twin.srcs\vivado.jou
# Running On: YukiRin, OS: Windows, CPU Frequency: 3194 MHz, CPU Physical cores: 16, Host memory: 47089 MB
#-----------------------------------------------------------
source d:/digital_twin/digital_twin/retarget_cpu_clk_impl_ultra.tcl
# if {[llength $argv] != 1} {
#     puts "Usage: vivado -mode batch -source retarget_cpu_clk_impl_ultra.tcl -tclargs <freq_mhz>"
#     exit 1
# }
# set target_freq [lindex $argv 0]
# set freq_tag [regsub -all {\.} $target_freq {p}]
# proc cleanup_run_markers {run_name} {
#     set run_dir [file normalize [format {d:/digital_twin/digital_twin/digital_twin.runs/%s} $run_name]]
#     foreach pattern {
#         .stop.rst
#         .vivado.begin.rst
#         .vivado.end.rst
#         .vivado.error.rst
#         __synthesis_is_running__
#         __implementation_is_running__
#     } {
#         foreach stale_file [glob -nocomplain -directory $run_dir $pattern] {
#             catch {file delete -force $stale_file}
#         }
#     }
# }
# proc wait_for_checkpoint {run_name checkpoint_name running_marker timeout_ms} {
#     set run_dir [file normalize [format {d:/digital_twin/digital_twin/digital_twin.runs/%s} $run_name]]
#     set checkpoint_path [file join $run_dir $checkpoint_name]
#     set running_path [file join $run_dir $running_marker]
#     set deadline [expr {[clock milliseconds] + $timeout_ms}]
# 
#     while {1} {
#         if {[file exists $checkpoint_path] && ![file exists $running_path]} {
#             return
#         }
#         if {[clock milliseconds] >= $deadline} {
#             error [format {Timed out waiting for %s/%s to complete} $run_name $checkpoint_name]
#         }
#         after 1000
#     }
# }
# open_project {d:/digital_twin/digital_twin/digital_twin.xpr}
Scanning sources...
Finished scanning sources
INFO: [IP_Flow 19-234] Refreshing IP repositories
INFO: [IP_Flow 19-1704] No user IP repositories specified
INFO: [IP_Flow 19-2313] Loaded Vivado IP repository 'D:/Xilinx/Vivado/2023.2/data/ip'.
open_project: Time (s): cpu = 00:00:05 ; elapsed = 00:00:06 . Memory (MB): peak = 578.094 ; gain = 193.457
# set srcset [get_filesets sources_1]
# catch {
#     set old_import_mycpu [get_files -of_objects $srcset {d:/digital_twin/digital_twin/digital_twin.srcs/sources_1/imports/new/myCPU.sv}]
#     if {[llength $old_import_mycpu] > 0} {
#         remove_files $old_import_mycpu
#     }
# }
WARNING: [Vivado 12-818] No files matched 'd:/digital_twin/digital_twin/digital_twin.srcs/sources_1/imports/new/myCPU.sv'
# set mycpu_file_new [get_files -of_objects $srcset {d:/digital_twin/digital_twin/digital_twin.srcs/sources_1/new/myCPU.sv}]
# if {[llength $mycpu_file_new] == 0} {
#     add_files -fileset $srcset -norecurse {d:/digital_twin/digital_twin/digital_twin.srcs/sources_1/new/myCPU.sv}
#     set mycpu_file_new [get_files -of_objects $srcset {d:/digital_twin/digital_twin/digital_twin.srcs/sources_1/new/myCPU.sv}]
# }
# if {[llength $mycpu_file_new] == 1} {
#     catch {set_property FILE_TYPE SystemVerilog $mycpu_file_new}
#     catch {set_property IS_ENABLED true $mycpu_file_new}
#     catch {set_property USED_IN_SYNTHESIS true $mycpu_file_new}
#     catch {set_property USED_IN_IMPLEMENTATION true $mycpu_file_new}
#     catch {set_property USED_IN_SIMULATION true $mycpu_file_new}
# }
# update_compile_order -fileset sources_1
# set pll_ip [get_ips pll]
# if {[llength $pll_ip] != 1} {
#     puts "ERROR: expected exactly one IP named pll"
#     close_project
#     exit 1
# }
# set pll_xci [get_files {d:/digital_twin/digital_twin/digital_twin.srcs/sources_1/ip/pll_1/pll.xci}]
# if {[llength $pll_xci] != 1} {
#     puts "ERROR: expected active pll_1 xci file"
#     close_project
#     exit 1
# }
# upgrade_ip $pll_ip
WARNING: [Coretcl 2-1042] No IP was identified for upgrade.
# set_property -dict [list CONFIG.CLKOUT2_REQUESTED_OUT_FREQ $target_freq] $pll_ip
# reset_target all $pll_xci
# generate_target all $pll_xci
INFO: [IP_Flow 19-1686] Generating 'Instantiation Template' target for IP 'pll'...
INFO: [IP_Flow 19-1686] Generating 'Synthesis' target for IP 'pll'...
INFO: [IP_Flow 19-1686] Generating 'Simulation' target for IP 'pll'...
INFO: [IP_Flow 19-1686] Generating 'Implementation' target for IP 'pll'...
INFO: [IP_Flow 19-1686] Generating 'Change Log' target for IP 'pll'...
# export_ip_user_files -of_objects $pll_xci -no_script -sync -force -quiet
# if {[llength [get_runs pll_synth_1]] == 0} {
#     create_ip_run $pll_xci
# }
# cleanup_run_markers pll_synth_1
# reset_run pll_synth_1
# launch_runs pll_synth_1 -jobs 2
INFO: [IP_Flow 19-6924] IPCACHE: Running cache check for IP inst: pll
INFO: [IP_Flow 19-6922] IPCACHE: Exporting cached entry 44d22fcfec183974 to dir: d:/digital_twin/digital_twin/digital_twin.gen/sources_1/ip/pll
INFO: [IP_Flow 19-6928] IPCACHE: copied cached file d:/digital_twin/digital_twin/digital_twin.cache/ip/2023.2/4/4/44d22fcfec183974/pll.dcp to d:/digital_twin/digital_twin/digital_twin.gen/sources_1/ip/pll/pll.dcp.
INFO: [IP_Flow 19-6926] IPCACHE: added file to list for BOM: d:/digital_twin/digital_twin/digital_twin.gen/sources_1/ip/pll/pll.dcp
INFO: [IP_Flow 19-6928] IPCACHE: copied cached file d:/digital_twin/digital_twin/digital_twin.cache/ip/2023.2/4/4/44d22fcfec183974/pll_sim_netlist.v to d:/digital_twin/digital_twin/digital_twin.gen/sources_1/ip/pll/pll_sim_netlist.v.
INFO: [IP_Flow 19-6926] IPCACHE: added file to list for BOM: d:/digital_twin/digital_twin/digital_twin.gen/sources_1/ip/pll/pll_sim_netlist.v
INFO: [IP_Flow 19-6928] IPCACHE: copied cached file d:/digital_twin/digital_twin/digital_twin.cache/ip/2023.2/4/4/44d22fcfec183974/pll_sim_netlist.vhdl to d:/digital_twin/digital_twin/digital_twin.gen/sources_1/ip/pll/pll_sim_netlist.vhdl.
INFO: [IP_Flow 19-6926] IPCACHE: added file to list for BOM: d:/digital_twin/digital_twin/digital_twin.gen/sources_1/ip/pll/pll_sim_netlist.vhdl
INFO: [IP_Flow 19-6928] IPCACHE: copied cached file d:/digital_twin/digital_twin/digital_twin.cache/ip/2023.2/4/4/44d22fcfec183974/pll_stub.v to d:/digital_twin/digital_twin/digital_twin.gen/sources_1/ip/pll/pll_stub.v.
INFO: [IP_Flow 19-6926] IPCACHE: added file to list for BOM: d:/digital_twin/digital_twin/digital_twin.gen/sources_1/ip/pll/pll_stub.v
INFO: [IP_Flow 19-6928] IPCACHE: copied cached file d:/digital_twin/digital_twin/digital_twin.cache/ip/2023.2/4/4/44d22fcfec183974/pll_stub.vhdl to d:/digital_twin/digital_twin/digital_twin.gen/sources_1/ip/pll/pll_stub.vhdl.
INFO: [IP_Flow 19-6926] IPCACHE: added file to list for BOM: d:/digital_twin/digital_twin/digital_twin.gen/sources_1/ip/pll/pll_stub.vhdl
INFO: [IP_Flow 19-4993] Using cached IP synthesis design for IP pll, cache-ID = 44d22fcfec183974; cache size = 48.824 MB.
INFO: [Vivado 12-4149] The synthesis checkpoint for IP 'd:/digital_twin/digital_twin/digital_twin.srcs/sources_1/ip/pll_1/pll.xci' is already up-to-date
[Thu Apr 30 16:04:35 2026] Launched pll_synth_1...
Run output will be captured here: d:/digital_twin/digital_twin/digital_twin.runs/pll_synth_1/runme.log
# wait_on_run pll_synth_1
[Thu Apr 30 16:04:35 2026] Waiting for pll_synth_1 to finish...

*** Running vivado
    with args -log pll.vds -m64 -product Vivado -mode batch -messageDb vivado.pb -notrace -source pll.tcl



****** Vivado v2023.2 (64-bit)
  **** SW Build 4029153 on Fri Oct 13 20:14:34 MDT 2023
  **** IP Build 4028589 on Sat Oct 14 00:45:43 MDT 2023
  **** SharedData Build 4025554 on Tue Oct 10 17:18:54 MDT 2023
    ** Copyright 1986-2022 Xilinx, Inc. All Rights Reserved.
    ** Copyright 2022-2023 Advanced Micro Devices, Inc. All Rights Reserved.

source pll.tcl -notrace
create_project: Time (s): cpu = 00:00:05 ; elapsed = 00:00:05 . Memory (MB): peak = 565.988 ; gain = 179.508
INFO: [IP_Flow 19-6924] IPCACHE: Running cache check for IP inst: pll
INFO: [IP_Flow 19-6922] IPCACHE: Exporting cached entry 44d22fcfec183974 to dir: d:/digital_twin/digital_twin/digital_twin.runs/pll_synth_1
INFO: [IP_Flow 19-6928] IPCACHE: copied cached file d:/digital_twin/digital_twin/digital_twin.cache/ip/2023.2/4/4/44d22fcfec183974/pll.dcp to d:/digital_twin/digital_twin/digital_twin.runs/pll_synth_1/pll.dcp.
INFO: [IP_Flow 19-6928] IPCACHE: copied cached file d:/digital_twin/digital_twin/digital_twin.cache/ip/2023.2/4/4/44d22fcfec183974/pll_sim_netlist.v to d:/digital_twin/digital_twin/digital_twin.runs/pll_synth_1/pll_sim_netlist.v.
INFO: [IP_Flow 19-6928] IPCACHE: copied cached file d:/digital_twin/digital_twin/digital_twin.cache/ip/2023.2/4/4/44d22fcfec183974/pll_sim_netlist.vhdl to d:/digital_twin/digital_twin/digital_twin.runs/pll_synth_1/pll_sim_netlist.vhdl.
INFO: [IP_Flow 19-6928] IPCACHE: copied cached file d:/digital_twin/digital_twin/digital_twin.cache/ip/2023.2/4/4/44d22fcfec183974/pll_stub.v to d:/digital_twin/digital_twin/digital_twin.runs/pll_synth_1/pll_stub.v.
INFO: [IP_Flow 19-6928] IPCACHE: copied cached file d:/digital_twin/digital_twin/digital_twin.cache/ip/2023.2/4/4/44d22fcfec183974/pll_stub.vhdl to d:/digital_twin/digital_twin/digital_twin.runs/pll_synth_1/pll_stub.vhdl.
INFO: [IP_Flow 19-4838] Using cached IP synthesis design for IP pll, cache-ID = 44d22fcfec183974.
INFO: [Common 17-206] Exiting Vivado at Thu Apr 30 16:04:47 2026...
[Thu Apr 30 16:04:50 2026] pll_synth_1 finished
wait_on_runs: Time (s): cpu = 00:00:00 ; elapsed = 00:00:15 . Memory (MB): peak = 595.824 ; gain = 0.000
# update_compile_order -fileset sources_1
# if {[llength [get_runs synth_1]] == 0} {
#     create_run -name synth_1 -part xc7k325tffg900-2 -flow {Vivado Synthesis 2023} -strategy Vivado Synthesis Defaults -constrset constrs_1
# }
# cleanup_run_markers synth_1
# reset_run synth_1
# launch_runs synth_1 -jobs 2
[Thu Apr 30 16:04:50 2026] Launched synth_1...
Run output will be captured here: d:/digital_twin/digital_twin/digital_twin.runs/synth_1/runme.log
# wait_on_run synth_1
[Thu Apr 30 16:04:50 2026] Waiting for synth_1 to finish...

*** Running vivado
    with args -log top.vds -m64 -product Vivado -mode batch -messageDb vivado.pb -notrace -source top.tcl



****** Vivado v2023.2 (64-bit)
  **** SW Build 4029153 on Fri Oct 13 20:14:34 MDT 2023
  **** IP Build 4028589 on Sat Oct 14 00:45:43 MDT 2023
  **** SharedData Build 4025554 on Tue Oct 10 17:18:54 MDT 2023
    ** Copyright 1986-2022 Xilinx, Inc. All Rights Reserved.
    ** Copyright 2022-2023 Advanced Micro Devices, Inc. All Rights Reserved.

source top.tcl -notrace
create_project: Time (s): cpu = 00:00:05 ; elapsed = 00:00:05 . Memory (MB): peak = 565.891 ; gain = 181.785
Command: synth_design -top top -part xc7k325tffg900-2
Starting synth_design
Attempting to get a license for feature 'Synthesis' and/or device 'xc7k325t'
INFO: [Common 17-349] Got license for feature 'Synthesis' and/or device 'xc7k325t'
INFO: [Device 21-403] Loading part xc7k325tffg900-2
INFO: [Synth 8-7079] Multithreading enabled for synth_design using a maximum of 2 processes.
INFO: [Synth 8-7078] Launching helper process for spawning children vivado processes
INFO: [Synth 8-7075] Helper process launched with PID 41900
---------------------------------------------------------------------------------
Starting RTL Elaboration : Time (s): cpu = 00:00:04 ; elapsed = 00:00:04 . Memory (MB): peak = 1469.656 ; gain = 440.254
---------------------------------------------------------------------------------
INFO: [Synth 8-6157] synthesizing module 'top' [d:/digital_twin/digital_twin/digital_twin.srcs/sources_1/new/top.sv:23]
INFO: [Synth 8-6157] synthesizing module 'pll' [d:/digital_twin/digital_twin/digital_twin.runs/synth_1/.Xil/Vivado-26180-YukiRin/realtime/pll_stub.v:6]
INFO: [Synth 8-6155] done synthesizing module 'pll' (0#1) [d:/digital_twin/digital_twin/digital_twin.runs/synth_1/.Xil/Vivado-26180-YukiRin/realtime/pll_stub.v:6]
INFO: [Synth 8-6157] synthesizing module 'uart' [d:/digital_twin/digital_twin/digital_twin.srcs/sources_1/new/uart.sv:22]
	Parameter CLK_FREQ bound to: 50000000 - type: integer 
	Parameter BAUD_RATE bound to: 9600 - type: integer 
INFO: [Synth 8-226] default block is never used [d:/digital_twin/digital_twin/digital_twin.srcs/sources_1/new/uart.sv:72]
INFO: [Synth 8-155] case statement is not full and has no default [d:/digital_twin/digital_twin/digital_twin.srcs/sources_1/new/uart.sv:147]
INFO: [Synth 8-6155] done synthesizing module 'uart' (0#1) [d:/digital_twin/digital_twin/digital_twin.srcs/sources_1/new/uart.sv:22]
INFO: [Synth 8-6157] synthesizing module 'twin_controller' [d:/digital_twin/digital_twin/digital_twin.srcs/sources_1/new/twin_controller.sv:23]
INFO: [Synth 8-226] default block is never used [d:/digital_twin/digital_twin/digital_twin.srcs/sources_1/new/twin_controller.sv:64]
INFO: [Synth 8-6155] done synthesizing module 'twin_controller' (0#1) [d:/digital_twin/digital_twin/digital_twin.srcs/sources_1/new/twin_controller.sv:23]
INFO: [Synth 8-6157] synthesizing module 'student_top' [d:/digital_twin/digital_twin/digital_twin.srcs/sources_1/new/student_top.sv:23]
INFO: [Synth 8-6157] synthesizing module 'myCPU' [d:/digital_twin/digital_twin/digital_twin.srcs/sources_1/new/myCPU.sv:3]
INFO: [Synth 8-6157] synthesizing module 'mycpu_rv32_decode' [d:/digital_twin/digital_twin/digital_twin.srcs/sources_1/new/myCPU.sv:591]
INFO: [Synth 8-6155] done synthesizing module 'mycpu_rv32_decode' (0#1) [d:/digital_twin/digital_twin/digital_twin.srcs/sources_1/new/myCPU.sv:591]
INFO: [Synth 8-6157] synthesizing module 'IMMGEN' [d:/digital_twin/digital_twin/digital_twin.srcs/sources_1/imports/new/IMMGEN.sv:23]
	Parameter DATAWIDTH bound to: 32 - type: integer 
INFO: [Synth 8-6155] done synthesizing module 'IMMGEN' (0#1) [d:/digital_twin/digital_twin/digital_twin.srcs/sources_1/imports/new/IMMGEN.sv:23]
INFO: [Synth 8-6157] synthesizing module 'RF' [d:/digital_twin/digital_twin/digital_twin.srcs/sources_1/imports/new/RF.sv:22]
	Parameter ADDR_WIDTH bound to: 5 - type: integer 
	Parameter DATAWIDTH bound to: 32 - type: integer 
INFO: [Synth 8-6155] done synthesizing module 'RF' (0#1) [d:/digital_twin/digital_twin/digital_twin.srcs/sources_1/imports/new/RF.sv:22]
INFO: [Synth 8-6157] synthesizing module 'ALU' [d:/digital_twin/digital_twin/digital_twin.srcs/sources_1/imports/new/ALU.sv:22]
	Parameter DATAWIDTH bound to: 32 - type: integer 
INFO: [Synth 8-294] found qualifier unique on case statement: implementing as parallel_case [d:/digital_twin/digital_twin/digital_twin.srcs/sources_1/imports/new/ALU.sv:66]
INFO: [Synth 8-6155] done synthesizing module 'ALU' (0#1) [d:/digital_twin/digital_twin/digital_twin.srcs/sources_1/imports/new/ALU.sv:22]
INFO: [Synth 8-226] default block is never used [d:/digital_twin/digital_twin/digital_twin.srcs/sources_1/new/myCPU.sv:319]
INFO: [Synth 8-226] default block is never used [d:/digital_twin/digital_twin/digital_twin.srcs/sources_1/new/myCPU.sv:339]
INFO: [Synth 8-226] default block is never used [d:/digital_twin/digital_twin/digital_twin.srcs/sources_1/new/myCPU.sv:473]
INFO: [Synth 8-6155] done synthesizing module 'myCPU' (0#1) [d:/digital_twin/digital_twin/digital_twin.srcs/sources_1/new/myCPU.sv:3]
WARNING: [Synth 8-689] width (12) of port connection 'irom_addr' does not match port width (32) of module 'myCPU' [d:/digital_twin/digital_twin/digital_twin.srcs/sources_1/new/student_top.sv:53]
INFO: [Synth 8-6157] synthesizing module 'IROM' [d:/digital_twin/digital_twin/digital_twin.runs/synth_1/.Xil/Vivado-26180-YukiRin/realtime/IROM_stub.v:6]
INFO: [Synth 8-6155] done synthesizing module 'IROM' (0#1) [d:/digital_twin/digital_twin/digital_twin.runs/synth_1/.Xil/Vivado-26180-YukiRin/realtime/IROM_stub.v:6]
INFO: [Synth 8-6157] synthesizing module 'perip_bridge' [d:/digital_twin/digital_twin/digital_twin.srcs/sources_1/new/perip_bridge.sv:22]
INFO: [Synth 8-6157] synthesizing module 'display_seg' [d:/digital_twin/digital_twin/digital_twin.srcs/sources_1/new/display_seg.sv:23]
INFO: [Synth 8-6157] synthesizing module 'seg7' [d:/digital_twin/digital_twin/digital_twin.srcs/sources_1/new/seg7.sv:23]
INFO: [Synth 8-226] default block is never used [d:/digital_twin/digital_twin/digital_twin.srcs/sources_1/new/seg7.sv:29]
INFO: [Synth 8-6155] done synthesizing module 'seg7' (0#1) [d:/digital_twin/digital_twin/digital_twin.srcs/sources_1/new/seg7.sv:23]
INFO: [Synth 8-6155] done synthesizing module 'display_seg' (0#1) [d:/digital_twin/digital_twin/digital_twin.srcs/sources_1/new/display_seg.sv:23]
INFO: [Synth 8-6157] synthesizing module 'dram_driver' [d:/digital_twin/digital_twin/digital_twin.srcs/sources_1/new/dram_driver.sv:23]
INFO: [Synth 8-294] found qualifier unique on case statement: implementing as parallel_case [d:/digital_twin/digital_twin/digital_twin.srcs/sources_1/new/dram_driver.sv:84]
INFO: [Synth 8-294] found qualifier unique on case statement: implementing as parallel_case [d:/digital_twin/digital_twin/digital_twin.srcs/sources_1/new/dram_driver.sv:107]
INFO: [Synth 8-6155] done synthesizing module 'dram_driver' (0#1) [d:/digital_twin/digital_twin/digital_twin.srcs/sources_1/new/dram_driver.sv:23]
INFO: [Synth 8-6157] synthesizing module 'counter' [d:/digital_twin/digital_twin/digital_twin.srcs/sources_1/new/counter.sv:23]
INFO: [Synth 8-6155] done synthesizing module 'counter' (0#1) [d:/digital_twin/digital_twin/digital_twin.srcs/sources_1/new/counter.sv:23]
INFO: [Synth 8-6155] done synthesizing module 'perip_bridge' (0#1) [d:/digital_twin/digital_twin/digital_twin.srcs/sources_1/new/perip_bridge.sv:22]
INFO: [Synth 8-6155] done synthesizing module 'student_top' (0#1) [d:/digital_twin/digital_twin/digital_twin.srcs/sources_1/new/student_top.sv:23]
INFO: [Synth 8-6155] done synthesizing module 'top' (0#1) [d:/digital_twin/digital_twin/digital_twin.srcs/sources_1/new/top.sv:23]
---------------------------------------------------------------------------------
Finished RTL Elaboration : Time (s): cpu = 00:00:10 ; elapsed = 00:00:10 . Memory (MB): peak = 1718.535 ; gain = 689.133
---------------------------------------------------------------------------------
---------------------------------------------------------------------------------
Start Handling Custom Attributes
---------------------------------------------------------------------------------
---------------------------------------------------------------------------------
Finished Handling Custom Attributes : Time (s): cpu = 00:00:10 ; elapsed = 00:00:10 . Memory (MB): peak = 1718.535 ; gain = 689.133
---------------------------------------------------------------------------------
---------------------------------------------------------------------------------
Finished RTL Optimization Phase 1 : Time (s): cpu = 00:00:10 ; elapsed = 00:00:10 . Memory (MB): peak = 1718.535 ; gain = 689.133
---------------------------------------------------------------------------------
Netlist sorting complete. Time (s): cpu = 00:00:00 ; elapsed = 00:00:00.034 . Memory (MB): peak = 1718.535 ; gain = 0.000
INFO: [Project 1-570] Preparing netlist for logic optimization

Processing XDC Constraints
Initializing timing engine
Parsing XDC File [d:/digital_twin/digital_twin/digital_twin.gen/sources_1/ip/IROM/IROM/IROM_in_context.xdc] for cell 'student_top_inst/Mem_IROM'
Finished Parsing XDC File [d:/digital_twin/digital_twin/digital_twin.gen/sources_1/ip/IROM/IROM/IROM_in_context.xdc] for cell 'student_top_inst/Mem_IROM'
Parsing XDC File [d:/digital_twin/digital_twin/digital_twin.gen/sources_1/ip/pll/pll/pll_in_context.xdc] for cell 'pll_inst'
Finished Parsing XDC File [d:/digital_twin/digital_twin/digital_twin.gen/sources_1/ip/pll/pll/pll_in_context.xdc] for cell 'pll_inst'
Parsing XDC File [d:/digital_twin/digital_twin/digital_twin.srcs/constrs_1/new/digital_twin.xdc]
WARNING: [Vivado 12-627] No clocks matched 'clk_out1_pll'. [d:/digital_twin/digital_twin/digital_twin.srcs/constrs_1/new/digital_twin.xdc:155]
INFO: [Vivado 12-626] No clocks found. Please use 'create_clock' or 'create_generated_clock' command to create clocks. [d:/digital_twin/digital_twin/digital_twin.srcs/constrs_1/new/digital_twin.xdc:155]
WARNING: [Vivado 12-627] No clocks matched 'clk_out2_pll'. [d:/digital_twin/digital_twin/digital_twin.srcs/constrs_1/new/digital_twin.xdc:155]
INFO: [Vivado 12-626] No clocks found. Please use 'create_clock' or 'create_generated_clock' command to create clocks. [d:/digital_twin/digital_twin/digital_twin.srcs/constrs_1/new/digital_twin.xdc:155]
CRITICAL WARNING: [Vivado 12-4739] set_clock_groups:No valid object(s) found for '-group [get_clocks clk_out1_pll]'. [d:/digital_twin/digital_twin/digital_twin.srcs/constrs_1/new/digital_twin.xdc:155]
Resolution: Check if the specified object(s) exists in the current design. If it does, ensure that the correct design hierarchy was specified for the object. If you are working with clocks, make sure create_clock was used to create the clock object before it is referenced.
CRITICAL WARNING: [Vivado 12-4739] set_clock_groups:No valid object(s) found for '-group '. [d:/digital_twin/digital_twin/digital_twin.srcs/constrs_1/new/digital_twin.xdc:155]
Resolution: Check if the specified object(s) exists in the current design. If it does, ensure that the correct design hierarchy was specified for the object. If you are working with clocks, make sure create_clock was used to create the clock object before it is referenced.
CRITICAL WARNING: [Vivado 12-4739] set_clock_groups:No valid object(s) found for '-group [get_clocks clk_out2_pll]'. [d:/digital_twin/digital_twin/digital_twin.srcs/constrs_1/new/digital_twin.xdc:155]
Resolution: Check if the specified object(s) exists in the current design. If it does, ensure that the correct design hierarchy was specified for the object. If you are working with clocks, make sure create_clock was used to create the clock object before it is referenced.
CRITICAL WARNING: [Vivado 12-4739] set_clock_groups:No valid object(s) found for '-group '. [d:/digital_twin/digital_twin/digital_twin.srcs/constrs_1/new/digital_twin.xdc:155]
Resolution: Check if the specified object(s) exists in the current design. If it does, ensure that the correct design hierarchy was specified for the object. If you are working with clocks, make sure create_clock was used to create the clock object before it is referenced.
Finished Parsing XDC File [d:/digital_twin/digital_twin/digital_twin.srcs/constrs_1/new/digital_twin.xdc]
WARNING: [Project 1-498] One or more constraints failed evaluation while reading constraint file [d:/digital_twin/digital_twin/digital_twin.srcs/constrs_1/new/digital_twin.xdc] and the design contains unresolved black boxes. These constraints will be read post-synthesis (as long as their source constraint file is marked as used_in_implementation) and should be applied correctly then. You should review the constraints listed in the file [.Xil/top_propImpl.xdc] and check the run log file to verify that these constraints were correctly applied.
INFO: [Project 1-236] Implementation specific constraints were found while reading constraint file [d:/digital_twin/digital_twin/digital_twin.srcs/constrs_1/new/digital_twin.xdc]. These constraints will be ignored for synthesis but will be used in implementation. Impacted constraints are listed in the file [.Xil/top_propImpl.xdc].
Resolution: To avoid this warning, move constraints listed in [.Xil/top_propImpl.xdc] to another XDC file and exclude this new file from synthesis with the used_in_synthesis property (File Properties dialog in GUI) and re-run elaboration/synthesis.
Completed Processing XDC Constraints

Netlist sorting complete. Time (s): cpu = 00:00:00 ; elapsed = 00:00:00 . Memory (MB): peak = 1753.293 ; gain = 0.000
INFO: [Project 1-111] Unisim Transformation Summary:
No Unisim elements were transformed.

The system cannot find the path specified.
Constraint Validation Runtime : Time (s): cpu = 00:00:00 ; elapsed = 00:00:00.012 . Memory (MB): peak = 1753.293 ; gain = 0.000
---------------------------------------------------------------------------------
Finished Constraint Validation : Time (s): cpu = 00:00:17 ; elapsed = 00:00:18 . Memory (MB): peak = 1753.293 ; gain = 723.891
---------------------------------------------------------------------------------
---------------------------------------------------------------------------------
Start Loading Part and Timing Information
---------------------------------------------------------------------------------
Loading part: xc7k325tffg900-2
---------------------------------------------------------------------------------
Finished Loading Part and Timing Information : Time (s): cpu = 00:00:17 ; elapsed = 00:00:18 . Memory (MB): peak = 1753.293 ; gain = 723.891
---------------------------------------------------------------------------------
---------------------------------------------------------------------------------
Start Applying 'set_property' XDC Constraints
---------------------------------------------------------------------------------
Applied set_property IO_BUFFER_TYPE = NONE for i_sys_clk_n. (constraint file  d:/digital_twin/digital_twin/digital_twin.gen/sources_1/ip/pll/pll/pll_in_context.xdc, line 4).
Applied set_property CLOCK_BUFFER_TYPE = NONE for i_sys_clk_n. (constraint file  d:/digital_twin/digital_twin/digital_twin.gen/sources_1/ip/pll/pll/pll_in_context.xdc, line 5).
Applied set_property IO_BUFFER_TYPE = NONE for i_sys_clk_p. (constraint file  d:/digital_twin/digital_twin/digital_twin.gen/sources_1/ip/pll/pll/pll_in_context.xdc, line 6).
Applied set_property CLOCK_BUFFER_TYPE = NONE for i_sys_clk_p. (constraint file  d:/digital_twin/digital_twin/digital_twin.gen/sources_1/ip/pll/pll/pll_in_context.xdc, line 7).
Applied set_property KEEP_HIERARCHY = SOFT for student_top_inst/Mem_IROM. (constraint file  auto generated constraint).
Applied set_property KEEP_HIERARCHY = SOFT for pll_inst. (constraint file  auto generated constraint).
---------------------------------------------------------------------------------
Finished applying 'set_property' XDC Constraints : Time (s): cpu = 00:00:18 ; elapsed = 00:00:18 . Memory (MB): peak = 1753.293 ; gain = 723.891
---------------------------------------------------------------------------------
INFO: [Synth 8-802] inferred FSM for state register 'rx_state_reg' in module 'uart'
INFO: [Synth 8-802] inferred FSM for state register 'tx_state_reg' in module 'uart'
---------------------------------------------------------------------------------------------------
                   State |                     New Encoding |                Previous Encoding 
---------------------------------------------------------------------------------------------------
                  iSTATE |                               00 |                               00
                 iSTATE0 |                               01 |                               01
                 iSTATE1 |                               10 |                               10
                 iSTATE2 |                               11 |                               11
---------------------------------------------------------------------------------------------------
INFO: [Synth 8-3354] encoded FSM with state register 'rx_state_reg' using encoding 'sequential' in module 'uart'
---------------------------------------------------------------------------------------------------
                   State |                     New Encoding |                Previous Encoding 
---------------------------------------------------------------------------------------------------
                  iSTATE |                                0 |                             0000
                 iSTATE0 |                                1 |                             0001
---------------------------------------------------------------------------------------------------
INFO: [Synth 8-3354] encoded FSM with state register 'tx_state_reg' using encoding 'sequential' in module 'uart'
---------------------------------------------------------------------------------
Finished RTL Optimization Phase 2 : Time (s): cpu = 00:00:19 ; elapsed = 00:00:20 . Memory (MB): peak = 1753.293 ; gain = 723.891
---------------------------------------------------------------------------------
---------------------------------------------------------------------------------
Start RTL Component Statistics 
---------------------------------------------------------------------------------
Detailed RTL Component Info : 
+---Adders : 
	   3 Input   33 Bit       Adders := 1     
	   2 Input   32 Bit       Adders := 5     
	   2 Input   16 Bit       Adders := 1     
	   2 Input   13 Bit       Adders := 3     
	   2 Input    5 Bit       Adders := 2     
	   2 Input    4 Bit       Adders := 2     
+---XORs : 
	   2 Input     32 Bit         XORs := 2     
	   2 Input      1 Bit         XORs := 32    
+---Registers : 
	               64 Bit    Registers := 3     
	               40 Bit    Registers := 2     
	               32 Bit    Registers := 51    
	               16 Bit    Registers := 2     
	               13 Bit    Registers := 2     
	               10 Bit    Registers := 1     
	                8 Bit    Registers := 28    
	                5 Bit    Registers := 7     
	                4 Bit    Registers := 3     
	                3 Bit    Registers := 2     
	                2 Bit    Registers := 6     
	                1 Bit    Registers := 33    
+---RAMs : 
	             512K Bit	(65536 X 8 bit)          RAMs := 4     
+---Muxes : 
	   2 Input   64 Bit        Muxes := 2     
	   2 Input   32 Bit        Muxes := 18    
	   3 Input   32 Bit        Muxes := 1     
	   4 Input   32 Bit        Muxes := 3     
	   2 Input   16 Bit        Muxes := 2     
	   2 Input   13 Bit        Muxes := 4     
	   4 Input   13 Bit        Muxes := 1     
	   2 Input   10 Bit        Muxes := 1     
	   2 Input    8 Bit        Muxes := 9     
	   4 Input    8 Bit        Muxes := 3     
	   2 Input    5 Bit        Muxes := 1     
	   4 Input    4 Bit        Muxes := 1     
	   2 Input    4 Bit        Muxes := 8     
	   8 Input    4 Bit        Muxes := 2     
	  10 Input    4 Bit        Muxes := 1     
	   4 Input    2 Bit        Muxes := 2     
	  10 Input    2 Bit        Muxes := 2     
	   2 Input    2 Bit        Muxes := 5     
	  11 Input    2 Bit        Muxes := 2     
	   3 Input    2 Bit        Muxes := 3     
	   2 Input    1 Bit        Muxes := 57    
	   4 Input    1 Bit        Muxes := 7     
	   3 Input    1 Bit        Muxes := 1     
	  10 Input    1 Bit        Muxes := 6     
	   7 Input    1 Bit        Muxes := 4     
---------------------------------------------------------------------------------
Finished RTL Component Statistics 
---------------------------------------------------------------------------------
---------------------------------------------------------------------------------
Start Part Resource Summary
---------------------------------------------------------------------------------
Part Resources:
DSPs: 840 (col length:140)
BRAMs: 890 (col length: RAMB18 140 RAMB36 70)
---------------------------------------------------------------------------------
Finished Part Resource Summary
---------------------------------------------------------------------------------
---------------------------------------------------------------------------------
Start Cross Boundary and Area Optimization
---------------------------------------------------------------------------------
WARNING: [Synth 8-7080] Parallel synthesis criteria is not met
---------------------------------------------------------------------------------
Finished Cross Boundary and Area Optimization : Time (s): cpu = 00:00:33 ; elapsed = 00:00:34 . Memory (MB): peak = 1753.293 ; gain = 723.891
---------------------------------------------------------------------------------
---------------------------------------------------------------------------------
Start ROM, RAM, DSP, Shift Register and Retiming Reporting
---------------------------------------------------------------------------------

Block RAM: Preliminary Mapping Report (see note below)
+------------+--------------------------------------------------------------+------------------------+---+---+------------------------+---+---+------------------+--------+--------+
|Module Name | RTL Object                                                   | PORT A (Depth x Width) | W | R | PORT B (Depth x Width) | W | R | Ports driving FF | RAMB18 | RAMB36 | 
+------------+--------------------------------------------------------------+------------------------+---+---+------------------------+---+---+------------------+--------+--------+
|top         | student_top_inst/bridge_inst/dram_driver_inst/dram_lane0_reg | 64 K x 8(READ_FIRST)   | W | R |                        |   |   | Port A           | 0      | 16     | 
|top         | student_top_inst/bridge_inst/dram_driver_inst/dram_lane1_reg | 64 K x 8(READ_FIRST)   | W | R |                        |   |   | Port A           | 0      | 16     | 
|top         | student_top_inst/bridge_inst/dram_driver_inst/dram_lane2_reg | 64 K x 8(READ_FIRST)   | W | R |                        |   |   | Port A           | 0      | 16     | 
|top         | student_top_inst/bridge_inst/dram_driver_inst/dram_lane3_reg | 64 K x 8(READ_FIRST)   | W | R |                        |   |   | Port A           | 0      | 16     | 
+------------+--------------------------------------------------------------+------------------------+---+---+------------------------+---+---+------------------+--------+--------+

Note: The table above is a preliminary report that shows the Block RAMs at the current stage of the synthesis flow. Some Block RAMs may be reimplemented as non Block RAM primitives later in the synthesis flow. Multiple instantiated Block RAMs are reported only once. 
---------------------------------------------------------------------------------
Finished ROM, RAM, DSP, Shift Register and Retiming Reporting
---------------------------------------------------------------------------------
---------------------------------------------------------------------------------
Start Applying XDC Timing Constraints
---------------------------------------------------------------------------------
---------------------------------------------------------------------------------
Finished Applying XDC Timing Constraints : Time (s): cpu = 00:00:37 ; elapsed = 00:00:38 . Memory (MB): peak = 1753.293 ; gain = 723.891
---------------------------------------------------------------------------------
---------------------------------------------------------------------------------
Start Timing Optimization
---------------------------------------------------------------------------------
---------------------------------------------------------------------------------
Finished Timing Optimization : Time (s): cpu = 00:00:45 ; elapsed = 00:00:46 . Memory (MB): peak = 1791.703 ; gain = 762.301
---------------------------------------------------------------------------------
---------------------------------------------------------------------------------
Start ROM, RAM, DSP, Shift Register and Retiming Reporting
---------------------------------------------------------------------------------

Block RAM: Final Mapping Report
+------------+--------------------------------------------------------------+------------------------+---+---+------------------------+---+---+------------------+--------+--------+
|Module Name | RTL Object                                                   | PORT A (Depth x Width) | W | R | PORT B (Depth x Width) | W | R | Ports driving FF | RAMB18 | RAMB36 | 
+------------+--------------------------------------------------------------+------------------------+---+---+------------------------+---+---+------------------+--------+--------+
|top         | student_top_inst/bridge_inst/dram_driver_inst/dram_lane0_reg | 64 K x 8(READ_FIRST)   | W | R |                        |   |   | Port A           | 0      | 16     | 
|top         | student_top_inst/bridge_inst/dram_driver_inst/dram_lane1_reg | 64 K x 8(READ_FIRST)   | W | R |                        |   |   | Port A           | 0      | 16     | 
|top         | student_top_inst/bridge_inst/dram_driver_inst/dram_lane2_reg | 64 K x 8(READ_FIRST)   | W | R |                        |   |   | Port A           | 0      | 16     | 
|top         | student_top_inst/bridge_inst/dram_driver_inst/dram_lane3_reg | 64 K x 8(READ_FIRST)   | W | R |                        |   |   | Port A           | 0      | 16     | 
+------------+--------------------------------------------------------------+------------------------+---+---+------------------------+---+---+------------------+--------+--------+

---------------------------------------------------------------------------------
Finished ROM, RAM, DSP, Shift Register and Retiming Reporting
---------------------------------------------------------------------------------
---------------------------------------------------------------------------------
Start Technology Mapping
---------------------------------------------------------------------------------
INFO: [Synth 8-7052] The timing for the instance student_top_inst/bridge_inst/dram_driver_inst/dram_lane0_reg_1_0 (implemented as a Block RAM) might be sub-optimal as no optional output register could be merged into the ram block. Providing additional output register may help in improving timing.
INFO: [Synth 8-7052] The timing for the instance student_top_inst/bridge_inst/dram_driver_inst/dram_lane0_reg_1_1 (implemented as a Block RAM) might be sub-optimal as no optional output register could be merged into the ram block. Providing additional output register may help in improving timing.
INFO: [Synth 8-7052] The timing for the instance student_top_inst/bridge_inst/dram_driver_inst/dram_lane0_reg_1_2 (implemented as a Block RAM) might be sub-optimal as no optional output register could be merged into the ram block. Providing additional output register may help in improving timing.
INFO: [Synth 8-7052] The timing for the instance student_top_inst/bridge_inst/dram_driver_inst/dram_lane0_reg_1_3 (implemented as a Block RAM) might be sub-optimal as no optional output register could be merged into the ram block. Providing additional output register may help in improving timing.
INFO: [Synth 8-7052] The timing for the instance student_top_inst/bridge_inst/dram_driver_inst/dram_lane0_reg_1_4 (implemented as a Block RAM) might be sub-optimal as no optional output register could be merged into the ram block. Providing additional output register may help in improving timing.
INFO: [Synth 8-7052] The timing for the instance student_top_inst/bridge_inst/dram_driver_inst/dram_lane0_reg_1_5 (implemented as a Block RAM) might be sub-optimal as no optional output register could be merged into the ram block. Providing additional output register may help in improving timing.
INFO: [Synth 8-7052] The timing for the instance student_top_inst/bridge_inst/dram_driver_inst/dram_lane0_reg_1_6 (implemented as a Block RAM) might be sub-optimal as no optional output register could be merged into the ram block. Providing additional output register may help in improving timing.
INFO: [Synth 8-7052] The timing for the instance student_top_inst/bridge_inst/dram_driver_inst/dram_lane0_reg_1_7 (implemented as a Block RAM) might be sub-optimal as no optional output register could be merged into the ram block. Providing additional output register may help in improving timing.
INFO: [Synth 8-7052] The timing for the instance student_top_inst/bridge_inst/dram_driver_inst/dram_lane1_reg_1_0 (implemented as a Block RAM) might be sub-optimal as no optional output register could be merged into the ram block. Providing additional output register may help in improving timing.
INFO: [Synth 8-7052] The timing for the instance student_top_inst/bridge_inst/dram_driver_inst/dram_lane1_reg_1_1 (implemented as a Block RAM) might be sub-optimal as no optional output register could be merged into the ram block. Providing additional output register may help in improving timing.
INFO: [Synth 8-7052] The timing for the instance student_top_inst/bridge_inst/dram_driver_inst/dram_lane1_reg_1_2 (implemented as a Block RAM) might be sub-optimal as no optional output register could be merged into the ram block. Providing additional output register may help in improving timing.
INFO: [Synth 8-7052] The timing for the instance student_top_inst/bridge_inst/dram_driver_inst/dram_lane1_reg_1_3 (implemented as a Block RAM) might be sub-optimal as no optional output register could be merged into the ram block. Providing additional output register may help in improving timing.
INFO: [Synth 8-7052] The timing for the instance student_top_inst/bridge_inst/dram_driver_inst/dram_lane1_reg_1_4 (implemented as a Block RAM) might be sub-optimal as no optional output register could be merged into the ram block. Providing additional output register may help in improving timing.
INFO: [Synth 8-7052] The timing for the instance student_top_inst/bridge_inst/dram_driver_inst/dram_lane1_reg_1_5 (implemented as a Block RAM) might be sub-optimal as no optional output register could be merged into the ram block. Providing additional output register may help in improving timing.
INFO: [Synth 8-7052] The timing for the instance student_top_inst/bridge_inst/dram_driver_inst/dram_lane1_reg_1_6 (implemented as a Block RAM) might be sub-optimal as no optional output register could be merged into the ram block. Providing additional output register may help in improving timing.
INFO: [Synth 8-7052] The timing for the instance student_top_inst/bridge_inst/dram_driver_inst/dram_lane1_reg_1_7 (implemented as a Block RAM) might be sub-optimal as no optional output register could be merged into the ram block. Providing additional output register may help in improving timing.
INFO: [Synth 8-7052] The timing for the instance student_top_inst/bridge_inst/dram_driver_inst/dram_lane2_reg_1_0 (implemented as a Block RAM) might be sub-optimal as no optional output register could be merged into the ram block. Providing additional output register may help in improving timing.
INFO: [Synth 8-7052] The timing for the instance student_top_inst/bridge_inst/dram_driver_inst/dram_lane2_reg_1_1 (implemented as a Block RAM) might be sub-optimal as no optional output register could be merged into the ram block. Providing additional output register may help in improving timing.
INFO: [Synth 8-7052] The timing for the instance student_top_inst/bridge_inst/dram_driver_inst/dram_lane2_reg_1_2 (implemented as a Block RAM) might be sub-optimal as no optional output register could be merged into the ram block. Providing additional output register may help in improving timing.
INFO: [Synth 8-7052] The timing for the instance student_top_inst/bridge_inst/dram_driver_inst/dram_lane2_reg_1_3 (implemented as a Block RAM) might be sub-optimal as no optional output register could be merged into the ram block. Providing additional output register may help in improving timing.
INFO: [Synth 8-7052] The timing for the instance student_top_inst/bridge_inst/dram_driver_inst/dram_lane2_reg_1_4 (implemented as a Block RAM) might be sub-optimal as no optional output register could be merged into the ram block. Providing additional output register may help in improving timing.
INFO: [Synth 8-7052] The timing for the instance student_top_inst/bridge_inst/dram_driver_inst/dram_lane2_reg_1_5 (implemented as a Block RAM) might be sub-optimal as no optional output register could be merged into the ram block. Providing additional output register may help in improving timing.
INFO: [Synth 8-7052] The timing for the instance student_top_inst/bridge_inst/dram_driver_inst/dram_lane2_reg_1_6 (implemented as a Block RAM) might be sub-optimal as no optional output register could be merged into the ram block. Providing additional output register may help in improving timing.
INFO: [Synth 8-7052] The timing for the instance student_top_inst/bridge_inst/dram_driver_inst/dram_lane2_reg_1_7 (implemented as a Block RAM) might be sub-optimal as no optional output register could be merged into the ram block. Providing additional output register may help in improving timing.
INFO: [Synth 8-7052] The timing for the instance student_top_inst/bridge_inst/dram_driver_inst/dram_lane3_reg_1_0 (implemented as a Block RAM) might be sub-optimal as no optional output register could be merged into the ram block. Providing additional output register may help in improving timing.
INFO: [Synth 8-7052] The timing for the instance student_top_inst/bridge_inst/dram_driver_inst/dram_lane3_reg_1_1 (implemented as a Block RAM) might be sub-optimal as no optional output register could be merged into the ram block. Providing additional output register may help in improving timing.
INFO: [Synth 8-7052] The timing for the instance student_top_inst/bridge_inst/dram_driver_inst/dram_lane3_reg_1_2 (implemented as a Block RAM) might be sub-optimal as no optional output register could be merged into the ram block. Providing additional output register may help in improving timing.
INFO: [Synth 8-7052] The timing for the instance student_top_inst/bridge_inst/dram_driver_inst/dram_lane3_reg_1_3 (implemented as a Block RAM) might be sub-optimal as no optional output register could be merged into the ram block. Providing additional output register may help in improving timing.
INFO: [Synth 8-7052] The timing for the instance student_top_inst/bridge_inst/dram_driver_inst/dram_lane3_reg_1_4 (implemented as a Block RAM) might be sub-optimal as no optional output register could be merged into the ram block. Providing additional output register may help in improving timing.
INFO: [Synth 8-7052] The timing for the instance student_top_inst/bridge_inst/dram_driver_inst/dram_lane3_reg_1_5 (implemented as a Block RAM) might be sub-optimal as no optional output register could be merged into the ram block. Providing additional output register may help in improving timing.
INFO: [Synth 8-7052] The timing for the instance student_top_inst/bridge_inst/dram_driver_inst/dram_lane3_reg_1_6 (implemented as a Block RAM) might be sub-optimal as no optional output register could be merged into the ram block. Providing additional output register may help in improving timing.
INFO: [Synth 8-7052] The timing for the instance student_top_inst/bridge_inst/dram_driver_inst/dram_lane3_reg_1_7 (implemented as a Block RAM) might be sub-optimal as no optional output register could be merged into the ram block. Providing additional output register may help in improving timing.
---------------------------------------------------------------------------------
Finished Technology Mapping : Time (s): cpu = 00:00:46 ; elapsed = 00:00:47 . Memory (MB): peak = 1792.664 ; gain = 763.262
---------------------------------------------------------------------------------
---------------------------------------------------------------------------------
Start IO Insertion
---------------------------------------------------------------------------------
---------------------------------------------------------------------------------
Start Flattening Before IO Insertion
---------------------------------------------------------------------------------
---------------------------------------------------------------------------------
Finished Flattening Before IO Insertion
---------------------------------------------------------------------------------
---------------------------------------------------------------------------------
Start Final Netlist Cleanup
---------------------------------------------------------------------------------
---------------------------------------------------------------------------------
Finished Final Netlist Cleanup
---------------------------------------------------------------------------------
---------------------------------------------------------------------------------
Finished IO Insertion : Time (s): cpu = 00:00:50 ; elapsed = 00:00:51 . Memory (MB): peak = 1792.664 ; gain = 763.262
---------------------------------------------------------------------------------
---------------------------------------------------------------------------------
Start Renaming Generated Instances
---------------------------------------------------------------------------------
---------------------------------------------------------------------------------
Finished Renaming Generated Instances : Time (s): cpu = 00:00:50 ; elapsed = 00:00:51 . Memory (MB): peak = 1792.664 ; gain = 763.262
---------------------------------------------------------------------------------
---------------------------------------------------------------------------------
Start Rebuilding User Hierarchy
---------------------------------------------------------------------------------
---------------------------------------------------------------------------------
Finished Rebuilding User Hierarchy : Time (s): cpu = 00:00:51 ; elapsed = 00:00:52 . Memory (MB): peak = 1792.664 ; gain = 763.262
---------------------------------------------------------------------------------
---------------------------------------------------------------------------------
Start Renaming Generated Ports
---------------------------------------------------------------------------------
---------------------------------------------------------------------------------
Finished Renaming Generated Ports : Time (s): cpu = 00:00:51 ; elapsed = 00:00:52 . Memory (MB): peak = 1792.664 ; gain = 763.262
---------------------------------------------------------------------------------
---------------------------------------------------------------------------------
Start Handling Custom Attributes
---------------------------------------------------------------------------------
---------------------------------------------------------------------------------
Finished Handling Custom Attributes : Time (s): cpu = 00:00:51 ; elapsed = 00:00:52 . Memory (MB): peak = 1792.664 ; gain = 763.262
---------------------------------------------------------------------------------
---------------------------------------------------------------------------------
Start Renaming Generated Nets
---------------------------------------------------------------------------------
---------------------------------------------------------------------------------
Finished Renaming Generated Nets : Time (s): cpu = 00:00:51 ; elapsed = 00:00:52 . Memory (MB): peak = 1792.664 ; gain = 763.262
---------------------------------------------------------------------------------
---------------------------------------------------------------------------------
Start Writing Synthesis Report
---------------------------------------------------------------------------------

Report BlackBoxes: 
+------+--------------+----------+
|      |BlackBox name |Instances |
+------+--------------+----------+
|1     |pll           |         1|
|2     |IROM          |         1|
+------+--------------+----------+

Report Cell Usage: 
+------+---------+------+
|      |Cell     |Count |
+------+---------+------+
|1     |IROM     |     1|
|2     |pll      |     1|
|3     |CARRY4   |    65|
|4     |LUT1     |     7|
|5     |LUT2     |   127|
|6     |LUT3     |   138|
|7     |LUT4     |   322|
|8     |LUT5     |   287|
|9     |LUT6     |  1220|
|10    |MUXF7    |   304|
|11    |MUXF8    |   136|
|12    |RAMB36E1 |    64|
|21    |FDCE     |  2212|
|22    |FDPE     |    20|
|23    |FDRE     |   131|
|24    |IBUF     |     1|
|25    |OBUF     |    73|
+------+---------+------+
---------------------------------------------------------------------------------
Finished Writing Synthesis Report : Time (s): cpu = 00:00:51 ; elapsed = 00:00:52 . Memory (MB): peak = 1792.664 ; gain = 763.262
---------------------------------------------------------------------------------
Synthesis finished with 0 errors, 0 critical warnings and 1 warnings.
Synthesis Optimization Runtime : Time (s): cpu = 00:00:39 ; elapsed = 00:00:49 . Memory (MB): peak = 1792.664 ; gain = 728.504
Synthesis Optimization Complete : Time (s): cpu = 00:00:51 ; elapsed = 00:00:52 . Memory (MB): peak = 1792.664 ; gain = 763.262
INFO: [Project 1-571] Translating synthesized netlist
Netlist sorting complete. Time (s): cpu = 00:00:00 ; elapsed = 00:00:00.041 . Memory (MB): peak = 1804.543 ; gain = 0.000
INFO: [Netlist 29-17] Analyzing 569 Unisim elements for replacement
INFO: [Netlist 29-28] Unisim Transformation completed in 0 CPU seconds
INFO: [Project 1-570] Preparing netlist for logic optimization
INFO: [Opt 31-138] Pushed 0 inverter(s) to 0 load pin(s).
Netlist sorting complete. Time (s): cpu = 00:00:00 ; elapsed = 00:00:00.001 . Memory (MB): peak = 1812.227 ; gain = 0.000
INFO: [Project 1-111] Unisim Transformation Summary:
No Unisim elements were transformed.

The system cannot find the path specified.
Synth Design complete | Checksum: 1b42c189
INFO: [Common 17-83] Releasing license: Synthesis
95 Infos, 5 Warnings, 4 Critical Warnings and 0 Errors encountered.
synth_design completed successfully
synth_design: Time (s): cpu = 00:00:56 ; elapsed = 00:00:58 . Memory (MB): peak = 1812.227 ; gain = 1233.090
INFO: [runtcl-6] Synthesis results are not added to the cache due to CRITICAL_WARNING
Write ShapeDB Complete: Time (s): cpu = 00:00:00 ; elapsed = 00:00:00.006 . Memory (MB): peak = 1812.227 ; gain = 0.000
INFO: [Common 17-1381] The checkpoint 'd:/digital_twin/digital_twin/digital_twin.runs/synth_1/top.dcp' has been generated.
INFO: [runtcl-4] Executing : report_utilization -file top_utilization_synth.rpt -pb top_utilization_synth.pb
INFO: [Common 17-206] Exiting Vivado at Thu Apr 30 16:06:01 2026...
[Thu Apr 30 16:06:06 2026] synth_1 finished
wait_on_runs: Time (s): cpu = 00:00:01 ; elapsed = 00:01:15 . Memory (MB): peak = 595.824 ; gain = 0.000
# open_run synth_1
Design is defaulting to impl run constrset: constrs_1
Design is defaulting to synth run part: xc7k325tffg900-2
INFO: [Device 21-403] Loading part xc7k325tffg900-2
INFO: [Project 1-454] Reading design checkpoint 'd:/digital_twin/digital_twin/digital_twin.gen/sources_1/ip/pll/pll.dcp' for cell 'pll_inst'
INFO: [Project 1-454] Reading design checkpoint 'd:/digital_twin/digital_twin/digital_twin.gen/sources_1/ip/IROM/IROM.dcp' for cell 'student_top_inst/Mem_IROM'
Netlist sorting complete. Time (s): cpu = 00:00:00 ; elapsed = 00:00:00.028 . Memory (MB): peak = 1078.797 ; gain = 0.000
INFO: [Netlist 29-17] Analyzing 1115 Unisim elements for replacement
INFO: [Netlist 29-28] Unisim Transformation completed in 0 CPU seconds
INFO: [Project 1-479] Netlist was created with Vivado 2023.2
INFO: [Project 1-570] Preparing netlist for logic optimization
Parsing XDC File [d:/digital_twin/digital_twin/digital_twin.gen/sources_1/ip/pll/pll_board.xdc] for cell 'pll_inst/inst'
Finished Parsing XDC File [d:/digital_twin/digital_twin/digital_twin.gen/sources_1/ip/pll/pll_board.xdc] for cell 'pll_inst/inst'
Parsing XDC File [d:/digital_twin/digital_twin/digital_twin.gen/sources_1/ip/pll/pll.xdc] for cell 'pll_inst/inst'
INFO: [Timing 38-35] Done setting XDC timing constraints. [d:/digital_twin/digital_twin/digital_twin.gen/sources_1/ip/pll/pll.xdc:54]
INFO: [Timing 38-2] Deriving generated clocks [d:/digital_twin/digital_twin/digital_twin.gen/sources_1/ip/pll/pll.xdc:54]
get_clocks: Time (s): cpu = 00:00:07 ; elapsed = 00:00:07 . Memory (MB): peak = 1826.906 ; gain = 626.949
Finished Parsing XDC File [d:/digital_twin/digital_twin/digital_twin.gen/sources_1/ip/pll/pll.xdc] for cell 'pll_inst/inst'
Parsing XDC File [d:/digital_twin/digital_twin/digital_twin.srcs/constrs_1/new/digital_twin.xdc]
Finished Parsing XDC File [d:/digital_twin/digital_twin/digital_twin.srcs/constrs_1/new/digital_twin.xdc]
INFO: [Opt 31-138] Pushed 0 inverter(s) to 0 load pin(s).
Netlist sorting complete. Time (s): cpu = 00:00:00 ; elapsed = 00:00:00.001 . Memory (MB): peak = 1826.906 ; gain = 0.000
INFO: [Project 1-111] Unisim Transformation Summary:
No Unisim elements were transformed.

open_run: Time (s): cpu = 00:00:12 ; elapsed = 00:00:13 . Memory (MB): peak = 1826.906 ; gain = 1231.082
# opt_design -directive Explore
Command: opt_design -directive Explore
INFO: [Vivado_Tcl 4-136] Directive used for opt_design is: Explore
Attempting to get a license for feature 'Implementation' and/or device 'xc7k325t'
INFO: [Common 17-349] Got license for feature 'Implementation' and/or device 'xc7k325t'
Running DRC as a precondition to command opt_design

Starting DRC Task
INFO: [DRC 23-27] Running DRC with 2 threads
INFO: [Project 1-461] DRC finished with 0 Errors
INFO: [Project 1-462] Please refer to the DRC report (report_drc) for more information.

Time (s): cpu = 00:00:01 ; elapsed = 00:00:00.853 . Memory (MB): peak = 1826.906 ; gain = 0.000

Starting Logic Optimization Task

Phase 1 Initialization

Phase 1.1 Core Generation And Design Setup
Phase 1.1 Core Generation And Design Setup | Checksum: 10b7503b0

Time (s): cpu = 00:00:00 ; elapsed = 00:00:00.002 . Memory (MB): peak = 2109.230 ; gain = 0.000

Phase 1.2 Setup Constraints And Sort Netlist
Phase 1.2 Setup Constraints And Sort Netlist | Checksum: 10b7503b0

Time (s): cpu = 00:00:00 ; elapsed = 00:00:00.005 . Memory (MB): peak = 2109.230 ; gain = 0.000
Phase 1 Initialization | Checksum: 10b7503b0

Time (s): cpu = 00:00:00 ; elapsed = 00:00:00.006 . Memory (MB): peak = 2109.230 ; gain = 0.000

Phase 2 Timer Update And Timing Data Collection

Phase 2.1 Timer Update
INFO: [Timing 38-35] Done setting XDC timing constraints.
Phase 2.1 Timer Update | Checksum: 10b7503b0

Time (s): cpu = 00:00:00 ; elapsed = 00:00:00.277 . Memory (MB): peak = 2210.168 ; gain = 100.938

Phase 2.2 Timing Data Collection
Phase 2.2 Timing Data Collection | Checksum: 10b7503b0

Time (s): cpu = 00:00:00 ; elapsed = 00:00:00.287 . Memory (MB): peak = 2210.168 ; gain = 100.938
Phase 2 Timer Update And Timing Data Collection | Checksum: 10b7503b0

Time (s): cpu = 00:00:00 ; elapsed = 00:00:00.288 . Memory (MB): peak = 2210.168 ; gain = 100.938

Phase 3 Retarget
INFO: [Opt 31-1566] Pulled 1 inverters resulting in an inversion of 2 pins
INFO: [Opt 31-138] Pushed 0 inverter(s) to 0 load pin(s).
INFO: [Opt 31-49] Retargeted 0 cell(s).
Phase 3 Retarget | Checksum: 156b82c3b

Time (s): cpu = 00:00:00 ; elapsed = 00:00:00.367 . Memory (MB): peak = 2210.168 ; gain = 100.938
Retarget | Checksum: 156b82c3b
INFO: [Opt 31-389] Phase Retarget created 0 cells and removed 1 cells
INFO: [Opt 31-1021] In phase Retarget, 1 netlist objects are constrained preventing optimization. Please run opt_design with -debug_log to get more detail. 

Phase 4 Constant propagation
INFO: [Opt 31-138] Pushed 0 inverter(s) to 0 load pin(s).
Phase 4 Constant propagation | Checksum: 13872d5fc

Time (s): cpu = 00:00:00 ; elapsed = 00:00:00.406 . Memory (MB): peak = 2210.168 ; gain = 100.938
Constant propagation | Checksum: 13872d5fc
INFO: [Opt 31-389] Phase Constant propagation created 0 cells and removed 0 cells

Phase 5 Sweep
Phase 5 Sweep | Checksum: 16290f698

Time (s): cpu = 00:00:00 ; elapsed = 00:00:00.469 . Memory (MB): peak = 2210.168 ; gain = 100.938
Sweep | Checksum: 16290f698
INFO: [Opt 31-389] Phase Sweep created 32 cells and removed 0 cells

Phase 6 BUFG optimization
Phase 6 BUFG optimization | Checksum: 16290f698

Time (s): cpu = 00:00:00 ; elapsed = 00:00:00.526 . Memory (MB): peak = 2210.168 ; gain = 100.938
BUFG optimization | Checksum: 16290f698
INFO: [Opt 31-662] Phase BUFG optimization created 0 cells of which 0 are BUFGs and removed 0 cells.

Phase 7 Shift Register Optimization
INFO: [Opt 31-1064] SRL Remap converted 0 SRLs to 0 registers and converted 0 registers of register chains to 0 SRLs
Phase 7 Shift Register Optimization | Checksum: 16290f698

Time (s): cpu = 00:00:00 ; elapsed = 00:00:00.530 . Memory (MB): peak = 2210.168 ; gain = 100.938
Shift Register Optimization | Checksum: 16290f698
INFO: [Opt 31-389] Phase Shift Register Optimization created 0 cells and removed 0 cells
INFO: [Opt 31-1555] control_set_opt supports Versal devices only, and device 7k325t is unsupported

Phase 8 Post Processing Netlist
Phase 8 Post Processing Netlist | Checksum: 16290f698

Time (s): cpu = 00:00:00 ; elapsed = 00:00:00.548 . Memory (MB): peak = 2210.168 ; gain = 100.938
Post Processing Netlist | Checksum: 16290f698
INFO: [Opt 31-389] Phase Post Processing Netlist created 0 cells and removed 0 cells

Phase 9 Finalization

Phase 9.1 Finalizing Design Cores and Updating Shapes
Phase 9.1 Finalizing Design Cores and Updating Shapes | Checksum: 101f11373

Time (s): cpu = 00:00:00 ; elapsed = 00:00:00.587 . Memory (MB): peak = 2210.168 ; gain = 100.938

Phase 9.2 Verifying Netlist Connectivity

Starting Connectivity Check Task

Time (s): cpu = 00:00:00 ; elapsed = 00:00:00.008 . Memory (MB): peak = 2210.168 ; gain = 0.000
Phase 9.2 Verifying Netlist Connectivity | Checksum: 101f11373

Time (s): cpu = 00:00:00 ; elapsed = 00:00:00.598 . Memory (MB): peak = 2210.168 ; gain = 100.938
Phase 9 Finalization | Checksum: 101f11373

Time (s): cpu = 00:00:00 ; elapsed = 00:00:00.599 . Memory (MB): peak = 2210.168 ; gain = 100.938
Opt_design Change Summary
=========================


-------------------------------------------------------------------------------------------------------------------------
|  Phase                        |  #Cells created  |  #Cells Removed  |  #Constrained objects preventing optimizations  |
-------------------------------------------------------------------------------------------------------------------------
|  Retarget                     |               0  |               1  |                                              1  |
|  Constant propagation         |               0  |               0  |                                              0  |
|  Sweep                        |              32  |               0  |                                              0  |
|  BUFG optimization            |               0  |               0  |                                              0  |
|  Shift Register Optimization  |               0  |               0  |                                              0  |
|  Post Processing Netlist      |               0  |               0  |                                              0  |
-------------------------------------------------------------------------------------------------------------------------


Ending Logic Optimization Task | Checksum: 101f11373

Time (s): cpu = 00:00:00 ; elapsed = 00:00:00.601 . Memory (MB): peak = 2210.168 ; gain = 100.938
INFO: [Constraints 18-11670] Building netlist checker database with flags, 0x8
Done building netlist checker database: Time (s): cpu = 00:00:00 ; elapsed = 00:00:00.001 . Memory (MB): peak = 2210.168 ; gain = 0.000

Starting Netlist Obfuscation Task
Netlist sorting complete. Time (s): cpu = 00:00:00 ; elapsed = 00:00:00.002 . Memory (MB): peak = 2210.168 ; gain = 0.000
Ending Netlist Obfuscation Task | Checksum: 101f11373

Time (s): cpu = 00:00:00 ; elapsed = 00:00:00.003 . Memory (MB): peak = 2210.168 ; gain = 0.000
INFO: [Common 17-83] Releasing license: Implementation
21 Infos, 0 Warnings, 0 Critical Warnings and 0 Errors encountered.
opt_design completed successfully
# place_design -directive ExtraPostPlacementOpt
Command: place_design -directive ExtraPostPlacementOpt
Attempting to get a license for feature 'Implementation' and/or device 'xc7k325t'
INFO: [Common 17-349] Got license for feature 'Implementation' and/or device 'xc7k325t'
INFO: [Common 17-83] Releasing license: Implementation
INFO: [DRC 23-27] Running DRC with 2 threads
INFO: [Vivado_Tcl 4-198] DRC finished with 0 Errors
INFO: [Vivado_Tcl 4-199] Please refer to the DRC report (report_drc) for more information.
Running DRC as a precondition to command place_design
INFO: [DRC 23-27] Running DRC with 2 threads
INFO: [Vivado_Tcl 4-198] DRC finished with 0 Errors, 21 Warnings
INFO: [Vivado_Tcl 4-199] Please refer to the DRC report (report_drc) for more information.
INFO: [Place 46-5] The placer was invoked with the 'ExtraPostPlacementOpt' directive.
INFO: [Place 30-611] Multithreading enabled for place_design using a maximum of 2 CPUs

Starting Placer Task

Phase 1 Placer Initialization

Phase 1.1 Placer Initialization Netlist Sorting
Netlist sorting complete. Time (s): cpu = 00:00:00 ; elapsed = 00:00:00.001 . Memory (MB): peak = 2210.168 ; gain = 0.000
Phase 1.1 Placer Initialization Netlist Sorting | Checksum: a1696a2a

Time (s): cpu = 00:00:00 ; elapsed = 00:00:00.003 . Memory (MB): peak = 2210.168 ; gain = 0.000
Netlist sorting complete. Time (s): cpu = 00:00:00 ; elapsed = 00:00:00.001 . Memory (MB): peak = 2210.168 ; gain = 0.000

Phase 1.2 IO Placement/ Clock Placement/ Build Placer Device
INFO: [Timing 38-35] Done setting XDC timing constraints.
Phase 1.2 IO Placement/ Clock Placement/ Build Placer Device | Checksum: de253f41

Time (s): cpu = 00:00:01 ; elapsed = 00:00:00.575 . Memory (MB): peak = 2210.168 ; gain = 0.000

Phase 1.3 Build Placer Netlist Model
Phase 1.3 Build Placer Netlist Model | Checksum: 1cab6cb63

Time (s): cpu = 00:00:02 ; elapsed = 00:00:02 . Memory (MB): peak = 2210.168 ; gain = 0.000

Phase 1.4 Constrain Clocks/Macros
Phase 1.4 Constrain Clocks/Macros | Checksum: 1cab6cb63

Time (s): cpu = 00:00:02 ; elapsed = 00:00:02 . Memory (MB): peak = 2210.168 ; gain = 0.000
Phase 1 Placer Initialization | Checksum: 1cab6cb63

Time (s): cpu = 00:00:02 ; elapsed = 00:00:02 . Memory (MB): peak = 2210.168 ; gain = 0.000

Phase 2 Global Placement

Phase 2.1 Floorplanning
Phase 2.1 Floorplanning | Checksum: 1b3075b8c

Time (s): cpu = 00:00:02 ; elapsed = 00:00:02 . Memory (MB): peak = 2210.168 ; gain = 0.000

Phase 2.2 Update Timing before SLR Path Opt
Phase 2.2 Update Timing before SLR Path Opt | Checksum: 1a7c7f80c

Time (s): cpu = 00:00:03 ; elapsed = 00:00:02 . Memory (MB): peak = 2210.168 ; gain = 0.000

Phase 2.3 Post-Processing in Floorplanning
Phase 2.3 Post-Processing in Floorplanning | Checksum: 1a7c7f80c

Time (s): cpu = 00:00:03 ; elapsed = 00:00:02 . Memory (MB): peak = 2210.168 ; gain = 0.000

Phase 2.4 Global Placement Core

Phase 2.4.1 UpdateTiming Before Physical Synthesis
Phase 2.4.1 UpdateTiming Before Physical Synthesis | Checksum: 196cd177b

Time (s): cpu = 00:00:15 ; elapsed = 00:00:10 . Memory (MB): peak = 2210.168 ; gain = 0.000

Phase 2.4.2 Physical Synthesis In Placer
INFO: [Physopt 32-1035] Found 49 LUTNM shape to break, 10 LUT instances to create LUTNM shape
INFO: [Physopt 32-1044] Break lutnm for timing: one critical 19, two critical 30, total 49, new lutff created 0
INFO: [Physopt 32-1138] End 1 Pass. Optimized 53 nets or LUTs. Breaked 49 LUTs, combined 4 existing LUTs and moved 0 existing LUT
INFO: [Physopt 32-76] Pass 1. Identified 6 candidate nets for fanout optimization.
INFO: [Physopt 32-232] Optimized 0 net. Created 0 new instance.
INFO: [Physopt 32-775] End 1 Pass. Optimized 0 net or cell. Created 0 new cell, deleted 0 existing cell and moved 0 existing cell
Netlist sorting complete. Time (s): cpu = 00:00:00 ; elapsed = 00:00:00.010 . Memory (MB): peak = 2210.168 ; gain = 0.000
INFO: [Physopt 32-46] Identified 1 candidate net for critical-cell optimization.
INFO: [Physopt 32-232] Optimized 0 net. Created 0 new instance.
INFO: [Physopt 32-775] End 1 Pass. Optimized 0 net or cell. Created 0 new cell, deleted 0 existing cell and moved 0 existing cell
INFO: [Physopt 32-456] No candidate cells for DSP register optimization found in the design.
INFO: [Physopt 32-775] End 2 Pass. Optimized 0 net or cell. Created 0 new cell, deleted 0 existing cell and moved 0 existing cell
INFO: [Physopt 32-1123] No candidate cells found for Shift Register to Pipeline optimization
INFO: [Physopt 32-775] End 2 Pass. Optimized 0 net or cell. Created 0 new cell, deleted 0 existing cell and moved 0 existing cell
INFO: [Physopt 32-1401] No candidate cells found for Shift Register optimization.
INFO: [Physopt 32-677] No candidate cells for Shift Register optimization found in the design
INFO: [Physopt 32-775] End 1 Pass. Optimized 0 net or cell. Created 0 new cell, deleted 0 existing cell and moved 0 existing cell
INFO: [Physopt 32-526] No candidate cells for BRAM register optimization found in the design
INFO: [Physopt 32-775] End 1 Pass. Optimized 0 net or cell. Created 0 new cell, deleted 0 existing cell and moved 0 existing cell
INFO: [Physopt 32-846] No candidate cells for URAM register optimization found in the design
INFO: [Physopt 32-775] End 1 Pass. Optimized 0 net or cell. Created 0 new cell, deleted 0 existing cell and moved 0 existing cell
INFO: [Physopt 32-846] No candidate cells for URAM register optimization found in the design
INFO: [Physopt 32-775] End 1 Pass. Optimized 0 net or cell. Created 0 new cell, deleted 0 existing cell and moved 0 existing cell
INFO: [Physopt 32-949] No candidate nets found for dynamic/static region interface net replication
INFO: [Physopt 32-775] End 1 Pass. Optimized 0 net or cell. Created 0 new cell, deleted 0 existing cell and moved 0 existing cell
Netlist sorting complete. Time (s): cpu = 00:00:00 ; elapsed = 00:00:00.001 . Memory (MB): peak = 2210.168 ; gain = 0.000

Summary of Physical Synthesis Optimizations
============================================


-----------------------------------------------------------------------------------------------------------------------------------------------------------
|  Optimization                                     |  Added Cells  |  Removed Cells  |  Optimized Cells/Nets  |  Dont Touch  |  Iterations  |  Elapsed   |
-----------------------------------------------------------------------------------------------------------------------------------------------------------
|  LUT Combining                                    |           49  |              4  |                    53  |           0  |           1  |  00:00:00  |
|  Retime                                           |            0  |              0  |                     0  |           0  |           1  |  00:00:00  |
|  Very High Fanout                                 |            0  |              0  |                     0  |           0  |           1  |  00:00:01  |
|  Critical Cell                                    |            0  |              0  |                     0  |           0  |           1  |  00:00:00  |
|  DSP Register                                     |            0  |              0  |                     0  |           0  |           1  |  00:00:00  |
|  Shift Register to Pipeline                       |            0  |              0  |                     0  |           0  |           1  |  00:00:00  |
|  Shift Register                                   |            0  |              0  |                     0  |           0  |           1  |  00:00:00  |
|  BRAM Register                                    |            0  |              0  |                     0  |           0  |           1  |  00:00:00  |
|  URAM Register                                    |            0  |              0  |                     0  |           0  |           1  |  00:00:00  |
|  Dynamic/Static Region Interface Net Replication  |            0  |              0  |                     0  |           0  |           1  |  00:00:00  |
|  Total                                            |           49  |              4  |                    53  |           0  |          10  |  00:00:01  |
-----------------------------------------------------------------------------------------------------------------------------------------------------------


Phase 2.4.2 Physical Synthesis In Placer | Checksum: 1f666b754

Time (s): cpu = 00:00:17 ; elapsed = 00:00:12 . Memory (MB): peak = 2210.168 ; gain = 0.000
Phase 2.4 Global Placement Core | Checksum: 20a1db2f0

Time (s): cpu = 00:00:18 ; elapsed = 00:00:12 . Memory (MB): peak = 2210.168 ; gain = 0.000
Phase 2 Global Placement | Checksum: 20a1db2f0

Time (s): cpu = 00:00:18 ; elapsed = 00:00:12 . Memory (MB): peak = 2210.168 ; gain = 0.000

Phase 3 Detail Placement

Phase 3.1 Commit Multi Column Macros
Phase 3.1 Commit Multi Column Macros | Checksum: 243b65ed4

Time (s): cpu = 00:00:18 ; elapsed = 00:00:13 . Memory (MB): peak = 2210.168 ; gain = 0.000

Phase 3.2 Commit Most Macros & LUTRAMs
Phase 3.2 Commit Most Macros & LUTRAMs | Checksum: 1b9a608ee

Time (s): cpu = 00:00:19 ; elapsed = 00:00:13 . Memory (MB): peak = 2210.168 ; gain = 0.000

Phase 3.3 Area Swap Optimization
Phase 3.3 Area Swap Optimization | Checksum: 199a06ab7

Time (s): cpu = 00:00:19 ; elapsed = 00:00:13 . Memory (MB): peak = 2210.168 ; gain = 0.000

Phase 3.4 Pipeline Register Optimization
Phase 3.4 Pipeline Register Optimization | Checksum: 22db8ed1f

Time (s): cpu = 00:00:19 ; elapsed = 00:00:13 . Memory (MB): peak = 2210.168 ; gain = 0.000

Phase 3.5 Fast Optimization
Phase 3.5 Fast Optimization | Checksum: 19fc342d4

Time (s): cpu = 00:00:21 ; elapsed = 00:00:15 . Memory (MB): peak = 2210.168 ; gain = 0.000

Phase 3.6 Small Shape Detail Placement
Phase 3.6 Small Shape Detail Placement | Checksum: 2a963cae6

Time (s): cpu = 00:00:23 ; elapsed = 00:00:17 . Memory (MB): peak = 2210.168 ; gain = 0.000

Phase 3.7 Re-assign LUT pins
Phase 3.7 Re-assign LUT pins | Checksum: 28716eac1

Time (s): cpu = 00:00:23 ; elapsed = 00:00:17 . Memory (MB): peak = 2210.168 ; gain = 0.000

Phase 3.8 Pipeline Register Optimization
Phase 3.8 Pipeline Register Optimization | Checksum: 20bdce3e1

Time (s): cpu = 00:00:23 ; elapsed = 00:00:17 . Memory (MB): peak = 2210.168 ; gain = 0.000
Phase 3 Detail Placement | Checksum: 20bdce3e1

Time (s): cpu = 00:00:23 ; elapsed = 00:00:17 . Memory (MB): peak = 2210.168 ; gain = 0.000

Phase 4 Post Placement Optimization and Clean-Up

Phase 4.1 Post Commit Optimization
INFO: [Timing 38-35] Done setting XDC timing constraints.

Phase 4.1.1 Post Placement Optimization
Post Placement Optimization Initialization | Checksum: 182364c27

Phase 4.1.1.1 BUFG Insertion

Starting Physical Synthesis Task

Phase 1 Physical Synthesis Initialization
INFO: [Physopt 32-721] Multithreading enabled for phys_opt_design using a maximum of 2 CPUs
INFO: [Physopt 32-619] Estimated Timing Summary | WNS=-0.415 | TNS=-6.519 |
Phase 1 Physical Synthesis Initialization | Checksum: 13e158489

Time (s): cpu = 00:00:01 ; elapsed = 00:00:00.258 . Memory (MB): peak = 2245.301 ; gain = 0.000
INFO: [Place 46-33] Processed net student_top_inst/Core_cpu/u_rf/bbstub_locked, BUFG insertion was skipped due to placement/routing conflicts.
INFO: [Place 46-56] BUFG insertion identified 1 candidate nets. Inserted BUFG: 0, Replicated BUFG Driver: 0, Skipped due to Placement/Routing Conflicts: 1, Skipped due to Timing Degradation: 0, Skipped due to netlist editing failed: 0.
Ending Physical Synthesis Task | Checksum: 13e158489

Time (s): cpu = 00:00:01 ; elapsed = 00:00:00.494 . Memory (MB): peak = 2245.301 ; gain = 0.000
Phase 4.1.1.1 BUFG Insertion | Checksum: 182364c27

Time (s): cpu = 00:00:26 ; elapsed = 00:00:19 . Memory (MB): peak = 2245.301 ; gain = 35.133

Phase 4.1.1.2 Post Placement Timing Optimization
INFO: [Place 30-746] Post Placement Timing Summary WNS=0.244. For the most accurate timing information please run report_timing.
Phase 4.1.1.2 Post Placement Timing Optimization | Checksum: 1c0abaf62

Time (s): cpu = 00:00:58 ; elapsed = 00:00:51 . Memory (MB): peak = 2245.301 ; gain = 35.133

Time (s): cpu = 00:00:58 ; elapsed = 00:00:51 . Memory (MB): peak = 2245.301 ; gain = 35.133
Phase 4.1 Post Commit Optimization | Checksum: 1c0abaf62

Time (s): cpu = 00:00:58 ; elapsed = 00:00:51 . Memory (MB): peak = 2245.301 ; gain = 35.133
Post Placement Optimization Initialization | Checksum: 18c5adaf4

Starting Physical Synthesis Task

Phase 1 Physical Synthesis Initialization
INFO: [Physopt 32-721] Multithreading enabled for phys_opt_design using a maximum of 2 CPUs
INFO: [Physopt 32-619] Estimated Timing Summary | WNS=0.244 | TNS=0.000 |
Phase 1 Physical Synthesis Initialization | Checksum: 19cf1fc89

Time (s): cpu = 00:00:01 ; elapsed = 00:00:00.263 . Memory (MB): peak = 2245.301 ; gain = 0.000
INFO: [Place 46-33] Processed net student_top_inst/Core_cpu/u_rf/bbstub_locked, BUFG insertion was skipped due to placement/routing conflicts.
INFO: [Place 46-56] BUFG insertion identified 1 candidate nets. Inserted BUFG: 0, Replicated BUFG Driver: 0, Skipped due to Placement/Routing Conflicts: 1, Skipped due to Timing Degradation: 0, Skipped due to netlist editing failed: 0.
Ending Physical Synthesis Task | Checksum: 19cf1fc89

Time (s): cpu = 00:00:01 ; elapsed = 00:00:00.508 . Memory (MB): peak = 2245.301 ; gain = 0.000
INFO: [Place 30-746] Post Placement Timing Summary WNS=0.244. For the most accurate timing information please run report_timing.

Phase 4.2 Post Placement Cleanup
Phase 4.2 Post Placement Cleanup | Checksum: 1b51fa449

Time (s): cpu = 00:01:15 ; elapsed = 00:01:07 . Memory (MB): peak = 2245.301 ; gain = 35.133

Phase 4.3 Placer Reporting

Phase 4.3.1 Print Estimated Congestion
INFO: [Place 30-612] Post-Placement Estimated Congestion 
 ____________________________________________________
|           | Global Congestion | Short Congestion  |
| Direction | Region Size       | Region Size       |
|___________|___________________|___________________|
|      North|                2x2|                4x4|
|___________|___________________|___________________|
|      South|                1x1|                4x4|
|___________|___________________|___________________|
|       East|                1x1|                2x2|
|___________|___________________|___________________|
|       West|                2x2|                2x2|
|___________|___________________|___________________|

Phase 4.3.1 Print Estimated Congestion | Checksum: 1b51fa449

Time (s): cpu = 00:01:15 ; elapsed = 00:01:07 . Memory (MB): peak = 2245.301 ; gain = 35.133
Phase 4.3 Placer Reporting | Checksum: 1b51fa449

Time (s): cpu = 00:01:15 ; elapsed = 00:01:07 . Memory (MB): peak = 2245.301 ; gain = 35.133

Phase 4.4 Final Placement Cleanup
Netlist sorting complete. Time (s): cpu = 00:00:00 ; elapsed = 00:00:00.005 . Memory (MB): peak = 2245.301 ; gain = 0.000

Time (s): cpu = 00:01:15 ; elapsed = 00:01:07 . Memory (MB): peak = 2245.301 ; gain = 35.133
Phase 4 Post Placement Optimization and Clean-Up | Checksum: 219f92734

Time (s): cpu = 00:01:15 ; elapsed = 00:01:07 . Memory (MB): peak = 2245.301 ; gain = 35.133
Ending Placer Task | Checksum: 1a143d62b

Time (s): cpu = 00:01:15 ; elapsed = 00:01:07 . Memory (MB): peak = 2245.301 ; gain = 35.133
47 Infos, 0 Warnings, 0 Critical Warnings and 0 Errors encountered.
place_design completed successfully
place_design: Time (s): cpu = 00:01:17 ; elapsed = 00:01:08 . Memory (MB): peak = 2245.301 ; gain = 35.133
# phys_opt_design -directive AggressiveExplore
Command: phys_opt_design -directive AggressiveExplore
Attempting to get a license for feature 'Implementation' and/or device 'xc7k325t'
INFO: [Common 17-349] Got license for feature 'Implementation' and/or device 'xc7k325t'
INFO: [Vivado_Tcl 4-137] Directive used for phys_opt_design is: AggressiveExplore

Starting Initial Update Timing Task

Time (s): cpu = 00:00:02 ; elapsed = 00:00:00.832 . Memory (MB): peak = 2260.742 ; gain = 14.492
INFO: [Vivado_Tcl 4-383] Design worst setup slack (WNS) is greater than or equal to 0.000 ns. Skipping all physical synthesis optimizations.
INFO: [Vivado_Tcl 4-232] No setup violation found. The netlist was not modified.
INFO: [Common 17-83] Releasing license: Implementation
5 Infos, 0 Warnings, 0 Critical Warnings and 0 Errors encountered.
phys_opt_design completed successfully
# route_design -directive Explore
Command: route_design -directive Explore
Attempting to get a license for feature 'Implementation' and/or device 'xc7k325t'
INFO: [Common 17-349] Got license for feature 'Implementation' and/or device 'xc7k325t'
Running DRC as a precondition to command route_design
INFO: [DRC 23-27] Running DRC with 2 threads
INFO: [Vivado_Tcl 4-198] DRC finished with 0 Errors
INFO: [Vivado_Tcl 4-199] Please refer to the DRC report (report_drc) for more information.


Starting Routing Task

Phase 1 Build RT Design
Checksum: PlaceDB: ffa7d830 ConstDB: 0 ShapeSum: a19bfdfb RouteDB: 0
Post Restoration Checksum: NetGraph: 6ddc9477 | NumContArr: 17e212a6 | Constraints: c2a8fa9d | Timing: c2a8fa9d
Phase 1 Build RT Design | Checksum: 20b109c57

Time (s): cpu = 00:00:32 ; elapsed = 00:00:20 . Memory (MB): peak = 2566.250 ; gain = 278.629

Phase 2 Router Initialization

Phase 2.1 Fix Topology Constraints
Phase 2.1 Fix Topology Constraints | Checksum: 20b109c57

Time (s): cpu = 00:00:32 ; elapsed = 00:00:20 . Memory (MB): peak = 2566.250 ; gain = 278.629

Phase 2.2 Pre Route Cleanup
Phase 2.2 Pre Route Cleanup | Checksum: 20b109c57

Time (s): cpu = 00:00:32 ; elapsed = 00:00:20 . Memory (MB): peak = 2566.250 ; gain = 278.629
 Number of Nodes with overlaps = 0

Phase 2.3 Update Timing
Phase 2.3 Update Timing | Checksum: 21aa03b37

Time (s): cpu = 00:00:36 ; elapsed = 00:00:23 . Memory (MB): peak = 2766.953 ; gain = 479.332

Router Utilization Summary
  Global Vertical Routing Utilization    = 0 %
  Global Horizontal Routing Utilization  = 0 %
  Routable Net Status*
  *Does not include unroutable nets such as driverless and loadless.
  Run report_route_status for detailed report.
  Number of Failed Nets               = 4638
    (Failed Nets is the sum of unrouted and partially routed nets)
  Number of Unrouted Nets             = 4638
  Number of Partially Routed Nets     = 0
  Number of Node Overlaps             = 0

Phase 2 Router Initialization | Checksum: 1f715eb7b

Time (s): cpu = 00:00:38 ; elapsed = 00:00:24 . Memory (MB): peak = 2798.070 ; gain = 510.449

Phase 3 Initial Routing

Phase 3.1 Global Routing
Phase 3.1 Global Routing | Checksum: 1f715eb7b

Time (s): cpu = 00:00:38 ; elapsed = 00:00:24 . Memory (MB): peak = 2798.070 ; gain = 510.449

Phase 3.2 Initial Net Routing
Phase 3.2 Initial Net Routing | Checksum: 1e0ec02a8

Time (s): cpu = 00:00:45 ; elapsed = 00:00:26 . Memory (MB): peak = 2798.070 ; gain = 510.449
Phase 3 Initial Routing | Checksum: 1e0ec02a8

Time (s): cpu = 00:00:45 ; elapsed = 00:00:26 . Memory (MB): peak = 2798.070 ; gain = 510.449

Phase 4 Rip-up And Reroute

Phase 4.1 Global Iteration 0
 Number of Nodes with overlaps = 2253
 Number of Nodes with overlaps = 548
 Number of Nodes with overlaps = 232
 Number of Nodes with overlaps = 58
 Number of Nodes with overlaps = 11
 Number of Nodes with overlaps = 4
 Number of Nodes with overlaps = 0
Phase 4.1 Global Iteration 0 | Checksum: 2f2ac6367

Time (s): cpu = 00:01:00 ; elapsed = 00:00:35 . Memory (MB): peak = 2798.070 ; gain = 510.449

Phase 4.2 Global Iteration 1
 Number of Nodes with overlaps = 618
 Number of Nodes with overlaps = 147
 Number of Nodes with overlaps = 50
 Number of Nodes with overlaps = 12
 Number of Nodes with overlaps = 5
 Number of Nodes with overlaps = 1
 Number of Nodes with overlaps = 0
Phase 4.2 Global Iteration 1 | Checksum: 239e52bba

Time (s): cpu = 00:01:05 ; elapsed = 00:00:38 . Memory (MB): peak = 2798.070 ; gain = 510.449
Phase 4 Rip-up And Reroute | Checksum: 239e52bba

Time (s): cpu = 00:01:05 ; elapsed = 00:00:38 . Memory (MB): peak = 2798.070 ; gain = 510.449

Phase 5 Delay and Skew Optimization

Phase 5.1 Delay CleanUp

Phase 5.1.1 Update Timing
Phase 5.1.1 Update Timing | Checksum: 1cd0f8f22

Time (s): cpu = 00:01:06 ; elapsed = 00:00:38 . Memory (MB): peak = 2798.070 ; gain = 510.449
 Number of Nodes with overlaps = 0
Phase 5.1 Delay CleanUp | Checksum: 235797d45

Time (s): cpu = 00:01:06 ; elapsed = 00:00:38 . Memory (MB): peak = 2798.070 ; gain = 510.449

Phase 5.2 Clock Skew Optimization
Phase 5.2 Clock Skew Optimization | Checksum: 235797d45

Time (s): cpu = 00:01:06 ; elapsed = 00:00:38 . Memory (MB): peak = 2798.070 ; gain = 510.449
Phase 5 Delay and Skew Optimization | Checksum: 235797d45

Time (s): cpu = 00:01:06 ; elapsed = 00:00:38 . Memory (MB): peak = 2798.070 ; gain = 510.449

Phase 6 Post Hold Fix

Phase 6.1 Hold Fix Iter

Phase 6.1.1 Update Timing
Phase 6.1.1 Update Timing | Checksum: 2fd57fd1d

Time (s): cpu = 00:01:07 ; elapsed = 00:00:38 . Memory (MB): peak = 2798.070 ; gain = 510.449
Phase 6.1 Hold Fix Iter | Checksum: 2fd57fd1d

Time (s): cpu = 00:01:07 ; elapsed = 00:00:38 . Memory (MB): peak = 2798.070 ; gain = 510.449
Phase 6 Post Hold Fix | Checksum: 2fd57fd1d

Time (s): cpu = 00:01:07 ; elapsed = 00:00:38 . Memory (MB): peak = 2798.070 ; gain = 510.449

Phase 7 Route finalize

Router Utilization Summary
  Global Vertical Routing Utilization    = 0.71933 %
  Global Horizontal Routing Utilization  = 0.654794 %
  Routable Net Status*
  *Does not include unroutable nets such as driverless and loadless.
  Run report_route_status for detailed report.
  Number of Failed Nets               = 0
    (Failed Nets is the sum of unrouted and partially routed nets)
  Number of Unrouted Nets             = 0
  Number of Partially Routed Nets     = 0
  Number of Node Overlaps             = 0

Phase 7 Route finalize | Checksum: 2fd57fd1d

Time (s): cpu = 00:01:07 ; elapsed = 00:00:39 . Memory (MB): peak = 2798.070 ; gain = 510.449

Phase 8 Verifying routed nets

 Verification completed successfully
Phase 8 Verifying routed nets | Checksum: 2fd57fd1d

Time (s): cpu = 00:01:07 ; elapsed = 00:00:39 . Memory (MB): peak = 2798.070 ; gain = 510.449

Phase 9 Depositing Routes
Phase 9 Depositing Routes | Checksum: 3662a245e

Time (s): cpu = 00:01:07 ; elapsed = 00:00:39 . Memory (MB): peak = 2798.070 ; gain = 510.449

Phase 10 Post Router Timing
Phase 10 Post Router Timing | Checksum: 370451859

Time (s): cpu = 00:01:09 ; elapsed = 00:00:40 . Memory (MB): peak = 2798.070 ; gain = 510.449

Phase 11 Post-Route Event Processing
Phase 11 Post-Route Event Processing | Checksum: 1fc8a9018

Time (s): cpu = 00:01:10 ; elapsed = 00:00:40 . Memory (MB): peak = 2798.070 ; gain = 510.449
Ending Routing Task | Checksum: 1fc8a9018

Time (s): cpu = 00:01:10 ; elapsed = 00:00:40 . Memory (MB): peak = 2798.070 ; gain = 510.449

Routing Is Done.
INFO: [Common 17-83] Releasing license: Implementation
5 Infos, 0 Warnings, 0 Critical Warnings and 0 Errors encountered.
route_design completed successfully
route_design: Time (s): cpu = 00:01:11 ; elapsed = 00:00:41 . Memory (MB): peak = 2798.070 ; gain = 537.328
# set post_route_path [lindex [get_timing_paths -delay_type max -max_paths 1] 0]
# if {[llength $post_route_path] > 0} {
#     set post_route_wns [get_property SLACK $post_route_path]
# } else {
#     set post_route_wns -999.0
# }
# puts [format {INFO: route WNS before post-route phys_opt = %.3f} $post_route_wns]
INFO: route WNS before post-route phys_opt = 0.027
# if {$post_route_wns > -2.0} {
#     phys_opt_design -directive Default
#     route_design -directive Explore
# 
#     set post_route_path2 [lindex [get_timing_paths -delay_type max -max_paths 1] 0]
#     if {[llength $post_route_path2] > 0} {
#         set post_route_wns2 [get_property SLACK $post_route_path2]
#     } else {
#         set post_route_wns2 -999.0
#     }
#     puts [format {INFO: route WNS before second post-route phys_opt = %.3f} $post_route_wns2]
# 
#     if {$post_route_wns2 > -2.0} {
#         phys_opt_design -directive Default
#     } else {
#         puts "INFO: Skip second post-route phys_opt due to poor WNS"
#     }
# } else {
#     puts "INFO: Skip post-route phys_opt due to poor WNS"
# }
Command: phys_opt_design -directive Default
Attempting to get a license for feature 'Implementation' and/or device 'xc7k325t'
INFO: [Common 17-349] Got license for feature 'Implementation' and/or device 'xc7k325t'
INFO: [Vivado_Tcl 4-241] Physical synthesis in post route mode 
INFO: [Vivado_Tcl 4-137] Directive used for phys_opt_design is: Default
INFO: [Vivado_Tcl 4-383] Design worst setup slack (WNS) is greater than or equal to 0.000 ns. Skipping all physical synthesis optimizations.
INFO: [Vivado_Tcl 4-232] No setup violation found. The netlist was not modified.
INFO: [Common 17-83] Releasing license: Implementation
6 Infos, 0 Warnings, 0 Critical Warnings and 0 Errors encountered.
phys_opt_design completed successfully
Command: route_design -directive Explore
Attempting to get a license for feature 'Implementation' and/or device 'xc7k325t'
INFO: [Common 17-349] Got license for feature 'Implementation' and/or device 'xc7k325t'
Running DRC as a precondition to command route_design
INFO: [DRC 23-27] Running DRC with 2 threads
INFO: [Vivado_Tcl 4-198] DRC finished with 0 Errors
INFO: [Vivado_Tcl 4-199] Please refer to the DRC report (report_drc) for more information.


Starting Routing Task

Phase 1 Build RT Design
Checksum: PlaceDB: 721bbb84 ConstDB: 0 ShapeSum: a19bfdfb RouteDB: e8d2d699
Post Restoration Checksum: NetGraph: 9756bc08 | NumContArr: 41c2c02 | Constraints: c2a8fa9d | Timing: c2a8fa9d
Phase 1 Build RT Design | Checksum: 220c4dd44

Time (s): cpu = 00:00:32 ; elapsed = 00:00:21 . Memory (MB): peak = 2798.070 ; gain = 0.000

Phase 2 Router Initialization

Phase 2.1 Fix Topology Constraints
Phase 2.1 Fix Topology Constraints | Checksum: 220c4dd44

Time (s): cpu = 00:00:32 ; elapsed = 00:00:21 . Memory (MB): peak = 2798.070 ; gain = 0.000

Phase 2.2 Pre Route Cleanup
Phase 2.2 Pre Route Cleanup | Checksum: 220c4dd44

Time (s): cpu = 00:00:32 ; elapsed = 00:00:21 . Memory (MB): peak = 2798.070 ; gain = 0.000

Phase 2.3 Timing Verification

Phase 2.3.1 Update Timing
Phase 2.3.1 Update Timing | Checksum: 1d5e093c1

Time (s): cpu = 00:00:36 ; elapsed = 00:00:23 . Memory (MB): peak = 2841.605 ; gain = 43.535
Phase 2.3 Timing Verification | Checksum: 1d5e093c1

Time (s): cpu = 00:00:36 ; elapsed = 00:00:23 . Memory (MB): peak = 2841.605 ; gain = 43.535

Phase 2.4 Route finalize

Router Utilization Summary
  Global Vertical Routing Utilization    = 0.71933 %
  Global Horizontal Routing Utilization  = 0.654794 %
  Routable Net Status*
  *Does not include unroutable nets such as driverless and loadless.
  Run report_route_status for detailed report.
  Number of Failed Nets               = 0
    (Failed Nets is the sum of unrouted and partially routed nets)
  Number of Unrouted Nets             = 0
  Number of Partially Routed Nets     = 0
  Number of Node Overlaps             = 0

Phase 2.4 Route finalize | Checksum: 1d5e093c1

Time (s): cpu = 00:00:36 ; elapsed = 00:00:23 . Memory (MB): peak = 2841.605 ; gain = 43.535

Phase 2.5 Verifying routed nets

 Verification completed successfully
Phase 2.5 Verifying routed nets | Checksum: 1d5e093c1

Time (s): cpu = 00:00:36 ; elapsed = 00:00:23 . Memory (MB): peak = 2841.605 ; gain = 43.535

Phase 2.6 Depositing Routes
Phase 2.6 Depositing Routes | Checksum: 1d5e093c1

Time (s): cpu = 00:00:37 ; elapsed = 00:00:23 . Memory (MB): peak = 2841.605 ; gain = 43.535
Phase 2 Router Initialization | Checksum: 1d5e093c1

Time (s): cpu = 00:00:37 ; elapsed = 00:00:23 . Memory (MB): peak = 2841.605 ; gain = 43.535

Phase 3 Timing Verification

Phase 3.1 Update Timing
Phase 3.1 Update Timing | Checksum: 1d0f54a32

Time (s): cpu = 00:00:38 ; elapsed = 00:00:23 . Memory (MB): peak = 2841.605 ; gain = 43.535
Phase 3 Timing Verification | Checksum: 1d0f54a32

Time (s): cpu = 00:00:38 ; elapsed = 00:00:23 . Memory (MB): peak = 2841.605 ; gain = 43.535

Phase 4 Route finalize

Router Utilization Summary
  Global Vertical Routing Utilization    = 0.71933 %
  Global Horizontal Routing Utilization  = 0.654794 %
  Routable Net Status*
  *Does not include unroutable nets such as driverless and loadless.
  Run report_route_status for detailed report.
  Number of Failed Nets               = 0
    (Failed Nets is the sum of unrouted and partially routed nets)
  Number of Unrouted Nets             = 0
  Number of Partially Routed Nets     = 0
  Number of Node Overlaps             = 0

Phase 4 Route finalize | Checksum: 1d0f54a32

Time (s): cpu = 00:00:38 ; elapsed = 00:00:23 . Memory (MB): peak = 2841.605 ; gain = 43.535

Phase 5 Verifying routed nets

 Verification completed successfully
Phase 5 Verifying routed nets | Checksum: 1d0f54a32

Time (s): cpu = 00:00:38 ; elapsed = 00:00:23 . Memory (MB): peak = 2841.605 ; gain = 43.535

Phase 6 Depositing Routes
Phase 6 Depositing Routes | Checksum: 1d0f54a32

Time (s): cpu = 00:00:39 ; elapsed = 00:00:24 . Memory (MB): peak = 2841.605 ; gain = 43.535

Phase 7 Post Router Timing
Phase 7 Post Router Timing | Checksum: 21f1dd6a6

Time (s): cpu = 00:00:41 ; elapsed = 00:00:25 . Memory (MB): peak = 2841.605 ; gain = 43.535

Phase 8 Post-Route Event Processing
Phase 8 Post-Route Event Processing | Checksum: 1fc8a9018

Time (s): cpu = 00:00:41 ; elapsed = 00:00:25 . Memory (MB): peak = 2841.605 ; gain = 43.535
Ending Routing Task | Checksum: 1fc8a9018

Time (s): cpu = 00:00:41 ; elapsed = 00:00:25 . Memory (MB): peak = 2841.605 ; gain = 43.535

Routing Is Done.
INFO: [Common 17-83] Releasing license: Implementation
11 Infos, 0 Warnings, 0 Critical Warnings and 0 Errors encountered.
route_design completed successfully
route_design: Time (s): cpu = 00:00:43 ; elapsed = 00:00:26 . Memory (MB): peak = 2841.605 ; gain = 43.535
INFO: route WNS before second post-route phys_opt = 0.027
Command: phys_opt_design -directive Default
Attempting to get a license for feature 'Implementation' and/or device 'xc7k325t'
INFO: [Common 17-349] Got license for feature 'Implementation' and/or device 'xc7k325t'
INFO: [Vivado_Tcl 4-241] Physical synthesis in post route mode 
INFO: [Vivado_Tcl 4-137] Directive used for phys_opt_design is: Default
INFO: [Vivado_Tcl 4-383] Design worst setup slack (WNS) is greater than or equal to 0.000 ns. Skipping all physical synthesis optimizations.
INFO: [Vivado_Tcl 4-232] No setup violation found. The netlist was not modified.
INFO: [Common 17-83] Releasing license: Implementation
17 Infos, 0 Warnings, 0 Critical Warnings and 0 Errors encountered.
phys_opt_design completed successfully
# report_clocks -file [format {d:/digital_twin/digital_twin/openrun_impl_clocks_ultra_%sm.rpt} $freq_tag]
# report_timing_summary -max_paths 30 -file [format {d:/digital_twin/digital_twin/openrun_top_timing_impl_ultra_%sm.rpt} $freq_tag]
# report_utilization -file [format {d:/digital_twin/digital_twin/openrun_top_utilization_impl_ultra_%sm.rpt} $freq_tag]
# close_design
# close_project
# exit
INFO: [Common 17-206] Exiting Vivado at Thu Apr 30 16:08:44 2026...
