#-----------------------------------------------------------
# Vivado v2023.2 (64-bit)
# SW Build 4029153 on Fri Oct 13 20:14:34 MDT 2023
# IP Build 4028589 on Sat Oct 14 00:45:43 MDT 2023
# SharedData Build 4025554 on Tue Oct 10 17:18:54 MDT 2023
# Start of session at: Tue Apr 28 18:33:11 2026
# Process ID: 26996
# Current directory: D:/digital_twin/digital_twin/digital_twin.srcs
# Command line: vivado.exe -mode batch -source d:\digital_twin\digital_twin\retarget_cpu_clk_100m_impl.tcl
# Log file: D:/digital_twin/digital_twin/digital_twin.srcs/vivado.log
# Journal file: D:/digital_twin/digital_twin/digital_twin.srcs\vivado.jou
# Running On: YukiRin, OS: Windows, CPU Frequency: 3194 MHz, CPU Physical cores: 16, Host memory: 47089 MB
#-----------------------------------------------------------
source {d:\digital_twin\digital_twin\retarget_cpu_clk_100m_impl.tcl}
# open_project {d:/digital_twin/digital_twin/digital_twin.xpr}
Scanning sources...
Finished scanning sources
INFO: [IP_Flow 19-234] Refreshing IP repositories
INFO: [IP_Flow 19-1704] No user IP repositories specified
INFO: [IP_Flow 19-2313] Loaded Vivado IP repository 'D:/Xilinx/Vivado/2023.2/data/ip'.
open_project: Time (s): cpu = 00:00:07 ; elapsed = 00:00:08 . Memory (MB): peak = 577.895 ; gain = 192.957
# set pll_ip [get_ips pll]
# if {[llength $pll_ip] != 1} {
#     puts "ERROR: expected exactly one IP named pll"
#     close_project
#     exit 1
# }
# set pll_xci [get_files {d:/digital_twin/digital_twin/digital_twin.srcs/sources_1/ip/pll_1/pll.xci}]
# if {[llength $pll_xci] != 1} {
#     puts "ERROR: expected active pll_1 xci file"
#     close_project
#     exit 1
# }
# upgrade_ip $pll_ip
WARNING: [Coretcl 2-1042] No IP was identified for upgrade.
# set_property -dict [list CONFIG.CLKOUT2_REQUESTED_OUT_FREQ {100.000}] $pll_ip
# reset_target all $pll_xci
# generate_target all $pll_xci
INFO: [IP_Flow 19-1686] Generating 'Instantiation Template' target for IP 'pll'...
INFO: [IP_Flow 19-1686] Generating 'Synthesis' target for IP 'pll'...
INFO: [IP_Flow 19-1686] Generating 'Simulation' target for IP 'pll'...
INFO: [IP_Flow 19-1686] Generating 'Implementation' target for IP 'pll'...
INFO: [IP_Flow 19-1686] Generating 'Change Log' target for IP 'pll'...
# export_ip_user_files -of_objects $pll_xci -no_script -sync -force -quiet
# if {[llength [get_runs pll_synth_1]] == 0} {
#     create_ip_run $pll_xci
# }
# reset_run pll_synth_1
# launch_runs pll_synth_1 -jobs 2
INFO: [IP_Flow 19-6924] IPCACHE: Running cache check for IP inst: pll
INFO: [IP_Flow 19-6922] IPCACHE: Exporting cached entry c6cee6781e36f90f to dir: d:/digital_twin/digital_twin/digital_twin.gen/sources_1/ip/pll
INFO: [IP_Flow 19-6928] IPCACHE: copied cached file d:/digital_twin/digital_twin/digital_twin.cache/ip/2023.2/c/6/c6cee6781e36f90f/pll.dcp to d:/digital_twin/digital_twin/digital_twin.gen/sources_1/ip/pll/pll.dcp.
INFO: [IP_Flow 19-6926] IPCACHE: added file to list for BOM: d:/digital_twin/digital_twin/digital_twin.gen/sources_1/ip/pll/pll.dcp
INFO: [IP_Flow 19-6928] IPCACHE: copied cached file d:/digital_twin/digital_twin/digital_twin.cache/ip/2023.2/c/6/c6cee6781e36f90f/pll_sim_netlist.v to d:/digital_twin/digital_twin/digital_twin.gen/sources_1/ip/pll/pll_sim_netlist.v.
INFO: [IP_Flow 19-6926] IPCACHE: added file to list for BOM: d:/digital_twin/digital_twin/digital_twin.gen/sources_1/ip/pll/pll_sim_netlist.v
INFO: [IP_Flow 19-6928] IPCACHE: copied cached file d:/digital_twin/digital_twin/digital_twin.cache/ip/2023.2/c/6/c6cee6781e36f90f/pll_sim_netlist.vhdl to d:/digital_twin/digital_twin/digital_twin.gen/sources_1/ip/pll/pll_sim_netlist.vhdl.
INFO: [IP_Flow 19-6926] IPCACHE: added file to list for BOM: d:/digital_twin/digital_twin/digital_twin.gen/sources_1/ip/pll/pll_sim_netlist.vhdl
INFO: [IP_Flow 19-6928] IPCACHE: copied cached file d:/digital_twin/digital_twin/digital_twin.cache/ip/2023.2/c/6/c6cee6781e36f90f/pll_stub.v to d:/digital_twin/digital_twin/digital_twin.gen/sources_1/ip/pll/pll_stub.v.
INFO: [IP_Flow 19-6926] IPCACHE: added file to list for BOM: d:/digital_twin/digital_twin/digital_twin.gen/sources_1/ip/pll/pll_stub.v
INFO: [IP_Flow 19-6928] IPCACHE: copied cached file d:/digital_twin/digital_twin/digital_twin.cache/ip/2023.2/c/6/c6cee6781e36f90f/pll_stub.vhdl to d:/digital_twin/digital_twin/digital_twin.gen/sources_1/ip/pll/pll_stub.vhdl.
INFO: [IP_Flow 19-6926] IPCACHE: added file to list for BOM: d:/digital_twin/digital_twin/digital_twin.gen/sources_1/ip/pll/pll_stub.vhdl
INFO: [IP_Flow 19-4993] Using cached IP synthesis design for IP pll, cache-ID = c6cee6781e36f90f; cache size = 47.700 MB.
INFO: [Vivado 12-4149] The synthesis checkpoint for IP 'd:/digital_twin/digital_twin/digital_twin.srcs/sources_1/ip/pll_1/pll.xci' is already up-to-date
[Tue Apr 28 18:33:27 2026] Launched pll_synth_1...
Run output will be captured here: d:/digital_twin/digital_twin/digital_twin.runs/pll_synth_1/runme.log
# wait_on_run pll_synth_1
[Tue Apr 28 18:33:27 2026] Waiting for pll_synth_1 to finish...

*** Running vivado
    with args -log pll.vds -m64 -product Vivado -mode batch -messageDb vivado.pb -notrace -source pll.tcl



****** Vivado v2023.2 (64-bit)
  **** SW Build 4029153 on Fri Oct 13 20:14:34 MDT 2023
  **** IP Build 4028589 on Sat Oct 14 00:45:43 MDT 2023
  **** SharedData Build 4025554 on Tue Oct 10 17:18:54 MDT 2023
    ** Copyright 1986-2022 Xilinx, Inc. All Rights Reserved.
    ** Copyright 2022-2023 Advanced Micro Devices, Inc. All Rights Reserved.

source pll.tcl -notrace
create_project: Time (s): cpu = 00:00:08 ; elapsed = 00:00:09 . Memory (MB): peak = 567.301 ; gain = 182.645
INFO: [IP_Flow 19-6924] IPCACHE: Running cache check for IP inst: pll
INFO: [IP_Flow 19-6922] IPCACHE: Exporting cached entry c6cee6781e36f90f to dir: d:/digital_twin/digital_twin/digital_twin.runs/pll_synth_1
INFO: [IP_Flow 19-6928] IPCACHE: copied cached file d:/digital_twin/digital_twin/digital_twin.cache/ip/2023.2/c/6/c6cee6781e36f90f/pll.dcp to d:/digital_twin/digital_twin/digital_twin.runs/pll_synth_1/pll.dcp.
INFO: [IP_Flow 19-6928] IPCACHE: copied cached file d:/digital_twin/digital_twin/digital_twin.cache/ip/2023.2/c/6/c6cee6781e36f90f/pll_sim_netlist.v to d:/digital_twin/digital_twin/digital_twin.runs/pll_synth_1/pll_sim_netlist.v.
INFO: [IP_Flow 19-6928] IPCACHE: copied cached file d:/digital_twin/digital_twin/digital_twin.cache/ip/2023.2/c/6/c6cee6781e36f90f/pll_sim_netlist.vhdl to d:/digital_twin/digital_twin/digital_twin.runs/pll_synth_1/pll_sim_netlist.vhdl.
INFO: [IP_Flow 19-6928] IPCACHE: copied cached file d:/digital_twin/digital_twin/digital_twin.cache/ip/2023.2/c/6/c6cee6781e36f90f/pll_stub.v to d:/digital_twin/digital_twin/digital_twin.runs/pll_synth_1/pll_stub.v.
INFO: [IP_Flow 19-6928] IPCACHE: copied cached file d:/digital_twin/digital_twin/digital_twin.cache/ip/2023.2/c/6/c6cee6781e36f90f/pll_stub.vhdl to d:/digital_twin/digital_twin/digital_twin.runs/pll_synth_1/pll_stub.vhdl.
INFO: [IP_Flow 19-4838] Using cached IP synthesis design for IP pll, cache-ID = c6cee6781e36f90f.
INFO: [Common 17-206] Exiting Vivado at Tue Apr 28 18:33:45 2026...
[Tue Apr 28 18:33:47 2026] pll_synth_1 finished
wait_on_runs: Time (s): cpu = 00:00:00 ; elapsed = 00:00:20 . Memory (MB): peak = 592.059 ; gain = 0.000
# update_compile_order -fileset sources_1
# reset_run synth_1
# reset_run impl_1
# launch_runs impl_1 -to_step route_design -jobs 2
[Tue Apr 28 18:33:47 2026] Launched synth_1...
Run output will be captured here: d:/digital_twin/digital_twin/digital_twin.runs/synth_1/runme.log
[Tue Apr 28 18:33:47 2026] Launched impl_1...
Run output will be captured here: d:/digital_twin/digital_twin/digital_twin.runs/impl_1/runme.log
# wait_on_run impl_1
[Tue Apr 28 18:33:47 2026] Waiting for impl_1 to finish...

*** Running vivado
    with args -log top.vdi -applog -m64 -product Vivado -messageDb vivado.pb -mode batch -source top.tcl -notrace



****** Vivado v2023.2 (64-bit)
  **** SW Build 4029153 on Fri Oct 13 20:14:34 MDT 2023
  **** IP Build 4028589 on Sat Oct 14 00:45:43 MDT 2023
  **** SharedData Build 4025554 on Tue Oct 10 17:18:54 MDT 2023
    ** Copyright 1986-2022 Xilinx, Inc. All Rights Reserved.
    ** Copyright 2022-2023 Advanced Micro Devices, Inc. All Rights Reserved.

source top.tcl -notrace
create_project: Time (s): cpu = 00:00:07 ; elapsed = 00:00:08 . Memory (MB): peak = 564.652 ; gain = 182.543
Command: link_design -top top -part xc7k325tffg900-2
Design is defaulting to srcset: sources_1
Design is defaulting to constrset: constrs_1
INFO: [Device 21-403] Loading part xc7k325tffg900-2
INFO: [Project 1-454] Reading design checkpoint 'd:/digital_twin/digital_twin/digital_twin.gen/sources_1/ip/pll/pll.dcp' for cell 'pll_inst'
INFO: [Project 1-454] Reading design checkpoint 'd:/digital_twin/digital_twin/digital_twin.gen/sources_1/ip/IROM/IROM.dcp' for cell 'student_top_inst/Mem_IROM'
Netlist sorting complete. Time (s): cpu = 00:00:00 ; elapsed = 00:00:00.162 . Memory (MB): peak = 1102.770 ; gain = 0.000
INFO: [Netlist 29-17] Analyzing 10874 Unisim elements for replacement
INFO: [Netlist 29-28] Unisim Transformation completed in 6 CPU seconds
INFO: [Project 1-479] Netlist was created with Vivado 2023.2
INFO: [Project 1-570] Preparing netlist for logic optimization
Parsing XDC File [d:/digital_twin/digital_twin/digital_twin.gen/sources_1/ip/pll/pll_board.xdc] for cell 'pll_inst/inst'
Finished Parsing XDC File [d:/digital_twin/digital_twin/digital_twin.gen/sources_1/ip/pll/pll_board.xdc] for cell 'pll_inst/inst'
Parsing XDC File [d:/digital_twin/digital_twin/digital_twin.gen/sources_1/ip/pll/pll.xdc] for cell 'pll_inst/inst'
INFO: [Timing 38-35] Done setting XDC timing constraints. [d:/digital_twin/digital_twin/digital_twin.gen/sources_1/ip/pll/pll.xdc:54]
INFO: [Timing 38-2] Deriving generated clocks [d:/digital_twin/digital_twin/digital_twin.gen/sources_1/ip/pll/pll.xdc:54]
get_clocks: Time (s): cpu = 00:00:17 ; elapsed = 00:00:16 . Memory (MB): peak = 2037.191 ; gain = 714.016
Finished Parsing XDC File [d:/digital_twin/digital_twin/digital_twin.gen/sources_1/ip/pll/pll.xdc] for cell 'pll_inst/inst'
Parsing XDC File [d:/digital_twin/digital_twin/digital_twin.srcs/constrs_1/new/digital_twin.xdc]
Finished Parsing XDC File [d:/digital_twin/digital_twin/digital_twin.srcs/constrs_1/new/digital_twin.xdc]
INFO: [Opt 31-138] Pushed 0 inverter(s) to 0 load pin(s).
Netlist sorting complete. Time (s): cpu = 00:00:01 ; elapsed = 00:00:00.057 . Memory (MB): peak = 2037.531 ; gain = 0.000
INFO: [Project 1-111] Unisim Transformation Summary:
  A total of 8192 instances were transformed.
  RAM256X1S => RAM256X1S (MUXF7(x2), MUXF8, RAMS64E(x4)): 8192 instances

The system cannot find the path specified.
11 Infos, 0 Warnings, 0 Critical Warnings and 0 Errors encountered.
link_design completed successfully
link_design: Time (s): cpu = 00:00:39 ; elapsed = 00:00:39 . Memory (MB): peak = 2037.531 ; gain = 1459.215
Command: opt_design
Attempting to get a license for feature 'Implementation' and/or device 'xc7k325t'
INFO: [Common 17-349] Got license for feature 'Implementation' and/or device 'xc7k325t'
Running DRC as a precondition to command opt_design

Starting DRC Task
INFO: [DRC 23-27] Running DRC with 2 threads
INFO: [Project 1-461] DRC finished with 0 Errors
INFO: [Project 1-462] Please refer to the DRC report (report_drc) for more information.

Time (s): cpu = 00:00:02 ; elapsed = 00:00:01 . Memory (MB): peak = 2037.531 ; gain = 0.000

Starting Cache Timing Information Task
INFO: [Timing 38-35] Done setting XDC timing constraints.
Ending Cache Timing Information Task | Checksum: b8385992

Time (s): cpu = 00:00:06 ; elapsed = 00:00:04 . Memory (MB): peak = 2053.531 ; gain = 16.000

Starting Logic Optimization Task

Phase 1 Initialization

Phase 1.1 Core Generation And Design Setup
Phase 1.1 Core Generation And Design Setup | Checksum: b8385992

Time (s): cpu = 00:00:00 ; elapsed = 00:00:00.024 . Memory (MB): peak = 2396.480 ; gain = 0.000

Phase 1.2 Setup Constraints And Sort Netlist
Phase 1.2 Setup Constraints And Sort Netlist | Checksum: b8385992

Time (s): cpu = 00:00:00 ; elapsed = 00:00:00.105 . Memory (MB): peak = 2396.480 ; gain = 0.000
Phase 1 Initialization | Checksum: b8385992

Time (s): cpu = 00:00:00 ; elapsed = 00:00:00.124 . Memory (MB): peak = 2396.480 ; gain = 0.000

Phase 2 Timer Update And Timing Data Collection

Phase 2.1 Timer Update
Phase 2.1 Timer Update | Checksum: b8385992

Time (s): cpu = 00:00:09 ; elapsed = 00:00:05 . Memory (MB): peak = 2434.715 ; gain = 38.234

Phase 2.2 Timing Data Collection
Phase 2.2 Timing Data Collection | Checksum: b8385992

Time (s): cpu = 00:00:11 ; elapsed = 00:00:07 . Memory (MB): peak = 2434.715 ; gain = 38.234
Phase 2 Timer Update And Timing Data Collection | Checksum: b8385992

Time (s): cpu = 00:00:11 ; elapsed = 00:00:07 . Memory (MB): peak = 2434.715 ; gain = 38.234

Phase 3 Retarget
INFO: [Opt 31-1566] Pulled 1 inverters resulting in an inversion of 36 pins
INFO: [Opt 31-138] Pushed 0 inverter(s) to 0 load pin(s).
INFO: [Opt 31-49] Retargeted 0 cell(s).
Phase 3 Retarget | Checksum: 146665cc6

Time (s): cpu = 00:00:11 ; elapsed = 00:00:07 . Memory (MB): peak = 2434.715 ; gain = 38.234
Retarget | Checksum: 146665cc6
INFO: [Opt 31-389] Phase Retarget created 0 cells and removed 1 cells
INFO: [Opt 31-1021] In phase Retarget, 1 netlist objects are constrained preventing optimization. Please run opt_design with -debug_log to get more detail. 

Phase 4 Constant propagation
INFO: [Opt 31-138] Pushed 0 inverter(s) to 0 load pin(s).
Phase 4 Constant propagation | Checksum: 14a28af21

Time (s): cpu = 00:00:11 ; elapsed = 00:00:07 . Memory (MB): peak = 2434.715 ; gain = 38.234
Constant propagation | Checksum: 14a28af21
INFO: [Opt 31-389] Phase Constant propagation created 0 cells and removed 0 cells

Phase 5 Sweep
Phase 5 Sweep | Checksum: f347f6a6

Time (s): cpu = 00:00:12 ; elapsed = 00:00:08 . Memory (MB): peak = 2434.715 ; gain = 38.234
Sweep | Checksum: f347f6a6
INFO: [Opt 31-389] Phase Sweep created 32 cells and removed 0 cells

Phase 6 BUFG optimization
Phase 6 BUFG optimization | Checksum: f347f6a6

Time (s): cpu = 00:00:17 ; elapsed = 00:00:11 . Memory (MB): peak = 2434.715 ; gain = 38.234
BUFG optimization | Checksum: f347f6a6
INFO: [Opt 31-662] Phase BUFG optimization created 0 cells of which 0 are BUFGs and removed 0 cells.

Phase 7 Shift Register Optimization
INFO: [Opt 31-1064] SRL Remap converted 0 SRLs to 0 registers and converted 0 registers of register chains to 0 SRLs
Phase 7 Shift Register Optimization | Checksum: f347f6a6

Time (s): cpu = 00:00:17 ; elapsed = 00:00:11 . Memory (MB): peak = 2434.715 ; gain = 38.234
Shift Register Optimization | Checksum: f347f6a6
INFO: [Opt 31-389] Phase Shift Register Optimization created 0 cells and removed 0 cells

Phase 8 Post Processing Netlist
Phase 8 Post Processing Netlist | Checksum: f347f6a6

Time (s): cpu = 00:00:17 ; elapsed = 00:00:11 . Memory (MB): peak = 2434.715 ; gain = 38.234
Post Processing Netlist | Checksum: f347f6a6
INFO: [Opt 31-389] Phase Post Processing Netlist created 0 cells and removed 0 cells

Phase 9 Finalization

Phase 9.1 Finalizing Design Cores and Updating Shapes
Phase 9.1 Finalizing Design Cores and Updating Shapes | Checksum: 107a8e17c

Time (s): cpu = 00:00:17 ; elapsed = 00:00:12 . Memory (MB): peak = 2434.715 ; gain = 38.234

Phase 9.2 Verifying Netlist Connectivity

Starting Connectivity Check Task

Time (s): cpu = 00:00:00 ; elapsed = 00:00:00.044 . Memory (MB): peak = 2434.715 ; gain = 0.000
Phase 9.2 Verifying Netlist Connectivity | Checksum: 107a8e17c

Time (s): cpu = 00:00:17 ; elapsed = 00:00:12 . Memory (MB): peak = 2434.715 ; gain = 38.234
Phase 9 Finalization | Checksum: 107a8e17c

Time (s): cpu = 00:00:17 ; elapsed = 00:00:12 . Memory (MB): peak = 2434.715 ; gain = 38.234
Opt_design Change Summary
=========================


-------------------------------------------------------------------------------------------------------------------------
|  Phase                        |  #Cells created  |  #Cells Removed  |  #Constrained objects preventing optimizations  |
-------------------------------------------------------------------------------------------------------------------------
|  Retarget                     |               0  |               1  |                                              1  |
|  Constant propagation         |               0  |               0  |                                              0  |
|  Sweep                        |              32  |               0  |                                              0  |
|  BUFG optimization            |               0  |               0  |                                              0  |
|  Shift Register Optimization  |               0  |               0  |                                              0  |
|  Post Processing Netlist      |               0  |               0  |                                              0  |
-------------------------------------------------------------------------------------------------------------------------


Ending Logic Optimization Task | Checksum: 107a8e17c

Time (s): cpu = 00:00:17 ; elapsed = 00:00:12 . Memory (MB): peak = 2434.715 ; gain = 38.234
INFO: [Constraints 18-11670] Building netlist checker database with flags, 0x8
Done building netlist checker database: Time (s): cpu = 00:00:00 ; elapsed = 00:00:00.058 . Memory (MB): peak = 2434.715 ; gain = 0.000

Starting Power Optimization Task
INFO: [Pwropt 34-132] Skipping clock gating for clocks with a period < 2.00 ns.
Ending Power Optimization Task | Checksum: 107a8e17c

Time (s): cpu = 00:00:00 ; elapsed = 00:00:00.116 . Memory (MB): peak = 2434.715 ; gain = 0.000

Starting Final Cleanup Task
Ending Final Cleanup Task | Checksum: 107a8e17c

Time (s): cpu = 00:00:00 ; elapsed = 00:00:00.022 . Memory (MB): peak = 2434.715 ; gain = 0.000

Starting Netlist Obfuscation Task
Netlist sorting complete. Time (s): cpu = 00:00:00 ; elapsed = 00:00:00.059 . Memory (MB): peak = 2434.715 ; gain = 0.000
Ending Netlist Obfuscation Task | Checksum: 107a8e17c

Time (s): cpu = 00:00:00 ; elapsed = 00:00:00.077 . Memory (MB): peak = 2434.715 ; gain = 0.000
INFO: [Common 17-83] Releasing license: Implementation
31 Infos, 0 Warnings, 0 Critical Warnings and 0 Errors encountered.
opt_design completed successfully
opt_design: Time (s): cpu = 00:00:30 ; elapsed = 00:00:22 . Memory (MB): peak = 2434.715 ; gain = 397.184
INFO: [runtcl-4] Executing : report_drc -file top_drc_opted.rpt -pb top_drc_opted.pb -rpx top_drc_opted.rpx
Command: report_drc -file top_drc_opted.rpt -pb top_drc_opted.pb -rpx top_drc_opted.rpx
INFO: [IP_Flow 19-1839] IP Catalog is up to date.
INFO: [DRC 23-27] Running DRC with 2 threads
INFO: [Vivado_Tcl 2-168] The results of DRC are in file d:/digital_twin/digital_twin/digital_twin.runs/impl_1/top_drc_opted.rpt.
report_drc completed successfully
INFO: [Timing 38-480] Writing timing data to binary archive.
Wrote PlaceDB: Time (s): cpu = 00:00:00 ; elapsed = 00:00:00.005 . Memory (MB): peak = 2434.715 ; gain = 0.000
Wrote PulsedLatchDB: Time (s): cpu = 00:00:00 ; elapsed = 00:00:00 . Memory (MB): peak = 2434.715 ; gain = 0.000
Writing XDEF routing.
Writing XDEF routing logical nets.
Writing XDEF routing special nets.
Wrote RouteStorage: Time (s): cpu = 00:00:01 ; elapsed = 00:00:00.103 . Memory (MB): peak = 2434.715 ; gain = 0.000
Wrote Netlist Cache: Time (s): cpu = 00:00:00 ; elapsed = 00:00:00 . Memory (MB): peak = 2434.715 ; gain = 0.000
Wrote Device Cache: Time (s): cpu = 00:00:00 ; elapsed = 00:00:00.009 . Memory (MB): peak = 2434.715 ; gain = 0.000
Write Physdb Complete: Time (s): cpu = 00:00:01 ; elapsed = 00:00:00.125 . Memory (MB): peak = 2434.715 ; gain = 0.000
Write ShapeDB Complete: Time (s): cpu = 00:00:01 ; elapsed = 00:00:00.309 . Memory (MB): peak = 2434.715 ; gain = 0.000
INFO: [Common 17-1381] The checkpoint 'd:/digital_twin/digital_twin/digital_twin.runs/impl_1/top_opt.dcp' has been generated.
Command: place_design
Attempting to get a license for feature 'Implementation' and/or device 'xc7k325t'
INFO: [Common 17-349] Got license for feature 'Implementation' and/or device 'xc7k325t'
INFO: [Common 17-83] Releasing license: Implementation
INFO: [DRC 23-27] Running DRC with 2 threads
INFO: [Vivado_Tcl 4-198] DRC finished with 0 Errors
INFO: [Vivado_Tcl 4-199] Please refer to the DRC report (report_drc) for more information.
Running DRC as a precondition to command place_design
INFO: [DRC 23-27] Running DRC with 2 threads
INFO: [Vivado_Tcl 4-198] DRC finished with 0 Errors
INFO: [Vivado_Tcl 4-199] Please refer to the DRC report (report_drc) for more information.
INFO: [Place 30-611] Multithreading enabled for place_design using a maximum of 2 CPUs

Starting Placer Task

Phase 1 Placer Initialization

Phase 1.1 Placer Initialization Netlist Sorting
Netlist sorting complete. Time (s): cpu = 00:00:00 ; elapsed = 00:00:00.066 . Memory (MB): peak = 2434.715 ; gain = 0.000
Phase 1.1 Placer Initialization Netlist Sorting | Checksum: 48ccd56c

Time (s): cpu = 00:00:00 ; elapsed = 00:00:00.088 . Memory (MB): peak = 2434.715 ; gain = 0.000
Netlist sorting complete. Time (s): cpu = 00:00:00 ; elapsed = 00:00:00.064 . Memory (MB): peak = 2434.715 ; gain = 0.000

Phase 1.2 IO Placement/ Clock Placement/ Build Placer Device
INFO: [Timing 38-35] Done setting XDC timing constraints.
Phase 1.2 IO Placement/ Clock Placement/ Build Placer Device | Checksum: a245e00a

Time (s): cpu = 00:00:10 ; elapsed = 00:00:08 . Memory (MB): peak = 2466.195 ; gain = 31.480

Phase 1.3 Build Placer Netlist Model
Phase 1.3 Build Placer Netlist Model | Checksum: a765b107

Time (s): cpu = 00:00:44 ; elapsed = 00:00:36 . Memory (MB): peak = 3023.418 ; gain = 588.703

Phase 1.4 Constrain Clocks/Macros
Phase 1.4 Constrain Clocks/Macros | Checksum: a765b107

Time (s): cpu = 00:00:44 ; elapsed = 00:00:36 . Memory (MB): peak = 3023.418 ; gain = 588.703
Phase 1 Placer Initialization | Checksum: a765b107

Time (s): cpu = 00:00:44 ; elapsed = 00:00:37 . Memory (MB): peak = 3023.418 ; gain = 588.703

Phase 2 Global Placement

Phase 2.1 Floorplanning
Phase 2.1 Floorplanning | Checksum: 13e5ba917

Time (s): cpu = 00:00:56 ; elapsed = 00:00:46 . Memory (MB): peak = 3023.418 ; gain = 588.703

Phase 2.2 Update Timing before SLR Path Opt
Phase 2.2 Update Timing before SLR Path Opt | Checksum: c3cb5828

Time (s): cpu = 00:01:12 ; elapsed = 00:00:57 . Memory (MB): peak = 3023.418 ; gain = 588.703

Phase 2.3 Post-Processing in Floorplanning
Phase 2.3 Post-Processing in Floorplanning | Checksum: c3cb5828

Time (s): cpu = 00:01:12 ; elapsed = 00:00:58 . Memory (MB): peak = 3023.418 ; gain = 588.703

Phase 2.4 Global Placement Core

Phase 2.4.1 UpdateTiming Before Physical Synthesis
Phase 2.4.1 UpdateTiming Before Physical Synthesis | Checksum: baab983c

Time (s): cpu = 00:01:57 ; elapsed = 00:01:32 . Memory (MB): peak = 3023.418 ; gain = 588.703

Phase 2.4.2 Physical Synthesis In Placer
INFO: [Physopt 32-1035] Found 0 LUTNM shape to break, 100 LUT instances to create LUTNM shape
INFO: [Physopt 32-1044] Break lutnm for timing: one critical 0, two critical 0, total 0, new lutff created 0
INFO: [Physopt 32-1138] End 1 Pass. Optimized 42 nets or LUTs. Breaked 0 LUT, combined 42 existing LUTs and moved 0 existing LUT
INFO: [Physopt 32-76] Pass 1. Identified 9 candidate nets for fanout optimization.
INFO: [Physopt 32-81] Processed net student_top_inst/Core_cpu/exmem_alu_y_reg[16]_0[2]. Replicated 20 times.
INFO: [Physopt 32-81] Processed net student_top_inst/Core_cpu/exmem_alu_y_reg[16]_0[5]. Replicated 20 times.
INFO: [Physopt 32-81] Processed net student_top_inst/Core_cpu/exmem_alu_y_reg[16]_0[4]. Replicated 21 times.
INFO: [Physopt 32-81] Processed net student_top_inst/Core_cpu/exmem_alu_y_reg[16]_0[3]. Replicated 20 times.
INFO: [Physopt 32-81] Processed net student_top_inst/Core_cpu/exmem_alu_y_reg[16]_0[6]. Replicated 21 times.
INFO: [Physopt 32-81] Processed net student_top_inst/Core_cpu/exmem_alu_y_reg[16]_0[7]. Replicated 20 times.
INFO: [Physopt 32-81] Processed net student_top_inst/Core_cpu/exmem_alu_y_reg[16]_0[8]. Replicated 11 times.
INFO: [Physopt 32-81] Processed net student_top_inst/Core_cpu/exmem_alu_y_reg[16]_0[9]. Replicated 13 times.
INFO: [Physopt 32-81] Processed net student_top_inst/Core_cpu/exmem_alu_y_reg[16]_0[11]. Replicated 12 times.
INFO: [Physopt 32-232] Optimized 9 nets. Created 158 new instances.
INFO: [Physopt 32-775] End 1 Pass. Optimized 9 nets or cells. Created 158 new cells, deleted 0 existing cell and moved 0 existing cell
Netlist sorting complete. Time (s): cpu = 00:00:00 ; elapsed = 00:00:00.268 . Memory (MB): peak = 3023.418 ; gain = 0.000
INFO: [Physopt 32-670] No setup violation found.  DSP Register Optimization was not performed.
INFO: [Physopt 32-670] No setup violation found.  Shift Register to Pipeline Optimization was not performed.
INFO: [Physopt 32-670] No setup violation found.  Shift Register Optimization was not performed.
INFO: [Physopt 32-670] No setup violation found.  BRAM Register Optimization was not performed.
INFO: [Physopt 32-670] No setup violation found.  URAM Register Optimization was not performed.
INFO: [Physopt 32-949] No candidate nets found for dynamic/static region interface net replication
INFO: [Physopt 32-775] End 1 Pass. Optimized 0 net or cell. Created 0 new cell, deleted 0 existing cell and moved 0 existing cell
Netlist sorting complete. Time (s): cpu = 00:00:01 ; elapsed = 00:00:00.046 . Memory (MB): peak = 3023.418 ; gain = 0.000

Summary of Physical Synthesis Optimizations
============================================


-----------------------------------------------------------------------------------------------------------------------------------------------------------
|  Optimization                                     |  Added Cells  |  Removed Cells  |  Optimized Cells/Nets  |  Dont Touch  |  Iterations  |  Elapsed   |
-----------------------------------------------------------------------------------------------------------------------------------------------------------
|  LUT Combining                                    |            0  |             42  |                    42  |           0  |           1  |  00:00:00  |
|  Retime                                           |            0  |              0  |                     0  |           0  |           1  |  00:00:00  |
|  Very High Fanout                                 |          158  |              0  |                     9  |           0  |           1  |  00:00:57  |
|  DSP Register                                     |            0  |              0  |                     0  |           0  |           0  |  00:00:00  |
|  Shift Register to Pipeline                       |            0  |              0  |                     0  |           0  |           0  |  00:00:00  |
|  Shift Register                                   |            0  |              0  |                     0  |           0  |           0  |  00:00:00  |
|  BRAM Register                                    |            0  |              0  |                     0  |           0  |           0  |  00:00:00  |
|  URAM Register                                    |            0  |              0  |                     0  |           0  |           0  |  00:00:00  |
|  Dynamic/Static Region Interface Net Replication  |            0  |              0  |                     0  |           0  |           1  |  00:00:00  |
|  Total                                            |          158  |             42  |                    51  |           0  |           4  |  00:00:57  |
-----------------------------------------------------------------------------------------------------------------------------------------------------------


Phase 2.4.2 Physical Synthesis In Placer | Checksum: f076fbd0

Time (s): cpu = 00:03:04 ; elapsed = 00:02:37 . Memory (MB): peak = 3023.418 ; gain = 588.703
Phase 2.4 Global Placement Core | Checksum: eb86ba29

Time (s): cpu = 00:03:10 ; elapsed = 00:02:41 . Memory (MB): peak = 3023.418 ; gain = 588.703
Phase 2 Global Placement | Checksum: eb86ba29

Time (s): cpu = 00:03:10 ; elapsed = 00:02:41 . Memory (MB): peak = 3023.418 ; gain = 588.703

Phase 3 Detail Placement

Phase 3.1 Commit Multi Column Macros
Phase 3.1 Commit Multi Column Macros | Checksum: beea8723

Time (s): cpu = 00:03:21 ; elapsed = 00:02:48 . Memory (MB): peak = 3023.418 ; gain = 588.703

Phase 3.2 Commit Most Macros & LUTRAMs
Phase 3.2 Commit Most Macros & LUTRAMs | Checksum: 1ee5e3869

Time (s): cpu = 00:06:14 ; elapsed = 00:05:28 . Memory (MB): peak = 3023.418 ; gain = 588.703

Phase 3.3 Area Swap Optimization
Phase 3.3 Area Swap Optimization | Checksum: 1c4b398b4

Time (s): cpu = 00:06:15 ; elapsed = 00:05:29 . Memory (MB): peak = 3023.418 ; gain = 588.703

Phase 3.4 Pipeline Register Optimization
Phase 3.4 Pipeline Register Optimization | Checksum: 1fb9cc252

Time (s): cpu = 00:06:16 ; elapsed = 00:05:29 . Memory (MB): peak = 3023.418 ; gain = 588.703

Phase 3.5 Small Shape Detail Placement
Phase 3.5 Small Shape Detail Placement | Checksum: 124166bfb

Time (s): cpu = 00:06:24 ; elapsed = 00:05:37 . Memory (MB): peak = 3023.418 ; gain = 588.703

Phase 3.6 Re-assign LUT pins
Phase 3.6 Re-assign LUT pins | Checksum: 15e8c874f

Time (s): cpu = 00:06:25 ; elapsed = 00:05:38 . Memory (MB): peak = 3023.418 ; gain = 588.703

Phase 3.7 Pipeline Register Optimization
Phase 3.7 Pipeline Register Optimization | Checksum: 22781adb1

Time (s): cpu = 00:06:26 ; elapsed = 00:05:39 . Memory (MB): peak = 3023.418 ; gain = 588.703
Phase 3 Detail Placement | Checksum: 22781adb1

Time (s): cpu = 00:06:26 ; elapsed = 00:05:39 . Memory (MB): peak = 3023.418 ; gain = 588.703

Phase 4 Post Placement Optimization and Clean-Up

Phase 4.1 Post Commit Optimization
INFO: [Timing 38-35] Done setting XDC timing constraints.

Phase 4.1.1 Post Placement Optimization
Post Placement Optimization Initialization | Checksum: 241d5496f

Phase 4.1.1.1 BUFG Insertion

Starting Physical Synthesis Task

Phase 1 Physical Synthesis Initialization
INFO: [Physopt 32-721] Multithreading enabled for phys_opt_design using a maximum of 2 CPUs
INFO: [Physopt 32-619] Estimated Timing Summary | WNS=0.805 | TNS=0.000 |
Phase 1 Physical Synthesis Initialization | Checksum: 1dea40092

Time (s): cpu = 00:00:14 ; elapsed = 00:00:11 . Memory (MB): peak = 3057.082 ; gain = 33.664
INFO: [Place 46-33] Processed net student_top_inst/Core_cpu/u_rf/bbstub_locked, BUFG insertion was skipped due to placement/routing conflicts.
INFO: [Place 46-56] BUFG insertion identified 1 candidate nets. Inserted BUFG: 0, Replicated BUFG Driver: 0, Skipped due to Placement/Routing Conflicts: 1, Skipped due to Timing Degradation: 0, Skipped due to netlist editing failed: 0.
Ending Physical Synthesis Task | Checksum: 1dea40092

Time (s): cpu = 00:00:21 ; elapsed = 00:00:16 . Memory (MB): peak = 3058.262 ; gain = 34.844
Phase 4.1.1.1 BUFG Insertion | Checksum: 241d5496f

Time (s): cpu = 00:07:31 ; elapsed = 00:06:24 . Memory (MB): peak = 3058.262 ; gain = 623.547

Phase 4.1.1.2 Post Placement Timing Optimization
INFO: [Place 30-746] Post Placement Timing Summary WNS=0.805. For the most accurate timing information please run report_timing.
Phase 4.1.1.2 Post Placement Timing Optimization | Checksum: 2565b5cfb

Time (s): cpu = 00:07:32 ; elapsed = 00:06:24 . Memory (MB): peak = 3058.262 ; gain = 623.547

Time (s): cpu = 00:07:32 ; elapsed = 00:06:24 . Memory (MB): peak = 3058.262 ; gain = 623.547
Phase 4.1 Post Commit Optimization | Checksum: 2565b5cfb

Time (s): cpu = 00:07:32 ; elapsed = 00:06:25 . Memory (MB): peak = 3058.262 ; gain = 623.547

Phase 4.2 Post Placement Cleanup
Phase 4.2 Post Placement Cleanup | Checksum: 2565b5cfb

Time (s): cpu = 00:07:35 ; elapsed = 00:06:27 . Memory (MB): peak = 3058.262 ; gain = 623.547

Phase 4.3 Placer Reporting

Phase 4.3.1 Print Estimated Congestion
INFO: [Place 30-612] Post-Placement Estimated Congestion 
 ____________________________________________________
|           | Global Congestion | Short Congestion  |
| Direction | Region Size       | Region Size       |
|___________|___________________|___________________|
|      North|                1x1|                1x1|
|___________|___________________|___________________|
|      South|                1x1|                1x1|
|___________|___________________|___________________|
|       East|                1x1|                1x1|
|___________|___________________|___________________|
|       West|                1x1|                1x1|
|___________|___________________|___________________|

Phase 4.3.1 Print Estimated Congestion | Checksum: 2565b5cfb

Time (s): cpu = 00:07:36 ; elapsed = 00:06:28 . Memory (MB): peak = 3058.262 ; gain = 623.547
Phase 4.3 Placer Reporting | Checksum: 2565b5cfb

Time (s): cpu = 00:07:36 ; elapsed = 00:06:28 . Memory (MB): peak = 3058.262 ; gain = 623.547

Phase 4.4 Final Placement Cleanup
Netlist sorting complete. Time (s): cpu = 00:00:00 ; elapsed = 00:00:00.062 . Memory (MB): peak = 3058.262 ; gain = 0.000

Time (s): cpu = 00:07:36 ; elapsed = 00:06:28 . Memory (MB): peak = 3058.262 ; gain = 623.547
Phase 4 Post Placement Optimization and Clean-Up | Checksum: 27025ad99

Time (s): cpu = 00:07:37 ; elapsed = 00:06:29 . Memory (MB): peak = 3058.262 ; gain = 623.547
Ending Placer Task | Checksum: 1e3f8aecd

Time (s): cpu = 00:07:37 ; elapsed = 00:06:29 . Memory (MB): peak = 3058.262 ; gain = 623.547
76 Infos, 0 Warnings, 0 Critical Warnings and 0 Errors encountered.
place_design completed successfully
place_design: Time (s): cpu = 00:07:43 ; elapsed = 00:06:33 . Memory (MB): peak = 3058.262 ; gain = 623.547
INFO: [runtcl-4] Executing : report_io -file top_io_placed.rpt
report_io: Time (s): cpu = 00:00:01 ; elapsed = 00:00:00.188 . Memory (MB): peak = 3058.262 ; gain = 0.000
INFO: [runtcl-4] Executing : report_utilization -file top_utilization_placed.rpt -pb top_utilization_placed.pb
INFO: [runtcl-4] Executing : report_control_sets -verbose -file top_control_sets_placed.rpt
report_control_sets: Time (s): cpu = 00:00:01 ; elapsed = 00:00:00.360 . Memory (MB): peak = 3058.262 ; gain = 0.000
INFO: [Timing 38-480] Writing timing data to binary archive.
Write ShapeDB Complete: Time (s): cpu = 00:00:02 ; elapsed = 00:00:00.321 . Memory (MB): peak = 3058.262 ; gain = 0.000
Wrote PlaceDB: Time (s): cpu = 00:00:09 ; elapsed = 00:00:05 . Memory (MB): peak = 3058.262 ; gain = 0.000
Wrote PulsedLatchDB: Time (s): cpu = 00:00:00 ; elapsed = 00:00:00 . Memory (MB): peak = 3058.262 ; gain = 0.000
Writing XDEF routing.
Writing XDEF routing logical nets.
Writing XDEF routing special nets.
Wrote RouteStorage: Time (s): cpu = 00:00:00 ; elapsed = 00:00:00.088 . Memory (MB): peak = 3058.262 ; gain = 0.000
Wrote Netlist Cache: Time (s): cpu = 00:00:00 ; elapsed = 00:00:00.072 . Memory (MB): peak = 3058.262 ; gain = 0.000
Wrote Device Cache: Time (s): cpu = 00:00:00 ; elapsed = 00:00:00.008 . Memory (MB): peak = 3058.262 ; gain = 0.000
Write Physdb Complete: Time (s): cpu = 00:00:09 ; elapsed = 00:00:05 . Memory (MB): peak = 3058.262 ; gain = 0.000
report_design_analysis: Time (s): cpu = 00:00:07 ; elapsed = 00:00:07 . Memory (MB): peak = 3064.258 ; gain = 5.996
INFO: [Common 17-1381] The checkpoint 'd:/digital_twin/digital_twin/digital_twin.runs/impl_1/top_placed.dcp' has been generated.
write_checkpoint: Time (s): cpu = 00:00:18 ; elapsed = 00:00:15 . Memory (MB): peak = 3064.258 ; gain = 5.996
Command: phys_opt_design
Attempting to get a license for feature 'Implementation' and/or device 'xc7k325t'
INFO: [Common 17-349] Got license for feature 'Implementation' and/or device 'xc7k325t'

Starting Initial Update Timing Task

Time (s): cpu = 00:00:55 ; elapsed = 00:00:35 . Memory (MB): peak = 3271.176 ; gain = 206.918
INFO: [Vivado_Tcl 4-383] Design worst setup slack (WNS) is greater than or equal to 0.000 ns. Skipping all physical synthesis optimizations.
INFO: [Vivado_Tcl 4-232] No setup violation found. The netlist was not modified.
INFO: [Common 17-83] Releasing license: Implementation
85 Infos, 0 Warnings, 0 Critical Warnings and 0 Errors encountered.
phys_opt_design completed successfully
phys_opt_design: Time (s): cpu = 00:00:56 ; elapsed = 00:00:36 . Memory (MB): peak = 3271.176 ; gain = 206.918
INFO: [Timing 38-480] Writing timing data to binary archive.
Write ShapeDB Complete: Time (s): cpu = 00:00:01 ; elapsed = 00:00:00.289 . Memory (MB): peak = 3306.910 ; gain = 17.418
Wrote PlaceDB: Time (s): cpu = 00:00:07 ; elapsed = 00:00:04 . Memory (MB): peak = 3308.465 ; gain = 13.055
Wrote PulsedLatchDB: Time (s): cpu = 00:00:00 ; elapsed = 00:00:00 . Memory (MB): peak = 3308.465 ; gain = 0.000
Writing XDEF routing.
Writing XDEF routing logical nets.
Writing XDEF routing special nets.
Wrote RouteStorage: Time (s): cpu = 00:00:00 ; elapsed = 00:00:00.091 . Memory (MB): peak = 3308.465 ; gain = 0.000
Wrote Netlist Cache: Time (s): cpu = 00:00:00 ; elapsed = 00:00:00.079 . Memory (MB): peak = 3308.465 ; gain = 0.000
Wrote Device Cache: Time (s): cpu = 00:00:00 ; elapsed = 00:00:00.007 . Memory (MB): peak = 3308.465 ; gain = 0.000
Write Physdb Complete: Time (s): cpu = 00:00:07 ; elapsed = 00:00:04 . Memory (MB): peak = 3308.465 ; gain = 18.973
INFO: [Common 17-1381] The checkpoint 'd:/digital_twin/digital_twin/digital_twin.runs/impl_1/top_physopt.dcp' has been generated.
write_checkpoint: Time (s): cpu = 00:00:10 ; elapsed = 00:00:07 . Memory (MB): peak = 3308.465 ; gain = 37.289
Command: route_design
Attempting to get a license for feature 'Implementation' and/or device 'xc7k325t'
INFO: [Common 17-349] Got license for feature 'Implementation' and/or device 'xc7k325t'
Running DRC as a precondition to command route_design
INFO: [DRC 23-27] Running DRC with 2 threads
INFO: [Vivado_Tcl 4-198] DRC finished with 0 Errors
INFO: [Vivado_Tcl 4-199] Please refer to the DRC report (report_drc) for more information.


Starting Routing Task
INFO: [Route 35-254] Multithreading enabled for route_design using a maximum of 8 CPUs

Phase 1 Build RT Design
Checksum: PlaceDB: e671e237 ConstDB: 0 ShapeSum: fd86cc96 RouteDB: 0
Post Restoration Checksum: NetGraph: 15adb82b | NumContArr: bbe2684b | Constraints: c2a8fa9d | Timing: c2a8fa9d
Phase 1 Build RT Design | Checksum: 256e215b0

Time (s): cpu = 00:01:14 ; elapsed = 00:00:41 . Memory (MB): peak = 3517.977 ; gain = 189.465

Phase 2 Router Initialization

Phase 2.1 Fix Topology Constraints
Phase 2.1 Fix Topology Constraints | Checksum: 256e215b0

Time (s): cpu = 00:01:15 ; elapsed = 00:00:42 . Memory (MB): peak = 3517.977 ; gain = 189.465

Phase 2.2 Pre Route Cleanup
Phase 2.2 Pre Route Cleanup | Checksum: 256e215b0

Time (s): cpu = 00:01:15 ; elapsed = 00:00:42 . Memory (MB): peak = 3517.977 ; gain = 189.465
 Number of Nodes with overlaps = 0

Phase 2.3 Update Timing
Phase 2.3 Update Timing | Checksum: 1d0c08e85

Time (s): cpu = 00:02:14 ; elapsed = 00:01:20 . Memory (MB): peak = 3517.977 ; gain = 189.465
INFO: [Route 35-416] Intermediate Timing Summary | WNS=1.033  | TNS=0.000  | WHS=-0.395 | THS=-12147.458|


Router Utilization Summary
  Global Vertical Routing Utilization    = 0 %
  Global Horizontal Routing Utilization  = 0 %
  Routable Net Status*
  *Does not include unroutable nets such as driverless and loadless.
  Run report_route_status for detailed report.
  Number of Failed Nets               = 14382
    (Failed Nets is the sum of unrouted and partially routed nets)
  Number of Unrouted Nets             = 14382
  Number of Partially Routed Nets     = 0
  Number of Node Overlaps             = 0

Phase 2 Router Initialization | Checksum: 1fc38b314

Time (s): cpu = 00:02:40 ; elapsed = 00:01:35 . Memory (MB): peak = 3562.406 ; gain = 233.895

Phase 3 Initial Routing

Phase 3.1 Global Routing
Phase 3.1 Global Routing | Checksum: 1fc38b314

Time (s): cpu = 00:02:40 ; elapsed = 00:01:35 . Memory (MB): peak = 3562.406 ; gain = 233.895

Phase 3.2 Initial Net Routing
Phase 3.2 Initial Net Routing | Checksum: 26c0fde51

Time (s): cpu = 00:03:56 ; elapsed = 00:01:57 . Memory (MB): peak = 3633.070 ; gain = 304.559
Phase 3 Initial Routing | Checksum: 26c0fde51

Time (s): cpu = 00:03:57 ; elapsed = 00:01:57 . Memory (MB): peak = 3633.070 ; gain = 304.559

Phase 4 Rip-up And Reroute

Phase 4.1 Global Iteration 0
 Number of Nodes with overlaps = 4160
 Number of Nodes with overlaps = 162
 Number of Nodes with overlaps = 13
 Number of Nodes with overlaps = 0
INFO: [Route 35-416] Intermediate Timing Summary | WNS=0.745  | TNS=0.000  | WHS=N/A    | THS=N/A    |

Phase 4.1 Global Iteration 0 | Checksum: 2d1d81a71

Time (s): cpu = 00:05:59 ; elapsed = 00:02:52 . Memory (MB): peak = 3633.070 ; gain = 304.559
Phase 4 Rip-up And Reroute | Checksum: 2d1d81a71

Time (s): cpu = 00:05:59 ; elapsed = 00:02:52 . Memory (MB): peak = 3633.070 ; gain = 304.559

Phase 5 Delay and Skew Optimization

Phase 5.1 Delay CleanUp

Phase 5.1.1 Update Timing
Phase 5.1.1 Update Timing | Checksum: 2c18978b8

Time (s): cpu = 00:06:11 ; elapsed = 00:03:00 . Memory (MB): peak = 3633.070 ; gain = 304.559
INFO: [Route 35-416] Intermediate Timing Summary | WNS=0.745  | TNS=0.000  | WHS=N/A    | THS=N/A    |

Phase 5.1 Delay CleanUp | Checksum: 2c18978b8

Time (s): cpu = 00:06:11 ; elapsed = 00:03:00 . Memory (MB): peak = 3633.070 ; gain = 304.559

Phase 5.2 Clock Skew Optimization
Phase 5.2 Clock Skew Optimization | Checksum: 2c18978b8

Time (s): cpu = 00:06:11 ; elapsed = 00:03:00 . Memory (MB): peak = 3633.070 ; gain = 304.559
Phase 5 Delay and Skew Optimization | Checksum: 2c18978b8

Time (s): cpu = 00:06:11 ; elapsed = 00:03:00 . Memory (MB): peak = 3633.070 ; gain = 304.559

Phase 6 Post Hold Fix

Phase 6.1 Hold Fix Iter

Phase 6.1.1 Update Timing
Phase 6.1.1 Update Timing | Checksum: 23017c6bb

Time (s): cpu = 00:06:32 ; elapsed = 00:03:13 . Memory (MB): peak = 3633.070 ; gain = 304.559
INFO: [Route 35-416] Intermediate Timing Summary | WNS=0.745  | TNS=0.000  | WHS=0.042  | THS=0.000  |

Phase 6.1 Hold Fix Iter | Checksum: 25603a39b

Time (s): cpu = 00:06:32 ; elapsed = 00:03:13 . Memory (MB): peak = 3633.070 ; gain = 304.559
Phase 6 Post Hold Fix | Checksum: 25603a39b

Time (s): cpu = 00:06:32 ; elapsed = 00:03:13 . Memory (MB): peak = 3633.070 ; gain = 304.559

Phase 7 Route finalize

Router Utilization Summary
  Global Vertical Routing Utilization    = 7.4415 %
  Global Horizontal Routing Utilization  = 7.28719 %
  Routable Net Status*
  *Does not include unroutable nets such as driverless and loadless.
  Run report_route_status for detailed report.
  Number of Failed Nets               = 0
    (Failed Nets is the sum of unrouted and partially routed nets)
  Number of Unrouted Nets             = 0
  Number of Partially Routed Nets     = 0
  Number of Node Overlaps             = 0

Phase 7 Route finalize | Checksum: 25603a39b

Time (s): cpu = 00:06:33 ; elapsed = 00:03:13 . Memory (MB): peak = 3633.070 ; gain = 304.559

Phase 8 Verifying routed nets

 Verification completed successfully
Phase 8 Verifying routed nets | Checksum: 25603a39b

Time (s): cpu = 00:06:33 ; elapsed = 00:03:13 . Memory (MB): peak = 3633.070 ; gain = 304.559

Phase 9 Depositing Routes
Phase 9 Depositing Routes | Checksum: 266aea54e

Time (s): cpu = 00:06:36 ; elapsed = 00:03:15 . Memory (MB): peak = 3633.070 ; gain = 304.559

Phase 10 Post Router Timing
INFO: [Route 35-57] Estimated Timing Summary | WNS=0.745  | TNS=0.000  | WHS=0.042  | THS=0.000  |

INFO: [Route 35-327] The final timing numbers are based on the router estimated timing analysis. For a complete and accurate timing signoff, please run report_timing_summary.
Phase 10 Post Router Timing | Checksum: 266aea54e

Time (s): cpu = 00:06:51 ; elapsed = 00:03:23 . Memory (MB): peak = 3633.070 ; gain = 304.559
INFO: [Route 35-16] Router Completed Successfully

Phase 11 Post-Route Event Processing
Phase 11 Post-Route Event Processing | Checksum: 2601a6d15

Time (s): cpu = 00:06:53 ; elapsed = 00:03:25 . Memory (MB): peak = 3633.070 ; gain = 304.559
Ending Routing Task | Checksum: 2601a6d15

Time (s): cpu = 00:06:54 ; elapsed = 00:03:27 . Memory (MB): peak = 3633.070 ; gain = 304.559

Routing Is Done.
INFO: [Common 17-83] Releasing license: Implementation
100 Infos, 0 Warnings, 0 Critical Warnings and 0 Errors encountered.
route_design completed successfully
route_design: Time (s): cpu = 00:07:02 ; elapsed = 00:03:31 . Memory (MB): peak = 3633.070 ; gain = 324.605
INFO: [runtcl-4] Executing : report_drc -file top_drc_routed.rpt -pb top_drc_routed.pb -rpx top_drc_routed.rpx
Command: report_drc -file top_drc_routed.rpt -pb top_drc_routed.pb -rpx top_drc_routed.rpx
INFO: [IP_Flow 19-1839] IP Catalog is up to date.
INFO: [DRC 23-27] Running DRC with 2 threads
INFO: [Vivado_Tcl 2-168] The results of DRC are in file d:/digital_twin/digital_twin/digital_twin.runs/impl_1/top_drc_routed.rpt.
report_drc completed successfully
report_drc: Time (s): cpu = 00:00:16 ; elapsed = 00:00:08 . Memory (MB): peak = 3633.070 ; gain = 0.000
INFO: [runtcl-4] Executing : report_methodology -file top_methodology_drc_routed.rpt -pb top_methodology_drc_routed.pb -rpx top_methodology_drc_routed.rpx
Command: report_methodology -file top_methodology_drc_routed.rpt -pb top_methodology_drc_routed.pb -rpx top_methodology_drc_routed.rpx
INFO: [Timing 38-35] Done setting XDC timing constraints.
INFO: [DRC 23-133] Running Methodology with 2 threads
INFO: [Vivado_Tcl 2-1520] The results of Report Methodology are in file d:/digital_twin/digital_twin/digital_twin.runs/impl_1/top_methodology_drc_routed.rpt.
report_methodology completed successfully
report_methodology: Time (s): cpu = 00:01:27 ; elapsed = 00:00:48 . Memory (MB): peak = 3750.152 ; gain = 117.082
INFO: [runtcl-4] Executing : report_power -file top_power_routed.rpt -pb top_power_summary_routed.pb -rpx top_power_routed.rpx
Command: report_power -file top_power_routed.rpt -pb top_power_summary_routed.pb -rpx top_power_routed.rpx
INFO: [Timing 38-35] Done setting XDC timing constraints.
Running Vector-less Activity Propagation...

Finished Running Vector-less Activity Propagation
110 Infos, 0 Warnings, 0 Critical Warnings and 0 Errors encountered.
report_power completed successfully
report_power: Time (s): cpu = 00:00:31 ; elapsed = 00:00:18 . Memory (MB): peak = 3781.168 ; gain = 31.016
INFO: [runtcl-4] Executing : report_route_status -file top_route_status.rpt -pb top_route_status.pb
INFO: [runtcl-4] Executing : report_timing_summary -max_paths 10 -report_unconstrained -file top_timing_summary_routed.rpt -pb top_timing_summary_routed.pb -rpx top_timing_summary_routed.rpx -warn_on_violation 
INFO: [Timing 38-91] UpdateTimingParams: Speed grade: -2, Delay Type: min_max.
INFO: [Timing 38-191] Multithreading enabled for timing update using a maximum of 2 CPUs
report_timing_summary: Time (s): cpu = 00:00:16 ; elapsed = 00:00:09 . Memory (MB): peak = 3802.105 ; gain = 20.938
INFO: [runtcl-4] Executing : report_incremental_reuse -file top_incremental_reuse_routed.rpt
INFO: [Vivado_Tcl 4-1062] Incremental flow is disabled. No incremental reuse Info to report.
INFO: [runtcl-4] Executing : report_clock_utilization -file top_clock_utilization_routed.rpt
INFO: [runtcl-4] Executing : report_bus_skew -warn_on_violation -file top_bus_skew_routed.rpt -pb top_bus_skew_routed.pb -rpx top_bus_skew_routed.rpx
INFO: [Timing 38-91] UpdateTimingParams: Speed grade: -2, Delay Type: min_max.
INFO: [Timing 38-191] Multithreading enabled for timing update using a maximum of 2 CPUs
INFO: [Timing 38-480] Writing timing data to binary archive.
Write ShapeDB Complete: Time (s): cpu = 00:00:02 ; elapsed = 00:00:00.270 . Memory (MB): peak = 3837.383 ; gain = 18.398
Wrote PlaceDB: Time (s): cpu = 00:00:07 ; elapsed = 00:00:04 . Memory (MB): peak = 3838.129 ; gain = 19.145
Wrote PulsedLatchDB: Time (s): cpu = 00:00:00 ; elapsed = 00:00:00 . Memory (MB): peak = 3838.129 ; gain = 0.000
Writing XDEF routing.
Writing XDEF routing logical nets.
Writing XDEF routing special nets.
Wrote RouteStorage: Time (s): cpu = 00:00:01 ; elapsed = 00:00:00.739 . Memory (MB): peak = 3838.129 ; gain = 0.000
Wrote Netlist Cache: Time (s): cpu = 00:00:00 ; elapsed = 00:00:00.062 . Memory (MB): peak = 3838.129 ; gain = 0.000
Wrote Device Cache: Time (s): cpu = 00:00:00 ; elapsed = 00:00:00.005 . Memory (MB): peak = 3838.129 ; gain = 0.000
Write Physdb Complete: Time (s): cpu = 00:00:08 ; elapsed = 00:00:05 . Memory (MB): peak = 3838.129 ; gain = 19.145
INFO: [Common 17-1381] The checkpoint 'd:/digital_twin/digital_twin/digital_twin.runs/impl_1/top_routed.dcp' has been generated.
write_checkpoint: Time (s): cpu = 00:00:10 ; elapsed = 00:00:08 . Memory (MB): peak = 3838.129 ; gain = 29.418
INFO: [Common 17-206] Exiting Vivado at Tue Apr 28 18:50:37 2026...
[Tue Apr 28 18:50:43 2026] impl_1 finished
wait_on_runs: Time (s): cpu = 00:00:01 ; elapsed = 00:16:56 . Memory (MB): peak = 592.059 ; gain = 0.000
# open_run impl_1
INFO: [Device 21-403] Loading part xc7k325tffg900-2
Netlist sorting complete. Time (s): cpu = 00:00:00 ; elapsed = 00:00:00.142 . Memory (MB): peak = 1082.852 ; gain = 0.000
INFO: [Netlist 29-17] Analyzing 10874 Unisim elements for replacement
INFO: [Netlist 29-28] Unisim Transformation completed in 5 CPU seconds
INFO: [Project 1-479] Netlist was created with Vivado 2023.2
INFO: [Project 1-570] Preparing netlist for logic optimization
Read ShapeDB Complete: Time (s): cpu = 00:00:00 ; elapsed = 00:00:00.394 . Memory (MB): peak = 1311.750 ; gain = 11.648
INFO: [Timing 38-478] Restoring timing data from binary archive.
INFO: [Timing 38-479] Binary timing data restore complete.
INFO: [Project 1-856] Restoring constraints from binary archive.
INFO: [Project 1-853] Binary constraint restore complete.
INFO: [Designutils 20-5722] Start Reading Physical Databases.
Reading placement.
Read Netlist Cache: Time (s): cpu = 00:00:00 ; elapsed = 00:00:00.053 . Memory (MB): peak = 2060.820 ; gain = 0.000
Reading placer database...
Read Device Cache: Time (s): cpu = 00:00:00 ; elapsed = 00:00:00.013 . Memory (MB): peak = 2060.820 ; gain = 0.000
Read PlaceDB: Time (s): cpu = 00:00:03 ; elapsed = 00:00:03 . Memory (MB): peak = 2111.398 ; gain = 50.578
Read PulsedLatchDB: Time (s): cpu = 00:00:00 ; elapsed = 00:00:00 . Memory (MB): peak = 2111.398 ; gain = 0.000
Reading routing.
Read RouteStorage: Time (s): cpu = 00:00:01 ; elapsed = 00:00:01 . Memory (MB): peak = 2124.059 ; gain = 12.660
Read Physdb Files: Time (s): cpu = 00:00:04 ; elapsed = 00:00:04 . Memory (MB): peak = 2124.059 ; gain = 63.238
Restored from archive | CPU: 5.000000 secs | Memory: 0.000000 MB |
Finished XDEF File Restore: Time (s): cpu = 00:00:04 ; elapsed = 00:00:04 . Memory (MB): peak = 2124.059 ; gain = 63.238
Netlist sorting complete. Time (s): cpu = 00:00:00 ; elapsed = 00:00:00.051 . Memory (MB): peak = 2124.059 ; gain = 0.000
INFO: [Project 1-111] Unisim Transformation Summary:
  A total of 8192 instances were transformed.
  RAM256X1S => RAM256X1S (MUXF7(x2), MUXF8, RAMS64E(x4)): 8192 instances

open_run: Time (s): cpu = 00:00:36 ; elapsed = 00:00:39 . Memory (MB): peak = 2124.059 ; gain = 1532.000
# report_clocks -file {d:/digital_twin/digital_twin/openrun_impl_clocks_100m.rpt}
# report_timing_summary -max_paths 10 -file {d:/digital_twin/digital_twin/openrun_top_timing_impl_100m.rpt}
INFO: [Timing 38-91] UpdateTimingParams: Speed grade: -2, Delay Type: min_max.
INFO: [Timing 38-191] Multithreading enabled for timing update using a maximum of 2 CPUs
report_timing_summary: Time (s): cpu = 00:00:52 ; elapsed = 00:00:29 . Memory (MB): peak = 2744.996 ; gain = 620.938
# report_utilization -file {d:/digital_twin/digital_twin/openrun_top_utilization_impl_100m.rpt}
# close_project
# exit
INFO: [Common 17-206] Exiting Vivado at Tue Apr 28 18:51:53 2026...
