#-----------------------------------------------------------
# Vivado v2023.2 (64-bit)
# SW Build 4029153 on Fri Oct 13 20:14:34 MDT 2023
# IP Build 4028589 on Sat Oct 14 00:45:43 MDT 2023
# SharedData Build 4025554 on Tue Oct 10 17:18:54 MDT 2023
# Start of session at: Tue Apr 28 18:01:57 2026
# Process ID: 35824
# Current directory: D:/digital_twin/digital_twin/digital_twin.srcs
# Command line: vivado.exe -mode batch -source d:\digital_twin\digital_twin\retarget_cpu_clk_100m_impl.tcl
# Log file: D:/digital_twin/digital_twin/digital_twin.srcs/vivado.log
# Journal file: D:/digital_twin/digital_twin/digital_twin.srcs\vivado.jou
# Running On: YukiRin, OS: Windows, CPU Frequency: 3194 MHz, CPU Physical cores: 16, Host memory: 47089 MB
#-----------------------------------------------------------
source {d:\digital_twin\digital_twin\retarget_cpu_clk_100m_impl.tcl}
# open_project {d:/digital_twin/digital_twin/digital_twin.xpr}
Scanning sources...
Finished scanning sources
INFO: [IP_Flow 19-234] Refreshing IP repositories
INFO: [IP_Flow 19-1704] No user IP repositories specified
INFO: [IP_Flow 19-2313] Loaded Vivado IP repository 'D:/Xilinx/Vivado/2023.2/data/ip'.
open_project: Time (s): cpu = 00:00:08 ; elapsed = 00:00:08 . Memory (MB): peak = 577.340 ; gain = 194.008
# set pll_ip [get_ips pll]
# if {[llength $pll_ip] != 1} {
#     puts "ERROR: expected exactly one IP named pll"
#     close_project
#     exit 1
# }
# set pll_xci [get_files {d:/digital_twin/digital_twin/digital_twin.srcs/sources_1/ip/pll_1/pll.xci}]
# if {[llength $pll_xci] != 1} {
#     puts "ERROR: expected active pll_1 xci file"
#     close_project
#     exit 1
# }
# upgrade_ip $pll_ip
WARNING: [Coretcl 2-1042] No IP was identified for upgrade.
# set_property -dict [list CONFIG.CLKOUT2_REQUESTED_OUT_FREQ {100.000}] $pll_ip
# reset_target all $pll_xci
# generate_target all $pll_xci
INFO: [IP_Flow 19-1686] Generating 'Instantiation Template' target for IP 'pll'...
INFO: [IP_Flow 19-1686] Generating 'Synthesis' target for IP 'pll'...
INFO: [IP_Flow 19-1686] Generating 'Simulation' target for IP 'pll'...
INFO: [IP_Flow 19-1686] Generating 'Implementation' target for IP 'pll'...
INFO: [IP_Flow 19-1686] Generating 'Change Log' target for IP 'pll'...
# export_ip_user_files -of_objects $pll_xci -no_script -sync -force -quiet
# set pll_wrapper [file normalize {d:/digital_twin/digital_twin/digital_twin.gen/sources_1/ip/pll/pll.v}]
# if {![file exists $pll_wrapper]} {
#     puts "ERROR: expected generated pll wrapper at $pll_wrapper"
#     close_project
#     exit 1
# }
# if {[llength [get_files -of_objects [get_filesets sources_1] $pll_wrapper]] == 0} {
#     add_files -norecurse -fileset sources_1 $pll_wrapper
# }
WARNING: [Vivado 12-818] No files matched 'D:/digital_twin/digital_twin/digital_twin.gen/sources_1/ip/pll/pll.v'
# update_compile_order -fileset sources_1
# reset_run synth_1
# reset_run impl_1
# launch_runs impl_1 -to_step route_design -jobs 2
[Tue Apr 28 18:02:15 2026] Launched synth_1...
Run output will be captured here: d:/digital_twin/digital_twin/digital_twin.runs/synth_1/runme.log
[Tue Apr 28 18:02:15 2026] Launched impl_1...
Run output will be captured here: d:/digital_twin/digital_twin/digital_twin.runs/impl_1/runme.log
# wait_on_run impl_1
[Tue Apr 28 18:02:15 2026] Waiting for impl_1 to finish...
[Tue Apr 28 18:02:55 2026] impl_1 finished
ERROR: [Vivado 12-13638] Failed runs(s) : 'synth_1'
 'synth_1' run failed with below errors.
ERROR: [Synth 8-439] module 'pll' not found [d:/digital_twin/digital_twin/digital_twin.srcs/sources_1/new/top.sv:45]

ERROR: [Synth 8-6156] failed synthesizing module 'top' [d:/digital_twin/digital_twin/digital_twin.srcs/sources_1/new/top.sv:23]

ERROR: [Common 17-69] Command failed: Synthesis failed - please see the console or run log file for details

wait_on_runs: Time (s): cpu = 00:00:01 ; elapsed = 00:00:41 . Memory (MB): peak = 612.758 ; gain = 21.246
ERROR: [Common 17-39] 'wait_on_runs' failed due to earlier errors.

    while executing
"wait_on_run impl_1"
    (file "d:\digital_twin\digital_twin\retarget_cpu_clk_100m_impl.tcl" line 39)
INFO: [Common 17-206] Exiting Vivado at Tue Apr 28 18:02:55 2026...
