#-----------------------------------------------------------
# Vivado v2023.2 (64-bit)
# SW Build 4029153 on Fri Oct 13 20:14:34 MDT 2023
# IP Build 4028589 on Sat Oct 14 00:45:43 MDT 2023
# SharedData Build 4025554 on Tue Oct 10 17:18:54 MDT 2023
# Start of session at: Tue Apr 28 18:06:40 2026
# Process ID: 41336
# Current directory: D:/digital_twin/digital_twin/digital_twin.srcs
# Command line: vivado.exe -mode batch -source d:\digital_twin\digital_twin\retarget_cpu_clk_100m_impl.tcl
# Log file: D:/digital_twin/digital_twin/digital_twin.srcs/vivado.log
# Journal file: D:/digital_twin/digital_twin/digital_twin.srcs\vivado.jou
# Running On: YukiRin, OS: Windows, CPU Frequency: 3194 MHz, CPU Physical cores: 16, Host memory: 47089 MB
#-----------------------------------------------------------
source {d:\digital_twin\digital_twin\retarget_cpu_clk_100m_impl.tcl}
# open_project {d:/digital_twin/digital_twin/digital_twin.xpr}
Scanning sources...
Finished scanning sources
INFO: [IP_Flow 19-234] Refreshing IP repositories
INFO: [IP_Flow 19-1704] No user IP repositories specified
INFO: [IP_Flow 19-2313] Loaded Vivado IP repository 'D:/Xilinx/Vivado/2023.2/data/ip'.
open_project: Time (s): cpu = 00:00:09 ; elapsed = 00:00:10 . Memory (MB): peak = 576.531 ; gain = 190.523
# set pll_ip [get_ips pll]
# if {[llength $pll_ip] != 1} {
#     puts "ERROR: expected exactly one IP named pll"
#     close_project
#     exit 1
# }
# set pll_xci [get_files {d:/digital_twin/digital_twin/digital_twin.srcs/sources_1/ip/pll_1/pll.xci}]
# if {[llength $pll_xci] != 1} {
#     puts "ERROR: expected active pll_1 xci file"
#     close_project
#     exit 1
# }
# upgrade_ip $pll_ip
WARNING: [Coretcl 2-1042] No IP was identified for upgrade.
# set_property -dict [list CONFIG.CLKOUT2_REQUESTED_OUT_FREQ {100.000}] $pll_ip
# reset_target all $pll_xci
# generate_target all $pll_xci
INFO: [IP_Flow 19-1686] Generating 'Instantiation Template' target for IP 'pll'...
INFO: [IP_Flow 19-1686] Generating 'Synthesis' target for IP 'pll'...
INFO: [IP_Flow 19-1686] Generating 'Simulation' target for IP 'pll'...
INFO: [IP_Flow 19-1686] Generating 'Implementation' target for IP 'pll'...
INFO: [IP_Flow 19-1686] Generating 'Change Log' target for IP 'pll'...
# export_ip_user_files -of_objects $pll_xci -no_script -sync -force -quiet
# if {[llength [get_runs pll_synth_1]] == 0} {
#     create_ip_run $pll_xci
# }
# reset_run pll_synth_1
# launch_runs pll_synth_1 -jobs 2
INFO: [IP_Flow 19-6924] IPCACHE: Running cache check for IP inst: pll
INFO: [IP_Flow 19-6922] IPCACHE: Exporting cached entry c6cee6781e36f90f to dir: d:/digital_twin/digital_twin/digital_twin.gen/sources_1/ip/pll
INFO: [IP_Flow 19-6928] IPCACHE: copied cached file d:/digital_twin/digital_twin/digital_twin.cache/ip/2023.2/c/6/c6cee6781e36f90f/pll.dcp to d:/digital_twin/digital_twin/digital_twin.gen/sources_1/ip/pll/pll.dcp.
INFO: [IP_Flow 19-6926] IPCACHE: added file to list for BOM: d:/digital_twin/digital_twin/digital_twin.gen/sources_1/ip/pll/pll.dcp
INFO: [IP_Flow 19-6928] IPCACHE: copied cached file d:/digital_twin/digital_twin/digital_twin.cache/ip/2023.2/c/6/c6cee6781e36f90f/pll_sim_netlist.v to d:/digital_twin/digital_twin/digital_twin.gen/sources_1/ip/pll/pll_sim_netlist.v.
INFO: [IP_Flow 19-6926] IPCACHE: added file to list for BOM: d:/digital_twin/digital_twin/digital_twin.gen/sources_1/ip/pll/pll_sim_netlist.v
INFO: [IP_Flow 19-6928] IPCACHE: copied cached file d:/digital_twin/digital_twin/digital_twin.cache/ip/2023.2/c/6/c6cee6781e36f90f/pll_sim_netlist.vhdl to d:/digital_twin/digital_twin/digital_twin.gen/sources_1/ip/pll/pll_sim_netlist.vhdl.
INFO: [IP_Flow 19-6926] IPCACHE: added file to list for BOM: d:/digital_twin/digital_twin/digital_twin.gen/sources_1/ip/pll/pll_sim_netlist.vhdl
INFO: [IP_Flow 19-6928] IPCACHE: copied cached file d:/digital_twin/digital_twin/digital_twin.cache/ip/2023.2/c/6/c6cee6781e36f90f/pll_stub.v to d:/digital_twin/digital_twin/digital_twin.gen/sources_1/ip/pll/pll_stub.v.
INFO: [IP_Flow 19-6926] IPCACHE: added file to list for BOM: d:/digital_twin/digital_twin/digital_twin.gen/sources_1/ip/pll/pll_stub.v
INFO: [IP_Flow 19-6928] IPCACHE: copied cached file d:/digital_twin/digital_twin/digital_twin.cache/ip/2023.2/c/6/c6cee6781e36f90f/pll_stub.vhdl to d:/digital_twin/digital_twin/digital_twin.gen/sources_1/ip/pll/pll_stub.vhdl.
INFO: [IP_Flow 19-6926] IPCACHE: added file to list for BOM: d:/digital_twin/digital_twin/digital_twin.gen/sources_1/ip/pll/pll_stub.vhdl
INFO: [IP_Flow 19-4993] Using cached IP synthesis design for IP pll, cache-ID = c6cee6781e36f90f; cache size = 47.700 MB.
INFO: [Vivado 12-4149] The synthesis checkpoint for IP 'd:/digital_twin/digital_twin/digital_twin.srcs/sources_1/ip/pll_1/pll.xci' is already up-to-date
[Tue Apr 28 18:07:01 2026] Launched pll_synth_1...
Run output will be captured here: d:/digital_twin/digital_twin/digital_twin.runs/pll_synth_1/runme.log
# wait_on_run pll_synth_1
[Tue Apr 28 18:07:01 2026] Waiting for pll_synth_1 to finish...

*** Running vivado
    with args -log pll.vds -m64 -product Vivado -mode batch -messageDb vivado.pb -notrace -source pll.tcl



****** Vivado v2023.2 (64-bit)
  **** SW Build 4029153 on Fri Oct 13 20:14:34 MDT 2023
  **** IP Build 4028589 on Sat Oct 14 00:45:43 MDT 2023
  **** SharedData Build 4025554 on Tue Oct 10 17:18:54 MDT 2023
    ** Copyright 1986-2022 Xilinx, Inc. All Rights Reserved.
    ** Copyright 2022-2023 Advanced Micro Devices, Inc. All Rights Reserved.

source pll.tcl -notrace
create_project: Time (s): cpu = 00:00:08 ; elapsed = 00:00:09 . Memory (MB): peak = 566.492 ; gain = 183.410
INFO: [IP_Flow 19-6924] IPCACHE: Running cache check for IP inst: pll
INFO: [IP_Flow 19-6922] IPCACHE: Exporting cached entry c6cee6781e36f90f to dir: d:/digital_twin/digital_twin/digital_twin.runs/pll_synth_1
INFO: [IP_Flow 19-6928] IPCACHE: copied cached file d:/digital_twin/digital_twin/digital_twin.cache/ip/2023.2/c/6/c6cee6781e36f90f/pll.dcp to d:/digital_twin/digital_twin/digital_twin.runs/pll_synth_1/pll.dcp.
INFO: [IP_Flow 19-6928] IPCACHE: copied cached file d:/digital_twin/digital_twin/digital_twin.cache/ip/2023.2/c/6/c6cee6781e36f90f/pll_sim_netlist.v to d:/digital_twin/digital_twin/digital_twin.runs/pll_synth_1/pll_sim_netlist.v.
INFO: [IP_Flow 19-6928] IPCACHE: copied cached file d:/digital_twin/digital_twin/digital_twin.cache/ip/2023.2/c/6/c6cee6781e36f90f/pll_sim_netlist.vhdl to d:/digital_twin/digital_twin/digital_twin.runs/pll_synth_1/pll_sim_netlist.vhdl.
INFO: [IP_Flow 19-6928] IPCACHE: copied cached file d:/digital_twin/digital_twin/digital_twin.cache/ip/2023.2/c/6/c6cee6781e36f90f/pll_stub.v to d:/digital_twin/digital_twin/digital_twin.runs/pll_synth_1/pll_stub.v.
INFO: [IP_Flow 19-6928] IPCACHE: copied cached file d:/digital_twin/digital_twin/digital_twin.cache/ip/2023.2/c/6/c6cee6781e36f90f/pll_stub.vhdl to d:/digital_twin/digital_twin/digital_twin.runs/pll_synth_1/pll_stub.vhdl.
INFO: [IP_Flow 19-4838] Using cached IP synthesis design for IP pll, cache-ID = c6cee6781e36f90f.
INFO: [Common 17-206] Exiting Vivado at Tue Apr 28 18:07:19 2026...
[Tue Apr 28 18:07:21 2026] pll_synth_1 finished
wait_on_runs: Time (s): cpu = 00:00:00 ; elapsed = 00:00:20 . Memory (MB): peak = 591.852 ; gain = 0.000
# update_compile_order -fileset sources_1
# reset_run synth_1
# reset_run impl_1
# launch_runs impl_1 -to_step route_design -jobs 2
[Tue Apr 28 18:07:21 2026] Launched synth_1...
Run output will be captured here: d:/digital_twin/digital_twin/digital_twin.runs/synth_1/runme.log
[Tue Apr 28 18:07:21 2026] Launched impl_1...
Run output will be captured here: d:/digital_twin/digital_twin/digital_twin.runs/impl_1/runme.log
# wait_on_run impl_1
[Tue Apr 28 18:07:21 2026] Waiting for impl_1 to finish...

*** Running vivado
    with args -log top.vdi -applog -m64 -product Vivado -messageDb vivado.pb -mode batch -source top.tcl -notrace



****** Vivado v2023.2 (64-bit)
  **** SW Build 4029153 on Fri Oct 13 20:14:34 MDT 2023
  **** IP Build 4028589 on Sat Oct 14 00:45:43 MDT 2023
  **** SharedData Build 4025554 on Tue Oct 10 17:18:54 MDT 2023
    ** Copyright 1986-2022 Xilinx, Inc. All Rights Reserved.
    ** Copyright 2022-2023 Advanced Micro Devices, Inc. All Rights Reserved.

source top.tcl -notrace
create_project: Time (s): cpu = 00:00:07 ; elapsed = 00:00:08 . Memory (MB): peak = 565.102 ; gain = 181.145
Command: link_design -top top -part xc7k325tffg900-2
Design is defaulting to srcset: sources_1
Design is defaulting to constrset: constrs_1
INFO: [Device 21-403] Loading part xc7k325tffg900-2
INFO: [Project 1-454] Reading design checkpoint 'd:/digital_twin/digital_twin/digital_twin.gen/sources_1/ip/pll/pll.dcp' for cell 'pll_inst'
INFO: [Project 1-454] Reading design checkpoint 'd:/digital_twin/digital_twin/digital_twin.gen/sources_1/ip/IROM/IROM.dcp' for cell 'student_top_inst/Mem_IROM'
Netlist sorting complete. Time (s): cpu = 00:00:00 ; elapsed = 00:00:00.147 . Memory (MB): peak = 1103.766 ; gain = 0.000
INFO: [Netlist 29-17] Analyzing 10875 Unisim elements for replacement
INFO: [Netlist 29-28] Unisim Transformation completed in 5 CPU seconds
INFO: [Project 1-479] Netlist was created with Vivado 2023.2
INFO: [Project 1-570] Preparing netlist for logic optimization
Parsing XDC File [d:/digital_twin/digital_twin/digital_twin.gen/sources_1/ip/pll/pll_board.xdc] for cell 'pll_inst/inst'
Finished Parsing XDC File [d:/digital_twin/digital_twin/digital_twin.gen/sources_1/ip/pll/pll_board.xdc] for cell 'pll_inst/inst'
Parsing XDC File [d:/digital_twin/digital_twin/digital_twin.gen/sources_1/ip/pll/pll.xdc] for cell 'pll_inst/inst'
INFO: [Timing 38-35] Done setting XDC timing constraints. [d:/digital_twin/digital_twin/digital_twin.gen/sources_1/ip/pll/pll.xdc:54]
INFO: [Timing 38-2] Deriving generated clocks [d:/digital_twin/digital_twin/digital_twin.gen/sources_1/ip/pll/pll.xdc:54]
get_clocks: Time (s): cpu = 00:00:14 ; elapsed = 00:00:13 . Memory (MB): peak = 2036.645 ; gain = 711.363
Finished Parsing XDC File [d:/digital_twin/digital_twin/digital_twin.gen/sources_1/ip/pll/pll.xdc] for cell 'pll_inst/inst'
Parsing XDC File [d:/digital_twin/digital_twin/digital_twin.srcs/constrs_1/new/digital_twin.xdc]
Finished Parsing XDC File [d:/digital_twin/digital_twin/digital_twin.srcs/constrs_1/new/digital_twin.xdc]
INFO: [Opt 31-138] Pushed 0 inverter(s) to 0 load pin(s).
Netlist sorting complete. Time (s): cpu = 00:00:00 ; elapsed = 00:00:00.050 . Memory (MB): peak = 2036.984 ; gain = 0.000
INFO: [Project 1-111] Unisim Transformation Summary:
  A total of 8192 instances were transformed.
  RAM256X1S => RAM256X1S (MUXF7(x2), MUXF8, RAMS64E(x4)): 8192 instances

The system cannot find the path specified.
11 Infos, 0 Warnings, 0 Critical Warnings and 0 Errors encountered.
link_design completed successfully
link_design: Time (s): cpu = 00:00:35 ; elapsed = 00:00:36 . Memory (MB): peak = 2036.984 ; gain = 1457.809
Command: opt_design
Attempting to get a license for feature 'Implementation' and/or device 'xc7k325t'
INFO: [Common 17-349] Got license for feature 'Implementation' and/or device 'xc7k325t'
Running DRC as a precondition to command opt_design

Starting DRC Task
INFO: [DRC 23-27] Running DRC with 2 threads
INFO: [Project 1-461] DRC finished with 0 Errors
INFO: [Project 1-462] Please refer to the DRC report (report_drc) for more information.

Time (s): cpu = 00:00:03 ; elapsed = 00:00:01 . Memory (MB): peak = 2036.984 ; gain = 0.000

Starting Cache Timing Information Task
INFO: [Timing 38-35] Done setting XDC timing constraints.
Ending Cache Timing Information Task | Checksum: 393dddf3

Time (s): cpu = 00:00:05 ; elapsed = 00:00:04 . Memory (MB): peak = 2059.723 ; gain = 22.738

Starting Logic Optimization Task

Phase 1 Initialization

Phase 1.1 Core Generation And Design Setup
Phase 1.1 Core Generation And Design Setup | Checksum: 393dddf3

Time (s): cpu = 00:00:00 ; elapsed = 00:00:00.021 . Memory (MB): peak = 2409.262 ; gain = 0.000

Phase 1.2 Setup Constraints And Sort Netlist
Phase 1.2 Setup Constraints And Sort Netlist | Checksum: 393dddf3

Time (s): cpu = 00:00:00 ; elapsed = 00:00:00.092 . Memory (MB): peak = 2409.262 ; gain = 0.000
Phase 1 Initialization | Checksum: 393dddf3

Time (s): cpu = 00:00:00 ; elapsed = 00:00:00.111 . Memory (MB): peak = 2409.262 ; gain = 0.000

Phase 2 Timer Update And Timing Data Collection

Phase 2.1 Timer Update
Phase 2.1 Timer Update | Checksum: 393dddf3

Time (s): cpu = 00:00:09 ; elapsed = 00:00:05 . Memory (MB): peak = 2447.418 ; gain = 38.156

Phase 2.2 Timing Data Collection
Phase 2.2 Timing Data Collection | Checksum: 393dddf3

Time (s): cpu = 00:00:10 ; elapsed = 00:00:06 . Memory (MB): peak = 2447.418 ; gain = 38.156
Phase 2 Timer Update And Timing Data Collection | Checksum: 393dddf3

Time (s): cpu = 00:00:10 ; elapsed = 00:00:06 . Memory (MB): peak = 2447.418 ; gain = 38.156

Phase 3 Retarget
INFO: [Opt 31-1566] Pulled 1 inverters resulting in an inversion of 36 pins
INFO: [Opt 31-138] Pushed 0 inverter(s) to 0 load pin(s).
INFO: [Opt 31-49] Retargeted 0 cell(s).
Phase 3 Retarget | Checksum: 11dc63374

Time (s): cpu = 00:00:11 ; elapsed = 00:00:07 . Memory (MB): peak = 2447.418 ; gain = 38.156
Retarget | Checksum: 11dc63374
INFO: [Opt 31-389] Phase Retarget created 0 cells and removed 1 cells
INFO: [Opt 31-1021] In phase Retarget, 1 netlist objects are constrained preventing optimization. Please run opt_design with -debug_log to get more detail. 

Phase 4 Constant propagation
INFO: [Opt 31-138] Pushed 0 inverter(s) to 0 load pin(s).
Phase 4 Constant propagation | Checksum: 1d94a45e0

Time (s): cpu = 00:00:11 ; elapsed = 00:00:07 . Memory (MB): peak = 2447.418 ; gain = 38.156
Constant propagation | Checksum: 1d94a45e0
INFO: [Opt 31-389] Phase Constant propagation created 0 cells and removed 0 cells

Phase 5 Sweep
Phase 5 Sweep | Checksum: 1df13729b

Time (s): cpu = 00:00:12 ; elapsed = 00:00:08 . Memory (MB): peak = 2447.418 ; gain = 38.156
Sweep | Checksum: 1df13729b
INFO: [Opt 31-389] Phase Sweep created 32 cells and removed 0 cells

Phase 6 BUFG optimization
Phase 6 BUFG optimization | Checksum: 1df13729b

Time (s): cpu = 00:00:16 ; elapsed = 00:00:10 . Memory (MB): peak = 2447.418 ; gain = 38.156
BUFG optimization | Checksum: 1df13729b
INFO: [Opt 31-662] Phase BUFG optimization created 0 cells of which 0 are BUFGs and removed 0 cells.

Phase 7 Shift Register Optimization
INFO: [Opt 31-1064] SRL Remap converted 0 SRLs to 0 registers and converted 0 registers of register chains to 0 SRLs
Phase 7 Shift Register Optimization | Checksum: 1df13729b

Time (s): cpu = 00:00:16 ; elapsed = 00:00:10 . Memory (MB): peak = 2447.418 ; gain = 38.156
Shift Register Optimization | Checksum: 1df13729b
INFO: [Opt 31-389] Phase Shift Register Optimization created 0 cells and removed 0 cells

Phase 8 Post Processing Netlist
Phase 8 Post Processing Netlist | Checksum: 1df13729b

Time (s): cpu = 00:00:16 ; elapsed = 00:00:10 . Memory (MB): peak = 2447.418 ; gain = 38.156
Post Processing Netlist | Checksum: 1df13729b
INFO: [Opt 31-389] Phase Post Processing Netlist created 0 cells and removed 0 cells

Phase 9 Finalization

Phase 9.1 Finalizing Design Cores and Updating Shapes
Phase 9.1 Finalizing Design Cores and Updating Shapes | Checksum: 15a3fada8

Time (s): cpu = 00:00:17 ; elapsed = 00:00:11 . Memory (MB): peak = 2447.418 ; gain = 38.156

Phase 9.2 Verifying Netlist Connectivity

Starting Connectivity Check Task

Time (s): cpu = 00:00:00 ; elapsed = 00:00:00.039 . Memory (MB): peak = 2447.418 ; gain = 0.000
Phase 9.2 Verifying Netlist Connectivity | Checksum: 15a3fada8

Time (s): cpu = 00:00:17 ; elapsed = 00:00:11 . Memory (MB): peak = 2447.418 ; gain = 38.156
Phase 9 Finalization | Checksum: 15a3fada8

Time (s): cpu = 00:00:17 ; elapsed = 00:00:11 . Memory (MB): peak = 2447.418 ; gain = 38.156
Opt_design Change Summary
=========================


-------------------------------------------------------------------------------------------------------------------------
|  Phase                        |  #Cells created  |  #Cells Removed  |  #Constrained objects preventing optimizations  |
-------------------------------------------------------------------------------------------------------------------------
|  Retarget                     |               0  |               1  |                                              1  |
|  Constant propagation         |               0  |               0  |                                              0  |
|  Sweep                        |              32  |               0  |                                              0  |
|  BUFG optimization            |               0  |               0  |                                              0  |
|  Shift Register Optimization  |               0  |               0  |                                              0  |
|  Post Processing Netlist      |               0  |               0  |                                              0  |
-------------------------------------------------------------------------------------------------------------------------


Ending Logic Optimization Task | Checksum: 15a3fada8

Time (s): cpu = 00:00:17 ; elapsed = 00:00:11 . Memory (MB): peak = 2447.418 ; gain = 38.156
INFO: [Constraints 18-11670] Building netlist checker database with flags, 0x8
Done building netlist checker database: Time (s): cpu = 00:00:00 ; elapsed = 00:00:00.044 . Memory (MB): peak = 2447.418 ; gain = 0.000

Starting Power Optimization Task
INFO: [Pwropt 34-132] Skipping clock gating for clocks with a period < 2.00 ns.
Ending Power Optimization Task | Checksum: 15a3fada8

Time (s): cpu = 00:00:00 ; elapsed = 00:00:00.110 . Memory (MB): peak = 2447.418 ; gain = 0.000

Starting Final Cleanup Task
Ending Final Cleanup Task | Checksum: 15a3fada8

Time (s): cpu = 00:00:00 ; elapsed = 00:00:00.017 . Memory (MB): peak = 2447.418 ; gain = 0.000

Starting Netlist Obfuscation Task
Netlist sorting complete. Time (s): cpu = 00:00:00 ; elapsed = 00:00:00.050 . Memory (MB): peak = 2447.418 ; gain = 0.000
Ending Netlist Obfuscation Task | Checksum: 15a3fada8

Time (s): cpu = 00:00:00 ; elapsed = 00:00:00.068 . Memory (MB): peak = 2447.418 ; gain = 0.000
INFO: [Common 17-83] Releasing license: Implementation
31 Infos, 0 Warnings, 0 Critical Warnings and 0 Errors encountered.
opt_design completed successfully
opt_design: Time (s): cpu = 00:00:28 ; elapsed = 00:00:20 . Memory (MB): peak = 2447.418 ; gain = 410.434
INFO: [runtcl-4] Executing : report_drc -file top_drc_opted.rpt -pb top_drc_opted.pb -rpx top_drc_opted.rpx
Command: report_drc -file top_drc_opted.rpt -pb top_drc_opted.pb -rpx top_drc_opted.rpx
INFO: [IP_Flow 19-1839] IP Catalog is up to date.
INFO: [DRC 23-27] Running DRC with 2 threads
INFO: [Vivado_Tcl 2-168] The results of DRC are in file d:/digital_twin/digital_twin/digital_twin.runs/impl_1/top_drc_opted.rpt.
report_drc completed successfully
INFO: [Timing 38-480] Writing timing data to binary archive.
Wrote PlaceDB: Time (s): cpu = 00:00:00 ; elapsed = 00:00:00.005 . Memory (MB): peak = 2447.418 ; gain = 0.000
Wrote PulsedLatchDB: Time (s): cpu = 00:00:00 ; elapsed = 00:00:00 . Memory (MB): peak = 2447.418 ; gain = 0.000
Writing XDEF routing.
Writing XDEF routing logical nets.
Writing XDEF routing special nets.
Wrote RouteStorage: Time (s): cpu = 00:00:01 ; elapsed = 00:00:00.114 . Memory (MB): peak = 2447.418 ; gain = 0.000
Wrote Netlist Cache: Time (s): cpu = 00:00:00 ; elapsed = 00:00:00 . Memory (MB): peak = 2447.418 ; gain = 0.000
Wrote Device Cache: Time (s): cpu = 00:00:00 ; elapsed = 00:00:00.007 . Memory (MB): peak = 2447.418 ; gain = 0.000
Write Physdb Complete: Time (s): cpu = 00:00:01 ; elapsed = 00:00:00.136 . Memory (MB): peak = 2447.418 ; gain = 0.000
Write ShapeDB Complete: Time (s): cpu = 00:00:02 ; elapsed = 00:00:00.299 . Memory (MB): peak = 2447.418 ; gain = 0.000
INFO: [Common 17-1381] The checkpoint 'd:/digital_twin/digital_twin/digital_twin.runs/impl_1/top_opt.dcp' has been generated.
Command: place_design
Attempting to get a license for feature 'Implementation' and/or device 'xc7k325t'
INFO: [Common 17-349] Got license for feature 'Implementation' and/or device 'xc7k325t'
INFO: [Common 17-83] Releasing license: Implementation
INFO: [DRC 23-27] Running DRC with 2 threads
INFO: [Vivado_Tcl 4-198] DRC finished with 0 Errors
INFO: [Vivado_Tcl 4-199] Please refer to the DRC report (report_drc) for more information.
Running DRC as a precondition to command place_design
INFO: [DRC 23-27] Running DRC with 2 threads
INFO: [Vivado_Tcl 4-198] DRC finished with 0 Errors
INFO: [Vivado_Tcl 4-199] Please refer to the DRC report (report_drc) for more information.
INFO: [Place 30-611] Multithreading enabled for place_design using a maximum of 2 CPUs

Starting Placer Task

Phase 1 Placer Initialization

Phase 1.1 Placer Initialization Netlist Sorting
Netlist sorting complete. Time (s): cpu = 00:00:00 ; elapsed = 00:00:00.047 . Memory (MB): peak = 2447.418 ; gain = 0.000
Phase 1.1 Placer Initialization Netlist Sorting | Checksum: 83c4ab89

Time (s): cpu = 00:00:00 ; elapsed = 00:00:00.065 . Memory (MB): peak = 2447.418 ; gain = 0.000
Netlist sorting complete. Time (s): cpu = 00:00:00 ; elapsed = 00:00:00.053 . Memory (MB): peak = 2447.418 ; gain = 0.000

Phase 1.2 IO Placement/ Clock Placement/ Build Placer Device
INFO: [Timing 38-35] Done setting XDC timing constraints.
Phase 1.2 IO Placement/ Clock Placement/ Build Placer Device | Checksum: 6aa2ee04

Time (s): cpu = 00:00:09 ; elapsed = 00:00:08 . Memory (MB): peak = 2479.953 ; gain = 32.535

Phase 1.3 Build Placer Netlist Model
Phase 1.3 Build Placer Netlist Model | Checksum: fffde0cd

Time (s): cpu = 00:00:56 ; elapsed = 00:00:45 . Memory (MB): peak = 3037.359 ; gain = 589.941

Phase 1.4 Constrain Clocks/Macros
Phase 1.4 Constrain Clocks/Macros | Checksum: fffde0cd

Time (s): cpu = 00:00:56 ; elapsed = 00:00:45 . Memory (MB): peak = 3037.359 ; gain = 589.941
Phase 1 Placer Initialization | Checksum: fffde0cd

Time (s): cpu = 00:00:56 ; elapsed = 00:00:45 . Memory (MB): peak = 3037.359 ; gain = 589.941

Phase 2 Global Placement

Phase 2.1 Floorplanning
Phase 2.1 Floorplanning | Checksum: e29b3811

Time (s): cpu = 00:01:09 ; elapsed = 00:00:55 . Memory (MB): peak = 3037.359 ; gain = 589.941

Phase 2.2 Update Timing before SLR Path Opt
Phase 2.2 Update Timing before SLR Path Opt | Checksum: e0c1f22f

Time (s): cpu = 00:01:23 ; elapsed = 00:01:06 . Memory (MB): peak = 3037.359 ; gain = 589.941

Phase 2.3 Post-Processing in Floorplanning
Phase 2.3 Post-Processing in Floorplanning | Checksum: e0c1f22f

Time (s): cpu = 00:01:24 ; elapsed = 00:01:06 . Memory (MB): peak = 3037.359 ; gain = 589.941

Phase 2.4 Global Placement Core

Phase 2.4.1 UpdateTiming Before Physical Synthesis
Phase 2.4.1 UpdateTiming Before Physical Synthesis | Checksum: 943c8e65

Time (s): cpu = 00:02:17 ; elapsed = 00:01:47 . Memory (MB): peak = 3037.359 ; gain = 589.941

Phase 2.4.2 Physical Synthesis In Placer
INFO: [Physopt 32-1035] Found 0 LUTNM shape to break, 185 LUT instances to create LUTNM shape
INFO: [Physopt 32-1044] Break lutnm for timing: one critical 0, two critical 0, total 0, new lutff created 0
INFO: [Physopt 32-1138] End 1 Pass. Optimized 81 nets or LUTs. Breaked 0 LUT, combined 81 existing LUTs and moved 0 existing LUT
INFO: [Physopt 32-76] Pass 1. Identified 10 candidate nets for fanout optimization.
INFO: [Physopt 32-81] Processed net student_top_inst/Core_cpu/Q[7]. Replicated 14 times.
INFO: [Physopt 32-81] Processed net student_top_inst/Core_cpu/Q[3]. Replicated 15 times.
INFO: [Physopt 32-81] Processed net student_top_inst/Core_cpu/Q[2]. Replicated 15 times.
INFO: [Physopt 32-81] Processed net student_top_inst/Core_cpu/Q[0]. Replicated 15 times.
INFO: [Physopt 32-81] Processed net student_top_inst/Core_cpu/Q[4]. Replicated 15 times.
INFO: [Physopt 32-81] Processed net student_top_inst/Core_cpu/Q[1]. Replicated 15 times.
INFO: [Physopt 32-81] Processed net student_top_inst/Core_cpu/Q[5]. Replicated 15 times.
INFO: [Physopt 32-81] Processed net student_top_inst/Core_cpu/Q[6]. Replicated 13 times.
INFO: [Physopt 32-81] Processed net student_top_inst/Core_cpu/Q[9]. Replicated 13 times.
INFO: [Physopt 32-81] Processed net student_top_inst/Core_cpu/Q[8]. Replicated 13 times.
INFO: [Physopt 32-232] Optimized 10 nets. Created 143 new instances.
INFO: [Physopt 32-775] End 1 Pass. Optimized 10 nets or cells. Created 143 new cells, deleted 0 existing cell and moved 0 existing cell
Netlist sorting complete. Time (s): cpu = 00:00:00 ; elapsed = 00:00:00.285 . Memory (MB): peak = 3037.359 ; gain = 0.000
INFO: [Physopt 32-456] No candidate cells for DSP register optimization found in the design.
INFO: [Physopt 32-775] End 2 Pass. Optimized 0 net or cell. Created 0 new cell, deleted 0 existing cell and moved 0 existing cell
INFO: [Physopt 32-1123] No candidate cells found for Shift Register to Pipeline optimization
INFO: [Physopt 32-775] End 2 Pass. Optimized 0 net or cell. Created 0 new cell, deleted 0 existing cell and moved 0 existing cell
INFO: [Physopt 32-1401] No candidate cells found for Shift Register optimization.
INFO: [Physopt 32-677] No candidate cells for Shift Register optimization found in the design
INFO: [Physopt 32-775] End 1 Pass. Optimized 0 net or cell. Created 0 new cell, deleted 0 existing cell and moved 0 existing cell
INFO: [Physopt 32-526] No candidate cells for BRAM register optimization found in the design
INFO: [Physopt 32-775] End 1 Pass. Optimized 0 net or cell. Created 0 new cell, deleted 0 existing cell and moved 0 existing cell
INFO: [Physopt 32-846] No candidate cells for URAM register optimization found in the design
INFO: [Physopt 32-775] End 1 Pass. Optimized 0 net or cell. Created 0 new cell, deleted 0 existing cell and moved 0 existing cell
INFO: [Physopt 32-846] No candidate cells for URAM register optimization found in the design
INFO: [Physopt 32-775] End 1 Pass. Optimized 0 net or cell. Created 0 new cell, deleted 0 existing cell and moved 0 existing cell
INFO: [Physopt 32-949] No candidate nets found for dynamic/static region interface net replication
INFO: [Physopt 32-775] End 1 Pass. Optimized 0 net or cell. Created 0 new cell, deleted 0 existing cell and moved 0 existing cell
Netlist sorting complete. Time (s): cpu = 00:00:00 ; elapsed = 00:00:00.061 . Memory (MB): peak = 3037.359 ; gain = 0.000

Summary of Physical Synthesis Optimizations
============================================


-----------------------------------------------------------------------------------------------------------------------------------------------------------
|  Optimization                                     |  Added Cells  |  Removed Cells  |  Optimized Cells/Nets  |  Dont Touch  |  Iterations  |  Elapsed   |
-----------------------------------------------------------------------------------------------------------------------------------------------------------
|  LUT Combining                                    |            0  |             81  |                    81  |           0  |           1  |  00:00:01  |
|  Retime                                           |            0  |              0  |                     0  |           0  |           1  |  00:00:00  |
|  Very High Fanout                                 |          143  |              0  |                    10  |           0  |           1  |  00:01:04  |
|  DSP Register                                     |            0  |              0  |                     0  |           0  |           1  |  00:00:00  |
|  Shift Register to Pipeline                       |            0  |              0  |                     0  |           0  |           1  |  00:00:00  |
|  Shift Register                                   |            0  |              0  |                     0  |           0  |           1  |  00:00:00  |
|  BRAM Register                                    |            0  |              0  |                     0  |           0  |           1  |  00:00:00  |
|  URAM Register                                    |            0  |              0  |                     0  |           0  |           1  |  00:00:00  |
|  Dynamic/Static Region Interface Net Replication  |            0  |              0  |                     0  |           0  |           1  |  00:00:00  |
|  Total                                            |          143  |             81  |                    91  |           0  |           9  |  00:01:06  |
-----------------------------------------------------------------------------------------------------------------------------------------------------------


Phase 2.4.2 Physical Synthesis In Placer | Checksum: 13812975c

Time (s): cpu = 00:03:36 ; elapsed = 00:03:03 . Memory (MB): peak = 3037.359 ; gain = 589.941
Phase 2.4 Global Placement Core | Checksum: 173db3d69

Time (s): cpu = 00:03:39 ; elapsed = 00:03:05 . Memory (MB): peak = 3037.359 ; gain = 589.941
Phase 2 Global Placement | Checksum: 173db3d69

Time (s): cpu = 00:03:39 ; elapsed = 00:03:05 . Memory (MB): peak = 3037.359 ; gain = 589.941

Phase 3 Detail Placement

Phase 3.1 Commit Multi Column Macros
Phase 3.1 Commit Multi Column Macros | Checksum: 1deaeec34

Time (s): cpu = 00:03:55 ; elapsed = 00:03:15 . Memory (MB): peak = 3037.359 ; gain = 589.941

Phase 3.2 Commit Most Macros & LUTRAMs
Phase 3.2 Commit Most Macros & LUTRAMs | Checksum: 168236724

Time (s): cpu = 00:09:54 ; elapsed = 00:08:51 . Memory (MB): peak = 3037.359 ; gain = 589.941

Phase 3.3 Area Swap Optimization
Phase 3.3 Area Swap Optimization | Checksum: 1ae1bdd80

Time (s): cpu = 00:09:55 ; elapsed = 00:08:52 . Memory (MB): peak = 3037.359 ; gain = 589.941

Phase 3.4 Pipeline Register Optimization
Phase 3.4 Pipeline Register Optimization | Checksum: 1dabcb32b

Time (s): cpu = 00:09:55 ; elapsed = 00:08:53 . Memory (MB): peak = 3037.359 ; gain = 589.941

Phase 3.5 Fast Optimization
Phase 3.5 Fast Optimization | Checksum: 1e91dde49

Time (s): cpu = 00:10:42 ; elapsed = 00:09:22 . Memory (MB): peak = 3037.359 ; gain = 589.941

Phase 3.6 Small Shape Detail Placement
Phase 3.6 Small Shape Detail Placement | Checksum: 2203f6890

Time (s): cpu = 00:10:49 ; elapsed = 00:09:28 . Memory (MB): peak = 3037.359 ; gain = 589.941

Phase 3.7 Re-assign LUT pins
Phase 3.7 Re-assign LUT pins | Checksum: 1d4166724

Time (s): cpu = 00:10:50 ; elapsed = 00:09:29 . Memory (MB): peak = 3037.359 ; gain = 589.941

Phase 3.8 Pipeline Register Optimization
Phase 3.8 Pipeline Register Optimization | Checksum: 2017510d1

Time (s): cpu = 00:10:50 ; elapsed = 00:09:30 . Memory (MB): peak = 3037.359 ; gain = 589.941
Phase 3 Detail Placement | Checksum: 2017510d1

Time (s): cpu = 00:10:51 ; elapsed = 00:09:30 . Memory (MB): peak = 3037.359 ; gain = 589.941

Phase 4 Post Placement Optimization and Clean-Up

Phase 4.1 Post Commit Optimization
INFO: [Timing 38-35] Done setting XDC timing constraints.

Phase 4.1.1 Post Placement Optimization
Post Placement Optimization Initialization | Checksum: 1689be937

Phase 4.1.1.1 BUFG Insertion

Starting Physical Synthesis Task

Phase 1 Physical Synthesis Initialization
INFO: [Physopt 32-721] Multithreading enabled for phys_opt_design using a maximum of 2 CPUs
INFO: [Physopt 32-619] Estimated Timing Summary | WNS=0.322 | TNS=0.000 |
Phase 1 Physical Synthesis Initialization | Checksum: 1409d9a08

Time (s): cpu = 00:00:13 ; elapsed = 00:00:10 . Memory (MB): peak = 3080.887 ; gain = 43.527
INFO: [Place 46-33] Processed net student_top_inst/Core_cpu/u_rf/bbstub_locked, BUFG insertion was skipped due to placement/routing conflicts.
INFO: [Place 46-56] BUFG insertion identified 1 candidate nets. Inserted BUFG: 0, Replicated BUFG Driver: 0, Skipped due to Placement/Routing Conflicts: 1, Skipped due to Timing Degradation: 0, Skipped due to netlist editing failed: 0.
Ending Physical Synthesis Task | Checksum: 1409d9a08

Time (s): cpu = 00:00:18 ; elapsed = 00:00:14 . Memory (MB): peak = 3082.070 ; gain = 44.711
Phase 4.1.1.1 BUFG Insertion | Checksum: 1689be937

Time (s): cpu = 00:11:51 ; elapsed = 00:10:12 . Memory (MB): peak = 3082.070 ; gain = 634.652

Phase 4.1.1.2 Post Placement Timing Optimization
INFO: [Place 30-746] Post Placement Timing Summary WNS=0.500. For the most accurate timing information please run report_timing.
Phase 4.1.1.2 Post Placement Timing Optimization | Checksum: 1935a408d

Time (s): cpu = 00:11:56 ; elapsed = 00:10:17 . Memory (MB): peak = 3085.223 ; gain = 637.805

Time (s): cpu = 00:11:56 ; elapsed = 00:10:17 . Memory (MB): peak = 3085.223 ; gain = 637.805
Phase 4.1 Post Commit Optimization | Checksum: 1935a408d

Time (s): cpu = 00:11:57 ; elapsed = 00:10:17 . Memory (MB): peak = 3085.223 ; gain = 637.805

Phase 4.2 Post Placement Cleanup
Phase 4.2 Post Placement Cleanup | Checksum: 1935a408d

Time (s): cpu = 00:11:58 ; elapsed = 00:10:18 . Memory (MB): peak = 3085.223 ; gain = 637.805

Phase 4.3 Placer Reporting

Phase 4.3.1 Print Estimated Congestion
INFO: [Place 30-612] Post-Placement Estimated Congestion 
 ____________________________________________________
|           | Global Congestion | Short Congestion  |
| Direction | Region Size       | Region Size       |
|___________|___________________|___________________|
|      North|                1x1|                4x4|
|___________|___________________|___________________|
|      South|                1x1|                1x1|
|___________|___________________|___________________|
|       East|                1x1|                1x1|
|___________|___________________|___________________|
|       West|                1x1|                1x1|
|___________|___________________|___________________|

Phase 4.3.1 Print Estimated Congestion | Checksum: 1935a408d

Time (s): cpu = 00:11:58 ; elapsed = 00:10:18 . Memory (MB): peak = 3085.223 ; gain = 637.805
Phase 4.3 Placer Reporting | Checksum: 1935a408d

Time (s): cpu = 00:11:58 ; elapsed = 00:10:19 . Memory (MB): peak = 3085.223 ; gain = 637.805

Phase 4.4 Final Placement Cleanup
Netlist sorting complete. Time (s): cpu = 00:00:01 ; elapsed = 00:00:00.046 . Memory (MB): peak = 3085.223 ; gain = 0.000

Time (s): cpu = 00:11:59 ; elapsed = 00:10:19 . Memory (MB): peak = 3085.223 ; gain = 637.805
Phase 4 Post Placement Optimization and Clean-Up | Checksum: 16917ba4d

Time (s): cpu = 00:11:59 ; elapsed = 00:10:19 . Memory (MB): peak = 3085.223 ; gain = 637.805
Ending Placer Task | Checksum: cda22da8

Time (s): cpu = 00:11:59 ; elapsed = 00:10:20 . Memory (MB): peak = 3085.223 ; gain = 637.805
85 Infos, 0 Warnings, 0 Critical Warnings and 0 Errors encountered.
place_design completed successfully
place_design: Time (s): cpu = 00:12:04 ; elapsed = 00:10:22 . Memory (MB): peak = 3085.223 ; gain = 637.805
INFO: [runtcl-4] Executing : report_io -file top_io_placed.rpt
report_io: Time (s): cpu = 00:00:00 ; elapsed = 00:00:00.123 . Memory (MB): peak = 3085.223 ; gain = 0.000
INFO: [runtcl-4] Executing : report_utilization -file top_utilization_placed.rpt -pb top_utilization_placed.pb
INFO: [runtcl-4] Executing : report_control_sets -verbose -file top_control_sets_placed.rpt
report_control_sets: Time (s): cpu = 00:00:00 ; elapsed = 00:00:00.255 . Memory (MB): peak = 3085.223 ; gain = 0.000
INFO: [Timing 38-480] Writing timing data to binary archive.
Write ShapeDB Complete: Time (s): cpu = 00:00:01 ; elapsed = 00:00:00.260 . Memory (MB): peak = 3085.223 ; gain = 0.000
Wrote PlaceDB: Time (s): cpu = 00:00:06 ; elapsed = 00:00:03 . Memory (MB): peak = 3085.223 ; gain = 0.000
Wrote PulsedLatchDB: Time (s): cpu = 00:00:00 ; elapsed = 00:00:00 . Memory (MB): peak = 3085.223 ; gain = 0.000
Writing XDEF routing.
Writing XDEF routing logical nets.
Writing XDEF routing special nets.
Wrote RouteStorage: Time (s): cpu = 00:00:00 ; elapsed = 00:00:00.075 . Memory (MB): peak = 3085.223 ; gain = 0.000
Wrote Netlist Cache: Time (s): cpu = 00:00:00 ; elapsed = 00:00:00.059 . Memory (MB): peak = 3085.223 ; gain = 0.000
Wrote Device Cache: Time (s): cpu = 00:00:00 ; elapsed = 00:00:00.005 . Memory (MB): peak = 3085.223 ; gain = 0.000
Write Physdb Complete: Time (s): cpu = 00:00:07 ; elapsed = 00:00:04 . Memory (MB): peak = 3085.223 ; gain = 0.000
report_design_analysis: Time (s): cpu = 00:00:05 ; elapsed = 00:00:05 . Memory (MB): peak = 3088.516 ; gain = 3.293
INFO: [Common 17-1381] The checkpoint 'd:/digital_twin/digital_twin/digital_twin.runs/impl_1/top_placed.dcp' has been generated.
write_checkpoint: Time (s): cpu = 00:00:15 ; elapsed = 00:00:12 . Memory (MB): peak = 3088.516 ; gain = 3.293
Command: phys_opt_design
Attempting to get a license for feature 'Implementation' and/or device 'xc7k325t'
INFO: [Common 17-349] Got license for feature 'Implementation' and/or device 'xc7k325t'

Starting Initial Update Timing Task

Time (s): cpu = 00:00:39 ; elapsed = 00:00:26 . Memory (MB): peak = 3293.254 ; gain = 204.738
INFO: [Vivado_Tcl 4-383] Design worst setup slack (WNS) is greater than or equal to 0.000 ns. Skipping all physical synthesis optimizations.
INFO: [Vivado_Tcl 4-232] No setup violation found. The netlist was not modified.
INFO: [Common 17-83] Releasing license: Implementation
94 Infos, 0 Warnings, 0 Critical Warnings and 0 Errors encountered.
phys_opt_design completed successfully
phys_opt_design: Time (s): cpu = 00:00:39 ; elapsed = 00:00:26 . Memory (MB): peak = 3293.254 ; gain = 204.738
INFO: [Timing 38-480] Writing timing data to binary archive.
Write ShapeDB Complete: Time (s): cpu = 00:00:01 ; elapsed = 00:00:00.295 . Memory (MB): peak = 3329.348 ; gain = 17.809
Wrote PlaceDB: Time (s): cpu = 00:00:09 ; elapsed = 00:00:05 . Memory (MB): peak = 3330.078 ; gain = 15.555
Wrote PulsedLatchDB: Time (s): cpu = 00:00:00 ; elapsed = 00:00:00 . Memory (MB): peak = 3330.078 ; gain = 0.000
Writing XDEF routing.
Writing XDEF routing logical nets.
Writing XDEF routing special nets.
Wrote RouteStorage: Time (s): cpu = 00:00:00 ; elapsed = 00:00:00.097 . Memory (MB): peak = 3330.078 ; gain = 0.000
Wrote Netlist Cache: Time (s): cpu = 00:00:00 ; elapsed = 00:00:00.085 . Memory (MB): peak = 3330.078 ; gain = 0.000
Wrote Device Cache: Time (s): cpu = 00:00:00 ; elapsed = 00:00:00.008 . Memory (MB): peak = 3330.078 ; gain = 0.000
Write Physdb Complete: Time (s): cpu = 00:00:09 ; elapsed = 00:00:05 . Memory (MB): peak = 3330.078 ; gain = 18.539
INFO: [Common 17-1381] The checkpoint 'd:/digital_twin/digital_twin/digital_twin.runs/impl_1/top_physopt.dcp' has been generated.
write_checkpoint: Time (s): cpu = 00:00:12 ; elapsed = 00:00:08 . Memory (MB): peak = 3330.078 ; gain = 36.824
Command: route_design
Attempting to get a license for feature 'Implementation' and/or device 'xc7k325t'
INFO: [Common 17-349] Got license for feature 'Implementation' and/or device 'xc7k325t'
Running DRC as a precondition to command route_design
INFO: [DRC 23-27] Running DRC with 2 threads
INFO: [Vivado_Tcl 4-198] DRC finished with 0 Errors
INFO: [Vivado_Tcl 4-199] Please refer to the DRC report (report_drc) for more information.


Starting Routing Task
INFO: [Route 35-254] Multithreading enabled for route_design using a maximum of 8 CPUs

Phase 1 Build RT Design
Checksum: PlaceDB: a9b26475 ConstDB: 0 ShapeSum: 23efc933 RouteDB: 0
Post Restoration Checksum: NetGraph: e04be89d | NumContArr: 7fd05a71 | Constraints: c2a8fa9d | Timing: c2a8fa9d
Phase 1 Build RT Design | Checksum: 2e56e3848

Time (s): cpu = 00:01:27 ; elapsed = 00:00:48 . Memory (MB): peak = 3542.871 ; gain = 195.004

Phase 2 Router Initialization

Phase 2.1 Fix Topology Constraints
Phase 2.1 Fix Topology Constraints | Checksum: 2e56e3848

Time (s): cpu = 00:01:27 ; elapsed = 00:00:49 . Memory (MB): peak = 3542.871 ; gain = 195.004

Phase 2.2 Pre Route Cleanup
Phase 2.2 Pre Route Cleanup | Checksum: 2e56e3848

Time (s): cpu = 00:01:28 ; elapsed = 00:00:49 . Memory (MB): peak = 3542.871 ; gain = 195.004
 Number of Nodes with overlaps = 0

Phase 2.3 Update Timing
Phase 2.3 Update Timing | Checksum: 366ebff64

Time (s): cpu = 00:02:42 ; elapsed = 00:01:35 . Memory (MB): peak = 3542.871 ; gain = 195.004
INFO: [Route 35-416] Intermediate Timing Summary | WNS=0.828  | TNS=0.000  | WHS=-0.399 | THS=-9841.861|


Router Utilization Summary
  Global Vertical Routing Utilization    = 0 %
  Global Horizontal Routing Utilization  = 0 %
  Routable Net Status*
  *Does not include unroutable nets such as driverless and loadless.
  Run report_route_status for detailed report.
  Number of Failed Nets               = 14354
    (Failed Nets is the sum of unrouted and partially routed nets)
  Number of Unrouted Nets             = 14354
  Number of Partially Routed Nets     = 0
  Number of Node Overlaps             = 0

Phase 2 Router Initialization | Checksum: 2c93c0462

Time (s): cpu = 00:03:15 ; elapsed = 00:01:55 . Memory (MB): peak = 3575.527 ; gain = 227.660

Phase 3 Initial Routing

Phase 3.1 Global Routing
Phase 3.1 Global Routing | Checksum: 2c93c0462

Time (s): cpu = 00:03:15 ; elapsed = 00:01:55 . Memory (MB): peak = 3575.527 ; gain = 227.660

Phase 3.2 Initial Net Routing
Phase 3.2 Initial Net Routing | Checksum: 28d931c24

Time (s): cpu = 00:05:00 ; elapsed = 00:02:28 . Memory (MB): peak = 3666.141 ; gain = 318.273
Phase 3 Initial Routing | Checksum: 28d931c24

Time (s): cpu = 00:05:00 ; elapsed = 00:02:28 . Memory (MB): peak = 3666.141 ; gain = 318.273

Phase 4 Rip-up And Reroute

Phase 4.1 Global Iteration 0
 Number of Nodes with overlaps = 4625
 Number of Nodes with overlaps = 183
 Number of Nodes with overlaps = 21
 Number of Nodes with overlaps = 2
 Number of Nodes with overlaps = 2
 Number of Nodes with overlaps = 1
 Number of Nodes with overlaps = 0
INFO: [Route 35-416] Intermediate Timing Summary | WNS=0.622  | TNS=0.000  | WHS=N/A    | THS=N/A    |

Phase 4.1 Global Iteration 0 | Checksum: 2f6d718fc

Time (s): cpu = 00:07:06 ; elapsed = 00:03:34 . Memory (MB): peak = 3666.141 ; gain = 318.273
Phase 4 Rip-up And Reroute | Checksum: 2f6d718fc

Time (s): cpu = 00:07:07 ; elapsed = 00:03:34 . Memory (MB): peak = 3666.141 ; gain = 318.273

Phase 5 Delay and Skew Optimization

Phase 5.1 Delay CleanUp

Phase 5.1.1 Update Timing
Phase 5.1.1 Update Timing | Checksum: 28dc12fa2

Time (s): cpu = 00:07:22 ; elapsed = 00:03:44 . Memory (MB): peak = 3666.141 ; gain = 318.273
INFO: [Route 35-416] Intermediate Timing Summary | WNS=0.634  | TNS=0.000  | WHS=N/A    | THS=N/A    |

Phase 5.1 Delay CleanUp | Checksum: 28dc12fa2

Time (s): cpu = 00:07:22 ; elapsed = 00:03:44 . Memory (MB): peak = 3666.141 ; gain = 318.273

Phase 5.2 Clock Skew Optimization
Phase 5.2 Clock Skew Optimization | Checksum: 28dc12fa2

Time (s): cpu = 00:07:22 ; elapsed = 00:03:44 . Memory (MB): peak = 3666.141 ; gain = 318.273
Phase 5 Delay and Skew Optimization | Checksum: 28dc12fa2

Time (s): cpu = 00:07:22 ; elapsed = 00:03:44 . Memory (MB): peak = 3666.141 ; gain = 318.273

Phase 6 Post Hold Fix

Phase 6.1 Hold Fix Iter

Phase 6.1.1 Update Timing
Phase 6.1.1 Update Timing | Checksum: 2728c0421

Time (s): cpu = 00:07:45 ; elapsed = 00:04:00 . Memory (MB): peak = 3666.141 ; gain = 318.273
INFO: [Route 35-416] Intermediate Timing Summary | WNS=0.634  | TNS=0.000  | WHS=0.041  | THS=0.000  |

Phase 6.1 Hold Fix Iter | Checksum: 2733715f8

Time (s): cpu = 00:07:46 ; elapsed = 00:04:00 . Memory (MB): peak = 3666.141 ; gain = 318.273
Phase 6 Post Hold Fix | Checksum: 2733715f8

Time (s): cpu = 00:07:46 ; elapsed = 00:04:00 . Memory (MB): peak = 3666.141 ; gain = 318.273

Phase 7 Route finalize

Router Utilization Summary
  Global Vertical Routing Utilization    = 8.1222 %
  Global Horizontal Routing Utilization  = 7.27036 %
  Routable Net Status*
  *Does not include unroutable nets such as driverless and loadless.
  Run report_route_status for detailed report.
  Number of Failed Nets               = 0
    (Failed Nets is the sum of unrouted and partially routed nets)
  Number of Unrouted Nets             = 0
  Number of Partially Routed Nets     = 0
  Number of Node Overlaps             = 0

Phase 7 Route finalize | Checksum: 2733715f8

Time (s): cpu = 00:07:47 ; elapsed = 00:04:00 . Memory (MB): peak = 3666.141 ; gain = 318.273

Phase 8 Verifying routed nets

 Verification completed successfully
Phase 8 Verifying routed nets | Checksum: 2733715f8

Time (s): cpu = 00:07:47 ; elapsed = 00:04:00 . Memory (MB): peak = 3666.141 ; gain = 318.273

Phase 9 Depositing Routes
Phase 9 Depositing Routes | Checksum: 1f35f0728

Time (s): cpu = 00:07:52 ; elapsed = 00:04:02 . Memory (MB): peak = 3666.141 ; gain = 318.273

Phase 10 Post Router Timing
INFO: [Route 35-57] Estimated Timing Summary | WNS=0.634  | TNS=0.000  | WHS=0.041  | THS=0.000  |

INFO: [Route 35-327] The final timing numbers are based on the router estimated timing analysis. For a complete and accurate timing signoff, please run report_timing_summary.
Phase 10 Post Router Timing | Checksum: 1f35f0728

Time (s): cpu = 00:08:10 ; elapsed = 00:04:13 . Memory (MB): peak = 3666.141 ; gain = 318.273
INFO: [Route 35-16] Router Completed Successfully

Phase 11 Post-Route Event Processing
Phase 11 Post-Route Event Processing | Checksum: 18b9c6152

Time (s): cpu = 00:08:12 ; elapsed = 00:04:15 . Memory (MB): peak = 3666.141 ; gain = 318.273
Ending Routing Task | Checksum: 18b9c6152

Time (s): cpu = 00:08:14 ; elapsed = 00:04:17 . Memory (MB): peak = 3666.141 ; gain = 318.273

Routing Is Done.
INFO: [Common 17-83] Releasing license: Implementation
109 Infos, 0 Warnings, 0 Critical Warnings and 0 Errors encountered.
route_design completed successfully
route_design: Time (s): cpu = 00:08:21 ; elapsed = 00:04:22 . Memory (MB): peak = 3666.141 ; gain = 336.062
INFO: [runtcl-4] Executing : report_drc -file top_drc_routed.rpt -pb top_drc_routed.pb -rpx top_drc_routed.rpx
Command: report_drc -file top_drc_routed.rpt -pb top_drc_routed.pb -rpx top_drc_routed.rpx
INFO: [IP_Flow 19-1839] IP Catalog is up to date.
INFO: [DRC 23-27] Running DRC with 2 threads
INFO: [Vivado_Tcl 2-168] The results of DRC are in file d:/digital_twin/digital_twin/digital_twin.runs/impl_1/top_drc_routed.rpt.
report_drc completed successfully
report_drc: Time (s): cpu = 00:00:22 ; elapsed = 00:00:11 . Memory (MB): peak = 3666.141 ; gain = 0.000
INFO: [runtcl-4] Executing : report_methodology -file top_methodology_drc_routed.rpt -pb top_methodology_drc_routed.pb -rpx top_methodology_drc_routed.rpx
Command: report_methodology -file top_methodology_drc_routed.rpt -pb top_methodology_drc_routed.pb -rpx top_methodology_drc_routed.rpx
INFO: [Timing 38-35] Done setting XDC timing constraints.
INFO: [DRC 23-133] Running Methodology with 2 threads
INFO: [Vivado_Tcl 2-1520] The results of Report Methodology are in file d:/digital_twin/digital_twin/digital_twin.runs/impl_1/top_methodology_drc_routed.rpt.
report_methodology completed successfully
report_methodology: Time (s): cpu = 00:01:31 ; elapsed = 00:00:50 . Memory (MB): peak = 3756.086 ; gain = 89.945
INFO: [runtcl-4] Executing : report_power -file top_power_routed.rpt -pb top_power_summary_routed.pb -rpx top_power_routed.rpx
Command: report_power -file top_power_routed.rpt -pb top_power_summary_routed.pb -rpx top_power_routed.rpx
INFO: [Timing 38-35] Done setting XDC timing constraints.
Running Vector-less Activity Propagation...

Finished Running Vector-less Activity Propagation
119 Infos, 0 Warnings, 0 Critical Warnings and 0 Errors encountered.
report_power completed successfully
report_power: Time (s): cpu = 00:00:34 ; elapsed = 00:00:20 . Memory (MB): peak = 3780.496 ; gain = 24.410
INFO: [runtcl-4] Executing : report_route_status -file top_route_status.rpt -pb top_route_status.pb
INFO: [runtcl-4] Executing : report_timing_summary -max_paths 10 -report_unconstrained -file top_timing_summary_routed.rpt -pb top_timing_summary_routed.pb -rpx top_timing_summary_routed.rpx -warn_on_violation 
INFO: [Timing 38-91] UpdateTimingParams: Speed grade: -2, Delay Type: min_max.
INFO: [Timing 38-191] Multithreading enabled for timing update using a maximum of 2 CPUs
report_timing_summary: Time (s): cpu = 00:00:13 ; elapsed = 00:00:08 . Memory (MB): peak = 3797.098 ; gain = 16.602
INFO: [runtcl-4] Executing : report_incremental_reuse -file top_incremental_reuse_routed.rpt
INFO: [Vivado_Tcl 4-1062] Incremental flow is disabled. No incremental reuse Info to report.
INFO: [runtcl-4] Executing : report_clock_utilization -file top_clock_utilization_routed.rpt
INFO: [runtcl-4] Executing : report_bus_skew -warn_on_violation -file top_bus_skew_routed.rpt -pb top_bus_skew_routed.pb -rpx top_bus_skew_routed.rpx
INFO: [Timing 38-91] UpdateTimingParams: Speed grade: -2, Delay Type: min_max.
INFO: [Timing 38-191] Multithreading enabled for timing update using a maximum of 2 CPUs
INFO: [Timing 38-480] Writing timing data to binary archive.
Write ShapeDB Complete: Time (s): cpu = 00:00:01 ; elapsed = 00:00:00.264 . Memory (MB): peak = 3835.852 ; gain = 21.828
Wrote PlaceDB: Time (s): cpu = 00:00:07 ; elapsed = 00:00:03 . Memory (MB): peak = 3836.590 ; gain = 22.566
Wrote PulsedLatchDB: Time (s): cpu = 00:00:00 ; elapsed = 00:00:00 . Memory (MB): peak = 3836.590 ; gain = 0.000
Writing XDEF routing.
Writing XDEF routing logical nets.
Writing XDEF routing special nets.
Wrote RouteStorage: Time (s): cpu = 00:00:01 ; elapsed = 00:00:00.714 . Memory (MB): peak = 3836.590 ; gain = 0.000
Wrote Netlist Cache: Time (s): cpu = 00:00:00 ; elapsed = 00:00:00.058 . Memory (MB): peak = 3836.590 ; gain = 0.000
Wrote Device Cache: Time (s): cpu = 00:00:00 ; elapsed = 00:00:00.005 . Memory (MB): peak = 3836.590 ; gain = 0.000
Write Physdb Complete: Time (s): cpu = 00:00:08 ; elapsed = 00:00:04 . Memory (MB): peak = 3836.590 ; gain = 22.566
INFO: [Common 17-1381] The checkpoint 'd:/digital_twin/digital_twin/digital_twin.runs/impl_1/top_routed.dcp' has been generated.
write_checkpoint: Time (s): cpu = 00:00:10 ; elapsed = 00:00:07 . Memory (MB): peak = 3836.590 ; gain = 29.008
INFO: [Common 17-206] Exiting Vivado at Tue Apr 28 18:28:38 2026...
[Tue Apr 28 18:28:39 2026] impl_1 finished
wait_on_runs: Time (s): cpu = 00:00:02 ; elapsed = 00:21:18 . Memory (MB): peak = 591.852 ; gain = 0.000
# open_run impl_1
INFO: [Device 21-403] Loading part xc7k325tffg900-2
Netlist sorting complete. Time (s): cpu = 00:00:00 ; elapsed = 00:00:00.131 . Memory (MB): peak = 1082.453 ; gain = 0.000
INFO: [Netlist 29-17] Analyzing 10875 Unisim elements for replacement
INFO: [Netlist 29-28] Unisim Transformation completed in 4 CPU seconds
INFO: [Project 1-479] Netlist was created with Vivado 2023.2
INFO: [Project 1-570] Preparing netlist for logic optimization
Read ShapeDB Complete: Time (s): cpu = 00:00:00 ; elapsed = 00:00:00.254 . Memory (MB): peak = 1311.129 ; gain = 11.652
INFO: [Timing 38-478] Restoring timing data from binary archive.
INFO: [Timing 38-479] Binary timing data restore complete.
INFO: [Project 1-856] Restoring constraints from binary archive.
INFO: [Project 1-853] Binary constraint restore complete.
INFO: [Designutils 20-5722] Start Reading Physical Databases.
Reading placement.
Read Netlist Cache: Time (s): cpu = 00:00:00 ; elapsed = 00:00:00.036 . Memory (MB): peak = 2061.266 ; gain = 0.000
Reading placer database...
Read Device Cache: Time (s): cpu = 00:00:00 ; elapsed = 00:00:00.008 . Memory (MB): peak = 2061.266 ; gain = 0.000
Read PlaceDB: Time (s): cpu = 00:00:02 ; elapsed = 00:00:02 . Memory (MB): peak = 2110.574 ; gain = 49.309
Read PulsedLatchDB: Time (s): cpu = 00:00:00 ; elapsed = 00:00:00 . Memory (MB): peak = 2110.574 ; gain = 0.000
Reading routing.
Read RouteStorage: Time (s): cpu = 00:00:01 ; elapsed = 00:00:01 . Memory (MB): peak = 2123.309 ; gain = 12.734
Read Physdb Files: Time (s): cpu = 00:00:03 ; elapsed = 00:00:03 . Memory (MB): peak = 2123.309 ; gain = 62.043
Restored from archive | CPU: 3.000000 secs | Memory: 0.000000 MB |
Finished XDEF File Restore: Time (s): cpu = 00:00:03 ; elapsed = 00:00:03 . Memory (MB): peak = 2123.309 ; gain = 62.043
Netlist sorting complete. Time (s): cpu = 00:00:00 ; elapsed = 00:00:00.045 . Memory (MB): peak = 2123.309 ; gain = 0.000
INFO: [Project 1-111] Unisim Transformation Summary:
  A total of 8192 instances were transformed.
  RAM256X1S => RAM256X1S (MUXF7(x2), MUXF8, RAMS64E(x4)): 8192 instances

open_run: Time (s): cpu = 00:00:27 ; elapsed = 00:00:29 . Memory (MB): peak = 2123.309 ; gain = 1531.457
# report_clocks -file {d:/digital_twin/digital_twin/openrun_impl_clocks_100m.rpt}
# report_timing_summary -max_paths 10 -file {d:/digital_twin/digital_twin/openrun_top_timing_impl_100m.rpt}
INFO: [Timing 38-91] UpdateTimingParams: Speed grade: -2, Delay Type: min_max.
INFO: [Timing 38-191] Multithreading enabled for timing update using a maximum of 2 CPUs
report_timing_summary: Time (s): cpu = 00:00:43 ; elapsed = 00:00:24 . Memory (MB): peak = 2738.883 ; gain = 615.574
# report_utilization -file {d:/digital_twin/digital_twin/openrun_top_utilization_impl_100m.rpt}
# close_project
# exit
INFO: [Common 17-206] Exiting Vivado at Tue Apr 28 18:29:34 2026...
