#-----------------------------------------------------------
# Vivado v2023.2 (64-bit)
# SW Build 4029153 on Fri Oct 13 20:14:34 MDT 2023
# IP Build 4028589 on Sat Oct 14 00:45:43 MDT 2023
# SharedData Build 4025554 on Tue Oct 10 17:18:54 MDT 2023
# Start of session at: Tue Apr 28 11:17:22 2026
# Process ID: 15784
# Current directory: D:/digital_twin/digital_twin/digital_twin.srcs
# Command line: vivado.exe -mode batch -notrace -log d:\digital_twin\digital_twin\direct_synth_timing_after_pll_clocks.log -journal d:\digital_twin\digital_twin\direct_synth_timing_after_pll_clocks.jou -source d:\digital_twin\digital_twin\direct_synth_timing.tcl
# Log file: d:/digital_twin/digital_twin/direct_synth_timing_after_pll_clocks.log
# Journal file: d:\digital_twin\digital_twin\direct_synth_timing_after_pll_clocks.jou
# Running On: YukiRin, OS: Windows, CPU Frequency: 3194 MHz, CPU Physical cores: 16, Host memory: 47089 MB
#-----------------------------------------------------------
source {d:\digital_twin\digital_twin\direct_synth_timing.tcl} -notrace
create_project: Time (s): cpu = 00:00:05 ; elapsed = 00:00:06 . Memory (MB): peak = 566.586 ; gain = 182.051
Command: synth_design -top top -part xc7k325tffg900-2
Starting synth_design
Attempting to get a license for feature 'Synthesis' and/or device 'xc7k325t'
INFO: [Common 17-349] Got license for feature 'Synthesis' and/or device 'xc7k325t'
INFO: [Device 21-403] Loading part xc7k325tffg900-2
INFO: [Synth 8-7079] Multithreading enabled for synth_design using a maximum of 2 processes.
INFO: [Synth 8-7078] Launching helper process for spawning children vivado processes
INFO: [Synth 8-7075] Helper process launched with PID 33236
---------------------------------------------------------------------------------
Starting RTL Elaboration : Time (s): cpu = 00:00:04 ; elapsed = 00:00:04 . Memory (MB): peak = 1470.090 ; gain = 438.289
---------------------------------------------------------------------------------
INFO: [Synth 8-6157] synthesizing module 'top' [d:/digital_twin/digital_twin/digital_twin.srcs/sources_1/new/top.sv:23]
INFO: [Synth 8-6157] synthesizing module 'pll' [d:/digital_twin/digital_twin/digital_twin.runs/synth_1/.Xil/Vivado-15784-YukiRin/realtime/pll_stub.v:6]
INFO: [Synth 8-6155] done synthesizing module 'pll' (0#1) [d:/digital_twin/digital_twin/digital_twin.runs/synth_1/.Xil/Vivado-15784-YukiRin/realtime/pll_stub.v:6]
INFO: [Synth 8-6157] synthesizing module 'uart' [d:/digital_twin/digital_twin/digital_twin.srcs/sources_1/new/uart.sv:22]
	Parameter CLK_FREQ bound to: 50000000 - type: integer 
	Parameter BAUD_RATE bound to: 9600 - type: integer 
INFO: [Synth 8-226] default block is never used [d:/digital_twin/digital_twin/digital_twin.srcs/sources_1/new/uart.sv:72]
INFO: [Synth 8-155] case statement is not full and has no default [d:/digital_twin/digital_twin/digital_twin.srcs/sources_1/new/uart.sv:147]
INFO: [Synth 8-6155] done synthesizing module 'uart' (0#1) [d:/digital_twin/digital_twin/digital_twin.srcs/sources_1/new/uart.sv:22]
INFO: [Synth 8-6157] synthesizing module 'twin_controller' [d:/digital_twin/digital_twin/digital_twin.srcs/sources_1/new/twin_controller.sv:23]
INFO: [Synth 8-226] default block is never used [d:/digital_twin/digital_twin/digital_twin.srcs/sources_1/new/twin_controller.sv:64]
INFO: [Synth 8-6155] done synthesizing module 'twin_controller' (0#1) [d:/digital_twin/digital_twin/digital_twin.srcs/sources_1/new/twin_controller.sv:23]
INFO: [Synth 8-6157] synthesizing module 'student_top' [d:/digital_twin/digital_twin/digital_twin.srcs/sources_1/new/student_top.sv:23]
INFO: [Synth 8-6157] synthesizing module 'myCPU' [d:/digital_twin/digital_twin/digital_twin.srcs/sources_1/imports/new/myCPU.sv:3]
INFO: [Synth 8-6157] synthesizing module 'mycpu_rv32_decode' [d:/digital_twin/digital_twin/digital_twin.srcs/sources_1/imports/new/myCPU.sv:616]
INFO: [Synth 8-6155] done synthesizing module 'mycpu_rv32_decode' (0#1) [d:/digital_twin/digital_twin/digital_twin.srcs/sources_1/imports/new/myCPU.sv:616]
INFO: [Synth 8-6157] synthesizing module 'IMMGEN' [d:/digital_twin/digital_twin/digital_twin.srcs/sources_1/imports/new/IMMGEN.sv:23]
	Parameter DATAWIDTH bound to: 32 - type: integer 
INFO: [Synth 8-6155] done synthesizing module 'IMMGEN' (0#1) [d:/digital_twin/digital_twin/digital_twin.srcs/sources_1/imports/new/IMMGEN.sv:23]
INFO: [Synth 8-6157] synthesizing module 'RF' [d:/digital_twin/digital_twin/digital_twin.srcs/sources_1/imports/new/RF.sv:22]
	Parameter ADDR_WIDTH bound to: 5 - type: integer 
	Parameter DATAWIDTH bound to: 32 - type: integer 
INFO: [Synth 8-6155] done synthesizing module 'RF' (0#1) [d:/digital_twin/digital_twin/digital_twin.srcs/sources_1/imports/new/RF.sv:22]
INFO: [Synth 8-6157] synthesizing module 'ALU' [d:/digital_twin/digital_twin/digital_twin.srcs/sources_1/imports/new/ALU.sv:22]
	Parameter DATAWIDTH bound to: 32 - type: integer 
INFO: [Synth 8-294] found qualifier unique on case statement: implementing as parallel_case [d:/digital_twin/digital_twin/digital_twin.srcs/sources_1/imports/new/ALU.sv:66]
INFO: [Synth 8-6155] done synthesizing module 'ALU' (0#1) [d:/digital_twin/digital_twin/digital_twin.srcs/sources_1/imports/new/ALU.sv:22]
INFO: [Synth 8-6157] synthesizing module 'NPC' [d:/digital_twin/digital_twin/digital_twin.srcs/sources_1/imports/new/NPC.sv:22]
	Parameter DATAWIDTH bound to: 32 - type: integer 
INFO: [Synth 8-6155] done synthesizing module 'NPC' (0#1) [d:/digital_twin/digital_twin/digital_twin.srcs/sources_1/imports/new/NPC.sv:22]
INFO: [Synth 8-226] default block is never used [d:/digital_twin/digital_twin/digital_twin.srcs/sources_1/imports/new/myCPU.sv:328]
INFO: [Synth 8-226] default block is never used [d:/digital_twin/digital_twin/digital_twin.srcs/sources_1/imports/new/myCPU.sv:348]
INFO: [Synth 8-226] default block is never used [d:/digital_twin/digital_twin/digital_twin.srcs/sources_1/imports/new/myCPU.sv:499]
INFO: [Synth 8-6155] done synthesizing module 'myCPU' (0#1) [d:/digital_twin/digital_twin/digital_twin.srcs/sources_1/imports/new/myCPU.sv:3]
INFO: [Synth 8-6157] synthesizing module 'IROM' [d:/digital_twin/digital_twin/digital_twin.runs/synth_1/.Xil/Vivado-15784-YukiRin/realtime/IROM_stub.v:6]
INFO: [Synth 8-6155] done synthesizing module 'IROM' (0#1) [d:/digital_twin/digital_twin/digital_twin.runs/synth_1/.Xil/Vivado-15784-YukiRin/realtime/IROM_stub.v:6]
INFO: [Synth 8-6157] synthesizing module 'perip_bridge' [d:/digital_twin/digital_twin/digital_twin.srcs/sources_1/new/perip_bridge.sv:22]
INFO: [Synth 8-155] case statement is not full and has no default [d:/digital_twin/digital_twin/digital_twin.srcs/sources_1/new/perip_bridge.sv:56]
INFO: [Synth 8-6157] synthesizing module 'display_seg' [d:/digital_twin/digital_twin/digital_twin.srcs/sources_1/new/display_seg.sv:23]
INFO: [Synth 8-6157] synthesizing module 'seg7' [d:/digital_twin/digital_twin/digital_twin.srcs/sources_1/new/seg7.sv:23]
INFO: [Synth 8-226] default block is never used [d:/digital_twin/digital_twin/digital_twin.srcs/sources_1/new/seg7.sv:29]
INFO: [Synth 8-6155] done synthesizing module 'seg7' (0#1) [d:/digital_twin/digital_twin/digital_twin.srcs/sources_1/new/seg7.sv:23]
INFO: [Synth 8-6155] done synthesizing module 'display_seg' (0#1) [d:/digital_twin/digital_twin/digital_twin.srcs/sources_1/new/display_seg.sv:23]
INFO: [Synth 8-6157] synthesizing module 'dram_driver' [d:/digital_twin/digital_twin/digital_twin.srcs/sources_1/new/dram_driver.sv:23]
INFO: [Synth 8-6157] synthesizing module 'DRAM' [d:/digital_twin/digital_twin/digital_twin.runs/synth_1/.Xil/Vivado-15784-YukiRin/realtime/DRAM_stub.v:6]
INFO: [Synth 8-6155] done synthesizing module 'DRAM' (0#1) [d:/digital_twin/digital_twin/digital_twin.runs/synth_1/.Xil/Vivado-15784-YukiRin/realtime/DRAM_stub.v:6]
INFO: [Synth 8-6155] done synthesizing module 'dram_driver' (0#1) [d:/digital_twin/digital_twin/digital_twin.srcs/sources_1/new/dram_driver.sv:23]
INFO: [Synth 8-6157] synthesizing module 'counter' [d:/digital_twin/digital_twin/digital_twin.srcs/sources_1/new/counter.sv:23]
INFO: [Synth 8-6155] done synthesizing module 'counter' (0#1) [d:/digital_twin/digital_twin/digital_twin.srcs/sources_1/new/counter.sv:23]
INFO: [Synth 8-6155] done synthesizing module 'perip_bridge' (0#1) [d:/digital_twin/digital_twin/digital_twin.srcs/sources_1/new/perip_bridge.sv:22]
INFO: [Synth 8-6155] done synthesizing module 'student_top' (0#1) [d:/digital_twin/digital_twin/digital_twin.srcs/sources_1/new/student_top.sv:23]
INFO: [Synth 8-6155] done synthesizing module 'top' (0#1) [d:/digital_twin/digital_twin/digital_twin.srcs/sources_1/new/top.sv:23]
---------------------------------------------------------------------------------
Finished RTL Elaboration : Time (s): cpu = 00:00:06 ; elapsed = 00:00:06 . Memory (MB): peak = 1591.309 ; gain = 559.508
---------------------------------------------------------------------------------
---------------------------------------------------------------------------------
Start Handling Custom Attributes
---------------------------------------------------------------------------------
---------------------------------------------------------------------------------
Finished Handling Custom Attributes : Time (s): cpu = 00:00:06 ; elapsed = 00:00:06 . Memory (MB): peak = 1591.309 ; gain = 559.508
---------------------------------------------------------------------------------
---------------------------------------------------------------------------------
Finished RTL Optimization Phase 1 : Time (s): cpu = 00:00:06 ; elapsed = 00:00:06 . Memory (MB): peak = 1591.309 ; gain = 559.508
---------------------------------------------------------------------------------
Netlist sorting complete. Time (s): cpu = 00:00:00 ; elapsed = 00:00:00.032 . Memory (MB): peak = 1591.309 ; gain = 0.000
INFO: [Project 1-570] Preparing netlist for logic optimization

Processing XDC Constraints
Initializing timing engine
Parsing XDC File [d:/digital_twin/digital_twin/digital_twin.gen/sources_1/ip/pll/pll/pll_in_context.xdc] for cell 'pll_inst'
Finished Parsing XDC File [d:/digital_twin/digital_twin/digital_twin.gen/sources_1/ip/pll/pll/pll_in_context.xdc] for cell 'pll_inst'
Parsing XDC File [d:/digital_twin/digital_twin/digital_twin.gen/sources_1/ip/IROM/IROM/IROM_in_context.xdc] for cell 'student_top_inst/Mem_IROM'
Finished Parsing XDC File [d:/digital_twin/digital_twin/digital_twin.gen/sources_1/ip/IROM/IROM/IROM_in_context.xdc] for cell 'student_top_inst/Mem_IROM'
Parsing XDC File [d:/digital_twin/digital_twin/digital_twin.gen/sources_1/ip/DRAM/DRAM/DRAM_in_context.xdc] for cell 'student_top_inst/bridge_inst/dram_driver_inst/Mem_DRAM'
Finished Parsing XDC File [d:/digital_twin/digital_twin/digital_twin.gen/sources_1/ip/DRAM/DRAM/DRAM_in_context.xdc] for cell 'student_top_inst/bridge_inst/dram_driver_inst/Mem_DRAM'
Parsing XDC File [d:/digital_twin/digital_twin/digital_twin.srcs/constrs_1/new/digital_twin.xdc]
CRITICAL WARNING: [Constraints 18-1056] Clock 'clk_50mhz' completely overrides clock 'pll_inst/clk_out1'.
New: create_generated_clock -name clk_50mhz -source [get_ports i_sys_clk_p] -divide_by 4 [get_pins pll_inst/clk_out1], [d:/digital_twin/digital_twin/digital_twin.srcs/constrs_1/new/digital_twin.xdc:10]
Previous: create_generated_clock -source [get_pins pll_inst/clk_in1_p] -edges {1 2 3} -edge_shift {0.000 7.500 15.000} [get_pins pll_inst/clk_out1], [d:/digital_twin/digital_twin/digital_twin.gen/sources_1/ip/pll/pll/pll_in_context.xdc:3]
Resolution: Review the constraint files and remove the redundant clock definition(s). If the clock constraints are not saved in a file, you can first save the constraints to an XDC file and reload the design once the constraints have been corrected.
CRITICAL WARNING: [Constraints 18-1056] Clock 'cpu_clk' completely overrides clock 'pll_inst/clk_out2'.
New: create_generated_clock -name cpu_clk -source [get_ports i_sys_clk_p] -divide_by 4 [get_pins pll_inst/clk_out2], [d:/digital_twin/digital_twin/digital_twin.srcs/constrs_1/new/digital_twin.xdc:11]
Previous: create_generated_clock -source [get_pins pll_inst/clk_in1_p] -edges {1 2 3} -edge_shift {0.000 7.500 15.000} [get_pins pll_inst/clk_out2], [d:/digital_twin/digital_twin/digital_twin.gen/sources_1/ip/pll/pll/pll_in_context.xdc:2]
Resolution: Review the constraint files and remove the redundant clock definition(s). If the clock constraints are not saved in a file, you can first save the constraints to an XDC file and reload the design once the constraints have been corrected.
Finished Parsing XDC File [d:/digital_twin/digital_twin/digital_twin.srcs/constrs_1/new/digital_twin.xdc]
INFO: [Project 1-236] Implementation specific constraints were found while reading constraint file [d:/digital_twin/digital_twin/digital_twin.srcs/constrs_1/new/digital_twin.xdc]. These constraints will be ignored for synthesis but will be used in implementation. Impacted constraints are listed in the file [.Xil/top_propImpl.xdc].
Resolution: To avoid this warning, move constraints listed in [.Xil/top_propImpl.xdc] to another XDC file and exclude this new file from synthesis with the used_in_synthesis property (File Properties dialog in GUI) and re-run elaboration/synthesis.
Parsing XDC File [d:/digital_twin/digital_twin/digital_twin.runs/synth_1/dont_touch.xdc]
Finished Parsing XDC File [d:/digital_twin/digital_twin/digital_twin.runs/synth_1/dont_touch.xdc]
Completed Processing XDC Constraints

Netlist sorting complete. Time (s): cpu = 00:00:00 ; elapsed = 00:00:00 . Memory (MB): peak = 1696.117 ; gain = 0.000
INFO: [Project 1-111] Unisim Transformation Summary:
No Unisim elements were transformed.

Constraint Validation Runtime : Time (s): cpu = 00:00:00 ; elapsed = 00:00:00.010 . Memory (MB): peak = 1696.117 ; gain = 0.000
---------------------------------------------------------------------------------
Finished Constraint Validation : Time (s): cpu = 00:00:14 ; elapsed = 00:00:14 . Memory (MB): peak = 1696.117 ; gain = 664.316
---------------------------------------------------------------------------------
---------------------------------------------------------------------------------
Start Loading Part and Timing Information
---------------------------------------------------------------------------------
Loading part: xc7k325tffg900-2
---------------------------------------------------------------------------------
Finished Loading Part and Timing Information : Time (s): cpu = 00:00:14 ; elapsed = 00:00:14 . Memory (MB): peak = 1696.117 ; gain = 664.316
---------------------------------------------------------------------------------
---------------------------------------------------------------------------------
Start Applying 'set_property' XDC Constraints
---------------------------------------------------------------------------------
Applied set_property IO_BUFFER_TYPE = NONE for i_sys_clk_n. (constraint file  d:/digital_twin/digital_twin/digital_twin.gen/sources_1/ip/pll/pll/pll_in_context.xdc, line 4).
Applied set_property CLOCK_BUFFER_TYPE = NONE for i_sys_clk_n. (constraint file  d:/digital_twin/digital_twin/digital_twin.gen/sources_1/ip/pll/pll/pll_in_context.xdc, line 5).
Applied set_property IO_BUFFER_TYPE = NONE for i_sys_clk_p. (constraint file  d:/digital_twin/digital_twin/digital_twin.gen/sources_1/ip/pll/pll/pll_in_context.xdc, line 6).
Applied set_property CLOCK_BUFFER_TYPE = NONE for i_sys_clk_p. (constraint file  d:/digital_twin/digital_twin/digital_twin.gen/sources_1/ip/pll/pll/pll_in_context.xdc, line 7).
Applied set_property KEEP_HIERARCHY = SOFT for pll_inst. (constraint file  auto generated constraint).
Applied set_property KEEP_HIERARCHY = SOFT for student_top_inst/Mem_IROM. (constraint file  auto generated constraint).
Applied set_property KEEP_HIERARCHY = SOFT for student_top_inst/bridge_inst/dram_driver_inst/Mem_DRAM. (constraint file  auto generated constraint).
---------------------------------------------------------------------------------
Finished applying 'set_property' XDC Constraints : Time (s): cpu = 00:00:14 ; elapsed = 00:00:14 . Memory (MB): peak = 1696.117 ; gain = 664.316
---------------------------------------------------------------------------------
INFO: [Synth 8-802] inferred FSM for state register 'rx_state_reg' in module 'uart'
INFO: [Synth 8-802] inferred FSM for state register 'tx_state_reg' in module 'uart'
---------------------------------------------------------------------------------------------------
                   State |                     New Encoding |                Previous Encoding 
---------------------------------------------------------------------------------------------------
                  iSTATE |                               00 |                               00
                 iSTATE0 |                               01 |                               01
                 iSTATE1 |                               10 |                               10
                 iSTATE2 |                               11 |                               11
---------------------------------------------------------------------------------------------------
INFO: [Synth 8-3354] encoded FSM with state register 'rx_state_reg' using encoding 'sequential' in module 'uart'
---------------------------------------------------------------------------------------------------
                   State |                     New Encoding |                Previous Encoding 
---------------------------------------------------------------------------------------------------
                  iSTATE |                                0 |                             0000
                 iSTATE0 |                                1 |                             0001
---------------------------------------------------------------------------------------------------
INFO: [Synth 8-3354] encoded FSM with state register 'tx_state_reg' using encoding 'sequential' in module 'uart'
---------------------------------------------------------------------------------
Finished RTL Optimization Phase 2 : Time (s): cpu = 00:00:14 ; elapsed = 00:00:15 . Memory (MB): peak = 1696.117 ; gain = 664.316
---------------------------------------------------------------------------------
---------------------------------------------------------------------------------
Start RTL Component Statistics 
---------------------------------------------------------------------------------
Detailed RTL Component Info : 
+---Adders : 
	   3 Input   33 Bit       Adders := 1     
	   2 Input   32 Bit       Adders := 5     
	   2 Input   13 Bit       Adders := 3     
	   2 Input    5 Bit       Adders := 2     
	   2 Input    4 Bit       Adders := 2     
+---XORs : 
	   2 Input     32 Bit         XORs := 1     
	   2 Input      1 Bit         XORs := 1     
+---Registers : 
	               64 Bit    Registers := 1     
	               32 Bit    Registers := 45    
	               16 Bit    Registers := 1     
	               13 Bit    Registers := 2     
	               10 Bit    Registers := 1     
	                8 Bit    Registers := 22    
	                5 Bit    Registers := 7     
	                4 Bit    Registers := 3     
	                3 Bit    Registers := 2     
	                2 Bit    Registers := 6     
	                1 Bit    Registers := 23    
+---Muxes : 
	   2 Input   64 Bit        Muxes := 2     
	   2 Input   32 Bit        Muxes := 23    
	   4 Input   32 Bit        Muxes := 6     
	   3 Input   32 Bit        Muxes := 1     
	   2 Input   16 Bit        Muxes := 1     
	   2 Input   13 Bit        Muxes := 4     
	   4 Input   13 Bit        Muxes := 1     
	   2 Input   10 Bit        Muxes := 1     
	   2 Input    8 Bit        Muxes := 4     
	   4 Input    8 Bit        Muxes := 1     
	   2 Input    5 Bit        Muxes := 4     
	   4 Input    4 Bit        Muxes := 1     
	   2 Input    4 Bit        Muxes := 9     
	   8 Input    4 Bit        Muxes := 2     
	  10 Input    4 Bit        Muxes := 1     
	   2 Input    3 Bit        Muxes := 1     
	   4 Input    2 Bit        Muxes := 2     
	  10 Input    2 Bit        Muxes := 2     
	   2 Input    2 Bit        Muxes := 9     
	  12 Input    2 Bit        Muxes := 2     
	   3 Input    2 Bit        Muxes := 3     
	   2 Input    1 Bit        Muxes := 61    
	   4 Input    1 Bit        Muxes := 7     
	   3 Input    1 Bit        Muxes := 3     
	  10 Input    1 Bit        Muxes := 6     
---------------------------------------------------------------------------------
Finished RTL Component Statistics 
---------------------------------------------------------------------------------
---------------------------------------------------------------------------------
Start Part Resource Summary
---------------------------------------------------------------------------------
Part Resources:
DSPs: 840 (col length:140)
BRAMs: 890 (col length: RAMB18 140 RAMB36 70)
---------------------------------------------------------------------------------
Finished Part Resource Summary
---------------------------------------------------------------------------------
---------------------------------------------------------------------------------
Start Cross Boundary and Area Optimization
---------------------------------------------------------------------------------
WARNING: [Synth 8-7080] Parallel synthesis criteria is not met
---------------------------------------------------------------------------------
Finished Cross Boundary and Area Optimization : Time (s): cpu = 00:00:28 ; elapsed = 00:00:29 . Memory (MB): peak = 1696.117 ; gain = 664.316
---------------------------------------------------------------------------------
---------------------------------------------------------------------------------
Start Applying XDC Timing Constraints
---------------------------------------------------------------------------------
---------------------------------------------------------------------------------
Finished Applying XDC Timing Constraints : Time (s): cpu = 00:00:32 ; elapsed = 00:00:33 . Memory (MB): peak = 1696.117 ; gain = 664.316
---------------------------------------------------------------------------------
---------------------------------------------------------------------------------
Start Timing Optimization
---------------------------------------------------------------------------------
---------------------------------------------------------------------------------
Finished Timing Optimization : Time (s): cpu = 00:00:47 ; elapsed = 00:00:48 . Memory (MB): peak = 1936.691 ; gain = 904.891
---------------------------------------------------------------------------------
---------------------------------------------------------------------------------
Start Technology Mapping
---------------------------------------------------------------------------------
---------------------------------------------------------------------------------
Finished Technology Mapping : Time (s): cpu = 00:00:48 ; elapsed = 00:00:49 . Memory (MB): peak = 1936.691 ; gain = 904.891
---------------------------------------------------------------------------------
---------------------------------------------------------------------------------
Start IO Insertion
---------------------------------------------------------------------------------
---------------------------------------------------------------------------------
Start Flattening Before IO Insertion
---------------------------------------------------------------------------------
---------------------------------------------------------------------------------
Finished Flattening Before IO Insertion
---------------------------------------------------------------------------------
---------------------------------------------------------------------------------
Start Final Netlist Cleanup
---------------------------------------------------------------------------------
---------------------------------------------------------------------------------
Finished Final Netlist Cleanup
---------------------------------------------------------------------------------
---------------------------------------------------------------------------------
Finished IO Insertion : Time (s): cpu = 00:00:52 ; elapsed = 00:00:53 . Memory (MB): peak = 1938.781 ; gain = 906.980
---------------------------------------------------------------------------------
---------------------------------------------------------------------------------
Start Renaming Generated Instances
---------------------------------------------------------------------------------
---------------------------------------------------------------------------------
Finished Renaming Generated Instances : Time (s): cpu = 00:00:52 ; elapsed = 00:00:53 . Memory (MB): peak = 1938.781 ; gain = 906.980
---------------------------------------------------------------------------------
---------------------------------------------------------------------------------
Start Rebuilding User Hierarchy
---------------------------------------------------------------------------------
---------------------------------------------------------------------------------
Finished Rebuilding User Hierarchy : Time (s): cpu = 00:00:52 ; elapsed = 00:00:53 . Memory (MB): peak = 1938.781 ; gain = 906.980
---------------------------------------------------------------------------------
---------------------------------------------------------------------------------
Start Renaming Generated Ports
---------------------------------------------------------------------------------
---------------------------------------------------------------------------------
Finished Renaming Generated Ports : Time (s): cpu = 00:00:52 ; elapsed = 00:00:53 . Memory (MB): peak = 1938.781 ; gain = 906.980
---------------------------------------------------------------------------------
---------------------------------------------------------------------------------
Start Handling Custom Attributes
---------------------------------------------------------------------------------
---------------------------------------------------------------------------------
Finished Handling Custom Attributes : Time (s): cpu = 00:00:52 ; elapsed = 00:00:53 . Memory (MB): peak = 1938.781 ; gain = 906.980
---------------------------------------------------------------------------------
---------------------------------------------------------------------------------
Start Renaming Generated Nets
---------------------------------------------------------------------------------
---------------------------------------------------------------------------------
Finished Renaming Generated Nets : Time (s): cpu = 00:00:52 ; elapsed = 00:00:53 . Memory (MB): peak = 1938.781 ; gain = 906.980
---------------------------------------------------------------------------------
---------------------------------------------------------------------------------
Start Writing Synthesis Report
---------------------------------------------------------------------------------

Report BlackBoxes: 
+------+--------------+----------+
|      |BlackBox name |Instances |
+------+--------------+----------+
|1     |pll           |         1|
|2     |IROM          |         1|
|3     |DRAM          |         1|
+------+--------------+----------+

Report Cell Usage: 
+------+-------+------+
|      |Cell   |Count |
+------+-------+------+
|1     |DRAM   |     1|
|2     |IROM   |     1|
|3     |pll    |     1|
|4     |CARRY4 |    65|
|5     |LUT1   |     7|
|6     |LUT2   |   107|
|7     |LUT3   |   119|
|8     |LUT4   |   197|
|9     |LUT5   |   355|
|10    |LUT6   |  1276|
|11    |MUXF7  |   272|
|12    |MUXF8  |   136|
|13    |FDCE   |  1735|
|14    |FDPE   |    20|
|15    |FDRE   |   113|
|16    |IBUF   |     1|
|17    |OBUF   |    73|
+------+-------+------+
---------------------------------------------------------------------------------
Finished Writing Synthesis Report : Time (s): cpu = 00:00:52 ; elapsed = 00:00:53 . Memory (MB): peak = 1938.781 ; gain = 906.980
---------------------------------------------------------------------------------
Synthesis finished with 0 errors, 0 critical warnings and 1 warnings.
Synthesis Optimization Runtime : Time (s): cpu = 00:00:44 ; elapsed = 00:00:51 . Memory (MB): peak = 1938.781 ; gain = 802.172
Synthesis Optimization Complete : Time (s): cpu = 00:00:52 ; elapsed = 00:00:53 . Memory (MB): peak = 1938.781 ; gain = 906.980
INFO: [Project 1-571] Translating synthesized netlist
Netlist sorting complete. Time (s): cpu = 00:00:00 ; elapsed = 00:00:00.031 . Memory (MB): peak = 1950.793 ; gain = 0.000
INFO: [Netlist 29-17] Analyzing 473 Unisim elements for replacement
INFO: [Netlist 29-28] Unisim Transformation completed in 0 CPU seconds
INFO: [Project 1-570] Preparing netlist for logic optimization
INFO: [Opt 31-138] Pushed 0 inverter(s) to 0 load pin(s).
Netlist sorting complete. Time (s): cpu = 00:00:00 ; elapsed = 00:00:00.001 . Memory (MB): peak = 1960.469 ; gain = 0.000
INFO: [Project 1-111] Unisim Transformation Summary:
No Unisim elements were transformed.

Synth Design complete | Checksum: eddef47e
INFO: [Common 17-83] Releasing license: Synthesis
64 Infos, 1 Warnings, 2 Critical Warnings and 0 Errors encountered.
synth_design completed successfully
synth_design: Time (s): cpu = 00:00:57 ; elapsed = 00:01:00 . Memory (MB): peak = 1960.469 ; gain = 1379.352
INFO: [runtcl-6] Synthesis results are not added to the cache due to CRITICAL_WARNING
Write ShapeDB Complete: Time (s): cpu = 00:00:00 ; elapsed = 00:00:00.005 . Memory (MB): peak = 1960.469 ; gain = 0.000
INFO: [Common 17-1381] The checkpoint 'd:/digital_twin/digital_twin/digital_twin.runs/synth_1/top.dcp' has been generated.
INFO: [runtcl-4] Executing : report_utilization -file top_utilization_synth.rpt -pb top_utilization_synth.pb
INFO: [Timing 38-35] Done setting XDC timing constraints.
INFO: [Timing 38-91] UpdateTimingParams: Speed grade: -2, Delay Type: min_max.
INFO: [Timing 38-191] Multithreading enabled for timing update using a maximum of 2 CPUs
INFO: [Common 17-206] Exiting Vivado at Tue Apr 28 11:18:35 2026...
