#-----------------------------------------------------------
# Vivado v2023.2 (64-bit)
# SW Build 4029153 on Fri Oct 13 20:14:34 MDT 2023
# IP Build 4028589 on Sat Oct 14 00:45:43 MDT 2023
# SharedData Build 4025554 on Tue Oct 10 17:18:54 MDT 2023
# Start of session at: Sun Apr 26 11:33:57 2026
# Process ID: 30156
# Current directory: D:/digital_twin/digital_twin/digital_twin.srcs
# Command line: vivado.exe -mode batch -notrace -log d:\digital_twin\digital_twin\refresh_current_synth_run2.log -journal d:\digital_twin\digital_twin\refresh_current_synth_run2.jou -source d:\digital_twin\digital_twin\refresh_current_synth.tcl
# Log file: d:/digital_twin/digital_twin/refresh_current_synth_run2.log
# Journal file: d:\digital_twin\digital_twin\refresh_current_synth_run2.jou
# Running On: YukiRin, OS: Windows, CPU Frequency: 3194 MHz, CPU Physical cores: 16, Host memory: 47089 MB
#-----------------------------------------------------------
source {d:\digital_twin\digital_twin\refresh_current_synth.tcl} -notrace
Scanning sources...
Finished scanning sources
INFO: [IP_Flow 19-234] Refreshing IP repositories
INFO: [IP_Flow 19-1704] No user IP repositories specified
INFO: [IP_Flow 19-2313] Loaded Vivado IP repository 'D:/Xilinx/Vivado/2023.2/data/ip'.
open_project: Time (s): cpu = 00:00:08 ; elapsed = 00:00:09 . Memory (MB): peak = 575.969 ; gain = 189.672
INFO: [Vivado 12-4149] The synthesis checkpoint for IP 'd:/digital_twin/digital_twin/digital_twin.srcs/sources_1/ip/pll_1/pll.xci' is already up-to-date
[Sun Apr 26 11:34:11 2026] Launched synth_1...
Run output will be captured here: d:/digital_twin/digital_twin/digital_twin.runs/synth_1/runme.log
[Sun Apr 26 11:34:11 2026] Waiting for synth_1 to finish...

*** Running vivado
    with args -log top.vds -m64 -product Vivado -mode batch -messageDb vivado.pb -notrace -source top.tcl



****** Vivado v2023.2 (64-bit)
  **** SW Build 4029153 on Fri Oct 13 20:14:34 MDT 2023
  **** IP Build 4028589 on Sat Oct 14 00:45:43 MDT 2023
  **** SharedData Build 4025554 on Tue Oct 10 17:18:54 MDT 2023
    ** Copyright 1986-2022 Xilinx, Inc. All Rights Reserved.
    ** Copyright 2022-2023 Advanced Micro Devices, Inc. All Rights Reserved.

source top.tcl -notrace
create_project: Time (s): cpu = 00:00:08 ; elapsed = 00:00:09 . Memory (MB): peak = 567.078 ; gain = 183.195
Command: synth_design -top top -part xc7k325tffg900-2
Starting synth_design
WARNING: [Vivado_Tcl 4-393] The 'Synthesis' target of the following IPs are stale, please generate the output products using the generate_target or synth_ip command before running synth_design.
d:/digital_twin/digital_twin/digital_twin.srcs/sources_1/ip/IROM/IROM.xci
d:/digital_twin/digital_twin/digital_twin.srcs/sources_1/ip/DRAM/DRAM.xci

Attempting to get a license for feature 'Synthesis' and/or device 'xc7k325t'
WARNING: [Common 17-348] Failed to get the license for feature 'Synthesis' and/or device 'xc7k325t'. Explanation: The license feature Synthesis could not be found.
Resolution: Check the status of your licenses in the Vivado License Manager. For debug help search Xilinx Support for "Licensing FAQ". 
0 Infos, 2 Warnings, 0 Critical Warnings and 1 Errors encountered.
synth_design failed
ERROR: [Common 17-345] A valid license was not found for feature 'Synthesis' and/or device 'xc7k325t'. Please run the Vivado License Manager for assistance in determining
which features and devices are licensed for your system.
Resolution: Check the status of your licenses in the Vivado License Manager. For debug help search Xilinx Support for "Licensing FAQ". If you are using a license server, verify that the license server is up and running a version of the xilinx daemon that is compatible with the version of Xilinx software that you are using. Note: Vivado 2021.1 and later versions require upgrading your license server tools to the Flex 11.17.2.0 versions. Please confirm with your license admin that the correct version of the license server tools are installed.
INFO: [Common 17-206] Exiting Vivado at Sun Apr 26 11:34:28 2026...
[Sun Apr 26 11:34:31 2026] synth_1 finished
ERROR: [Vivado 12-13638] Failed runs(s) : 'synth_1'
wait_on_runs: Time (s): cpu = 00:00:00 ; elapsed = 00:00:20 . Memory (MB): peak = 581.953 ; gain = 0.000
ERROR: [Common 17-39] 'wait_on_runs' failed due to earlier errors.

    while executing
"wait_on_run synth_1"
    (file "d:\digital_twin\digital_twin\refresh_current_synth.tcl" line 4)
INFO: [Common 17-206] Exiting Vivado at Sun Apr 26 11:34:31 2026...
