#-----------------------------------------------------------
# Vivado v2023.2 (64-bit)
# SW Build 4029153 on Fri Oct 13 20:14:34 MDT 2023
# IP Build 4028589 on Sat Oct 14 00:45:43 MDT 2023
# SharedData Build 4025554 on Tue Oct 10 17:18:54 MDT 2023
# Start of session at: Wed Apr 29 19:41:58 2026
# Process ID: 52916
# Current directory: D:/digital_twin/digital_twin
# Command line: vivado.exe -mode batch -source .\run_sim_tb_mycpu_all.tcl -log .\run_sim_tb_mycpu_all.log -journal .\run_sim_tb_mycpu_all.jou
# Log file: D:/digital_twin/digital_twin/./run_sim_tb_mycpu_all.log
# Journal file: D:/digital_twin/digital_twin\.\run_sim_tb_mycpu_all.jou
# Running On: YukiRin, OS: Windows, CPU Frequency: 3194 MHz, CPU Physical cores: 16, Host memory: 47089 MB
#-----------------------------------------------------------
source {.\run_sim_tb_mycpu_all.tcl}
# open_project digital_twin.xpr
Scanning sources...
Finished scanning sources
INFO: [IP_Flow 19-234] Refreshing IP repositories
INFO: [IP_Flow 19-1704] No user IP repositories specified
INFO: [IP_Flow 19-2313] Loaded Vivado IP repository 'D:/Xilinx/Vivado/2023.2/data/ip'.
open_project: Time (s): cpu = 00:00:08 ; elapsed = 00:00:09 . Memory (MB): peak = 577.891 ; gain = 192.004
# set_property top tb_myCPU [get_filesets sim_1]
# set_property -name {xsim.simulate.runtime} -value {0ns} -objects [get_filesets sim_1]
# launch_simulation -simset sim_1 -mode behavioral
Command: launch_simulation  -simset sim_1 -mode behavioral
INFO: [Vivado 12-12493] Simulation top is 'tb_myCPU'
WARNING: [Vivado 12-13340] Unable to auto find GCC executables from simulator install path! (path not set)
boost::filesystem::remove: 另一个程序正在使用此文件，进程无法访问。: "D:/digital_twin/digital_twin/digital_twin.sim/sim_1/behav/xsim/simulate.log"
    while executing
"launch_simulation -simset sim_1 -mode behavioral"
    (file ".\run_sim_tb_mycpu_all.tcl" line 4)
INFO: [Common 17-206] Exiting Vivado at Wed Apr 29 19:42:11 2026...
