#-----------------------------------------------------------
# Vivado v2023.2 (64-bit)
# SW Build 4029153 on Fri Oct 13 20:14:34 MDT 2023
# IP Build 4028589 on Sat Oct 14 00:45:43 MDT 2023
# SharedData Build 4025554 on Tue Oct 10 17:18:54 MDT 2023
# Start of session at: Tue Apr 28 11:30:46 2026
# Process ID: 1892
# Current directory: D:/digital_twin/digital_twin/digital_twin.srcs
# Command line: vivado.exe -mode batch -notrace -log d:\digital_twin\digital_twin\run_impl_routed_timing.log -journal d:\digital_twin\digital_twin\run_impl_routed_timing.jou -source d:\digital_twin\digital_twin\run_impl_routed_timing.tcl
# Log file: d:/digital_twin/digital_twin/run_impl_routed_timing.log
# Journal file: d:\digital_twin\digital_twin\run_impl_routed_timing.jou
# Running On: YukiRin, OS: Windows, CPU Frequency: 3194 MHz, CPU Physical cores: 16, Host memory: 47089 MB
#-----------------------------------------------------------
source {d:\digital_twin\digital_twin\run_impl_routed_timing.tcl} -notrace
Scanning sources...
Finished scanning sources
INFO: [IP_Flow 19-234] Refreshing IP repositories
INFO: [IP_Flow 19-1704] No user IP repositories specified
INFO: [IP_Flow 19-2313] Loaded Vivado IP repository 'D:/Xilinx/Vivado/2023.2/data/ip'.
open_project: Time (s): cpu = 00:00:06 ; elapsed = 00:00:06 . Memory (MB): peak = 575.641 ; gain = 192.195
INFO: [Vivado 12-4149] The synthesis checkpoint for IP 'd:/digital_twin/digital_twin/digital_twin.srcs/sources_1/ip/pll_1/pll.xci' is already up-to-date
[Tue Apr 28 11:30:57 2026] Launched impl_1...
Run output will be captured here: d:/digital_twin/digital_twin/digital_twin.runs/impl_1/runme.log
[Tue Apr 28 11:30:57 2026] Waiting for impl_1 to finish...

*** Running vivado
    with args -log top.vdi -applog -m64 -product Vivado -messageDb vivado.pb -mode batch -source top.tcl -notrace



****** Vivado v2023.2 (64-bit)
  **** SW Build 4029153 on Fri Oct 13 20:14:34 MDT 2023
  **** IP Build 4028589 on Sat Oct 14 00:45:43 MDT 2023
  **** SharedData Build 4025554 on Tue Oct 10 17:18:54 MDT 2023
    ** Copyright 1986-2022 Xilinx, Inc. All Rights Reserved.
    ** Copyright 2022-2023 Advanced Micro Devices, Inc. All Rights Reserved.

source top.tcl -notrace
create_project: Time (s): cpu = 00:00:06 ; elapsed = 00:00:06 . Memory (MB): peak = 566.633 ; gain = 182.164
Command: link_design -top top -part xc7k325tffg900-2
Design is defaulting to srcset: sources_1
Design is defaulting to constrset: constrs_1
INFO: [Device 21-403] Loading part xc7k325tffg900-2
INFO: [Project 1-454] Reading design checkpoint 'd:/digital_twin/digital_twin/digital_twin.gen/sources_1/ip/pll/pll.dcp' for cell 'pll_inst'
INFO: [Project 1-454] Reading design checkpoint 'd:/digital_twin/digital_twin/digital_twin.gen/sources_1/ip/IROM/IROM.dcp' for cell 'student_top_inst/Mem_IROM'
INFO: [Project 1-454] Reading design checkpoint 'd:/digital_twin/digital_twin/digital_twin.gen/sources_1/ip/DRAM/DRAM.dcp' for cell 'student_top_inst/bridge_inst/dram_driver_inst/Mem_DRAM'
Netlist sorting complete. Time (s): cpu = 00:00:01 ; elapsed = 00:00:00.162 . Memory (MB): peak = 1064.762 ; gain = 0.000
INFO: [Netlist 29-17] Analyzing 10875 Unisim elements for replacement
INFO: [Netlist 29-28] Unisim Transformation completed in 3 CPU seconds
INFO: [Project 1-479] Netlist was created with Vivado 2023.2
INFO: [Project 1-570] Preparing netlist for logic optimization
Parsing XDC File [d:/digital_twin/digital_twin/digital_twin.gen/sources_1/ip/pll/pll_board.xdc] for cell 'pll_inst/inst'
Finished Parsing XDC File [d:/digital_twin/digital_twin/digital_twin.gen/sources_1/ip/pll/pll_board.xdc] for cell 'pll_inst/inst'
Parsing XDC File [d:/digital_twin/digital_twin/digital_twin.gen/sources_1/ip/pll/pll.xdc] for cell 'pll_inst/inst'
INFO: [Timing 38-35] Done setting XDC timing constraints. [d:/digital_twin/digital_twin/digital_twin.gen/sources_1/ip/pll/pll.xdc:54]
INFO: [Timing 38-2] Deriving generated clocks [d:/digital_twin/digital_twin/digital_twin.gen/sources_1/ip/pll/pll.xdc:54]
get_clocks: Time (s): cpu = 00:00:14 ; elapsed = 00:00:12 . Memory (MB): peak = 2028.566 ; gain = 708.250
Finished Parsing XDC File [d:/digital_twin/digital_twin/digital_twin.gen/sources_1/ip/pll/pll.xdc] for cell 'pll_inst/inst'
Parsing XDC File [d:/digital_twin/digital_twin/digital_twin.srcs/constrs_1/new/digital_twin.xdc]
Finished Parsing XDC File [d:/digital_twin/digital_twin/digital_twin.srcs/constrs_1/new/digital_twin.xdc]
INFO: [Opt 31-138] Pushed 0 inverter(s) to 0 load pin(s).
Netlist sorting complete. Time (s): cpu = 00:00:00 ; elapsed = 00:00:00.059 . Memory (MB): peak = 2028.922 ; gain = 0.000
INFO: [Project 1-111] Unisim Transformation Summary:
  A total of 8192 instances were transformed.
  RAM256X1S => RAM256X1S (MUXF7(x2), MUXF8, RAMS64E(x4)): 8192 instances

The system cannot find the path specified.
12 Infos, 0 Warnings, 0 Critical Warnings and 0 Errors encountered.
link_design completed successfully
link_design: Time (s): cpu = 00:00:33 ; elapsed = 00:00:32 . Memory (MB): peak = 2028.922 ; gain = 1447.609
Command: opt_design
Attempting to get a license for feature 'Implementation' and/or device 'xc7k325t'
INFO: [Common 17-349] Got license for feature 'Implementation' and/or device 'xc7k325t'
Running DRC as a precondition to command opt_design

Starting DRC Task
INFO: [DRC 23-27] Running DRC with 2 threads
INFO: [Project 1-461] DRC finished with 0 Errors
INFO: [Project 1-462] Please refer to the DRC report (report_drc) for more information.

Time (s): cpu = 00:00:02 ; elapsed = 00:00:02 . Memory (MB): peak = 2028.922 ; gain = 0.000

Starting Cache Timing Information Task
INFO: [Timing 38-35] Done setting XDC timing constraints.
Ending Cache Timing Information Task | Checksum: ee1d9adc

Time (s): cpu = 00:00:05 ; elapsed = 00:00:04 . Memory (MB): peak = 2062.758 ; gain = 33.836

Starting Logic Optimization Task

Phase 1 Initialization

Phase 1.1 Core Generation And Design Setup
Phase 1.1 Core Generation And Design Setup | Checksum: ee1d9adc

Time (s): cpu = 00:00:01 ; elapsed = 00:00:00.024 . Memory (MB): peak = 2418.332 ; gain = 0.000

Phase 1.2 Setup Constraints And Sort Netlist
Phase 1.2 Setup Constraints And Sort Netlist | Checksum: ee1d9adc

Time (s): cpu = 00:00:01 ; elapsed = 00:00:00.110 . Memory (MB): peak = 2418.332 ; gain = 0.000
Phase 1 Initialization | Checksum: ee1d9adc

Time (s): cpu = 00:00:01 ; elapsed = 00:00:00.128 . Memory (MB): peak = 2418.332 ; gain = 0.000

Phase 2 Timer Update And Timing Data Collection

Phase 2.1 Timer Update
Phase 2.1 Timer Update | Checksum: ee1d9adc

Time (s): cpu = 00:00:09 ; elapsed = 00:00:05 . Memory (MB): peak = 2464.480 ; gain = 46.148

Phase 2.2 Timing Data Collection
Phase 2.2 Timing Data Collection | Checksum: ee1d9adc

Time (s): cpu = 00:00:11 ; elapsed = 00:00:07 . Memory (MB): peak = 2464.480 ; gain = 46.148
Phase 2 Timer Update And Timing Data Collection | Checksum: ee1d9adc

Time (s): cpu = 00:00:11 ; elapsed = 00:00:07 . Memory (MB): peak = 2464.480 ; gain = 46.148

Phase 3 Retarget
INFO: [Opt 31-1566] Pulled 1 inverters resulting in an inversion of 36 pins
INFO: [Opt 31-138] Pushed 0 inverter(s) to 0 load pin(s).
INFO: [Opt 31-49] Retargeted 0 cell(s).
Phase 3 Retarget | Checksum: 16c8c4ee4

Time (s): cpu = 00:00:12 ; elapsed = 00:00:08 . Memory (MB): peak = 2464.480 ; gain = 46.148
Retarget | Checksum: 16c8c4ee4
INFO: [Opt 31-389] Phase Retarget created 0 cells and removed 1 cells
INFO: [Opt 31-1021] In phase Retarget, 1 netlist objects are constrained preventing optimization. Please run opt_design with -debug_log to get more detail. 

Phase 4 Constant propagation
INFO: [Opt 31-138] Pushed 0 inverter(s) to 0 load pin(s).
Phase 4 Constant propagation | Checksum: 13d488b17

Time (s): cpu = 00:00:12 ; elapsed = 00:00:08 . Memory (MB): peak = 2464.480 ; gain = 46.148
Constant propagation | Checksum: 13d488b17
INFO: [Opt 31-389] Phase Constant propagation created 0 cells and removed 0 cells

Phase 5 Sweep
Phase 5 Sweep | Checksum: d11019a9

Time (s): cpu = 00:00:13 ; elapsed = 00:00:09 . Memory (MB): peak = 2464.480 ; gain = 46.148
Sweep | Checksum: d11019a9
INFO: [Opt 31-389] Phase Sweep created 32 cells and removed 32 cells

Phase 6 BUFG optimization
Phase 6 BUFG optimization | Checksum: d11019a9

Time (s): cpu = 00:00:18 ; elapsed = 00:00:12 . Memory (MB): peak = 2464.480 ; gain = 46.148
BUFG optimization | Checksum: d11019a9
INFO: [Opt 31-662] Phase BUFG optimization created 0 cells of which 0 are BUFGs and removed 0 cells.

Phase 7 Shift Register Optimization
INFO: [Opt 31-1064] SRL Remap converted 0 SRLs to 0 registers and converted 0 registers of register chains to 0 SRLs
Phase 7 Shift Register Optimization | Checksum: d11019a9

Time (s): cpu = 00:00:18 ; elapsed = 00:00:12 . Memory (MB): peak = 2464.480 ; gain = 46.148
Shift Register Optimization | Checksum: d11019a9
INFO: [Opt 31-389] Phase Shift Register Optimization created 0 cells and removed 0 cells

Phase 8 Post Processing Netlist
Phase 8 Post Processing Netlist | Checksum: d11019a9

Time (s): cpu = 00:00:18 ; elapsed = 00:00:12 . Memory (MB): peak = 2464.480 ; gain = 46.148
Post Processing Netlist | Checksum: d11019a9
INFO: [Opt 31-389] Phase Post Processing Netlist created 0 cells and removed 0 cells

Phase 9 Finalization

Phase 9.1 Finalizing Design Cores and Updating Shapes
Phase 9.1 Finalizing Design Cores and Updating Shapes | Checksum: a697f940

Time (s): cpu = 00:00:19 ; elapsed = 00:00:13 . Memory (MB): peak = 2464.480 ; gain = 46.148

Phase 9.2 Verifying Netlist Connectivity

Starting Connectivity Check Task

Time (s): cpu = 00:00:00 ; elapsed = 00:00:00.114 . Memory (MB): peak = 2464.480 ; gain = 0.000
Phase 9.2 Verifying Netlist Connectivity | Checksum: a697f940

Time (s): cpu = 00:00:19 ; elapsed = 00:00:13 . Memory (MB): peak = 2464.480 ; gain = 46.148
Phase 9 Finalization | Checksum: a697f940

Time (s): cpu = 00:00:19 ; elapsed = 00:00:13 . Memory (MB): peak = 2464.480 ; gain = 46.148
Opt_design Change Summary
=========================


-------------------------------------------------------------------------------------------------------------------------
|  Phase                        |  #Cells created  |  #Cells Removed  |  #Constrained objects preventing optimizations  |
-------------------------------------------------------------------------------------------------------------------------
|  Retarget                     |               0  |               1  |                                              1  |
|  Constant propagation         |               0  |               0  |                                              0  |
|  Sweep                        |              32  |              32  |                                              0  |
|  BUFG optimization            |               0  |               0  |                                              0  |
|  Shift Register Optimization  |               0  |               0  |                                              0  |
|  Post Processing Netlist      |               0  |               0  |                                              0  |
-------------------------------------------------------------------------------------------------------------------------


Ending Logic Optimization Task | Checksum: a697f940

Time (s): cpu = 00:00:19 ; elapsed = 00:00:13 . Memory (MB): peak = 2464.480 ; gain = 46.148
INFO: [Constraints 18-11670] Building netlist checker database with flags, 0x8
Done building netlist checker database: Time (s): cpu = 00:00:00 ; elapsed = 00:00:00.094 . Memory (MB): peak = 2464.480 ; gain = 0.000

Starting Power Optimization Task
INFO: [Pwropt 34-132] Skipping clock gating for clocks with a period < 2.00 ns.
Ending Power Optimization Task | Checksum: a697f940

Time (s): cpu = 00:00:01 ; elapsed = 00:00:00.144 . Memory (MB): peak = 2464.480 ; gain = 0.000

Starting Final Cleanup Task
Ending Final Cleanup Task | Checksum: a697f940

Time (s): cpu = 00:00:00 ; elapsed = 00:00:00.022 . Memory (MB): peak = 2464.480 ; gain = 0.000

Starting Netlist Obfuscation Task
Netlist sorting complete. Time (s): cpu = 00:00:00 ; elapsed = 00:00:00.071 . Memory (MB): peak = 2464.480 ; gain = 0.000
Ending Netlist Obfuscation Task | Checksum: a697f940

Time (s): cpu = 00:00:00 ; elapsed = 00:00:00.092 . Memory (MB): peak = 2464.480 ; gain = 0.000
INFO: [Common 17-83] Releasing license: Implementation
32 Infos, 0 Warnings, 0 Critical Warnings and 0 Errors encountered.
opt_design completed successfully
opt_design: Time (s): cpu = 00:00:31 ; elapsed = 00:00:23 . Memory (MB): peak = 2464.480 ; gain = 435.559
INFO: [runtcl-4] Executing : report_drc -file top_drc_opted.rpt -pb top_drc_opted.pb -rpx top_drc_opted.rpx
Command: report_drc -file top_drc_opted.rpt -pb top_drc_opted.pb -rpx top_drc_opted.rpx
INFO: [IP_Flow 19-1839] IP Catalog is up to date.
INFO: [DRC 23-27] Running DRC with 2 threads
INFO: [Vivado_Tcl 2-168] The results of DRC are in file d:/digital_twin/digital_twin/digital_twin.runs/impl_1/top_drc_opted.rpt.
report_drc completed successfully
report_drc: Time (s): cpu = 00:00:08 ; elapsed = 00:00:07 . Memory (MB): peak = 2464.480 ; gain = 0.000
INFO: [Timing 38-480] Writing timing data to binary archive.
Wrote PlaceDB: Time (s): cpu = 00:00:00 ; elapsed = 00:00:00.005 . Memory (MB): peak = 2464.480 ; gain = 0.000
Wrote PulsedLatchDB: Time (s): cpu = 00:00:00 ; elapsed = 00:00:00.001 . Memory (MB): peak = 2464.480 ; gain = 0.000
Writing XDEF routing.
Writing XDEF routing logical nets.
Writing XDEF routing special nets.
Wrote RouteStorage: Time (s): cpu = 00:00:00 ; elapsed = 00:00:00.144 . Memory (MB): peak = 2464.480 ; gain = 0.000
Wrote Netlist Cache: Time (s): cpu = 00:00:00 ; elapsed = 00:00:00.001 . Memory (MB): peak = 2464.480 ; gain = 0.000
Wrote Device Cache: Time (s): cpu = 00:00:00 ; elapsed = 00:00:00.010 . Memory (MB): peak = 2464.480 ; gain = 0.000
Write Physdb Complete: Time (s): cpu = 00:00:00 ; elapsed = 00:00:00.170 . Memory (MB): peak = 2464.480 ; gain = 0.000
Write ShapeDB Complete: Time (s): cpu = 00:00:01 ; elapsed = 00:00:00.422 . Memory (MB): peak = 2464.480 ; gain = 0.000
INFO: [Common 17-1381] The checkpoint 'd:/digital_twin/digital_twin/digital_twin.runs/impl_1/top_opt.dcp' has been generated.
Command: place_design
Attempting to get a license for feature 'Implementation' and/or device 'xc7k325t'
INFO: [Common 17-349] Got license for feature 'Implementation' and/or device 'xc7k325t'
INFO: [Common 17-83] Releasing license: Implementation
INFO: [DRC 23-27] Running DRC with 2 threads
INFO: [Vivado_Tcl 4-198] DRC finished with 0 Errors
INFO: [Vivado_Tcl 4-199] Please refer to the DRC report (report_drc) for more information.
Running DRC as a precondition to command place_design
INFO: [DRC 23-27] Running DRC with 2 threads
INFO: [Vivado_Tcl 4-198] DRC finished with 0 Errors
INFO: [Vivado_Tcl 4-199] Please refer to the DRC report (report_drc) for more information.
INFO: [Place 30-611] Multithreading enabled for place_design using a maximum of 2 CPUs

Starting Placer Task

Phase 1 Placer Initialization

Phase 1.1 Placer Initialization Netlist Sorting
Netlist sorting complete. Time (s): cpu = 00:00:00 ; elapsed = 00:00:00.050 . Memory (MB): peak = 2464.480 ; gain = 0.000
Phase 1.1 Placer Initialization Netlist Sorting | Checksum: 2859cefe

Time (s): cpu = 00:00:00 ; elapsed = 00:00:00.065 . Memory (MB): peak = 2464.480 ; gain = 0.000
Netlist sorting complete. Time (s): cpu = 00:00:00 ; elapsed = 00:00:00.049 . Memory (MB): peak = 2464.480 ; gain = 0.000

Phase 1.2 IO Placement/ Clock Placement/ Build Placer Device
INFO: [Timing 38-35] Done setting XDC timing constraints.
Phase 1.2 IO Placement/ Clock Placement/ Build Placer Device | Checksum: e5fc18eb

Time (s): cpu = 00:00:08 ; elapsed = 00:00:07 . Memory (MB): peak = 2492.055 ; gain = 27.574

Phase 1.3 Build Placer Netlist Model
Phase 1.3 Build Placer Netlist Model | Checksum: 144266005

Time (s): cpu = 00:00:46 ; elapsed = 00:00:36 . Memory (MB): peak = 3051.914 ; gain = 587.434

Phase 1.4 Constrain Clocks/Macros
Phase 1.4 Constrain Clocks/Macros | Checksum: 144266005

Time (s): cpu = 00:00:46 ; elapsed = 00:00:36 . Memory (MB): peak = 3051.914 ; gain = 587.434
Phase 1 Placer Initialization | Checksum: 144266005

Time (s): cpu = 00:00:46 ; elapsed = 00:00:36 . Memory (MB): peak = 3051.914 ; gain = 587.434

Phase 2 Global Placement

Phase 2.1 Floorplanning
Phase 2.1 Floorplanning | Checksum: 194659222

Time (s): cpu = 00:00:57 ; elapsed = 00:00:44 . Memory (MB): peak = 3051.914 ; gain = 587.434

Phase 2.2 Update Timing before SLR Path Opt
Phase 2.2 Update Timing before SLR Path Opt | Checksum: 17578e596

Time (s): cpu = 00:01:08 ; elapsed = 00:00:52 . Memory (MB): peak = 3051.914 ; gain = 587.434

Phase 2.3 Post-Processing in Floorplanning
Phase 2.3 Post-Processing in Floorplanning | Checksum: 17578e596

Time (s): cpu = 00:01:09 ; elapsed = 00:00:52 . Memory (MB): peak = 3051.914 ; gain = 587.434

Phase 2.4 Global Placement Core

Phase 2.4.1 UpdateTiming Before Physical Synthesis
Phase 2.4.1 UpdateTiming Before Physical Synthesis | Checksum: 119c7a94a

Time (s): cpu = 00:01:49 ; elapsed = 00:01:20 . Memory (MB): peak = 3051.914 ; gain = 587.434

Phase 2.4.2 Physical Synthesis In Placer
INFO: [Physopt 32-1035] Found 0 LUTNM shape to break, 52 LUT instances to create LUTNM shape
INFO: [Physopt 32-1044] Break lutnm for timing: one critical 0, two critical 0, total 0, new lutff created 0
INFO: [Physopt 32-1138] End 1 Pass. Optimized 23 nets or LUTs. Breaked 0 LUT, combined 23 existing LUTs and moved 0 existing LUT
INFO: [Physopt 32-1132] Very high fanout net 'student_top_inst/Core_cpu/d[31]' is not considered as a candidate in VHFN optimzation. The fanout considered for this optimization is changed from 1024 to 257 due to a timing constraint that prevent optimization on all of the loads. To force replication, set the FORCE_MAX_FANOUT property on the net to a number less than 257.
INFO: [Physopt 32-1132] Very high fanout net 'student_top_inst/Core_cpu/d[22]' is not considered as a candidate in VHFN optimzation. The fanout considered for this optimization is changed from 1024 to 257 due to a timing constraint that prevent optimization on all of the loads. To force replication, set the FORCE_MAX_FANOUT property on the net to a number less than 257.
INFO: [Physopt 32-1132] Very high fanout net 'student_top_inst/Core_cpu/d[21]' is not considered as a candidate in VHFN optimzation. The fanout considered for this optimization is changed from 1024 to 257 due to a timing constraint that prevent optimization on all of the loads. To force replication, set the FORCE_MAX_FANOUT property on the net to a number less than 257.
INFO: [Physopt 32-1132] Very high fanout net 'student_top_inst/Core_cpu/d[20]' is not considered as a candidate in VHFN optimzation. The fanout considered for this optimization is changed from 1024 to 257 due to a timing constraint that prevent optimization on all of the loads. To force replication, set the FORCE_MAX_FANOUT property on the net to a number less than 257.
INFO: [Physopt 32-1132] Very high fanout net 'student_top_inst/Core_cpu/d[19]' is not considered as a candidate in VHFN optimzation. The fanout considered for this optimization is changed from 1024 to 257 due to a timing constraint that prevent optimization on all of the loads. To force replication, set the FORCE_MAX_FANOUT property on the net to a number less than 257.
INFO: [Physopt 32-1132] Very high fanout net 'student_top_inst/Core_cpu/d[18]' is not considered as a candidate in VHFN optimzation. The fanout considered for this optimization is changed from 1024 to 257 due to a timing constraint that prevent optimization on all of the loads. To force replication, set the FORCE_MAX_FANOUT property on the net to a number less than 257.
INFO: [Physopt 32-1132] Very high fanout net 'student_top_inst/Core_cpu/d[17]' is not considered as a candidate in VHFN optimzation. The fanout considered for this optimization is changed from 1024 to 257 due to a timing constraint that prevent optimization on all of the loads. To force replication, set the FORCE_MAX_FANOUT property on the net to a number less than 257.
INFO: [Physopt 32-1132] Very high fanout net 'student_top_inst/Core_cpu/d[16]' is not considered as a candidate in VHFN optimzation. The fanout considered for this optimization is changed from 1024 to 257 due to a timing constraint that prevent optimization on all of the loads. To force replication, set the FORCE_MAX_FANOUT property on the net to a number less than 257.
INFO: [Physopt 32-1132] Very high fanout net 'student_top_inst/Core_cpu/d[15]' is not considered as a candidate in VHFN optimzation. The fanout considered for this optimization is changed from 1024 to 257 due to a timing constraint that prevent optimization on all of the loads. To force replication, set the FORCE_MAX_FANOUT property on the net to a number less than 257.
INFO: [Physopt 32-1132] Very high fanout net 'student_top_inst/Core_cpu/d[14]' is not considered as a candidate in VHFN optimzation. The fanout considered for this optimization is changed from 1024 to 257 due to a timing constraint that prevent optimization on all of the loads. To force replication, set the FORCE_MAX_FANOUT property on the net to a number less than 257.
INFO: [Physopt 32-1132] Very high fanout net 'student_top_inst/Core_cpu/d[13]' is not considered as a candidate in VHFN optimzation. The fanout considered for this optimization is changed from 1024 to 257 due to a timing constraint that prevent optimization on all of the loads. To force replication, set the FORCE_MAX_FANOUT property on the net to a number less than 257.
INFO: [Physopt 32-1132] Very high fanout net 'student_top_inst/Core_cpu/d[30]' is not considered as a candidate in VHFN optimzation. The fanout considered for this optimization is changed from 1024 to 257 due to a timing constraint that prevent optimization on all of the loads. To force replication, set the FORCE_MAX_FANOUT property on the net to a number less than 257.
INFO: [Physopt 32-1132] Very high fanout net 'student_top_inst/Core_cpu/d[12]' is not considered as a candidate in VHFN optimzation. The fanout considered for this optimization is changed from 1024 to 257 due to a timing constraint that prevent optimization on all of the loads. To force replication, set the FORCE_MAX_FANOUT property on the net to a number less than 257.
INFO: [Physopt 32-1132] Very high fanout net 'student_top_inst/Core_cpu/d[11]' is not considered as a candidate in VHFN optimzation. The fanout considered for this optimization is changed from 1024 to 257 due to a timing constraint that prevent optimization on all of the loads. To force replication, set the FORCE_MAX_FANOUT property on the net to a number less than 257.
INFO: [Physopt 32-1132] Very high fanout net 'student_top_inst/Core_cpu/d[10]' is not considered as a candidate in VHFN optimzation. The fanout considered for this optimization is changed from 1024 to 257 due to a timing constraint that prevent optimization on all of the loads. To force replication, set the FORCE_MAX_FANOUT property on the net to a number less than 257.
INFO: [Physopt 32-1132] Very high fanout net 'student_top_inst/Core_cpu/d[9]' is not considered as a candidate in VHFN optimzation. The fanout considered for this optimization is changed from 1024 to 257 due to a timing constraint that prevent optimization on all of the loads. To force replication, set the FORCE_MAX_FANOUT property on the net to a number less than 257.
INFO: [Physopt 32-1132] Very high fanout net 'student_top_inst/Core_cpu/d[8]' is not considered as a candidate in VHFN optimzation. The fanout considered for this optimization is changed from 1024 to 257 due to a timing constraint that prevent optimization on all of the loads. To force replication, set the FORCE_MAX_FANOUT property on the net to a number less than 257.
INFO: [Physopt 32-1132] Very high fanout net 'student_top_inst/Core_cpu/d[7]' is not considered as a candidate in VHFN optimzation. The fanout considered for this optimization is changed from 1024 to 257 due to a timing constraint that prevent optimization on all of the loads. To force replication, set the FORCE_MAX_FANOUT property on the net to a number less than 257.
INFO: [Physopt 32-1132] Very high fanout net 'student_top_inst/Core_cpu/d[6]' is not considered as a candidate in VHFN optimzation. The fanout considered for this optimization is changed from 1024 to 257 due to a timing constraint that prevent optimization on all of the loads. To force replication, set the FORCE_MAX_FANOUT property on the net to a number less than 257.
INFO: [Physopt 32-1132] Very high fanout net 'student_top_inst/Core_cpu/d[5]' is not considered as a candidate in VHFN optimzation. The fanout considered for this optimization is changed from 1024 to 257 due to a timing constraint that prevent optimization on all of the loads. To force replication, set the FORCE_MAX_FANOUT property on the net to a number less than 257.
INFO: [Physopt 32-1132] Very high fanout net 'student_top_inst/Core_cpu/d[4]' is not considered as a candidate in VHFN optimzation. The fanout considered for this optimization is changed from 1024 to 257 due to a timing constraint that prevent optimization on all of the loads. To force replication, set the FORCE_MAX_FANOUT property on the net to a number less than 257.
INFO: [Physopt 32-1132] Very high fanout net 'student_top_inst/Core_cpu/d[3]' is not considered as a candidate in VHFN optimzation. The fanout considered for this optimization is changed from 1024 to 257 due to a timing constraint that prevent optimization on all of the loads. To force replication, set the FORCE_MAX_FANOUT property on the net to a number less than 257.
INFO: [Physopt 32-1132] Very high fanout net 'student_top_inst/Core_cpu/d[29]' is not considered as a candidate in VHFN optimzation. The fanout considered for this optimization is changed from 1024 to 257 due to a timing constraint that prevent optimization on all of the loads. To force replication, set the FORCE_MAX_FANOUT property on the net to a number less than 257.
INFO: [Physopt 32-1132] Very high fanout net 'student_top_inst/Core_cpu/d[2]' is not considered as a candidate in VHFN optimzation. The fanout considered for this optimization is changed from 1024 to 257 due to a timing constraint that prevent optimization on all of the loads. To force replication, set the FORCE_MAX_FANOUT property on the net to a number less than 257.
INFO: [Physopt 32-1132] Very high fanout net 'student_top_inst/Core_cpu/d[1]' is not considered as a candidate in VHFN optimzation. The fanout considered for this optimization is changed from 1024 to 257 due to a timing constraint that prevent optimization on all of the loads. To force replication, set the FORCE_MAX_FANOUT property on the net to a number less than 257.
INFO: [Physopt 32-1132] Very high fanout net 'student_top_inst/Core_cpu/d[0]' is not considered as a candidate in VHFN optimzation. The fanout considered for this optimization is changed from 1024 to 257 due to a timing constraint that prevent optimization on all of the loads. To force replication, set the FORCE_MAX_FANOUT property on the net to a number less than 257.
INFO: [Physopt 32-1132] Very high fanout net 'student_top_inst/Core_cpu/d[28]' is not considered as a candidate in VHFN optimzation. The fanout considered for this optimization is changed from 1024 to 257 due to a timing constraint that prevent optimization on all of the loads. To force replication, set the FORCE_MAX_FANOUT property on the net to a number less than 257.
INFO: [Physopt 32-1132] Very high fanout net 'student_top_inst/Core_cpu/d[27]' is not considered as a candidate in VHFN optimzation. The fanout considered for this optimization is changed from 1024 to 257 due to a timing constraint that prevent optimization on all of the loads. To force replication, set the FORCE_MAX_FANOUT property on the net to a number less than 257.
INFO: [Physopt 32-1132] Very high fanout net 'student_top_inst/Core_cpu/d[26]' is not considered as a candidate in VHFN optimzation. The fanout considered for this optimization is changed from 1024 to 257 due to a timing constraint that prevent optimization on all of the loads. To force replication, set the FORCE_MAX_FANOUT property on the net to a number less than 257.
INFO: [Physopt 32-1132] Very high fanout net 'student_top_inst/Core_cpu/d[25]' is not considered as a candidate in VHFN optimzation. The fanout considered for this optimization is changed from 1024 to 257 due to a timing constraint that prevent optimization on all of the loads. To force replication, set the FORCE_MAX_FANOUT property on the net to a number less than 257.
INFO: [Physopt 32-1132] Very high fanout net 'student_top_inst/Core_cpu/d[24]' is not considered as a candidate in VHFN optimzation. The fanout considered for this optimization is changed from 1024 to 257 due to a timing constraint that prevent optimization on all of the loads. To force replication, set the FORCE_MAX_FANOUT property on the net to a number less than 257.
INFO: [Physopt 32-1132] Very high fanout net 'student_top_inst/Core_cpu/d[23]' is not considered as a candidate in VHFN optimzation. The fanout considered for this optimization is changed from 1024 to 257 due to a timing constraint that prevent optimization on all of the loads. To force replication, set the FORCE_MAX_FANOUT property on the net to a number less than 257.
INFO: [Physopt 32-65] No nets found for high-fanout optimization.
INFO: [Physopt 32-232] Optimized 0 net. Created 0 new instance.
INFO: [Physopt 32-775] End 1 Pass. Optimized 0 net or cell. Created 0 new cell, deleted 0 existing cell and moved 0 existing cell
INFO: [Physopt 32-670] No setup violation found.  DSP Register Optimization was not performed.
INFO: [Physopt 32-670] No setup violation found.  Shift Register to Pipeline Optimization was not performed.
INFO: [Physopt 32-670] No setup violation found.  Shift Register Optimization was not performed.
INFO: [Physopt 32-670] No setup violation found.  BRAM Register Optimization was not performed.
INFO: [Physopt 32-670] No setup violation found.  URAM Register Optimization was not performed.
INFO: [Physopt 32-949] No candidate nets found for dynamic/static region interface net replication
INFO: [Physopt 32-775] End 1 Pass. Optimized 0 net or cell. Created 0 new cell, deleted 0 existing cell and moved 0 existing cell
Netlist sorting complete. Time (s): cpu = 00:00:00 ; elapsed = 00:00:00.064 . Memory (MB): peak = 3051.914 ; gain = 0.000

Summary of Physical Synthesis Optimizations
============================================


-----------------------------------------------------------------------------------------------------------------------------------------------------------
|  Optimization                                     |  Added Cells  |  Removed Cells  |  Optimized Cells/Nets  |  Dont Touch  |  Iterations  |  Elapsed   |
-----------------------------------------------------------------------------------------------------------------------------------------------------------
|  LUT Combining                                    |            0  |             23  |                    23  |           0  |           1  |  00:00:00  |
|  Retime                                           |            0  |              0  |                     0  |           0  |           1  |  00:00:00  |
|  Very High Fanout                                 |            0  |              0  |                     0  |           0  |           1  |  00:00:00  |
|  DSP Register                                     |            0  |              0  |                     0  |           0  |           0  |  00:00:00  |
|  Shift Register to Pipeline                       |            0  |              0  |                     0  |           0  |           0  |  00:00:00  |
|  Shift Register                                   |            0  |              0  |                     0  |           0  |           0  |  00:00:00  |
|  BRAM Register                                    |            0  |              0  |                     0  |           0  |           0  |  00:00:00  |
|  URAM Register                                    |            0  |              0  |                     0  |           0  |           0  |  00:00:00  |
|  Dynamic/Static Region Interface Net Replication  |            0  |              0  |                     0  |           0  |           1  |  00:00:00  |
|  Total                                            |            0  |             23  |                    23  |           0  |           4  |  00:00:01  |
-----------------------------------------------------------------------------------------------------------------------------------------------------------


Phase 2.4.2 Physical Synthesis In Placer | Checksum: d3508715

Time (s): cpu = 00:02:01 ; elapsed = 00:01:29 . Memory (MB): peak = 3051.914 ; gain = 587.434
Phase 2.4 Global Placement Core | Checksum: 6a3ba249

Time (s): cpu = 00:02:04 ; elapsed = 00:01:31 . Memory (MB): peak = 3051.914 ; gain = 587.434
Phase 2 Global Placement | Checksum: 6a3ba249

Time (s): cpu = 00:02:04 ; elapsed = 00:01:31 . Memory (MB): peak = 3051.914 ; gain = 587.434

Phase 3 Detail Placement

Phase 3.1 Commit Multi Column Macros
Phase 3.1 Commit Multi Column Macros | Checksum: 9f390a0f

Time (s): cpu = 00:02:17 ; elapsed = 00:01:40 . Memory (MB): peak = 3051.914 ; gain = 587.434

Phase 3.2 Commit Most Macros & LUTRAMs
Phase 3.2 Commit Most Macros & LUTRAMs | Checksum: bbe5e801

Time (s): cpu = 00:02:59 ; elapsed = 00:02:13 . Memory (MB): peak = 3051.914 ; gain = 587.434

Phase 3.3 Area Swap Optimization
Phase 3.3 Area Swap Optimization | Checksum: 13d851303

Time (s): cpu = 00:03:00 ; elapsed = 00:02:14 . Memory (MB): peak = 3051.914 ; gain = 587.434

Phase 3.4 Pipeline Register Optimization
Phase 3.4 Pipeline Register Optimization | Checksum: a65f6084

Time (s): cpu = 00:03:01 ; elapsed = 00:02:15 . Memory (MB): peak = 3051.914 ; gain = 587.434

Phase 3.5 Small Shape Detail Placement
Phase 3.5 Small Shape Detail Placement | Checksum: 16af058a5

Time (s): cpu = 00:03:09 ; elapsed = 00:02:23 . Memory (MB): peak = 3051.914 ; gain = 587.434

Phase 3.6 Re-assign LUT pins
Phase 3.6 Re-assign LUT pins | Checksum: 1c9ebd365

Time (s): cpu = 00:03:10 ; elapsed = 00:02:24 . Memory (MB): peak = 3051.914 ; gain = 587.434

Phase 3.7 Pipeline Register Optimization
Phase 3.7 Pipeline Register Optimization | Checksum: 1b39221e4

Time (s): cpu = 00:03:11 ; elapsed = 00:02:24 . Memory (MB): peak = 3051.914 ; gain = 587.434
Phase 3 Detail Placement | Checksum: 1b39221e4

Time (s): cpu = 00:03:11 ; elapsed = 00:02:25 . Memory (MB): peak = 3051.914 ; gain = 587.434

Phase 4 Post Placement Optimization and Clean-Up

Phase 4.1 Post Commit Optimization
INFO: [Timing 38-35] Done setting XDC timing constraints.

Phase 4.1.1 Post Placement Optimization
Post Placement Optimization Initialization | Checksum: 2b5e5cffb

Phase 4.1.1.1 BUFG Insertion

Starting Physical Synthesis Task

Phase 1 Physical Synthesis Initialization
INFO: [Physopt 32-721] Multithreading enabled for phys_opt_design using a maximum of 2 CPUs
INFO: [Physopt 32-619] Estimated Timing Summary | WNS=7.637 | TNS=0.000 |
Phase 1 Physical Synthesis Initialization | Checksum: 250857e4f

Time (s): cpu = 00:00:09 ; elapsed = 00:00:08 . Memory (MB): peak = 3058.438 ; gain = 6.523
INFO: [Place 46-33] Processed net student_top_inst/Core_cpu/u_rf/bbstub_locked, BUFG insertion was skipped due to placement/routing conflicts.
INFO: [Place 46-56] BUFG insertion identified 1 candidate nets. Inserted BUFG: 0, Replicated BUFG Driver: 0, Skipped due to Placement/Routing Conflicts: 1, Skipped due to Timing Degradation: 0, Skipped due to netlist editing failed: 0.
Ending Physical Synthesis Task | Checksum: 250857e4f

Time (s): cpu = 00:00:14 ; elapsed = 00:00:11 . Memory (MB): peak = 3059.621 ; gain = 7.707
Phase 4.1.1.1 BUFG Insertion | Checksum: 2b5e5cffb

Time (s): cpu = 00:03:59 ; elapsed = 00:02:58 . Memory (MB): peak = 3059.621 ; gain = 595.141

Phase 4.1.1.2 Post Placement Timing Optimization
INFO: [Place 30-746] Post Placement Timing Summary WNS=7.637. For the most accurate timing information please run report_timing.
Phase 4.1.1.2 Post Placement Timing Optimization | Checksum: 256f3b30d

Time (s): cpu = 00:03:59 ; elapsed = 00:02:59 . Memory (MB): peak = 3059.621 ; gain = 595.141

Time (s): cpu = 00:03:59 ; elapsed = 00:02:59 . Memory (MB): peak = 3059.621 ; gain = 595.141
Phase 4.1 Post Commit Optimization | Checksum: 256f3b30d

Time (s): cpu = 00:04:00 ; elapsed = 00:02:59 . Memory (MB): peak = 3059.621 ; gain = 595.141

Phase 4.2 Post Placement Cleanup
Phase 4.2 Post Placement Cleanup | Checksum: 256f3b30d

Time (s): cpu = 00:04:02 ; elapsed = 00:03:02 . Memory (MB): peak = 3060.520 ; gain = 596.039

Phase 4.3 Placer Reporting

Phase 4.3.1 Print Estimated Congestion
INFO: [Place 30-612] Post-Placement Estimated Congestion 
 ____________________________________________________
|           | Global Congestion | Short Congestion  |
| Direction | Region Size       | Region Size       |
|___________|___________________|___________________|
|      North|                1x1|                2x2|
|___________|___________________|___________________|
|      South|                1x1|                1x1|
|___________|___________________|___________________|
|       East|                1x1|                1x1|
|___________|___________________|___________________|
|       West|                1x1|                1x1|
|___________|___________________|___________________|

Phase 4.3.1 Print Estimated Congestion | Checksum: 256f3b30d

Time (s): cpu = 00:04:02 ; elapsed = 00:03:02 . Memory (MB): peak = 3060.520 ; gain = 596.039
Phase 4.3 Placer Reporting | Checksum: 256f3b30d

Time (s): cpu = 00:04:03 ; elapsed = 00:03:02 . Memory (MB): peak = 3060.520 ; gain = 596.039

Phase 4.4 Final Placement Cleanup
Netlist sorting complete. Time (s): cpu = 00:00:00 ; elapsed = 00:00:00.050 . Memory (MB): peak = 3060.520 ; gain = 0.000

Time (s): cpu = 00:04:03 ; elapsed = 00:03:03 . Memory (MB): peak = 3060.520 ; gain = 596.039
Phase 4 Post Placement Optimization and Clean-Up | Checksum: 214a9473d

Time (s): cpu = 00:04:03 ; elapsed = 00:03:03 . Memory (MB): peak = 3060.520 ; gain = 596.039
Ending Placer Task | Checksum: 18ffce83d

Time (s): cpu = 00:04:04 ; elapsed = 00:03:03 . Memory (MB): peak = 3060.520 ; gain = 596.039
100 Infos, 0 Warnings, 0 Critical Warnings and 0 Errors encountered.
place_design completed successfully
place_design: Time (s): cpu = 00:04:08 ; elapsed = 00:03:06 . Memory (MB): peak = 3060.520 ; gain = 596.039
INFO: [runtcl-4] Executing : report_io -file top_io_placed.rpt
report_io: Time (s): cpu = 00:00:00 ; elapsed = 00:00:00.136 . Memory (MB): peak = 3060.520 ; gain = 0.000
INFO: [runtcl-4] Executing : report_utilization -file top_utilization_placed.rpt -pb top_utilization_placed.pb
INFO: [runtcl-4] Executing : report_control_sets -verbose -file top_control_sets_placed.rpt
report_control_sets: Time (s): cpu = 00:00:00 ; elapsed = 00:00:00.413 . Memory (MB): peak = 3060.520 ; gain = 0.000
INFO: [Timing 38-480] Writing timing data to binary archive.
Write ShapeDB Complete: Time (s): cpu = 00:00:02 ; elapsed = 00:00:00.293 . Memory (MB): peak = 3060.520 ; gain = 0.000
Wrote PlaceDB: Time (s): cpu = 00:00:08 ; elapsed = 00:00:04 . Memory (MB): peak = 3060.520 ; gain = 0.000
Wrote PulsedLatchDB: Time (s): cpu = 00:00:00 ; elapsed = 00:00:00 . Memory (MB): peak = 3060.520 ; gain = 0.000
Writing XDEF routing.
Writing XDEF routing logical nets.
Writing XDEF routing special nets.
Wrote RouteStorage: Time (s): cpu = 00:00:00 ; elapsed = 00:00:00.123 . Memory (MB): peak = 3060.520 ; gain = 0.000
Wrote Netlist Cache: Time (s): cpu = 00:00:00 ; elapsed = 00:00:00.072 . Memory (MB): peak = 3060.520 ; gain = 0.000
Wrote Device Cache: Time (s): cpu = 00:00:00 ; elapsed = 00:00:00.005 . Memory (MB): peak = 3060.520 ; gain = 0.000
Write Physdb Complete: Time (s): cpu = 00:00:08 ; elapsed = 00:00:04 . Memory (MB): peak = 3060.520 ; gain = 0.000
report_design_analysis: Time (s): cpu = 00:00:06 ; elapsed = 00:00:06 . Memory (MB): peak = 3079.453 ; gain = 18.934
INFO: [Common 17-1381] The checkpoint 'd:/digital_twin/digital_twin/digital_twin.runs/impl_1/top_placed.dcp' has been generated.
write_checkpoint: Time (s): cpu = 00:00:16 ; elapsed = 00:00:13 . Memory (MB): peak = 3079.453 ; gain = 18.934
Command: phys_opt_design
Attempting to get a license for feature 'Implementation' and/or device 'xc7k325t'
INFO: [Common 17-349] Got license for feature 'Implementation' and/or device 'xc7k325t'

Starting Initial Update Timing Task

Time (s): cpu = 00:00:41 ; elapsed = 00:00:27 . Memory (MB): peak = 3285.410 ; gain = 205.957
INFO: [Vivado_Tcl 4-383] Design worst setup slack (WNS) is greater than or equal to 0.000 ns. Skipping all physical synthesis optimizations.
INFO: [Vivado_Tcl 4-232] No setup violation found. The netlist was not modified.
INFO: [Common 17-83] Releasing license: Implementation
109 Infos, 0 Warnings, 0 Critical Warnings and 0 Errors encountered.
phys_opt_design completed successfully
phys_opt_design: Time (s): cpu = 00:00:42 ; elapsed = 00:00:28 . Memory (MB): peak = 3285.410 ; gain = 205.957
INFO: [Timing 38-480] Writing timing data to binary archive.
Write ShapeDB Complete: Time (s): cpu = 00:00:01 ; elapsed = 00:00:00.273 . Memory (MB): peak = 3357.066 ; gain = 53.320
Wrote PlaceDB: Time (s): cpu = 00:00:07 ; elapsed = 00:00:04 . Memory (MB): peak = 3357.145 ; gain = 51.258
Wrote PulsedLatchDB: Time (s): cpu = 00:00:00 ; elapsed = 00:00:00 . Memory (MB): peak = 3357.145 ; gain = 0.000
Writing XDEF routing.
Writing XDEF routing logical nets.
Writing XDEF routing special nets.
Wrote RouteStorage: Time (s): cpu = 00:00:00 ; elapsed = 00:00:00.088 . Memory (MB): peak = 3357.145 ; gain = 0.000
Wrote Netlist Cache: Time (s): cpu = 00:00:00 ; elapsed = 00:00:00.068 . Memory (MB): peak = 3357.145 ; gain = 0.000
Wrote Device Cache: Time (s): cpu = 00:00:00 ; elapsed = 00:00:00.005 . Memory (MB): peak = 3357.145 ; gain = 0.000
Write Physdb Complete: Time (s): cpu = 00:00:07 ; elapsed = 00:00:04 . Memory (MB): peak = 3357.145 ; gain = 53.398
INFO: [Common 17-1381] The checkpoint 'd:/digital_twin/digital_twin/digital_twin.runs/impl_1/top_physopt.dcp' has been generated.
write_checkpoint: Time (s): cpu = 00:00:09 ; elapsed = 00:00:07 . Memory (MB): peak = 3357.145 ; gain = 71.734
Command: route_design
Attempting to get a license for feature 'Implementation' and/or device 'xc7k325t'
INFO: [Common 17-349] Got license for feature 'Implementation' and/or device 'xc7k325t'
Running DRC as a precondition to command route_design
INFO: [DRC 23-27] Running DRC with 2 threads
INFO: [Vivado_Tcl 4-198] DRC finished with 0 Errors
INFO: [Vivado_Tcl 4-199] Please refer to the DRC report (report_drc) for more information.


Starting Routing Task
INFO: [Route 35-254] Multithreading enabled for route_design using a maximum of 8 CPUs

Phase 1 Build RT Design
Checksum: PlaceDB: f5b267bb ConstDB: 0 ShapeSum: 9a4a8082 RouteDB: 0
Post Restoration Checksum: NetGraph: 9a3f944c | NumContArr: 5589a854 | Constraints: c2a8fa9d | Timing: c2a8fa9d
Phase 1 Build RT Design | Checksum: 2751b31da

Time (s): cpu = 00:00:58 ; elapsed = 00:00:32 . Memory (MB): peak = 3602.203 ; gain = 196.191

Phase 2 Router Initialization

Phase 2.1 Fix Topology Constraints
Phase 2.1 Fix Topology Constraints | Checksum: 2751b31da

Time (s): cpu = 00:00:59 ; elapsed = 00:00:32 . Memory (MB): peak = 3602.203 ; gain = 196.191

Phase 2.2 Pre Route Cleanup
Phase 2.2 Pre Route Cleanup | Checksum: 2751b31da

Time (s): cpu = 00:01:00 ; elapsed = 00:00:33 . Memory (MB): peak = 3602.203 ; gain = 196.191
 Number of Nodes with overlaps = 0

Phase 2.3 Update Timing
Phase 2.3 Update Timing | Checksum: 2d50814bf

Time (s): cpu = 00:01:49 ; elapsed = 00:01:06 . Memory (MB): peak = 3602.203 ; gain = 196.191
INFO: [Route 35-416] Intermediate Timing Summary | WNS=7.932  | TNS=0.000  | WHS=-0.433 | THS=-769.652|


Router Utilization Summary
  Global Vertical Routing Utilization    = 0 %
  Global Horizontal Routing Utilization  = 0 %
  Routable Net Status*
  *Does not include unroutable nets such as driverless and loadless.
  Run report_route_status for detailed report.
  Number of Failed Nets               = 21362
    (Failed Nets is the sum of unrouted and partially routed nets)
  Number of Unrouted Nets             = 21362
  Number of Partially Routed Nets     = 0
  Number of Node Overlaps             = 0

Phase 2 Router Initialization | Checksum: 2512ed17c

Time (s): cpu = 00:02:19 ; elapsed = 00:01:24 . Memory (MB): peak = 3602.242 ; gain = 196.230

Phase 3 Initial Routing

Phase 3.1 Global Routing
Phase 3.1 Global Routing | Checksum: 2512ed17c

Time (s): cpu = 00:02:19 ; elapsed = 00:01:24 . Memory (MB): peak = 3602.242 ; gain = 196.230

Phase 3.2 Initial Net Routing
Phase 3.2 Initial Net Routing | Checksum: 21ed8fffb

Time (s): cpu = 00:05:37 ; elapsed = 00:02:12 . Memory (MB): peak = 4857.781 ; gain = 1451.770
Phase 3 Initial Routing | Checksum: 21ed8fffb

Time (s): cpu = 00:05:37 ; elapsed = 00:02:12 . Memory (MB): peak = 4857.781 ; gain = 1451.770

Phase 4 Rip-up And Reroute

Phase 4.1 Global Iteration 0
 Number of Nodes with overlaps = 9022
 Number of Nodes with overlaps = 112
 Number of Nodes with overlaps = 3
 Number of Nodes with overlaps = 0
INFO: [Route 35-416] Intermediate Timing Summary | WNS=3.948  | TNS=0.000  | WHS=N/A    | THS=N/A    |

Phase 4.1 Global Iteration 0 | Checksum: 2a069eb28

Time (s): cpu = 00:09:18 ; elapsed = 00:04:15 . Memory (MB): peak = 4857.781 ; gain = 1451.770
Phase 4 Rip-up And Reroute | Checksum: 2a069eb28

Time (s): cpu = 00:09:19 ; elapsed = 00:04:15 . Memory (MB): peak = 4857.781 ; gain = 1451.770

Phase 5 Delay and Skew Optimization

Phase 5.1 Delay CleanUp
Phase 5.1 Delay CleanUp | Checksum: 2a069eb28

Time (s): cpu = 00:09:19 ; elapsed = 00:04:15 . Memory (MB): peak = 4857.781 ; gain = 1451.770

Phase 5.2 Clock Skew Optimization
Phase 5.2 Clock Skew Optimization | Checksum: 2a069eb28

Time (s): cpu = 00:09:19 ; elapsed = 00:04:15 . Memory (MB): peak = 4857.781 ; gain = 1451.770
Phase 5 Delay and Skew Optimization | Checksum: 2a069eb28

Time (s): cpu = 00:09:20 ; elapsed = 00:04:15 . Memory (MB): peak = 4857.781 ; gain = 1451.770

Phase 6 Post Hold Fix

Phase 6.1 Hold Fix Iter

Phase 6.1.1 Update Timing
