Copyright 1986-2022 Xilinx, Inc. All Rights Reserved. Copyright 2022-2025 Advanced Micro Devices, Inc. All Rights Reserved.
---------------------------------------------------------------------------------------------------------------------------------------------
| Tool Version : Vivado v.2025.2 (win64) Build 6299465 Fri Nov 14 19:35:11 GMT 2025
| Date         : Fri Jul 10 10:22:34 2026
| Host         : LAPTOP-247T8NJB running 64-bit major release  (build 9200)
| Command      : report_timing_summary -file E:/Projects/1Aprojects/RV32Final/top_timing_summary_normal.rpt -warn_on_violation
| Design       : top
| Device       : 7k325t-ffg900
| Speed File   : -2  PRODUCTION 1.12 2017-02-17
| Design State : Routed
---------------------------------------------------------------------------------------------------------------------------------------------

Timing Summary Report

------------------------------------------------------------------------------------------------
| Timer Settings
| --------------
------------------------------------------------------------------------------------------------

  Enable Multi Corner Analysis               :  Yes
  Enable Pessimism Removal                   :  Yes
  Pessimism Removal Resolution               :  Nearest Common Node
  Enable Input Delay Default Clock           :  No
  Enable Preset / Clear Arcs                 :  No
  Disable Flight Delays                      :  No
  Ignore I/O Paths                           :  No
  Timing Early Launch at Borrowing Latches   :  No
  Borrow Time for Max Delay Exceptions       :  Yes
  Merge Timing Exceptions                    :  Yes
  Inter-SLR Compensation                     :  Conservative

  Corner  Analyze    Analyze    
  Name    Max Paths  Min Paths  
  ------  ---------  ---------  
  Slow    Yes        Yes        
  Fast    Yes        Yes        


------------------------------------------------------------------------------------------------
| Report Methodology
| ------------------
------------------------------------------------------------------------------------------------

Rule       Severity  Description                                                                                            Violations  
---------  --------  -----------------------------------------------------------------------------------------------------  ----------  
DPIR-1     Warning   Asynchronous driver check                                                                              128         
SYNTH-6    Warning   Timing of a RAM block might be sub-optimal                                                             32          
SYNTH-10   Warning   Wide multiplier                                                                                        4           
TIMING-18  Warning   Missing input or output delay                                                                          72          
TIMING-28  Warning   Auto-derived clock referenced by a timing constraint                                                   2           
TIMING-47  Warning   False path, asynchronous clock group or max delay datapath only constraint between synchronous clocks  2           

Note: This report is based on the most recent report_methodology run and may not be up-to-date. Run report_methodology on the current design for the latest report.



check_timing report

Table of Contents
-----------------
1. checking no_clock (0)
2. checking constant_clock (0)
3. checking pulse_width_clock (0)
4. checking unconstrained_internal_endpoints (0)
5. checking no_input_delay (1)
6. checking no_output_delay (69)
7. checking multiple_clock (0)
8. checking generated_clocks (0)
9. checking loops (0)
10. checking partial_input_delay (0)
11. checking partial_output_delay (0)
12. checking latch_loops (0)

1. checking no_clock (0)
------------------------
 There are 0 register/latch pins with no clock.


2. checking constant_clock (0)
------------------------------
 There are 0 register/latch pins with constant_clock.


3. checking pulse_width_clock (0)
---------------------------------
 There are 0 register/latch pins which need pulse_width check


4. checking unconstrained_internal_endpoints (0)
------------------------------------------------
 There are 0 pins that are not constrained for maximum delay.

 There are 0 pins that are not constrained for maximum delay due to constant clock.


5. checking no_input_delay (1)
------------------------------
 There is 1 input port with no input delay specified. (HIGH)

 There are 0 input ports with no input delay but user has a false path constraint.


6. checking no_output_delay (69)
--------------------------------
 There are 69 ports with no output delay specified. (HIGH)

 There are 0 ports with no output delay but user has a false path constraint

 There are 0 ports with no output delay but with a timing clock defined on it or propagating through it


7. checking multiple_clock (0)
------------------------------
 There are 0 register/latch pins with multiple clocks.


8. checking generated_clocks (0)
--------------------------------
 There are 0 generated clocks that are not connected to a clock source.


9. checking loops (0)
---------------------
 There are 0 combinational loops in the design.


10. checking partial_input_delay (0)
------------------------------------
 There are 0 input ports with partial input delay specified.


11. checking partial_output_delay (0)
-------------------------------------
 There are 0 ports with partial output delay specified.


12. checking latch_loops (0)
----------------------------
 There are 0 combinational latch loops in the design through latch input



------------------------------------------------------------------------------------------------
| Design Timing Summary
| ---------------------
------------------------------------------------------------------------------------------------

    WNS(ns)      TNS(ns)  TNS Failing Endpoints  TNS Total Endpoints      WHS(ns)      THS(ns)  THS Failing Endpoints  THS Total Endpoints     WPWS(ns)     TPWS(ns)  TPWS Failing Endpoints  TPWS Total Endpoints  
    -------      -------  ---------------------  -------------------      -------      -------  ---------------------  -------------------     --------     --------  ----------------------  --------------------  
     -0.069       -0.177                      5                 6557        0.085        0.000                      0                 6557        1.100        0.000                       0                  2973  


Timing constraints are not met.


------------------------------------------------------------------------------------------------
| Clock Summary
| -------------
------------------------------------------------------------------------------------------------

Clock           Waveform(ns)         Period(ns)      Frequency(MHz)
-----           ------------         ----------      --------------
i_sys_clk_p     {0.000 2.500}        5.000           200.000         
  clk_out1_pll  {0.000 10.000}       20.000          50.000          
  clk_out2_pll  {0.000 2.500}        5.000           200.000         
  clkfbout_pll  {0.000 2.500}        5.000           200.000         


------------------------------------------------------------------------------------------------
| Intra Clock Table
| -----------------
------------------------------------------------------------------------------------------------

Clock               WNS(ns)      TNS(ns)  TNS Failing Endpoints  TNS Total Endpoints      WHS(ns)      THS(ns)  THS Failing Endpoints  THS Total Endpoints     WPWS(ns)     TPWS(ns)  TPWS Failing Endpoints  TPWS Total Endpoints  
-----               -------      -------  ---------------------  -------------------      -------      -------  ---------------------  -------------------     --------     --------  ----------------------  --------------------  
i_sys_clk_p                                                                                                                                                       1.100        0.000                       0                     2  
  clk_out1_pll       16.398        0.000                      0                  708        0.101        0.000                      0                  708        9.600        0.000                       0                   518  
  clk_out2_pll       -0.069       -0.177                      5                 5849        0.085        0.000                      0                 5849        2.100        0.000                       0                  2450  
  clkfbout_pll                                                                                                                                                    3.592        0.000                       0                     3  


------------------------------------------------------------------------------------------------
| Inter Clock Table
| -----------------
------------------------------------------------------------------------------------------------

From Clock    To Clock          WNS(ns)      TNS(ns)  TNS Failing Endpoints  TNS Total Endpoints      WHS(ns)      THS(ns)  THS Failing Endpoints  THS Total Endpoints  
----------    --------          -------      -------  ---------------------  -------------------      -------      -------  ---------------------  -------------------  


------------------------------------------------------------------------------------------------
| Other Path Groups Table
| -----------------------
------------------------------------------------------------------------------------------------

Path Group    From Clock    To Clock          WNS(ns)      TNS(ns)  TNS Failing Endpoints  TNS Total Endpoints      WHS(ns)      THS(ns)  THS Failing Endpoints  THS Total Endpoints  
----------    ----------    --------          -------      -------  ---------------------  -------------------      -------      -------  ---------------------  -------------------  


------------------------------------------------------------------------------------------------
| Timing Details
| --------------
------------------------------------------------------------------------------------------------


---------------------------------------------------------------------------------------------------
From Clock:  i_sys_clk_p
  To Clock:  i_sys_clk_p

Setup :           NA  Failing Endpoints,  Worst Slack           NA  ,  Total Violation           NA
Hold  :           NA  Failing Endpoints,  Worst Slack           NA  ,  Total Violation           NA
PW    :            0  Failing Endpoints,  Worst Slack        1.100ns,  Total Violation        0.000ns
---------------------------------------------------------------------------------------------------


Pulse Width Checks
--------------------------------------------------------------------------------------
Clock Name:         i_sys_clk_p
Waveform(ns):       { 0.000 2.500 }
Period(ns):         5.000
Sources:            { i_sys_clk_p }

Check Type        Corner  Lib Pin           Reference Pin  Required(ns)  Actual(ns)  Slack(ns)  Location        Pin
Min Period        n/a     BUFG/I            n/a            1.408         5.000       3.591      BUFGCTRL_X0Y3   pll_inst/inst/clkin1_bufg1/I
Max Period        n/a     PLLE2_ADV/CLKIN1  n/a            52.633        5.000       47.633     PLLE2_ADV_X1Y0  pll_inst/inst/plle2_adv_inst/CLKIN1
Low Pulse Width   Slow    PLLE2_ADV/CLKIN1  n/a            1.400         2.500       1.100      PLLE2_ADV_X1Y0  pll_inst/inst/plle2_adv_inst/CLKIN1
High Pulse Width  Slow    PLLE2_ADV/CLKIN1  n/a            1.400         2.500       1.100      PLLE2_ADV_X1Y0  pll_inst/inst/plle2_adv_inst/CLKIN1



---------------------------------------------------------------------------------------------------
From Clock:  clk_out1_pll
  To Clock:  clk_out1_pll

Setup :            0  Failing Endpoints,  Worst Slack       16.398ns,  Total Violation        0.000ns
Hold  :            0  Failing Endpoints,  Worst Slack        0.101ns,  Total Violation        0.000ns
PW    :            0  Failing Endpoints,  Worst Slack        9.600ns,  Total Violation        0.000ns
---------------------------------------------------------------------------------------------------


Max Delay Paths
--------------------------------------------------------------------------------------
Slack (MET) :             16.398ns  (required time - arrival time)
  Source:                 student_top_inst/bridge_inst/counter_inst/cnt_1ms_reg[3]/C
                            (rising edge-triggered cell FDCE clocked by clk_out1_pll  {rise@0.000ns fall@10.000ns period=20.000ns})
  Destination:            student_top_inst/bridge_inst/counter_inst/cnt_ms_reg[29]/CE
                            (rising edge-triggered cell FDCE clocked by clk_out1_pll  {rise@0.000ns fall@10.000ns period=20.000ns})
  Path Group:             clk_out1_pll
  Path Type:              Setup (Max at Slow Process Corner)
  Requirement:            20.000ns  (clk_out1_pll rise@20.000ns - clk_out1_pll rise@0.000ns)
  Data Path Delay:        3.317ns  (logic 0.431ns (12.995%)  route 2.886ns (87.005%))
  Logic Levels:           4  (LUT2=1 LUT4=1 LUT5=1 LUT6=1)
  Clock Path Skew:        -0.034ns (DCD - SCD + CPR)
    Destination Clock Delay (DCD):    4.219ns = ( 24.219 - 20.000 ) 
    Source Clock Delay      (SCD):    4.578ns
    Clock Pessimism Removal (CPR):    0.324ns
  Clock Uncertainty:      0.074ns  ((TSJ^2 + DJ^2)^1/2) / 2 + PE
    Total System Jitter     (TSJ):    0.071ns
    Discrete Jitter          (DJ):    0.129ns
    Phase Error              (PE):    0.000ns

    Location             Delay type                Incr(ns)  Path(ns)    Netlist Resource(s)
  -------------------------------------------------------------------    -------------------
                         (clock clk_out1_pll rise edge)
                                                      0.000     0.000 r  
    AD12                                              0.000     0.000 r  i_sys_clk_p (IN)
                         net (fo=0)                   0.000     0.000    pll_inst/inst/clk_in1_p
    AD12                 IBUFDS (Prop_ibufds_I_O)     0.906     0.906 r  pll_inst/inst/clkin1_ibufgds/O
                         net (fo=1, routed)           2.299     3.205    pll_inst/inst/clk_in1_pll_buf
    BUFGCTRL_X0Y3        BUFG (Prop_bufg_I_O)         0.093     3.298 r  pll_inst/inst/clkin1_bufg1/O
                         net (fo=1, routed)           1.959     5.257    pll_inst/inst/clk_in1_pll
    PLLE2_ADV_X1Y0       PLLE2_ADV (Prop_plle2_adv_CLKIN1_CLKOUT0)
                                                     -4.519     0.738 r  pll_inst/inst/plle2_adv_inst/CLKOUT0
                         net (fo=1, routed)           2.467     3.205    pll_inst/inst/clk_out1_pll
    BUFGCTRL_X0Y1        BUFG (Prop_bufg_I_O)         0.093     3.298 r  pll_inst/inst/clkout1_buf/O
                         net (fo=516, routed)         1.280     4.578    student_top_inst/bridge_inst/counter_inst/CLK
    SLICE_X20Y173        FDCE                                         r  student_top_inst/bridge_inst/counter_inst/cnt_1ms_reg[3]/C
  -------------------------------------------------------------------    -------------------
    SLICE_X20Y173        FDCE (Prop_fdce_C_Q)         0.259     4.837 r  student_top_inst/bridge_inst/counter_inst/cnt_1ms_reg[3]/Q
                         net (fo=2, routed)           0.465     5.302    student_top_inst/bridge_inst/counter_inst/cnt_1ms_reg_n_0_[3]
    SLICE_X22Y173        LUT4 (Prop_lut4_I2_O)        0.043     5.345 f  student_top_inst/bridge_inst/counter_inst/cnt_1ms[15]_i_5/O
                         net (fo=1, routed)           0.328     5.673    student_top_inst/bridge_inst/counter_inst/cnt_1ms[15]_i_5_n_0
    SLICE_X22Y174        LUT5 (Prop_lut5_I4_O)        0.043     5.716 f  student_top_inst/bridge_inst/counter_inst/cnt_1ms[15]_i_4/O
                         net (fo=1, routed)           0.560     6.276    student_top_inst/bridge_inst/counter_inst/cnt_1ms[15]_i_4_n_0
    SLICE_X20Y175        LUT6 (Prop_lut6_I5_O)        0.043     6.319 f  student_top_inst/bridge_inst/counter_inst/cnt_1ms[15]_i_2/O
                         net (fo=16, routed)          0.600     6.919    student_top_inst/bridge_inst/counter_inst/cnt_1ms[15]_i_2_n_0
    SLICE_X22Y177        LUT2 (Prop_lut2_I1_O)        0.043     6.962 r  student_top_inst/bridge_inst/counter_inst/cnt_ms[31]_i_1/O
                         net (fo=32, routed)          0.932     7.894    student_top_inst/bridge_inst/counter_inst/cnt_ms0
    SLICE_X22Y186        FDCE                                         r  student_top_inst/bridge_inst/counter_inst/cnt_ms_reg[29]/CE
  -------------------------------------------------------------------    -------------------

                         (clock clk_out1_pll rise edge)
                                                     20.000    20.000 r  
    AD12                                              0.000    20.000 r  i_sys_clk_p (IN)
                         net (fo=0)                   0.000    20.000    pll_inst/inst/clk_in1_p
    AD12                 IBUFDS (Prop_ibufds_I_O)     0.803    20.803 r  pll_inst/inst/clkin1_ibufgds/O
                         net (fo=1, routed)           2.173    22.976    pll_inst/inst/clk_in1_pll_buf
    BUFGCTRL_X0Y3        BUFG (Prop_bufg_I_O)         0.083    23.059 r  pll_inst/inst/clkin1_bufg1/O
                         net (fo=1, routed)           1.796    24.855    pll_inst/inst/clk_in1_pll
    PLLE2_ADV_X1Y0       PLLE2_ADV (Prop_plle2_adv_CLKIN1_CLKOUT0)
                                                     -4.213    20.642 r  pll_inst/inst/plle2_adv_inst/CLKOUT0
                         net (fo=1, routed)           2.334    22.976    pll_inst/inst/clk_out1_pll
    BUFGCTRL_X0Y1        BUFG (Prop_bufg_I_O)         0.083    23.059 r  pll_inst/inst/clkout1_buf/O
                         net (fo=516, routed)         1.160    24.219    student_top_inst/bridge_inst/counter_inst/CLK
    SLICE_X22Y186        FDCE                                         r  student_top_inst/bridge_inst/counter_inst/cnt_ms_reg[29]/C
                         clock pessimism              0.324    24.544    
                         clock uncertainty           -0.074    24.470    
    SLICE_X22Y186        FDCE (Setup_fdce_C_CE)      -0.178    24.292    student_top_inst/bridge_inst/counter_inst/cnt_ms_reg[29]
  -------------------------------------------------------------------
                         required time                         24.292    
                         arrival time                          -7.894    
  -------------------------------------------------------------------
                         slack                                 16.398    





Min Delay Paths
--------------------------------------------------------------------------------------
Slack (MET) :             0.101ns  (arrival time - required time)
  Source:                 twin_controller_inst/sw_reg[50]/C
                            (rising edge-triggered cell FDCE clocked by clk_out1_pll  {rise@0.000ns fall@10.000ns period=20.000ns})
  Destination:            twin_controller_inst/status_buffer_reg[12][2]/D
                            (rising edge-triggered cell FDCE clocked by clk_out1_pll  {rise@0.000ns fall@10.000ns period=20.000ns})
  Path Group:             clk_out1_pll
  Path Type:              Hold (Min at Fast Process Corner)
  Requirement:            0.000ns  (clk_out1_pll rise@0.000ns - clk_out1_pll rise@0.000ns)
  Data Path Delay:        0.171ns  (logic 0.100ns (58.317%)  route 0.071ns (41.683%))
  Logic Levels:           0  
  Clock Path Skew:        0.011ns (DCD - SCD - CPR)
    Destination Clock Delay (DCD):    2.439ns
    Source Clock Delay      (SCD):    2.084ns
    Clock Pessimism Removal (CPR):    0.343ns

    Location             Delay type                Incr(ns)  Path(ns)    Netlist Resource(s)
  -------------------------------------------------------------------    -------------------
                         (clock clk_out1_pll rise edge)
                                                      0.000     0.000 r  
    AD12                                              0.000     0.000 r  i_sys_clk_p (IN)
                         net (fo=0)                   0.000     0.000    pll_inst/inst/clk_in1_p
    AD12                 IBUFDS (Prop_ibufds_I_O)     0.388     0.388 r  pll_inst/inst/clkin1_ibufgds/O
                         net (fo=1, routed)           1.083     1.471    pll_inst/inst/clk_in1_pll_buf
    BUFGCTRL_X0Y3        BUFG (Prop_bufg_I_O)         0.026     1.497 r  pll_inst/inst/clkin1_bufg1/O
                         net (fo=1, routed)           0.767     2.264    pll_inst/inst/clk_in1_pll
    PLLE2_ADV_X1Y0       PLLE2_ADV (Prop_plle2_adv_CLKIN1_CLKOUT0)
                                                     -1.938     0.326 r  pll_inst/inst/plle2_adv_inst/CLKOUT0
                         net (fo=1, routed)           1.145     1.471    pll_inst/inst/clk_out1_pll
    BUFGCTRL_X0Y1        BUFG (Prop_bufg_I_O)         0.026     1.497 r  pll_inst/inst/clkout1_buf/O
                         net (fo=516, routed)         0.587     2.084    twin_controller_inst/CLK
    SLICE_X15Y184        FDCE                                         r  twin_controller_inst/sw_reg[50]/C
  -------------------------------------------------------------------    -------------------
    SLICE_X15Y184        FDCE (Prop_fdce_C_Q)         0.100     2.184 r  twin_controller_inst/sw_reg[50]/Q
                         net (fo=3, routed)           0.071     2.256    twin_controller_inst/sw[50]
    SLICE_X14Y184        FDCE                                         r  twin_controller_inst/status_buffer_reg[12][2]/D
  -------------------------------------------------------------------    -------------------

                         (clock clk_out1_pll rise edge)
                                                      0.000     0.000 r  
    AD12                                              0.000     0.000 r  i_sys_clk_p (IN)
                         net (fo=0)                   0.000     0.000    pll_inst/inst/clk_in1_p
    AD12                 IBUFDS (Prop_ibufds_I_O)     0.470     0.470 r  pll_inst/inst/clkin1_ibufgds/O
                         net (fo=1, routed)           1.154     1.624    pll_inst/inst/clk_in1_pll_buf
    BUFGCTRL_X0Y3        BUFG (Prop_bufg_I_O)         0.030     1.654 r  pll_inst/inst/clkin1_bufg1/O
                         net (fo=1, routed)           1.037     2.691    pll_inst/inst/clk_in1_pll
    PLLE2_ADV_X1Y0       PLLE2_ADV (Prop_plle2_adv_CLKIN1_CLKOUT0)
                                                     -2.283     0.408 r  pll_inst/inst/plle2_adv_inst/CLKOUT0
                         net (fo=1, routed)           1.216     1.624    pll_inst/inst/clk_out1_pll
    BUFGCTRL_X0Y1        BUFG (Prop_bufg_I_O)         0.030     1.654 r  pll_inst/inst/clkout1_buf/O
                         net (fo=516, routed)         0.785     2.439    twin_controller_inst/CLK
    SLICE_X14Y184        FDCE                                         r  twin_controller_inst/status_buffer_reg[12][2]/C
                         clock pessimism             -0.343     2.095    
    SLICE_X14Y184        FDCE (Hold_fdce_C_D)         0.059     2.154    twin_controller_inst/status_buffer_reg[12][2]
  -------------------------------------------------------------------
                         required time                         -2.154    
                         arrival time                           2.256    
  -------------------------------------------------------------------
                         slack                                  0.101    





Pulse Width Checks
--------------------------------------------------------------------------------------
Clock Name:         clk_out1_pll
Waveform(ns):       { 0.000 10.000 }
Period(ns):         20.000
Sources:            { pll_inst/inst/plle2_adv_inst/CLKOUT0 }

Check Type        Corner  Lib Pin            Reference Pin  Required(ns)  Actual(ns)  Slack(ns)  Location        Pin
Min Period        n/a     BUFG/I             n/a            1.408         20.000      18.591     BUFGCTRL_X0Y1   pll_inst/inst/clkout1_buf/I
Max Period        n/a     PLLE2_ADV/CLKOUT0  n/a            160.000       20.000      140.000    PLLE2_ADV_X1Y0  pll_inst/inst/plle2_adv_inst/CLKOUT0
Low Pulse Width   Slow    FDCE/C             n/a            0.400         10.000      9.600      SLICE_X9Y178    student_virtual_led_ff2_reg[0]/C
High Pulse Width  Slow    FDCE/C             n/a            0.350         10.000      9.650      SLICE_X9Y178    student_virtual_led_ff1_reg[0]/C



---------------------------------------------------------------------------------------------------
From Clock:  clk_out2_pll
  To Clock:  clk_out2_pll

Setup :            5  Failing Endpoints,  Worst Slack       -0.069ns,  Total Violation       -0.177ns
Hold  :            0  Failing Endpoints,  Worst Slack        0.085ns,  Total Violation        0.000ns
PW    :            0  Failing Endpoints,  Worst Slack        2.100ns,  Total Violation        0.000ns
---------------------------------------------------------------------------------------------------


Max Delay Paths
--------------------------------------------------------------------------------------
Slack (VIOLATED) :        -0.069ns  (required time - arrival time)
  Source:                 student_top_inst/Core_cpu/memwb_rd_reg[3]_replica/C
                            (rising edge-triggered cell FDCE clocked by clk_out2_pll  {rise@0.000ns fall@2.500ns period=5.000ns})
  Destination:            student_top_inst/Core_cpu/pc_q_reg[9]/D
                            (rising edge-triggered cell FDCE clocked by clk_out2_pll  {rise@0.000ns fall@2.500ns period=5.000ns})
  Path Group:             clk_out2_pll
  Path Type:              Setup (Max at Slow Process Corner)
  Requirement:            5.000ns  (clk_out2_pll rise@5.000ns - clk_out2_pll rise@0.000ns)
  Data Path Delay:        4.843ns  (logic 1.014ns (20.939%)  route 3.829ns (79.061%))
  Logic Levels:           13  (CARRY4=3 LUT3=1 LUT4=1 LUT5=3 LUT6=5)
  Clock Path Skew:        -0.147ns (DCD - SCD + CPR)
    Destination Clock Delay (DCD):    4.208ns = ( 9.208 - 5.000 ) 
    Source Clock Delay      (SCD):    4.594ns
    Clock Pessimism Removal (CPR):    0.238ns
  Clock Uncertainty:      0.060ns  ((TSJ^2 + DJ^2)^1/2) / 2 + PE
    Total System Jitter     (TSJ):    0.071ns
    Discrete Jitter          (DJ):    0.098ns
    Phase Error              (PE):    0.000ns

    Location             Delay type                Incr(ns)  Path(ns)    Netlist Resource(s)
  -------------------------------------------------------------------    -------------------
                         (clock clk_out2_pll rise edge)
                                                      0.000     0.000 r  
    AD12                                              0.000     0.000 r  i_sys_clk_p (IN)
                         net (fo=0)                   0.000     0.000    pll_inst/inst/clk_in1_p
    AD12                 IBUFDS (Prop_ibufds_I_O)     0.906     0.906 r  pll_inst/inst/clkin1_ibufgds/O
                         net (fo=1, routed)           2.299     3.205    pll_inst/inst/clk_in1_pll_buf
    BUFGCTRL_X0Y3        BUFG (Prop_bufg_I_O)         0.093     3.298 r  pll_inst/inst/clkin1_bufg1/O
                         net (fo=1, routed)           1.959     5.257    pll_inst/inst/clk_in1_pll
    PLLE2_ADV_X1Y0       PLLE2_ADV (Prop_plle2_adv_CLKIN1_CLKOUT1)
                                                     -4.519     0.738 r  pll_inst/inst/plle2_adv_inst/CLKOUT1
                         net (fo=1, routed)           2.467     3.205    pll_inst/inst/clk_out2_pll
    BUFGCTRL_X0Y0        BUFG (Prop_bufg_I_O)         0.093     3.298 r  pll_inst/inst/clkout2_buf/O
                         net (fo=2448, routed)        1.296     4.594    student_top_inst/Core_cpu/clk_out2
    SLICE_X13Y188        FDCE                                         r  student_top_inst/Core_cpu/memwb_rd_reg[3]_replica/C
  -------------------------------------------------------------------    -------------------
    SLICE_X13Y188        FDCE (Prop_fdce_C_Q)         0.223     4.817 f  student_top_inst/Core_cpu/memwb_rd_reg[3]_replica/Q
                         net (fo=3, routed)           0.458     5.274    student_top_inst/Core_cpu/memwb_rd[3]_repN
    SLICE_X15Y189        LUT6 (Prop_lut6_I0_O)        0.043     5.317 r  student_top_inst/Core_cpu/idex_rs1_val[31]_i_11/O
                         net (fo=68, routed)          0.368     5.685    student_top_inst/Core_cpu/idex_rs1_val[31]_i_11_n_0
    SLICE_X15Y190        LUT6 (Prop_lut6_I0_O)        0.043     5.728 r  student_top_inst/Core_cpu/pc_q[24]_i_29/O
                         net (fo=16, routed)          0.234     5.962    student_top_inst/Core_cpu/pc_q[24]_i_29_n_0
    SLICE_X17Y189        LUT3 (Prop_lut3_I2_O)        0.043     6.005 r  student_top_inst/Core_cpu/idex_valid_i_37/O
                         net (fo=124, routed)         0.368     6.373    student_top_inst/Core_cpu/idex_valid_i_37_n_0
    SLICE_X19Y187        LUT5 (Prop_lut5_I3_O)        0.043     6.416 r  student_top_inst/Core_cpu/idex_valid_i_106/O
                         net (fo=1, routed)           0.198     6.614    student_top_inst/Core_cpu/idex_valid_i_106_n_0
    SLICE_X18Y189        LUT6 (Prop_lut6_I5_O)        0.043     6.657 r  student_top_inst/Core_cpu/idex_valid_i_64/O
                         net (fo=2, routed)           0.365     7.022    student_top_inst/Core_cpu/idex_valid_i_64_n_0
    SLICE_X18Y192        CARRY4 (Prop_carry4_DI[1]_CO[3])
                                                      0.253     7.275 r  student_top_inst/Core_cpu/idex_valid_reg_i_49/CO[3]
                         net (fo=1, routed)           0.000     7.275    student_top_inst/Core_cpu/idex_valid_reg_i_49_n_0
    SLICE_X18Y193        CARRY4 (Prop_carry4_CI_CO[3])
                                                      0.054     7.329 r  student_top_inst/Core_cpu/idex_valid_reg_i_18/CO[3]
                         net (fo=1, routed)           0.000     7.329    student_top_inst/Core_cpu/idex_valid_reg_i_18_n_0
    SLICE_X18Y194        CARRY4 (Prop_carry4_CI_CO[3])
                                                      0.054     7.383 r  student_top_inst/Core_cpu/idex_valid_reg_i_7/CO[3]
                         net (fo=1, routed)           0.466     7.848    student_top_inst/Core_cpu/idex_valid_reg_i_7_n_0
    SLICE_X21Y194        LUT6 (Prop_lut6_I4_O)        0.043     7.891 f  student_top_inst/Core_cpu/idex_valid_i_4/O
                         net (fo=3, routed)           0.336     8.227    student_top_inst/Core_cpu/idex_valid_i_4_n_0
    SLICE_X21Y196        LUT4 (Prop_lut4_I0_O)        0.043     8.270 f  student_top_inst/Core_cpu/idex_valid_i_2/O
                         net (fo=132, routed)         0.595     8.865    student_top_inst/Core_cpu/idex_valid_i_2_n_0
    SLICE_X23Y200        LUT5 (Prop_lut5_I4_O)        0.043     8.908 f  student_top_inst/Core_cpu/pc_q[9]_i_4/O
                         net (fo=1, routed)           0.149     9.058    student_top_inst/Core_cpu/pc_q[9]_i_4_n_0
    SLICE_X23Y200        LUT6 (Prop_lut6_I5_O)        0.043     9.101 r  student_top_inst/Core_cpu/pc_q[9]_i_2/O
                         net (fo=1, routed)           0.098     9.198    student_top_inst/Core_cpu/pc_q[9]_i_2_n_0
    SLICE_X23Y200        LUT5 (Prop_lut5_I4_O)        0.043     9.241 r  student_top_inst/Core_cpu/pc_q[9]_i_1/O
                         net (fo=1, routed)           0.195     9.436    student_top_inst/Core_cpu/pc_next[9]
    SLICE_X21Y200        FDCE                                         r  student_top_inst/Core_cpu/pc_q_reg[9]/D
  -------------------------------------------------------------------    -------------------

                         (clock clk_out2_pll rise edge)
                                                      5.000     5.000 r  
    AD12                                              0.000     5.000 r  i_sys_clk_p (IN)
                         net (fo=0)                   0.000     5.000    pll_inst/inst/clk_in1_p
    AD12                 IBUFDS (Prop_ibufds_I_O)     0.803     5.803 r  pll_inst/inst/clkin1_ibufgds/O
                         net (fo=1, routed)           2.173     7.976    pll_inst/inst/clk_in1_pll_buf
    BUFGCTRL_X0Y3        BUFG (Prop_bufg_I_O)         0.083     8.059 r  pll_inst/inst/clkin1_bufg1/O
                         net (fo=1, routed)           1.796     9.855    pll_inst/inst/clk_in1_pll
    PLLE2_ADV_X1Y0       PLLE2_ADV (Prop_plle2_adv_CLKIN1_CLKOUT1)
                                                     -4.213     5.642 r  pll_inst/inst/plle2_adv_inst/CLKOUT1
                         net (fo=1, routed)           2.334     7.976    pll_inst/inst/clk_out2_pll
    BUFGCTRL_X0Y0        BUFG (Prop_bufg_I_O)         0.083     8.059 r  pll_inst/inst/clkout2_buf/O
                         net (fo=2448, routed)        1.149     9.208    student_top_inst/Core_cpu/clk_out2
    SLICE_X21Y200        FDCE                                         r  student_top_inst/Core_cpu/pc_q_reg[9]/C
                         clock pessimism              0.238     9.447    
                         clock uncertainty           -0.060     9.386    
    SLICE_X21Y200        FDCE (Setup_fdce_C_D)       -0.019     9.367    student_top_inst/Core_cpu/pc_q_reg[9]
  -------------------------------------------------------------------
                         required time                          9.367    
                         arrival time                          -9.436    
  -------------------------------------------------------------------
                         slack                                 -0.069    





Min Delay Paths
--------------------------------------------------------------------------------------
Slack (MET) :             0.085ns  (arrival time - required time)
  Source:                 student_top_inst/Core_cpu/u_div/dividend_shift_reg[21]/C
                            (rising edge-triggered cell FDCE clocked by clk_out2_pll  {rise@0.000ns fall@2.500ns period=5.000ns})
  Destination:            student_top_inst/Core_cpu/u_div/dividend_shift_reg[22]/D
                            (rising edge-triggered cell FDCE clocked by clk_out2_pll  {rise@0.000ns fall@2.500ns period=5.000ns})
  Path Group:             clk_out2_pll
  Path Type:              Hold (Min at Fast Process Corner)
  Requirement:            0.000ns  (clk_out2_pll rise@0.000ns - clk_out2_pll rise@0.000ns)
  Data Path Delay:        0.183ns  (logic 0.128ns (70.125%)  route 0.055ns (29.875%))
  Logic Levels:           1  (LUT6=1)
  Clock Path Skew:        0.011ns (DCD - SCD - CPR)
    Destination Clock Delay (DCD):    2.432ns
    Source Clock Delay      (SCD):    2.071ns
    Clock Pessimism Removal (CPR):    0.349ns

    Location             Delay type                Incr(ns)  Path(ns)    Netlist Resource(s)
  -------------------------------------------------------------------    -------------------
                         (clock clk_out2_pll rise edge)
                                                      0.000     0.000 r  
    AD12                                              0.000     0.000 r  i_sys_clk_p (IN)
                         net (fo=0)                   0.000     0.000    pll_inst/inst/clk_in1_p
    AD12                 IBUFDS (Prop_ibufds_I_O)     0.388     0.388 r  pll_inst/inst/clkin1_ibufgds/O
                         net (fo=1, routed)           1.083     1.471    pll_inst/inst/clk_in1_pll_buf
    BUFGCTRL_X0Y3        BUFG (Prop_bufg_I_O)         0.026     1.497 r  pll_inst/inst/clkin1_bufg1/O
                         net (fo=1, routed)           0.767     2.264    pll_inst/inst/clk_in1_pll
    PLLE2_ADV_X1Y0       PLLE2_ADV (Prop_plle2_adv_CLKIN1_CLKOUT1)
                                                     -1.938     0.326 r  pll_inst/inst/plle2_adv_inst/CLKOUT1
                         net (fo=1, routed)           1.145     1.471    pll_inst/inst/clk_out2_pll
    BUFGCTRL_X0Y0        BUFG (Prop_bufg_I_O)         0.026     1.497 r  pll_inst/inst/clkout2_buf/O
                         net (fo=2448, routed)        0.574     2.071    student_top_inst/Core_cpu/u_div/clk_out2
    SLICE_X17Y212        FDCE                                         r  student_top_inst/Core_cpu/u_div/dividend_shift_reg[21]/C
  -------------------------------------------------------------------    -------------------
    SLICE_X17Y212        FDCE (Prop_fdce_C_Q)         0.100     2.171 r  student_top_inst/Core_cpu/u_div/dividend_shift_reg[21]/Q
                         net (fo=1, routed)           0.055     2.226    student_top_inst/Core_cpu/u_div/dividend_shift_reg_n_0_[21]
    SLICE_X16Y212        LUT6 (Prop_lut6_I4_O)        0.028     2.254 r  student_top_inst/Core_cpu/u_div/dividend_shift[22]_i_1/O
                         net (fo=1, routed)           0.000     2.254    student_top_inst/Core_cpu/u_div/dividend_shift[22]_i_1_n_0
    SLICE_X16Y212        FDCE                                         r  student_top_inst/Core_cpu/u_div/dividend_shift_reg[22]/D
  -------------------------------------------------------------------    -------------------

                         (clock clk_out2_pll rise edge)
                                                      0.000     0.000 r  
    AD12                                              0.000     0.000 r  i_sys_clk_p (IN)
                         net (fo=0)                   0.000     0.000    pll_inst/inst/clk_in1_p
    AD12                 IBUFDS (Prop_ibufds_I_O)     0.470     0.470 r  pll_inst/inst/clkin1_ibufgds/O
                         net (fo=1, routed)           1.154     1.624    pll_inst/inst/clk_in1_pll_buf
    BUFGCTRL_X0Y3        BUFG (Prop_bufg_I_O)         0.030     1.654 r  pll_inst/inst/clkin1_bufg1/O
                         net (fo=1, routed)           1.037     2.691    pll_inst/inst/clk_in1_pll
    PLLE2_ADV_X1Y0       PLLE2_ADV (Prop_plle2_adv_CLKIN1_CLKOUT1)
                                                     -2.283     0.408 r  pll_inst/inst/plle2_adv_inst/CLKOUT1
                         net (fo=1, routed)           1.216     1.624    pll_inst/inst/clk_out2_pll
    BUFGCTRL_X0Y0        BUFG (Prop_bufg_I_O)         0.030     1.654 r  pll_inst/inst/clkout2_buf/O
                         net (fo=2448, routed)        0.778     2.432    student_top_inst/Core_cpu/u_div/clk_out2
    SLICE_X16Y212        FDCE                                         r  student_top_inst/Core_cpu/u_div/dividend_shift_reg[22]/C
                         clock pessimism             -0.349     2.082    
    SLICE_X16Y212        FDCE (Hold_fdce_C_D)         0.087     2.169    student_top_inst/Core_cpu/u_div/dividend_shift_reg[22]
  -------------------------------------------------------------------
                         required time                         -2.169    
                         arrival time                           2.254    
  -------------------------------------------------------------------
                         slack                                  0.085    





Pulse Width Checks
--------------------------------------------------------------------------------------
Clock Name:         clk_out2_pll
Waveform(ns):       { 0.000 2.500 }
Period(ns):         5.000
Sources:            { pll_inst/inst/plle2_adv_inst/CLKOUT1 }

Check Type        Corner  Lib Pin             Reference Pin  Required(ns)  Actual(ns)  Slack(ns)  Location        Pin
Min Period        n/a     RAMB36E1/CLKARDCLK  n/a            2.025         5.000       2.975      RAMB36_X0Y27    student_top_inst/bridge_inst/dram_driver_inst/dram_lane0_reg_0_0/CLKARDCLK
Max Period        n/a     PLLE2_ADV/CLKOUT1   n/a            160.000       5.000       155.000    PLLE2_ADV_X1Y0  pll_inst/inst/plle2_adv_inst/CLKOUT1
Low Pulse Width   Slow    FDCE/C              n/a            0.400         2.500       2.100      SLICE_X12Y179   virtual_key_cpu_ff2_reg[0]/C
High Pulse Width  Slow    FDCE/C              n/a            0.350         2.500       2.150      SLICE_X12Y203   ex_m_result_reg_reg[31]_i_17/C



---------------------------------------------------------------------------------------------------
From Clock:  clkfbout_pll
  To Clock:  clkfbout_pll

Setup :           NA  Failing Endpoints,  Worst Slack           NA  ,  Total Violation           NA
Hold  :           NA  Failing Endpoints,  Worst Slack           NA  ,  Total Violation           NA
PW    :            0  Failing Endpoints,  Worst Slack        3.592ns,  Total Violation        0.000ns
---------------------------------------------------------------------------------------------------


Pulse Width Checks
--------------------------------------------------------------------------------------
Clock Name:         clkfbout_pll
Waveform(ns):       { 0.000 2.500 }
Period(ns):         5.000
Sources:            { pll_inst/inst/plle2_adv_inst/CLKFBOUT }

Check Type  Corner  Lib Pin            Reference Pin  Required(ns)  Actual(ns)  Slack(ns)  Location        Pin
Min Period  n/a     BUFG/I             n/a            1.408         5.000       3.591      BUFGCTRL_X0Y2   pll_inst/inst/clkf_buf/I
Max Period  n/a     PLLE2_ADV/CLKFBIN  n/a            52.633        5.000       47.633     PLLE2_ADV_X1Y0  pll_inst/inst/plle2_adv_inst/CLKFBIN



