
****** Vivado v2023.2 (64-bit)
  **** SW Build 4029153 on Fri Oct 13 20:14:34 MDT 2023
  **** IP Build 4028589 on Sat Oct 14 00:45:43 MDT 2023
  **** SharedData Build 4025554 on Tue Oct 10 17:18:54 MDT 2023
    ** Copyright 1986-2022 Xilinx, Inc. All Rights Reserved.
    ** Copyright 2022-2023 Advanced Micro Devices, Inc. All Rights Reserved.

source retarget_cpu_clk_impl_ultra.tcl
# if {[llength $argv] != 1} {
#     puts "Usage: vivado -mode batch -source retarget_cpu_clk_impl_ultra.tcl -tclargs <freq_mhz>"
#     exit 1
# }
# set target_freq [lindex $argv 0]
# set freq_tag [regsub -all {\.} $target_freq {p}]
# proc cleanup_run_markers {run_name} {
#     set run_dir [file normalize [format {d:/digital_twin/digital_twin/digital_twin.runs/%s} $run_name]]
#     foreach pattern {
#         .stop.rst
#         .vivado.begin.rst
#         .vivado.end.rst
#         .vivado.error.rst
#         __synthesis_is_running__
#         __implementation_is_running__
#     } {
#         foreach stale_file [glob -nocomplain -directory $run_dir $pattern] {
#             catch {file delete -force $stale_file}
#         }
#     }
# }
# proc wait_for_checkpoint {run_name checkpoint_name running_marker timeout_ms} {
#     set run_dir [file normalize [format {d:/digital_twin/digital_twin/digital_twin.runs/%s} $run_name]]
#     set checkpoint_path [file join $run_dir $checkpoint_name]
#     set running_path [file join $run_dir $running_marker]
#     set deadline [expr {[clock milliseconds] + $timeout_ms}]
# 
#     while {1} {
#         if {[file exists $checkpoint_path] && ![file exists $running_path]} {
#             return
#         }
#         if {[clock milliseconds] >= $deadline} {
#             error [format {Timed out waiting for %s/%s to complete} $run_name $checkpoint_name]
#         }
#         after 1000
#     }
# }
# open_project {d:/digital_twin/digital_twin/digital_twin.xpr}
Scanning sources...
Finished scanning sources
INFO: [IP_Flow 19-234] Refreshing IP repositories
INFO: [IP_Flow 19-1704] No user IP repositories specified
INFO: [IP_Flow 19-2313] Loaded Vivado IP repository 'D:/Xilinx/Vivado/2023.2/data/ip'.
open_project: Time (s): cpu = 00:00:05 ; elapsed = 00:00:06 . Memory (MB): peak = 576.688 ; gain = 193.766
# set srcset [get_filesets sources_1]
# catch {
#     set old_import_mycpu [get_files -of_objects $srcset {d:/digital_twin/digital_twin/digital_twin.srcs/sources_1/imports/new/myCPU.sv}]
#     if {[llength $old_import_mycpu] > 0} {
#         remove_files $old_import_mycpu
#     }
# }
# set mycpu_file_new [get_files -of_objects $srcset {d:/digital_twin/digital_twin/digital_twin.srcs/sources_1/new/myCPU.sv}]
# if {[llength $mycpu_file_new] == 0} {
#     add_files -fileset $srcset -norecurse {d:/digital_twin/digital_twin/digital_twin.srcs/sources_1/new/myCPU.sv}
#     set mycpu_file_new [get_files -of_objects $srcset {d:/digital_twin/digital_twin/digital_twin.srcs/sources_1/new/myCPU.sv}]
# }
# if {[llength $mycpu_file_new] == 1} {
#     catch {set_property FILE_TYPE SystemVerilog $mycpu_file_new}
#     catch {set_property IS_ENABLED true $mycpu_file_new}
#     catch {set_property USED_IN_SYNTHESIS true $mycpu_file_new}
#     catch {set_property USED_IN_IMPLEMENTATION true $mycpu_file_new}
#     catch {set_property USED_IN_SIMULATION true $mycpu_file_new}
# }
# update_compile_order -fileset sources_1
# save_project_as -force {d:/digital_twin/digital_twin/digital_twin.xpr}
ERROR: [Coretcl 2-101] Project 'd:/digital_twin/digital_twin/digital_twin.xpr' is already open.
INFO: [Common 17-206] Exiting Vivado at Thu Apr 30 15:07:22 2026...
