#-----------------------------------------------------------
# Vivado v2023.2 (64-bit)
# SW Build 4029153 on Fri Oct 13 20:14:34 MDT 2023
# IP Build 4028589 on Sat Oct 14 00:45:43 MDT 2023
# SharedData Build 4025554 on Tue Oct 10 17:18:54 MDT 2023
# Start of session at: Fri May  1 12:28:48 2026
# Process ID: 40440
# Current directory: D:/digital_twin/digital_twin
# Command line: vivado.exe -mode batch -source d:/digital_twin/digital_twin/run_sim_tb_mycpu_check.tcl
# Log file: D:/digital_twin/digital_twin/vivado.log
# Journal file: D:/digital_twin/digital_twin\vivado.jou
# Running On: YukiRin, OS: Windows, CPU Frequency: 3194 MHz, CPU Physical cores: 16, Host memory: 47089 MB
#-----------------------------------------------------------
source d:/digital_twin/digital_twin/run_sim_tb_mycpu_check.tcl
# open_project {d:/digital_twin/digital_twin/digital_twin.xpr}
Scanning sources...
Finished scanning sources
INFO: [IP_Flow 19-234] Refreshing IP repositories
INFO: [IP_Flow 19-1704] No user IP repositories specified
INFO: [IP_Flow 19-2313] Loaded Vivado IP repository 'D:/Xilinx/Vivado/2023.2/data/ip'.
open_project: Time (s): cpu = 00:00:05 ; elapsed = 00:00:06 . Memory (MB): peak = 577.062 ; gain = 195.254
# set_property top tb_myCPU [get_filesets sim_1]
# launch_simulation -simset sim_1 -mode behavioral
Command: launch_simulation  -simset sim_1 -mode behavioral
INFO: [Vivado 12-12493] Simulation top is 'tb_myCPU'
WARNING: [Vivado 12-13340] Unable to auto find GCC executables from simulator install path! (path not set)
boost::filesystem::remove: 另一个程序正在使用此文件，进程无法访问。: "d:/digital_twin/digital_twin/digital_twin.sim/sim_1/behav/xsim/simulate.log"
    while executing
"launch_simulation -simset sim_1 -mode behavioral"
    (file "d:/digital_twin/digital_twin/run_sim_tb_mycpu_check.tcl" line 3)
INFO: [Common 17-206] Exiting Vivado at Fri May  1 12:28:59 2026...
