
****** Vivado v2023.2 (64-bit)
  **** SW Build 4029153 on Fri Oct 13 20:14:34 MDT 2023
  **** IP Build 4028589 on Sat Oct 14 00:45:43 MDT 2023
  **** SharedData Build 4025554 on Tue Oct 10 17:18:54 MDT 2023
    ** Copyright 1986-2022 Xilinx, Inc. All Rights Reserved.
    ** Copyright 2022-2023 Advanced Micro Devices, Inc. All Rights Reserved.

source {d:\digital_twin\digital_twin\retarget_cpu_clk_impl_ultra.tcl}
# if {[llength $argv] != 1} {
#     puts "Usage: vivado -mode batch -source retarget_cpu_clk_impl_ultra.tcl -tclargs <freq_mhz>"
#     exit 1
# }
# set target_freq [lindex $argv 0]
# set freq_tag [regsub -all {\.} $target_freq {p}]
# proc cleanup_run_markers {run_name} {
#     set run_dir [file normalize [format {d:/digital_twin/digital_twin/digital_twin.runs/%s} $run_name]]
#     foreach pattern {
#         .stop.rst
#         .vivado.begin.rst
#         .vivado.end.rst
#         .vivado.error.rst
#         __synthesis_is_running__
#         __implementation_is_running__
#     } {
#         foreach stale_file [glob -nocomplain -directory $run_dir $pattern] {
#             catch {file delete -force $stale_file}
#         }
#     }
# }
# proc wait_for_checkpoint {run_name checkpoint_name running_marker timeout_ms} {
#     set run_dir [file normalize [format {d:/digital_twin/digital_twin/digital_twin.runs/%s} $run_name]]
#     set checkpoint_path [file join $run_dir $checkpoint_name]
#     set running_path [file join $run_dir $running_marker]
#     set deadline [expr {[clock milliseconds] + $timeout_ms}]
# 
#     while {1} {
#         if {[file exists $checkpoint_path] && ![file exists $running_path]} {
#             return
#         }
#         if {[clock milliseconds] >= $deadline} {
#             error [format {Timed out waiting for %s/%s to complete} $run_name $checkpoint_name]
#         }
#         after 1000
#     }
# }
# open_project {d:/digital_twin/digital_twin/digital_twin.xpr}
Scanning sources...
Finished scanning sources
INFO: [IP_Flow 19-234] Refreshing IP repositories
INFO: [IP_Flow 19-1704] No user IP repositories specified
INFO: [IP_Flow 19-2313] Loaded Vivado IP repository 'D:/Xilinx/Vivado/2023.2/data/ip'.
open_project: Time (s): cpu = 00:00:06 ; elapsed = 00:00:07 . Memory (MB): peak = 577.000 ; gain = 190.570
# set pll_ip [get_ips pll]
# if {[llength $pll_ip] != 1} {
#     puts "ERROR: expected exactly one IP named pll"
#     close_project
#     exit 1
# }
# set pll_xci [get_files {d:/digital_twin/digital_twin/digital_twin.srcs/sources_1/ip/pll_1/pll.xci}]
# if {[llength $pll_xci] != 1} {
#     puts "ERROR: expected active pll_1 xci file"
#     close_project
#     exit 1
# }
# upgrade_ip $pll_ip
WARNING: [Coretcl 2-1042] No IP was identified for upgrade.
# set_property -dict [list CONFIG.CLKOUT2_REQUESTED_OUT_FREQ $target_freq] $pll_ip
INFO: [Device 21-403] Loading part xc7k325tffg900-2
# reset_target all $pll_xci
# generate_target all $pll_xci
INFO: [IP_Flow 19-1686] Generating 'Instantiation Template' target for IP 'pll'...
INFO: [IP_Flow 19-1686] Generating 'Synthesis' target for IP 'pll'...
INFO: [IP_Flow 19-1686] Generating 'Simulation' target for IP 'pll'...
INFO: [IP_Flow 19-1686] Generating 'Implementation' target for IP 'pll'...
INFO: [IP_Flow 19-1686] Generating 'Change Log' target for IP 'pll'...
# export_ip_user_files -of_objects $pll_xci -no_script -sync -force -quiet
# if {[llength [get_runs pll_synth_1]] == 0} {
#     create_ip_run $pll_xci
# }
# cleanup_run_markers pll_synth_1
# reset_run pll_synth_1
# launch_runs pll_synth_1 -jobs 2
INFO: [IP_Flow 19-6924] IPCACHE: Running cache check for IP inst: pll

[Thu Apr 30 10:01:57 2026] Launched pll_synth_1...
Run output will be captured here: d:/digital_twin/digital_twin/digital_twin.runs/pll_synth_1/runme.log
# wait_on_run pll_synth_1
[Thu Apr 30 10:01:57 2026] Waiting for pll_synth_1 to finish...

*** Running vivado
    with args -log pll.vds -m64 -product Vivado -mode batch -messageDb vivado.pb -notrace -source pll.tcl



****** Vivado v2023.2 (64-bit)
  **** SW Build 4029153 on Fri Oct 13 20:14:34 MDT 2023
  **** IP Build 4028589 on Sat Oct 14 00:45:43 MDT 2023
  **** SharedData Build 4025554 on Tue Oct 10 17:18:54 MDT 2023
    ** Copyright 1986-2022 Xilinx, Inc. All Rights Reserved.
    ** Copyright 2022-2023 Advanced Micro Devices, Inc. All Rights Reserved.

source pll.tcl -notrace
create_project: Time (s): cpu = 00:00:05 ; elapsed = 00:00:06 . Memory (MB): peak = 565.328 ; gain = 182.469
INFO: [IP_Flow 19-6924] IPCACHE: Running cache check for IP inst: pll
Command: synth_design -top pll -part xc7k325tffg900-2 -incremental_mode off -mode out_of_context
Starting synth_design
Attempting to get a license for feature 'Synthesis' and/or device 'xc7k325t'
INFO: [Common 17-349] Got license for feature 'Synthesis' and/or device 'xc7k325t'
INFO: [Device 21-403] Loading part xc7k325tffg900-2
INFO: [Synth 8-7079] Multithreading enabled for synth_design using a maximum of 2 processes.
INFO: [Synth 8-7078] Launching helper process for spawning children vivado processes
INFO: [Synth 8-7075] Helper process launched with PID 20420
---------------------------------------------------------------------------------
Starting RTL Elaboration : Time (s): cpu = 00:00:05 ; elapsed = 00:00:05 . Memory (MB): peak = 1468.430 ; gain = 437.777
---------------------------------------------------------------------------------
INFO: [Synth 8-6157] synthesizing module 'pll' [d:/digital_twin/digital_twin/digital_twin.gen/sources_1/ip/pll/pll.v:66]
INFO: [Synth 8-6157] synthesizing module 'pll_clk_wiz' [d:/digital_twin/digital_twin/digital_twin.gen/sources_1/ip/pll/pll_clk_wiz.v:66]
INFO: [Synth 8-6157] synthesizing module 'IBUFDS' [D:/Xilinx/Vivado/2023.2/scripts/rt/data/unisim_comp.v:73646]
INFO: [Synth 8-6155] done synthesizing module 'IBUFDS' (0#1) [D:/Xilinx/Vivado/2023.2/scripts/rt/data/unisim_comp.v:73646]
INFO: [Synth 8-6157] synthesizing module 'PLLE2_ADV' [D:/Xilinx/Vivado/2023.2/scripts/rt/data/unisim_comp.v:111351]
	Parameter BANDWIDTH bound to: OPTIMIZED - type: string 
	Parameter CLKFBOUT_MULT bound to: 5 - type: integer 
	Parameter CLKFBOUT_PHASE bound to: 0.000000 - type: double 
	Parameter CLKIN1_PERIOD bound to: 5.000000 - type: double 
	Parameter CLKOUT0_DIVIDE bound to: 20 - type: integer 
	Parameter CLKOUT0_DUTY_CYCLE bound to: 0.500000 - type: double 
	Parameter CLKOUT0_PHASE bound to: 0.000000 - type: double 
	Parameter CLKOUT1_DIVIDE bound to: 5 - type: integer 
	Parameter CLKOUT1_DUTY_CYCLE bound to: 0.500000 - type: double 
	Parameter CLKOUT1_PHASE bound to: 0.000000 - type: double 
	Parameter COMPENSATION bound to: ZHOLD - type: string 
	Parameter DIVCLK_DIVIDE bound to: 1 - type: integer 
	Parameter STARTUP_WAIT bound to: FALSE - type: string 
INFO: [Synth 8-6155] done synthesizing module 'PLLE2_ADV' (0#1) [D:/Xilinx/Vivado/2023.2/scripts/rt/data/unisim_comp.v:111351]
INFO: [Synth 8-6157] synthesizing module 'BUFG' [D:/Xilinx/Vivado/2023.2/scripts/rt/data/unisim_comp.v:1951]
INFO: [Synth 8-6155] done synthesizing module 'BUFG' (0#1) [D:/Xilinx/Vivado/2023.2/scripts/rt/data/unisim_comp.v:1951]
INFO: [Synth 8-6155] done synthesizing module 'pll_clk_wiz' (0#1) [d:/digital_twin/digital_twin/digital_twin.gen/sources_1/ip/pll/pll_clk_wiz.v:66]
INFO: [Synth 8-6155] done synthesizing module 'pll' (0#1) [d:/digital_twin/digital_twin/digital_twin.gen/sources_1/ip/pll/pll.v:66]
---------------------------------------------------------------------------------
Finished RTL Elaboration : Time (s): cpu = 00:00:06 ; elapsed = 00:00:07 . Memory (MB): peak = 1576.797 ; gain = 546.145
---------------------------------------------------------------------------------
---------------------------------------------------------------------------------
Start Handling Custom Attributes
---------------------------------------------------------------------------------
---------------------------------------------------------------------------------
Finished Handling Custom Attributes : Time (s): cpu = 00:00:06 ; elapsed = 00:00:07 . Memory (MB): peak = 1576.797 ; gain = 546.145
---------------------------------------------------------------------------------
---------------------------------------------------------------------------------
Finished RTL Optimization Phase 1 : Time (s): cpu = 00:00:06 ; elapsed = 00:00:07 . Memory (MB): peak = 1576.797 ; gain = 546.145
---------------------------------------------------------------------------------
Netlist sorting complete. Time (s): cpu = 00:00:00 ; elapsed = 00:00:00 . Memory (MB): peak = 1576.797 ; gain = 0.000
INFO: [Netlist 29-17] Analyzing 2 Unisim elements for replacement
INFO: [Netlist 29-28] Unisim Transformation completed in 0 CPU seconds
INFO: [Project 1-570] Preparing netlist for logic optimization

Processing XDC Constraints
Initializing timing engine
Parsing XDC File [d:/digital_twin/digital_twin/digital_twin.gen/sources_1/ip/pll/pll_ooc.xdc] for cell 'inst'
Finished Parsing XDC File [d:/digital_twin/digital_twin/digital_twin.gen/sources_1/ip/pll/pll_ooc.xdc] for cell 'inst'
Parsing XDC File [d:/digital_twin/digital_twin/digital_twin.gen/sources_1/ip/pll/pll_board.xdc] for cell 'inst'
Finished Parsing XDC File [d:/digital_twin/digital_twin/digital_twin.gen/sources_1/ip/pll/pll_board.xdc] for cell 'inst'
Parsing XDC File [d:/digital_twin/digital_twin/digital_twin.gen/sources_1/ip/pll/pll.xdc] for cell 'inst'
Finished Parsing XDC File [d:/digital_twin/digital_twin/digital_twin.gen/sources_1/ip/pll/pll.xdc] for cell 'inst'
INFO: [Project 1-236] Implementation specific constraints were found while reading constraint file [d:/digital_twin/digital_twin/digital_twin.gen/sources_1/ip/pll/pll.xdc]. These constraints will be ignored for synthesis but will be used in implementation. Impacted constraints are listed in the file [.Xil/pll_propImpl.xdc].
Resolution: To avoid this warning, move constraints listed in [.Xil/pll_propImpl.xdc] to another XDC file and exclude this new file from synthesis with the used_in_synthesis property (File Properties dialog in GUI) and re-run elaboration/synthesis.
INFO: [Timing 38-2] Deriving generated clocks
Parsing XDC File [d:/digital_twin/digital_twin/digital_twin.runs/pll_synth_1/dont_touch.xdc]
Finished Parsing XDC File [d:/digital_twin/digital_twin/digital_twin.runs/pll_synth_1/dont_touch.xdc]
Completed Processing XDC Constraints

Netlist sorting complete. Time (s): cpu = 00:00:00 ; elapsed = 00:00:00 . Memory (MB): peak = 1576.797 ; gain = 0.000
INFO: [Project 1-111] Unisim Transformation Summary:
No Unisim elements were transformed.

The system cannot find the path specified.
Constraint Validation Runtime : Time (s): cpu = 00:00:00 ; elapsed = 00:00:00.023 . Memory (MB): peak = 1576.797 ; gain = 0.000
INFO: [Designutils 20-5008] Incremental synthesis strategy off
---------------------------------------------------------------------------------
Finished Constraint Validation : Time (s): cpu = 00:00:14 ; elapsed = 00:00:14 . Memory (MB): peak = 1576.797 ; gain = 546.145
---------------------------------------------------------------------------------
---------------------------------------------------------------------------------
Start Loading Part and Timing Information
---------------------------------------------------------------------------------
Loading part: xc7k325tffg900-2
---------------------------------------------------------------------------------
Finished Loading Part and Timing Information : Time (s): cpu = 00:00:14 ; elapsed = 00:00:14 . Memory (MB): peak = 1576.797 ; gain = 546.145
---------------------------------------------------------------------------------
---------------------------------------------------------------------------------
Start Applying 'set_property' XDC Constraints
---------------------------------------------------------------------------------
Applied set_property KEEP_HIERARCHY = SOFT for inst. (constraint file  d:/digital_twin/digital_twin/digital_twin.runs/pll_synth_1/dont_touch.xdc, line 9).
---------------------------------------------------------------------------------
Finished applying 'set_property' XDC Constraints : Time (s): cpu = 00:00:14 ; elapsed = 00:00:14 . Memory (MB): peak = 1576.797 ; gain = 546.145
---------------------------------------------------------------------------------
---------------------------------------------------------------------------------
Finished RTL Optimization Phase 2 : Time (s): cpu = 00:00:14 ; elapsed = 00:00:14 . Memory (MB): peak = 1576.797 ; gain = 546.145
---------------------------------------------------------------------------------
---------------------------------------------------------------------------------
Start RTL Component Statistics 
---------------------------------------------------------------------------------
Detailed RTL Component Info : 
---------------------------------------------------------------------------------
Finished RTL Component Statistics 
---------------------------------------------------------------------------------
---------------------------------------------------------------------------------
Start Part Resource Summary
---------------------------------------------------------------------------------
Part Resources:
DSPs: 840 (col length:140)
BRAMs: 890 (col length: RAMB18 140 RAMB36 70)
---------------------------------------------------------------------------------
Finished Part Resource Summary
---------------------------------------------------------------------------------
---------------------------------------------------------------------------------
Start Cross Boundary and Area Optimization
---------------------------------------------------------------------------------
WARNING: [Synth 8-7080] Parallel synthesis criteria is not met
---------------------------------------------------------------------------------
Finished Cross Boundary and Area Optimization : Time (s): cpu = 00:00:15 ; elapsed = 00:00:16 . Memory (MB): peak = 1576.797 ; gain = 546.145
---------------------------------------------------------------------------------
---------------------------------------------------------------------------------
Start Applying XDC Timing Constraints
---------------------------------------------------------------------------------
---------------------------------------------------------------------------------
Finished Applying XDC Timing Constraints : Time (s): cpu = 00:00:19 ; elapsed = 00:00:20 . Memory (MB): peak = 1576.797 ; gain = 546.145
---------------------------------------------------------------------------------
---------------------------------------------------------------------------------
Start Timing Optimization
---------------------------------------------------------------------------------
---------------------------------------------------------------------------------
Finished Timing Optimization : Time (s): cpu = 00:00:19 ; elapsed = 00:00:20 . Memory (MB): peak = 1576.797 ; gain = 546.145
---------------------------------------------------------------------------------
---------------------------------------------------------------------------------
Start Technology Mapping
---------------------------------------------------------------------------------
---------------------------------------------------------------------------------
Finished Technology Mapping : Time (s): cpu = 00:00:19 ; elapsed = 00:00:20 . Memory (MB): peak = 1576.797 ; gain = 546.145
---------------------------------------------------------------------------------
---------------------------------------------------------------------------------
Start IO Insertion
---------------------------------------------------------------------------------
---------------------------------------------------------------------------------
Start Flattening Before IO Insertion
---------------------------------------------------------------------------------
---------------------------------------------------------------------------------
Finished Flattening Before IO Insertion
---------------------------------------------------------------------------------
---------------------------------------------------------------------------------
Start Final Netlist Cleanup
---------------------------------------------------------------------------------
---------------------------------------------------------------------------------
Finished Final Netlist Cleanup
---------------------------------------------------------------------------------
---------------------------------------------------------------------------------
Finished IO Insertion : Time (s): cpu = 00:00:22 ; elapsed = 00:00:23 . Memory (MB): peak = 1576.797 ; gain = 546.145
---------------------------------------------------------------------------------
---------------------------------------------------------------------------------
Start Renaming Generated Instances
---------------------------------------------------------------------------------
---------------------------------------------------------------------------------
Finished Renaming Generated Instances : Time (s): cpu = 00:00:22 ; elapsed = 00:00:23 . Memory (MB): peak = 1576.797 ; gain = 546.145
---------------------------------------------------------------------------------
---------------------------------------------------------------------------------
Start Rebuilding User Hierarchy
---------------------------------------------------------------------------------
---------------------------------------------------------------------------------
Finished Rebuilding User Hierarchy : Time (s): cpu = 00:00:22 ; elapsed = 00:00:23 . Memory (MB): peak = 1576.797 ; gain = 546.145
---------------------------------------------------------------------------------
---------------------------------------------------------------------------------
Start Renaming Generated Ports
---------------------------------------------------------------------------------
---------------------------------------------------------------------------------
Finished Renaming Generated Ports : Time (s): cpu = 00:00:22 ; elapsed = 00:00:23 . Memory (MB): peak = 1576.797 ; gain = 546.145
---------------------------------------------------------------------------------
---------------------------------------------------------------------------------
Start Handling Custom Attributes
---------------------------------------------------------------------------------
---------------------------------------------------------------------------------
Finished Handling Custom Attributes : Time (s): cpu = 00:00:22 ; elapsed = 00:00:23 . Memory (MB): peak = 1576.797 ; gain = 546.145
---------------------------------------------------------------------------------
---------------------------------------------------------------------------------
Start Renaming Generated Nets
---------------------------------------------------------------------------------
---------------------------------------------------------------------------------
Finished Renaming Generated Nets : Time (s): cpu = 00:00:22 ; elapsed = 00:00:23 . Memory (MB): peak = 1576.797 ; gain = 546.145
---------------------------------------------------------------------------------
---------------------------------------------------------------------------------
Start Writing Synthesis Report
---------------------------------------------------------------------------------

Report BlackBoxes: 
+-+--------------+----------+
| |BlackBox name |Instances |
+-+--------------+----------+
+-+--------------+----------+

Report Cell Usage: 
+------+----------+------+
|      |Cell      |Count |
+------+----------+------+
|1     |BUFG      |     3|
|2     |PLLE2_ADV |     1|
|3     |IBUFDS    |     1|
+------+----------+------+
---------------------------------------------------------------------------------
Finished Writing Synthesis Report : Time (s): cpu = 00:00:22 ; elapsed = 00:00:23 . Memory (MB): peak = 1576.797 ; gain = 546.145
---------------------------------------------------------------------------------
Synthesis finished with 0 errors, 0 critical warnings and 1 warnings.
Synthesis Optimization Runtime : Time (s): cpu = 00:00:15 ; elapsed = 00:00:21 . Memory (MB): peak = 1576.797 ; gain = 546.145
Synthesis Optimization Complete : Time (s): cpu = 00:00:23 ; elapsed = 00:00:23 . Memory (MB): peak = 1576.797 ; gain = 546.145
INFO: [Project 1-571] Translating synthesized netlist
Netlist sorting complete. Time (s): cpu = 00:00:00 ; elapsed = 00:00:00 . Memory (MB): peak = 1576.797 ; gain = 0.000
INFO: [Netlist 29-17] Analyzing 2 Unisim elements for replacement
INFO: [Netlist 29-28] Unisim Transformation completed in 0 CPU seconds
INFO: [Project 1-570] Preparing netlist for logic optimization
INFO: [Opt 31-138] Pushed 0 inverter(s) to 0 load pin(s).
Netlist sorting complete. Time (s): cpu = 00:00:00 ; elapsed = 00:00:00 . Memory (MB): peak = 1576.797 ; gain = 0.000
INFO: [Project 1-111] Unisim Transformation Summary:
No Unisim elements were transformed.

The system cannot find the path specified.
Synth Design complete | Checksum: 939ffd86
INFO: [Common 17-83] Releasing license: Synthesis
30 Infos, 1 Warnings, 0 Critical Warnings and 0 Errors encountered.
synth_design completed successfully
synth_design: Time (s): cpu = 00:00:26 ; elapsed = 00:00:28 . Memory (MB): peak = 1576.797 ; gain = 996.500
Write ShapeDB Complete: Time (s): cpu = 00:00:00 ; elapsed = 00:00:00.001 . Memory (MB): peak = 1576.797 ; gain = 0.000
INFO: [Common 17-1381] The checkpoint 'd:/digital_twin/digital_twin/digital_twin.runs/pll_synth_1/pll.dcp' has been generated.
INFO: [Coretcl 2-1648] Added synthesis output to IP cache for IP pll, cache-ID = 44d22fcfec183974
Write ShapeDB Complete: Time (s): cpu = 00:00:00 ; elapsed = 00:00:00 . Memory (MB): peak = 1576.797 ; gain = 0.000
INFO: [Common 17-1381] The checkpoint 'd:/digital_twin/digital_twin/digital_twin.runs/pll_synth_1/pll.dcp' has been generated.
INFO: [runtcl-4] Executing : report_utilization -file pll_utilization_synth.rpt -pb pll_utilization_synth.pb
INFO: [Common 17-206] Exiting Vivado at Thu Apr 30 10:02:39 2026...
[Thu Apr 30 10:02:43 2026] pll_synth_1 finished
wait_on_runs: Time (s): cpu = 00:00:00 ; elapsed = 00:00:45 . Memory (MB): peak = 1070.305 ; gain = 0.000
# update_compile_order -fileset sources_1
# cleanup_run_markers synth_1
# reset_run synth_1
# launch_runs synth_1 -jobs 2
[Thu Apr 30 10:02:43 2026] Launched synth_1...
Run output will be captured here: d:/digital_twin/digital_twin/digital_twin.runs/synth_1/runme.log
# wait_on_run synth_1
[Thu Apr 30 10:02:43 2026] Waiting for synth_1 to finish...


*** Running vivado
    with args -log top.vds -m64 -product Vivado -mode batch -messageDb vivado.pb -notrace -source top.tcl



****** Vivado v2023.2 (64-bit)
  **** SW Build 4029153 on Fri Oct 13 20:14:34 MDT 2023
  **** IP Build 4028589 on Sat Oct 14 00:45:43 MDT 2023
  **** SharedData Build 4025554 on Tue Oct 10 17:18:54 MDT 2023
    ** Copyright 1986-2022 Xilinx, Inc. All Rights Reserved.
    ** Copyright 2022-2023 Advanced Micro Devices, Inc. All Rights Reserved.

source top.tcl -notrace
create_project: Time (s): cpu = 00:00:06 ; elapsed = 00:00:05 . Memory (MB): peak = 566.145 ; gain = 182.004
Command: synth_design -top top -part xc7k325tffg900-2
Starting synth_design
Attempting to get a license for feature 'Synthesis' and/or device 'xc7k325t'
INFO: [Common 17-349] Got license for feature 'Synthesis' and/or device 'xc7k325t'
INFO: [Device 21-403] Loading part xc7k325tffg900-2
INFO: [Synth 8-7079] Multithreading enabled for synth_design using a maximum of 2 processes.
INFO: [Synth 8-7078] Launching helper process for spawning children vivado processes
INFO: [Synth 8-7075] Helper process launched with PID 16660
---------------------------------------------------------------------------------
Starting RTL Elaboration : Time (s): cpu = 00:00:05 ; elapsed = 00:00:05 . Memory (MB): peak = 1469.344 ; gain = 439.594
---------------------------------------------------------------------------------
INFO: [Synth 8-6157] synthesizing module 'top' [d:/digital_twin/digital_twin/digital_twin.srcs/sources_1/new/top.sv:23]
INFO: [Synth 8-6157] synthesizing module 'pll' [d:/digital_twin/digital_twin/digital_twin.runs/synth_1/.Xil/Vivado-30244-YukiRin/realtime/pll_stub.v:6]
INFO: [Synth 8-6155] done synthesizing module 'pll' (0#1) [d:/digital_twin/digital_twin/digital_twin.runs/synth_1/.Xil/Vivado-30244-YukiRin/realtime/pll_stub.v:6]
INFO: [Synth 8-6157] synthesizing module 'uart' [d:/digital_twin/digital_twin/digital_twin.srcs/sources_1/new/uart.sv:22]
	Parameter CLK_FREQ bound to: 50000000 - type: integer 
	Parameter BAUD_RATE bound to: 9600 - type: integer 
INFO: [Synth 8-226] default block is never used [d:/digital_twin/digital_twin/digital_twin.srcs/sources_1/new/uart.sv:72]
INFO: [Synth 8-155] case statement is not full and has no default [d:/digital_twin/digital_twin/digital_twin.srcs/sources_1/new/uart.sv:147]
INFO: [Synth 8-6155] done synthesizing module 'uart' (0#1) [d:/digital_twin/digital_twin/digital_twin.srcs/sources_1/new/uart.sv:22]
INFO: [Synth 8-6157] synthesizing module 'twin_controller' [d:/digital_twin/digital_twin/digital_twin.srcs/sources_1/new/twin_controller.sv:23]
INFO: [Synth 8-226] default block is never used [d:/digital_twin/digital_twin/digital_twin.srcs/sources_1/new/twin_controller.sv:64]
INFO: [Synth 8-6155] done synthesizing module 'twin_controller' (0#1) [d:/digital_twin/digital_twin/digital_twin.srcs/sources_1/new/twin_controller.sv:23]
INFO: [Synth 8-6157] synthesizing module 'student_top' [d:/digital_twin/digital_twin/digital_twin.srcs/sources_1/new/student_top.sv:23]
INFO: [Synth 8-6157] synthesizing module 'myCPU' [d:/digital_twin/digital_twin/digital_twin.srcs/sources_1/imports/new/myCPU.sv:3]
INFO: [Synth 8-6157] synthesizing module 'RF' [d:/digital_twin/digital_twin/digital_twin.srcs/sources_1/imports/new/RF.sv:22]
	Parameter ADDR_WIDTH bound to: 5 - type: integer 
	Parameter DATAWIDTH bound to: 32 - type: integer 
INFO: [Synth 8-6155] done synthesizing module 'RF' (0#1) [d:/digital_twin/digital_twin/digital_twin.srcs/sources_1/imports/new/RF.sv:22]
INFO: [Synth 8-6157] synthesizing module 'ALU' [d:/digital_twin/digital_twin/digital_twin.srcs/sources_1/imports/new/ALU.sv:22]
	Parameter DATAWIDTH bound to: 32 - type: integer 
INFO: [Synth 8-294] found qualifier unique on case statement: implementing as parallel_case [d:/digital_twin/digital_twin/digital_twin.srcs/sources_1/imports/new/ALU.sv:66]
INFO: [Synth 8-6155] done synthesizing module 'ALU' (0#1) [d:/digital_twin/digital_twin/digital_twin.srcs/sources_1/imports/new/ALU.sv:22]
INFO: [Synth 8-226] default block is never used [d:/digital_twin/digital_twin/digital_twin.srcs/sources_1/imports/new/myCPU.sv:356]
INFO: [Synth 8-226] default block is never used [d:/digital_twin/digital_twin/digital_twin.srcs/sources_1/imports/new/myCPU.sv:376]
INFO: [Synth 8-294] found qualifier unique on case statement: implementing as parallel_case [d:/digital_twin/digital_twin/digital_twin.srcs/sources_1/imports/new/myCPU.sv:506]
INFO: [Synth 8-294] found qualifier unique on case statement: implementing as parallel_case [d:/digital_twin/digital_twin/digital_twin.srcs/sources_1/imports/new/myCPU.sv:512]
INFO: [Synth 8-294] found qualifier unique on case statement: implementing as parallel_case [d:/digital_twin/digital_twin/digital_twin.srcs/sources_1/imports/new/myCPU.sv:518]
INFO: [Synth 8-294] found qualifier unique on case statement: implementing as parallel_case [d:/digital_twin/digital_twin/digital_twin.srcs/sources_1/imports/new/myCPU.sv:524]
INFO: [Synth 8-294] found qualifier unique on case statement: implementing as parallel_case [d:/digital_twin/digital_twin/digital_twin.srcs/sources_1/imports/new/myCPU.sv:553]
INFO: [Synth 8-294] found qualifier unique on case statement: implementing as parallel_case [d:/digital_twin/digital_twin/digital_twin.srcs/sources_1/imports/new/myCPU.sv:629]
INFO: [Synth 8-294] found qualifier unique on case statement: implementing as parallel_case [d:/digital_twin/digital_twin/digital_twin.srcs/sources_1/imports/new/myCPU.sv:631]
INFO: [Synth 8-294] found qualifier unique on case statement: implementing as parallel_case [d:/digital_twin/digital_twin/digital_twin.srcs/sources_1/imports/new/myCPU.sv:647]
INFO: [Synth 8-294] found qualifier unique on case statement: implementing as parallel_case [d:/digital_twin/digital_twin/digital_twin.srcs/sources_1/imports/new/myCPU.sv:691]
INFO: [Synth 8-294] found qualifier unique on case statement: implementing as parallel_case [d:/digital_twin/digital_twin/digital_twin.srcs/sources_1/imports/new/myCPU.sv:693]
INFO: [Synth 8-294] found qualifier unique on case statement: implementing as parallel_case [d:/digital_twin/digital_twin/digital_twin.srcs/sources_1/imports/new/myCPU.sv:709]
INFO: [Synth 8-6155] done synthesizing module 'myCPU' (0#1) [d:/digital_twin/digital_twin/digital_twin.srcs/sources_1/imports/new/myCPU.sv:3]
INFO: [Synth 8-6157] synthesizing module 'IROM' [d:/digital_twin/digital_twin/digital_twin.runs/synth_1/.Xil/Vivado-30244-YukiRin/realtime/IROM_stub.v:6]
INFO: [Synth 8-6155] done synthesizing module 'IROM' (0#1) [d:/digital_twin/digital_twin/digital_twin.runs/synth_1/.Xil/Vivado-30244-YukiRin/realtime/IROM_stub.v:6]
INFO: [Synth 8-6157] synthesizing module 'perip_bridge' [d:/digital_twin/digital_twin/digital_twin.srcs/sources_1/new/perip_bridge.sv:22]
INFO: [Synth 8-6157] synthesizing module 'display_seg' [d:/digital_twin/digital_twin/digital_twin.srcs/sources_1/new/display_seg.sv:23]
INFO: [Synth 8-6157] synthesizing module 'seg7' [d:/digital_twin/digital_twin/digital_twin.srcs/sources_1/new/seg7.sv:23]
INFO: [Synth 8-226] default block is never used [d:/digital_twin/digital_twin/digital_twin.srcs/sources_1/new/seg7.sv:29]
INFO: [Synth 8-6155] done synthesizing module 'seg7' (0#1) [d:/digital_twin/digital_twin/digital_twin.srcs/sources_1/new/seg7.sv:23]
INFO: [Synth 8-6155] done synthesizing module 'display_seg' (0#1) [d:/digital_twin/digital_twin/digital_twin.srcs/sources_1/new/display_seg.sv:23]
INFO: [Synth 8-6157] synthesizing module 'dram_driver' [d:/digital_twin/digital_twin/digital_twin.srcs/sources_1/new/dram_driver.sv:23]
INFO: [Synth 8-294] found qualifier unique on case statement: implementing as parallel_case [d:/digital_twin/digital_twin/digital_twin.srcs/sources_1/new/dram_driver.sv:84]
INFO: [Synth 8-294] found qualifier unique on case statement: implementing as parallel_case [d:/digital_twin/digital_twin/digital_twin.srcs/sources_1/new/dram_driver.sv:107]
INFO: [Synth 8-6155] done synthesizing module 'dram_driver' (0#1) [d:/digital_twin/digital_twin/digital_twin.srcs/sources_1/new/dram_driver.sv:23]
INFO: [Synth 8-6157] synthesizing module 'counter' [d:/digital_twin/digital_twin/digital_twin.srcs/sources_1/new/counter.sv:23]
INFO: [Synth 8-6155] done synthesizing module 'counter' (0#1) [d:/digital_twin/digital_twin/digital_twin.srcs/sources_1/new/counter.sv:23]
INFO: [Synth 8-6155] done synthesizing module 'perip_bridge' (0#1) [d:/digital_twin/digital_twin/digital_twin.srcs/sources_1/new/perip_bridge.sv:22]
INFO: [Synth 8-6155] done synthesizing module 'student_top' (0#1) [d:/digital_twin/digital_twin/digital_twin.srcs/sources_1/new/student_top.sv:23]
INFO: [Synth 8-6155] done synthesizing module 'top' (0#1) [d:/digital_twin/digital_twin/digital_twin.srcs/sources_1/new/top.sv:23]
---------------------------------------------------------------------------------
Finished RTL Elaboration : Time (s): cpu = 00:00:11 ; elapsed = 00:00:11 . Memory (MB): peak = 1718.055 ; gain = 688.305
---------------------------------------------------------------------------------
---------------------------------------------------------------------------------
Start Handling Custom Attributes
---------------------------------------------------------------------------------
---------------------------------------------------------------------------------
Finished Handling Custom Attributes : Time (s): cpu = 00:00:11 ; elapsed = 00:00:11 . Memory (MB): peak = 1718.055 ; gain = 688.305
---------------------------------------------------------------------------------
---------------------------------------------------------------------------------
Finished RTL Optimization Phase 1 : Time (s): cpu = 00:00:11 ; elapsed = 00:00:11 . Memory (MB): peak = 1718.055 ; gain = 688.305
---------------------------------------------------------------------------------
Netlist sorting complete. Time (s): cpu = 00:00:00 ; elapsed = 00:00:00.035 . Memory (MB): peak = 1718.055 ; gain = 0.000
INFO: [Project 1-570] Preparing netlist for logic optimization

Processing XDC Constraints
Initializing timing engine
Parsing XDC File [d:/digital_twin/digital_twin/digital_twin.gen/sources_1/ip/IROM/IROM/IROM_in_context.xdc] for cell 'student_top_inst/Mem_IROM'
Finished Parsing XDC File [d:/digital_twin/digital_twin/digital_twin.gen/sources_1/ip/IROM/IROM/IROM_in_context.xdc] for cell 'student_top_inst/Mem_IROM'
Parsing XDC File [d:/digital_twin/digital_twin/digital_twin.gen/sources_1/ip/pll/pll/pll_in_context.xdc] for cell 'pll_inst'
Finished Parsing XDC File [d:/digital_twin/digital_twin/digital_twin.gen/sources_1/ip/pll/pll/pll_in_context.xdc] for cell 'pll_inst'
Parsing XDC File [d:/digital_twin/digital_twin/digital_twin.srcs/constrs_1/new/digital_twin.xdc]
WARNING: [Vivado 12-627] No clocks matched 'clk_out1_pll'. [d:/digital_twin/digital_twin/digital_twin.srcs/constrs_1/new/digital_twin.xdc:155]
INFO: [Vivado 12-626] No clocks found. Please use 'create_clock' or 'create_generated_clock' command to create clocks. [d:/digital_twin/digital_twin/digital_twin.srcs/constrs_1/new/digital_twin.xdc:155]
WARNING: [Vivado 12-627] No clocks matched 'clk_out2_pll'. [d:/digital_twin/digital_twin/digital_twin.srcs/constrs_1/new/digital_twin.xdc:155]
INFO: [Vivado 12-626] No clocks found. Please use 'create_clock' or 'create_generated_clock' command to create clocks. [d:/digital_twin/digital_twin/digital_twin.srcs/constrs_1/new/digital_twin.xdc:155]
CRITICAL WARNING: [Vivado 12-4739] set_clock_groups:No valid object(s) found for '-group [get_clocks clk_out1_pll]'. [d:/digital_twin/digital_twin/digital_twin.srcs/constrs_1/new/digital_twin.xdc:155]
Resolution: Check if the specified object(s) exists in the current design. If it does, ensure that the correct design hierarchy was specified for the object. If you are working with clocks, make sure create_clock was used to create the clock object before it is referenced.
CRITICAL WARNING: [Vivado 12-4739] set_clock_groups:No valid object(s) found for '-group '. [d:/digital_twin/digital_twin/digital_twin.srcs/constrs_1/new/digital_twin.xdc:155]
Resolution: Check if the specified object(s) exists in the current design. If it does, ensure that the correct design hierarchy was specified for the object. If you are working with clocks, make sure create_clock was used to create the clock object before it is referenced.
CRITICAL WARNING: [Vivado 12-4739] set_clock_groups:No valid object(s) found for '-group [get_clocks clk_out2_pll]'. [d:/digital_twin/digital_twin/digital_twin.srcs/constrs_1/new/digital_twin.xdc:155]
Resolution: Check if the specified object(s) exists in the current design. If it does, ensure that the correct design hierarchy was specified for the object. If you are working with clocks, make sure create_clock was used to create the clock object before it is referenced.
CRITICAL WARNING: [Vivado 12-4739] set_clock_groups:No valid object(s) found for '-group '. [d:/digital_twin/digital_twin/digital_twin.srcs/constrs_1/new/digital_twin.xdc:155]
Resolution: Check if the specified object(s) exists in the current design. If it does, ensure that the correct design hierarchy was specified for the object. If you are working with clocks, make sure create_clock was used to create the clock object before it is referenced.
Finished Parsing XDC File [d:/digital_twin/digital_twin/digital_twin.srcs/constrs_1/new/digital_twin.xdc]
WARNING: [Project 1-498] One or more constraints failed evaluation while reading constraint file [d:/digital_twin/digital_twin/digital_twin.srcs/constrs_1/new/digital_twin.xdc] and the design contains unresolved black boxes. These constraints will be read post-synthesis (as long as their source constraint file is marked as used_in_implementation) and should be applied correctly then. You should review the constraints listed in the file [.Xil/top_propImpl.xdc] and check the run log file to verify that these constraints were correctly applied.
INFO: [Project 1-236] Implementation specific constraints were found while reading constraint file [d:/digital_twin/digital_twin/digital_twin.srcs/constrs_1/new/digital_twin.xdc]. These constraints will be ignored for synthesis but will be used in implementation. Impacted constraints are listed in the file [.Xil/top_propImpl.xdc].
Resolution: To avoid this warning, move constraints listed in [.Xil/top_propImpl.xdc] to another XDC file and exclude this new file from synthesis with the used_in_synthesis property (File Properties dialog in GUI) and re-run elaboration/synthesis.
Completed Processing XDC Constraints

Netlist sorting complete. Time (s): cpu = 00:00:00 ; elapsed = 00:00:00.001 . Memory (MB): peak = 1760.062 ; gain = 0.000
INFO: [Project 1-111] Unisim Transformation Summary:
No Unisim elements were transformed.

The system cannot find the path specified.
Constraint Validation Runtime : Time (s): cpu = 00:00:00 ; elapsed = 00:00:00.017 . Memory (MB): peak = 1760.062 ; gain = 0.000
---------------------------------------------------------------------------------
Finished Constraint Validation : Time (s): cpu = 00:00:19 ; elapsed = 00:00:20 . Memory (MB): peak = 1760.062 ; gain = 730.312
---------------------------------------------------------------------------------
---------------------------------------------------------------------------------
Start Loading Part and Timing Information
---------------------------------------------------------------------------------
Loading part: xc7k325tffg900-2
---------------------------------------------------------------------------------
Finished Loading Part and Timing Information : Time (s): cpu = 00:00:19 ; elapsed = 00:00:20 . Memory (MB): peak = 1760.062 ; gain = 730.312
---------------------------------------------------------------------------------
---------------------------------------------------------------------------------
Start Applying 'set_property' XDC Constraints
---------------------------------------------------------------------------------
Applied set_property IO_BUFFER_TYPE = NONE for i_sys_clk_n. (constraint file  d:/digital_twin/digital_twin/digital_twin.gen/sources_1/ip/pll/pll/pll_in_context.xdc, line 4).
Applied set_property CLOCK_BUFFER_TYPE = NONE for i_sys_clk_n. (constraint file  d:/digital_twin/digital_twin/digital_twin.gen/sources_1/ip/pll/pll/pll_in_context.xdc, line 5).
Applied set_property IO_BUFFER_TYPE = NONE for i_sys_clk_p. (constraint file  d:/digital_twin/digital_twin/digital_twin.gen/sources_1/ip/pll/pll/pll_in_context.xdc, line 6).
Applied set_property CLOCK_BUFFER_TYPE = NONE for i_sys_clk_p. (constraint file  d:/digital_twin/digital_twin/digital_twin.gen/sources_1/ip/pll/pll/pll_in_context.xdc, line 7).
Applied set_property KEEP_HIERARCHY = SOFT for student_top_inst/Mem_IROM. (constraint file  auto generated constraint).
Applied set_property KEEP_HIERARCHY = SOFT for pll_inst. (constraint file  auto generated constraint).
---------------------------------------------------------------------------------
Finished applying 'set_property' XDC Constraints : Time (s): cpu = 00:00:19 ; elapsed = 00:00:20 . Memory (MB): peak = 1760.062 ; gain = 730.312
---------------------------------------------------------------------------------
INFO: [Synth 8-802] inferred FSM for state register 'rx_state_reg' in module 'uart'
INFO: [Synth 8-802] inferred FSM for state register 'tx_state_reg' in module 'uart'
---------------------------------------------------------------------------------------------------
                   State |                     New Encoding |                Previous Encoding 
---------------------------------------------------------------------------------------------------
                  iSTATE |                               00 |                               00
                 iSTATE0 |                               01 |                               01
                 iSTATE1 |                               10 |                               10
                 iSTATE2 |                               11 |                               11
---------------------------------------------------------------------------------------------------
INFO: [Synth 8-3354] encoded FSM with state register 'rx_state_reg' using encoding 'sequential' in module 'uart'
---------------------------------------------------------------------------------------------------
                   State |                     New Encoding |                Previous Encoding 
---------------------------------------------------------------------------------------------------
                  iSTATE |                                0 |                             0000
                 iSTATE0 |                                1 |                             0001
---------------------------------------------------------------------------------------------------
INFO: [Synth 8-3354] encoded FSM with state register 'tx_state_reg' using encoding 'sequential' in module 'uart'
---------------------------------------------------------------------------------
Finished RTL Optimization Phase 2 : Time (s): cpu = 00:00:21 ; elapsed = 00:00:21 . Memory (MB): peak = 1760.062 ; gain = 730.312
---------------------------------------------------------------------------------
---------------------------------------------------------------------------------
Start RTL Component Statistics 
---------------------------------------------------------------------------------
Detailed RTL Component Info : 
+---Adders : 
	   3 Input   33 Bit       Adders := 1     
	   2 Input   32 Bit       Adders := 5     
	   2 Input   16 Bit       Adders := 1     
	   2 Input   13 Bit       Adders := 3     
	   2 Input    5 Bit       Adders := 2     
	   2 Input    4 Bit       Adders := 2     
+---XORs : 
	   2 Input     32 Bit         XORs := 2     
	   2 Input      1 Bit         XORs := 32    
+---Registers : 
	               64 Bit    Registers := 3     
	               40 Bit    Registers := 2     
	               32 Bit    Registers := 51    
	               16 Bit    Registers := 2     
	               13 Bit    Registers := 2     
	               12 Bit    Registers := 1     
	               10 Bit    Registers := 1     
	                8 Bit    Registers := 28    
	                7 Bit    Registers := 2     
	                5 Bit    Registers := 10    
	                4 Bit    Registers := 3     
	                3 Bit    Registers := 4     
	                2 Bit    Registers := 8     
	                1 Bit    Registers := 34    
+---RAMs : 
	             512K Bit	(65536 X 8 bit)          RAMs := 4     
+---Muxes : 
	   2 Input   64 Bit        Muxes := 2     
	   2 Input   32 Bit        Muxes := 23    
	   5 Input   32 Bit        Muxes := 1     
	   4 Input   32 Bit        Muxes := 3     
	   3 Input   32 Bit        Muxes := 4     
	   2 Input   16 Bit        Muxes := 3     
	   2 Input   13 Bit        Muxes := 4     
	   4 Input   13 Bit        Muxes := 1     
	   2 Input   12 Bit        Muxes := 1     
	   2 Input   10 Bit        Muxes := 1     
	   2 Input    8 Bit        Muxes := 9     
	   4 Input    8 Bit        Muxes := 4     
	   2 Input    5 Bit        Muxes := 2     
	   4 Input    4 Bit        Muxes := 1     
	   2 Input    4 Bit        Muxes := 8     
	   8 Input    4 Bit        Muxes := 2     
	  10 Input    4 Bit        Muxes := 1     
	   2 Input    3 Bit        Muxes := 2     
	   4 Input    2 Bit        Muxes := 2     
	  10 Input    2 Bit        Muxes := 2     
	   2 Input    2 Bit        Muxes := 7     
	  11 Input    2 Bit        Muxes := 2     
	   3 Input    2 Bit        Muxes := 2     
	   2 Input    1 Bit        Muxes := 57    
	   4 Input    1 Bit        Muxes := 7     
	   3 Input    1 Bit        Muxes := 1     
	  10 Input    1 Bit        Muxes := 6     
	   7 Input    1 Bit        Muxes := 4     
---------------------------------------------------------------------------------
Finished RTL Component Statistics 
---------------------------------------------------------------------------------
---------------------------------------------------------------------------------
Start Part Resource Summary
---------------------------------------------------------------------------------
Part Resources:
DSPs: 840 (col length:140)
BRAMs: 890 (col length: RAMB18 140 RAMB36 70)
---------------------------------------------------------------------------------
Finished Part Resource Summary
---------------------------------------------------------------------------------
---------------------------------------------------------------------------------
Start Cross Boundary and Area Optimization
---------------------------------------------------------------------------------
WARNING: [Synth 8-7080] Parallel synthesis criteria is not met
---------------------------------------------------------------------------------
Finished Cross Boundary and Area Optimization : Time (s): cpu = 00:00:38 ; elapsed = 00:00:38 . Memory (MB): peak = 1760.062 ; gain = 730.312
---------------------------------------------------------------------------------
---------------------------------------------------------------------------------
Start ROM, RAM, DSP, Shift Register and Retiming Reporting
---------------------------------------------------------------------------------

Block RAM: Preliminary Mapping Report (see note below)
+------------+--------------------------------------------------------------+------------------------+---+---+------------------------+---+---+------------------+--------+--------+
|Module Name | RTL Object                                                   | PORT A (Depth x Width) | W | R | PORT B (Depth x Width) | W | R | Ports driving FF | RAMB18 | RAMB36 | 
+------------+--------------------------------------------------------------+------------------------+---+---+------------------------+---+---+------------------+--------+--------+
|top         | student_top_inst/bridge_inst/dram_driver_inst/dram_lane0_reg | 64 K x 8(READ_FIRST)   | W | R |                        |   |   | Port A           | 0      | 16     | 
|top         | student_top_inst/bridge_inst/dram_driver_inst/dram_lane1_reg | 64 K x 8(READ_FIRST)   | W | R |                        |   |   | Port A           | 0      | 16     | 
|top         | student_top_inst/bridge_inst/dram_driver_inst/dram_lane2_reg | 64 K x 8(READ_FIRST)   | W | R |                        |   |   | Port A           | 0      | 16     | 
|top         | student_top_inst/bridge_inst/dram_driver_inst/dram_lane3_reg | 64 K x 8(READ_FIRST)   | W | R |                        |   |   | Port A           | 0      | 16     | 
+------------+--------------------------------------------------------------+------------------------+---+---+------------------------+---+---+------------------+--------+--------+

Note: The table above is a preliminary report that shows the Block RAMs at the current stage of the synthesis flow. Some Block RAMs may be reimplemented as non Block RAM primitives later in the synthesis flow. Multiple instantiated Block RAMs are reported only once. 
---------------------------------------------------------------------------------
Finished ROM, RAM, DSP, Shift Register and Retiming Reporting
---------------------------------------------------------------------------------
---------------------------------------------------------------------------------
Start Applying XDC Timing Constraints
---------------------------------------------------------------------------------
---------------------------------------------------------------------------------
Finished Applying XDC Timing Constraints : Time (s): cpu = 00:00:42 ; elapsed = 00:00:43 . Memory (MB): peak = 1760.062 ; gain = 730.312
---------------------------------------------------------------------------------
---------------------------------------------------------------------------------
Start Timing Optimization
---------------------------------------------------------------------------------
---------------------------------------------------------------------------------
Finished Timing Optimization : Time (s): cpu = 00:00:51 ; elapsed = 00:00:52 . Memory (MB): peak = 1784.418 ; gain = 754.668
---------------------------------------------------------------------------------
---------------------------------------------------------------------------------
Start ROM, RAM, DSP, Shift Register and Retiming Reporting
---------------------------------------------------------------------------------

Block RAM: Final Mapping Report
+------------+--------------------------------------------------------------+------------------------+---+---+------------------------+---+---+------------------+--------+--------+
|Module Name | RTL Object                                                   | PORT A (Depth x Width) | W | R | PORT B (Depth x Width) | W | R | Ports driving FF | RAMB18 | RAMB36 | 
+------------+--------------------------------------------------------------+------------------------+---+---+------------------------+---+---+------------------+--------+--------+
|top         | student_top_inst/bridge_inst/dram_driver_inst/dram_lane0_reg | 64 K x 8(READ_FIRST)   | W | R |                        |   |   | Port A           | 0      | 16     | 
|top         | student_top_inst/bridge_inst/dram_driver_inst/dram_lane1_reg | 64 K x 8(READ_FIRST)   | W | R |                        |   |   | Port A           | 0      | 16     | 
|top         | student_top_inst/bridge_inst/dram_driver_inst/dram_lane2_reg | 64 K x 8(READ_FIRST)   | W | R |                        |   |   | Port A           | 0      | 16     | 
|top         | student_top_inst/bridge_inst/dram_driver_inst/dram_lane3_reg | 64 K x 8(READ_FIRST)   | W | R |                        |   |   | Port A           | 0      | 16     | 
+------------+--------------------------------------------------------------+------------------------+---+---+------------------------+---+---+------------------+--------+--------+

---------------------------------------------------------------------------------
Finished ROM, RAM, DSP, Shift Register and Retiming Reporting
---------------------------------------------------------------------------------
---------------------------------------------------------------------------------
Start Technology Mapping
---------------------------------------------------------------------------------
INFO: [Synth 8-7052] The timing for the instance student_top_inst/bridge_inst/dram_driver_inst/dram_lane0_reg_1_0 (implemented as a Block RAM) might be sub-optimal as no optional output register could be merged into the ram block. Providing additional output register may help in improving timing.
INFO: [Synth 8-7052] The timing for the instance student_top_inst/bridge_inst/dram_driver_inst/dram_lane0_reg_1_1 (implemented as a Block RAM) might be sub-optimal as no optional output register could be merged into the ram block. Providing additional output register may help in improving timing.
INFO: [Synth 8-7052] The timing for the instance student_top_inst/bridge_inst/dram_driver_inst/dram_lane0_reg_1_2 (implemented as a Block RAM) might be sub-optimal as no optional output register could be merged into the ram block. Providing additional output register may help in improving timing.
INFO: [Synth 8-7052] The timing for the instance student_top_inst/bridge_inst/dram_driver_inst/dram_lane0_reg_1_3 (implemented as a Block RAM) might be sub-optimal as no optional output register could be merged into the ram block. Providing additional output register may help in improving timing.
INFO: [Synth 8-7052] The timing for the instance student_top_inst/bridge_inst/dram_driver_inst/dram_lane0_reg_1_4 (implemented as a Block RAM) might be sub-optimal as no optional output register could be merged into the ram block. Providing additional output register may help in improving timing.
INFO: [Synth 8-7052] The timing for the instance student_top_inst/bridge_inst/dram_driver_inst/dram_lane0_reg_1_5 (implemented as a Block RAM) might be sub-optimal as no optional output register could be merged into the ram block. Providing additional output register may help in improving timing.
INFO: [Synth 8-7052] The timing for the instance student_top_inst/bridge_inst/dram_driver_inst/dram_lane0_reg_1_6 (implemented as a Block RAM) might be sub-optimal as no optional output register could be merged into the ram block. Providing additional output register may help in improving timing.
INFO: [Synth 8-7052] The timing for the instance student_top_inst/bridge_inst/dram_driver_inst/dram_lane0_reg_1_7 (implemented as a Block RAM) might be sub-optimal as no optional output register could be merged into the ram block. Providing additional output register may help in improving timing.
INFO: [Synth 8-7052] The timing for the instance student_top_inst/bridge_inst/dram_driver_inst/dram_lane1_reg_1_0 (implemented as a Block RAM) might be sub-optimal as no optional output register could be merged into the ram block. Providing additional output register may help in improving timing.
INFO: [Synth 8-7052] The timing for the instance student_top_inst/bridge_inst/dram_driver_inst/dram_lane1_reg_1_1 (implemented as a Block RAM) might be sub-optimal as no optional output register could be merged into the ram block. Providing additional output register may help in improving timing.
INFO: [Synth 8-7052] The timing for the instance student_top_inst/bridge_inst/dram_driver_inst/dram_lane1_reg_1_2 (implemented as a Block RAM) might be sub-optimal as no optional output register could be merged into the ram block. Providing additional output register may help in improving timing.
INFO: [Synth 8-7052] The timing for the instance student_top_inst/bridge_inst/dram_driver_inst/dram_lane1_reg_1_3 (implemented as a Block RAM) might be sub-optimal as no optional output register could be merged into the ram block. Providing additional output register may help in improving timing.
INFO: [Synth 8-7052] The timing for the instance student_top_inst/bridge_inst/dram_driver_inst/dram_lane1_reg_1_4 (implemented as a Block RAM) might be sub-optimal as no optional output register could be merged into the ram block. Providing additional output register may help in improving timing.
INFO: [Synth 8-7052] The timing for the instance student_top_inst/bridge_inst/dram_driver_inst/dram_lane1_reg_1_5 (implemented as a Block RAM) might be sub-optimal as no optional output register could be merged into the ram block. Providing additional output register may help in improving timing.
INFO: [Synth 8-7052] The timing for the instance student_top_inst/bridge_inst/dram_driver_inst/dram_lane1_reg_1_6 (implemented as a Block RAM) might be sub-optimal as no optional output register could be merged into the ram block. Providing additional output register may help in improving timing.
INFO: [Synth 8-7052] The timing for the instance student_top_inst/bridge_inst/dram_driver_inst/dram_lane1_reg_1_7 (implemented as a Block RAM) might be sub-optimal as no optional output register could be merged into the ram block. Providing additional output register may help in improving timing.
INFO: [Synth 8-7052] The timing for the instance student_top_inst/bridge_inst/dram_driver_inst/dram_lane2_reg_1_0 (implemented as a Block RAM) might be sub-optimal as no optional output register could be merged into the ram block. Providing additional output register may help in improving timing.
INFO: [Synth 8-7052] The timing for the instance student_top_inst/bridge_inst/dram_driver_inst/dram_lane2_reg_1_1 (implemented as a Block RAM) might be sub-optimal as no optional output register could be merged into the ram block. Providing additional output register may help in improving timing.
INFO: [Synth 8-7052] The timing for the instance student_top_inst/bridge_inst/dram_driver_inst/dram_lane2_reg_1_2 (implemented as a Block RAM) might be sub-optimal as no optional output register could be merged into the ram block. Providing additional output register may help in improving timing.
INFO: [Synth 8-7052] The timing for the instance student_top_inst/bridge_inst/dram_driver_inst/dram_lane2_reg_1_3 (implemented as a Block RAM) might be sub-optimal as no optional output register could be merged into the ram block. Providing additional output register may help in improving timing.
INFO: [Synth 8-7052] The timing for the instance student_top_inst/bridge_inst/dram_driver_inst/dram_lane2_reg_1_4 (implemented as a Block RAM) might be sub-optimal as no optional output register could be merged into the ram block. Providing additional output register may help in improving timing.
INFO: [Synth 8-7052] The timing for the instance student_top_inst/bridge_inst/dram_driver_inst/dram_lane2_reg_1_5 (implemented as a Block RAM) might be sub-optimal as no optional output register could be merged into the ram block. Providing additional output register may help in improving timing.
INFO: [Synth 8-7052] The timing for the instance student_top_inst/bridge_inst/dram_driver_inst/dram_lane2_reg_1_6 (implemented as a Block RAM) might be sub-optimal as no optional output register could be merged into the ram block. Providing additional output register may help in improving timing.
INFO: [Synth 8-7052] The timing for the instance student_top_inst/bridge_inst/dram_driver_inst/dram_lane2_reg_1_7 (implemented as a Block RAM) might be sub-optimal as no optional output register could be merged into the ram block. Providing additional output register may help in improving timing.
INFO: [Synth 8-7052] The timing for the instance student_top_inst/bridge_inst/dram_driver_inst/dram_lane3_reg_1_0 (implemented as a Block RAM) might be sub-optimal as no optional output register could be merged into the ram block. Providing additional output register may help in improving timing.
INFO: [Synth 8-7052] The timing for the instance student_top_inst/bridge_inst/dram_driver_inst/dram_lane3_reg_1_1 (implemented as a Block RAM) might be sub-optimal as no optional output register could be merged into the ram block. Providing additional output register may help in improving timing.
INFO: [Synth 8-7052] The timing for the instance student_top_inst/bridge_inst/dram_driver_inst/dram_lane3_reg_1_2 (implemented as a Block RAM) might be sub-optimal as no optional output register could be merged into the ram block. Providing additional output register may help in improving timing.
INFO: [Synth 8-7052] The timing for the instance student_top_inst/bridge_inst/dram_driver_inst/dram_lane3_reg_1_3 (implemented as a Block RAM) might be sub-optimal as no optional output register could be merged into the ram block. Providing additional output register may help in improving timing.
INFO: [Synth 8-7052] The timing for the instance student_top_inst/bridge_inst/dram_driver_inst/dram_lane3_reg_1_4 (implemented as a Block RAM) might be sub-optimal as no optional output register could be merged into the ram block. Providing additional output register may help in improving timing.
INFO: [Synth 8-7052] The timing for the instance student_top_inst/bridge_inst/dram_driver_inst/dram_lane3_reg_1_5 (implemented as a Block RAM) might be sub-optimal as no optional output register could be merged into the ram block. Providing additional output register may help in improving timing.
INFO: [Synth 8-7052] The timing for the instance student_top_inst/bridge_inst/dram_driver_inst/dram_lane3_reg_1_6 (implemented as a Block RAM) might be sub-optimal as no optional output register could be merged into the ram block. Providing additional output register may help in improving timing.
INFO: [Synth 8-7052] The timing for the instance student_top_inst/bridge_inst/dram_driver_inst/dram_lane3_reg_1_7 (implemented as a Block RAM) might be sub-optimal as no optional output register could be merged into the ram block. Providing additional output register may help in improving timing.
---------------------------------------------------------------------------------
Finished Technology Mapping : Time (s): cpu = 00:00:53 ; elapsed = 00:00:54 . Memory (MB): peak = 1785.484 ; gain = 755.734
---------------------------------------------------------------------------------
---------------------------------------------------------------------------------
Start IO Insertion
---------------------------------------------------------------------------------
---------------------------------------------------------------------------------
Start Flattening Before IO Insertion
---------------------------------------------------------------------------------
---------------------------------------------------------------------------------
Finished Flattening Before IO Insertion
---------------------------------------------------------------------------------
---------------------------------------------------------------------------------
Start Final Netlist Cleanup
---------------------------------------------------------------------------------
---------------------------------------------------------------------------------
Finished Final Netlist Cleanup
---------------------------------------------------------------------------------
---------------------------------------------------------------------------------
Finished IO Insertion : Time (s): cpu = 00:00:58 ; elapsed = 00:00:59 . Memory (MB): peak = 1790.195 ; gain = 760.445
---------------------------------------------------------------------------------
---------------------------------------------------------------------------------
Start Renaming Generated Instances
---------------------------------------------------------------------------------
---------------------------------------------------------------------------------
Finished Renaming Generated Instances : Time (s): cpu = 00:00:58 ; elapsed = 00:00:59 . Memory (MB): peak = 1790.195 ; gain = 760.445
---------------------------------------------------------------------------------
---------------------------------------------------------------------------------
Start Rebuilding User Hierarchy
---------------------------------------------------------------------------------
---------------------------------------------------------------------------------
Finished Rebuilding User Hierarchy : Time (s): cpu = 00:00:59 ; elapsed = 00:01:00 . Memory (MB): peak = 1790.195 ; gain = 760.445
---------------------------------------------------------------------------------
---------------------------------------------------------------------------------
Start Renaming Generated Ports
---------------------------------------------------------------------------------
---------------------------------------------------------------------------------
Finished Renaming Generated Ports : Time (s): cpu = 00:00:59 ; elapsed = 00:01:00 . Memory (MB): peak = 1790.195 ; gain = 760.445
---------------------------------------------------------------------------------
---------------------------------------------------------------------------------
Start Handling Custom Attributes
---------------------------------------------------------------------------------
---------------------------------------------------------------------------------
Finished Handling Custom Attributes : Time (s): cpu = 00:00:59 ; elapsed = 00:01:00 . Memory (MB): peak = 1790.223 ; gain = 760.473
---------------------------------------------------------------------------------
---------------------------------------------------------------------------------
Start Renaming Generated Nets
---------------------------------------------------------------------------------
---------------------------------------------------------------------------------
Finished Renaming Generated Nets : Time (s): cpu = 00:00:59 ; elapsed = 00:01:00 . Memory (MB): peak = 1790.223 ; gain = 760.473
---------------------------------------------------------------------------------
---------------------------------------------------------------------------------
Start Writing Synthesis Report
---------------------------------------------------------------------------------

Report BlackBoxes: 
+------+--------------+----------+
|      |BlackBox name |Instances |
+------+--------------+----------+
|1     |pll           |         1|
|2     |IROM          |         1|
+------+--------------+----------+

Report Cell Usage: 
+------+---------+------+
|      |Cell     |Count |
+------+---------+------+
|1     |IROM     |     1|
|2     |pll      |     1|
|3     |CARRY4   |    69|
|4     |LUT1     |     7|
|5     |LUT2     |   176|
|6     |LUT3     |   233|
|7     |LUT4     |   268|
|8     |LUT5     |   297|
|9     |LUT6     |  1545|
|10    |MUXF7    |   278|
|11    |MUXF8    |   136|
|12    |RAMB36E1 |    64|
|21    |FDCE     |  2265|
|22    |FDPE     |    17|
|23    |FDRE     |   131|
|24    |IBUF     |     1|
|25    |OBUF     |    73|
+------+---------+------+
---------------------------------------------------------------------------------
Finished Writing Synthesis Report : Time (s): cpu = 00:00:59 ; elapsed = 00:01:00 . Memory (MB): peak = 1790.223 ; gain = 760.473
---------------------------------------------------------------------------------
Synthesis finished with 0 errors, 0 critical warnings and 1 warnings.
Synthesis Optimization Runtime : Time (s): cpu = 00:00:46 ; elapsed = 00:00:57 . Memory (MB): peak = 1790.223 ; gain = 718.465
Synthesis Optimization Complete : Time (s): cpu = 00:00:59 ; elapsed = 00:01:00 . Memory (MB): peak = 1790.223 ; gain = 760.473
INFO: [Project 1-571] Translating synthesized netlist
Netlist sorting complete. Time (s): cpu = 00:00:00 ; elapsed = 00:00:00.058 . Memory (MB): peak = 1802.312 ; gain = 0.000
INFO: [Netlist 29-17] Analyzing 547 Unisim elements for replacement
INFO: [Netlist 29-28] Unisim Transformation completed in 0 CPU seconds
INFO: [Project 1-570] Preparing netlist for logic optimization
INFO: [Opt 31-138] Pushed 0 inverter(s) to 0 load pin(s).
Netlist sorting complete. Time (s): cpu = 00:00:00 ; elapsed = 00:00:00.001 . Memory (MB): peak = 1809.961 ; gain = 0.000
INFO: [Project 1-111] Unisim Transformation Summary:
No Unisim elements were transformed.

The system cannot find the path specified.
Synth Design complete | Checksum: b5841810
INFO: [Common 17-83] Releasing license: Synthesis
101 Infos, 4 Warnings, 4 Critical Warnings and 0 Errors encountered.
synth_design completed successfully
synth_design: Time (s): cpu = 00:01:04 ; elapsed = 00:01:06 . Memory (MB): peak = 1809.961 ; gain = 1230.746
INFO: [runtcl-6] Synthesis results are not added to the cache due to CRITICAL_WARNING
Write ShapeDB Complete: Time (s): cpu = 00:00:00 ; elapsed = 00:00:00.011 . Memory (MB): peak = 1809.961 ; gain = 0.000
INFO: [Common 17-1381] The checkpoint 'd:/digital_twin/digital_twin/digital_twin.runs/synth_1/top.dcp' has been generated.
INFO: [runtcl-4] Executing : report_utilization -file top_utilization_synth.rpt -pb top_utilization_synth.pb
INFO: [Common 17-206] Exiting Vivado at Thu Apr 30 10:04:02 2026...
[Thu Apr 30 10:04:08 2026] synth_1 finished
wait_on_runs: Time (s): cpu = 00:00:00 ; elapsed = 00:01:25 . Memory (MB): peak = 1070.305 ; gain = 0.000
# wait_for_checkpoint synth_1 top.dcp __synthesis_is_running__ 1800000
# open_run synth_1
Design is defaulting to impl run constrset: constrs_1
Design is defaulting to synth run part: xc7k325tffg900-2
INFO: [Project 1-454] Reading design checkpoint 'd:/digital_twin/digital_twin/digital_twin.gen/sources_1/ip/pll/pll.dcp' for cell 'pll_inst'
INFO: [Project 1-454] Reading design checkpoint 'd:/digital_twin/digital_twin/digital_twin.gen/sources_1/ip/IROM/IROM.dcp' for cell 'student_top_inst/Mem_IROM'
Netlist sorting complete. Time (s): cpu = 00:00:00 ; elapsed = 00:00:00.031 . Memory (MB): peak = 1108.625 ; gain = 0.000
INFO: [Netlist 29-17] Analyzing 1093 Unisim elements for replacement
INFO: [Netlist 29-28] Unisim Transformation completed in 0 CPU seconds
INFO: [Project 1-479] Netlist was created with Vivado 2023.2
INFO: [Project 1-570] Preparing netlist for logic optimization
Parsing XDC File [d:/digital_twin/digital_twin/digital_twin.gen/sources_1/ip/pll/pll_board.xdc] for cell 'pll_inst/inst'
Finished Parsing XDC File [d:/digital_twin/digital_twin/digital_twin.gen/sources_1/ip/pll/pll_board.xdc] for cell 'pll_inst/inst'
Parsing XDC File [d:/digital_twin/digital_twin/digital_twin.gen/sources_1/ip/pll/pll.xdc] for cell 'pll_inst/inst'
INFO: [Timing 38-35] Done setting XDC timing constraints. [d:/digital_twin/digital_twin/digital_twin.gen/sources_1/ip/pll/pll.xdc:54]
INFO: [Timing 38-2] Deriving generated clocks [d:/digital_twin/digital_twin/digital_twin.gen/sources_1/ip/pll/pll.xdc:54]
get_clocks: Time (s): cpu = 00:00:07 ; elapsed = 00:00:07 . Memory (MB): peak = 1835.719 ; gain = 620.297
Finished Parsing XDC File [d:/digital_twin/digital_twin/digital_twin.gen/sources_1/ip/pll/pll.xdc] for cell 'pll_inst/inst'
Parsing XDC File [d:/digital_twin/digital_twin/digital_twin.srcs/constrs_1/new/digital_twin.xdc]
Finished Parsing XDC File [d:/digital_twin/digital_twin/digital_twin.srcs/constrs_1/new/digital_twin.xdc]
INFO: [Opt 31-138] Pushed 0 inverter(s) to 0 load pin(s).
Netlist sorting complete. Time (s): cpu = 00:00:00 ; elapsed = 00:00:00.001 . Memory (MB): peak = 1835.719 ; gain = 0.000
INFO: [Project 1-111] Unisim Transformation Summary:
No Unisim elements were transformed.

The system cannot find the path specified.
open_run: Time (s): cpu = 00:00:09 ; elapsed = 00:00:09 . Memory (MB): peak = 1835.719 ; gain = 765.414
# opt_design -directive Explore
Command: opt_design -directive Explore
INFO: [Vivado_Tcl 4-136] Directive used for opt_design is: Explore
Attempting to get a license for feature 'Implementation' and/or device 'xc7k325t'
INFO: [Common 17-349] Got license for feature 'Implementation' and/or device 'xc7k325t'
Running DRC as a precondition to command opt_design

Starting DRC Task
INFO: [DRC 23-27] Running DRC with 2 threads
INFO: [Project 1-461] DRC finished with 0 Errors
INFO: [Project 1-462] Please refer to the DRC report (report_drc) for more information.

Time (s): cpu = 00:00:01 ; elapsed = 00:00:00.957 . Memory (MB): peak = 1835.719 ; gain = 0.000

Starting Logic Optimization Task

Phase 1 Initialization

Phase 1.1 Core Generation And Design Setup
Phase 1.1 Core Generation And Design Setup | Checksum: 144fd0a11

Time (s): cpu = 00:00:00 ; elapsed = 00:00:00.002 . Memory (MB): peak = 2114.477 ; gain = 0.000

Phase 1.2 Setup Constraints And Sort Netlist
Phase 1.2 Setup Constraints And Sort Netlist | Checksum: 144fd0a11

Time (s): cpu = 00:00:00 ; elapsed = 00:00:00.006 . Memory (MB): peak = 2114.477 ; gain = 0.000
Phase 1 Initialization | Checksum: 144fd0a11

Time (s): cpu = 00:00:00 ; elapsed = 00:00:00.007 . Memory (MB): peak = 2114.477 ; gain = 0.000

Phase 2 Timer Update And Timing Data Collection

Phase 2.1 Timer Update
INFO: [Timing 38-35] Done setting XDC timing constraints.
Phase 2.1 Timer Update | Checksum: 144fd0a11

Time (s): cpu = 00:00:01 ; elapsed = 00:00:00.319 . Memory (MB): peak = 2206.324 ; gain = 91.848

Phase 2.2 Timing Data Collection
Phase 2.2 Timing Data Collection | Checksum: 144fd0a11

Time (s): cpu = 00:00:01 ; elapsed = 00:00:00.334 . Memory (MB): peak = 2206.324 ; gain = 91.848
Phase 2 Timer Update And Timing Data Collection | Checksum: 144fd0a11

Time (s): cpu = 00:00:01 ; elapsed = 00:00:00.335 . Memory (MB): peak = 2206.324 ; gain = 91.848

Phase 3 Retarget
INFO: [Opt 31-1566] Pulled 1 inverters resulting in an inversion of 2 pins
INFO: [Opt 31-138] Pushed 1 inverter(s) to 4 load pin(s).
INFO: [Opt 31-49] Retargeted 0 cell(s).
Phase 3 Retarget | Checksum: 11d52561e

Time (s): cpu = 00:00:01 ; elapsed = 00:00:00.442 . Memory (MB): peak = 2206.324 ; gain = 91.848
Retarget | Checksum: 11d52561e
INFO: [Opt 31-389] Phase Retarget created 2 cells and removed 4 cells
INFO: [Opt 31-1021] In phase Retarget, 1 netlist objects are constrained preventing optimization. Please run opt_design with -debug_log to get more detail. 

Phase 4 Constant propagation
INFO: [Opt 31-138] Pushed 0 inverter(s) to 0 load pin(s).
Phase 4 Constant propagation | Checksum: 97b3787f

Time (s): cpu = 00:00:01 ; elapsed = 00:00:00.491 . Memory (MB): peak = 2206.324 ; gain = 91.848
Constant propagation | Checksum: 97b3787f
INFO: [Opt 31-389] Phase Constant propagation created 0 cells and removed 0 cells

Phase 5 Sweep
Phase 5 Sweep | Checksum: e1b7e03b

Time (s): cpu = 00:00:01 ; elapsed = 00:00:00.571 . Memory (MB): peak = 2206.324 ; gain = 91.848
Sweep | Checksum: e1b7e03b
INFO: [Opt 31-389] Phase Sweep created 32 cells and removed 0 cells

Phase 6 BUFG optimization
Phase 6 BUFG optimization | Checksum: e1b7e03b

Time (s): cpu = 00:00:01 ; elapsed = 00:00:00.634 . Memory (MB): peak = 2206.324 ; gain = 91.848
BUFG optimization | Checksum: e1b7e03b
INFO: [Opt 31-662] Phase BUFG optimization created 0 cells of which 0 are BUFGs and removed 0 cells.

Phase 7 Shift Register Optimization
INFO: [Opt 31-1064] SRL Remap converted 0 SRLs to 0 registers and converted 0 registers of register chains to 0 SRLs
Phase 7 Shift Register Optimization | Checksum: e1b7e03b

Time (s): cpu = 00:00:01 ; elapsed = 00:00:00.640 . Memory (MB): peak = 2206.324 ; gain = 91.848
Shift Register Optimization | Checksum: e1b7e03b
INFO: [Opt 31-389] Phase Shift Register Optimization created 0 cells and removed 0 cells
INFO: [Opt 31-1555] control_set_opt supports Versal devices only, and device 7k325t is unsupported

Phase 8 Post Processing Netlist
Phase 8 Post Processing Netlist | Checksum: e1b7e03b

Time (s): cpu = 00:00:01 ; elapsed = 00:00:00.662 . Memory (MB): peak = 2206.324 ; gain = 91.848
Post Processing Netlist | Checksum: e1b7e03b
INFO: [Opt 31-389] Phase Post Processing Netlist created 0 cells and removed 0 cells

Phase 9 Finalization

Phase 9.1 Finalizing Design Cores and Updating Shapes
Phase 9.1 Finalizing Design Cores and Updating Shapes | Checksum: 184e179b0

Time (s): cpu = 00:00:01 ; elapsed = 00:00:00.705 . Memory (MB): peak = 2206.324 ; gain = 91.848

Phase 9.2 Verifying Netlist Connectivity

Starting Connectivity Check Task

Time (s): cpu = 00:00:00 ; elapsed = 00:00:00.011 . Memory (MB): peak = 2206.324 ; gain = 0.000
Phase 9.2 Verifying Netlist Connectivity | Checksum: 184e179b0

Time (s): cpu = 00:00:01 ; elapsed = 00:00:00.717 . Memory (MB): peak = 2206.324 ; gain = 91.848
Phase 9 Finalization | Checksum: 184e179b0

Time (s): cpu = 00:00:01 ; elapsed = 00:00:00.718 . Memory (MB): peak = 2206.324 ; gain = 91.848
Opt_design Change Summary
=========================


-------------------------------------------------------------------------------------------------------------------------
|  Phase                        |  #Cells created  |  #Cells Removed  |  #Constrained objects preventing optimizations  |
-------------------------------------------------------------------------------------------------------------------------
|  Retarget                     |               2  |               4  |                                              1  |
|  Constant propagation         |               0  |               0  |                                              0  |
|  Sweep                        |              32  |               0  |                                              0  |
|  BUFG optimization            |               0  |               0  |                                              0  |
|  Shift Register Optimization  |               0  |               0  |                                              0  |
|  Post Processing Netlist      |               0  |               0  |                                              0  |
-------------------------------------------------------------------------------------------------------------------------


Ending Logic Optimization Task | Checksum: 184e179b0

Time (s): cpu = 00:00:01 ; elapsed = 00:00:00.720 . Memory (MB): peak = 2206.324 ; gain = 91.848
INFO: [Constraints 18-11670] Building netlist checker database with flags, 0x8
Done building netlist checker database: Time (s): cpu = 00:00:00 ; elapsed = 00:00:00.001 . Memory (MB): peak = 2206.324 ; gain = 0.000

Starting Netlist Obfuscation Task
Netlist sorting complete. Time (s): cpu = 00:00:00 ; elapsed = 00:00:00.002 . Memory (MB): peak = 2206.324 ; gain = 0.000
Ending Netlist Obfuscation Task | Checksum: 184e179b0

Time (s): cpu = 00:00:00 ; elapsed = 00:00:00.004 . Memory (MB): peak = 2206.324 ; gain = 0.000
INFO: [Common 17-83] Releasing license: Implementation
21 Infos, 0 Warnings, 0 Critical Warnings and 0 Errors encountered.
opt_design completed successfully
# place_design -directive ExtraPostPlacementOpt
Command: place_design -directive ExtraPostPlacementOpt
Attempting to get a license for feature 'Implementation' and/or device 'xc7k325t'
INFO: [Common 17-349] Got license for feature 'Implementation' and/or device 'xc7k325t'
INFO: [Common 17-83] Releasing license: Implementation
INFO: [DRC 23-27] Running DRC with 2 threads
INFO: [Vivado_Tcl 4-198] DRC finished with 0 Errors
INFO: [Vivado_Tcl 4-199] Please refer to the DRC report (report_drc) for more information.
Running DRC as a precondition to command place_design
INFO: [DRC 23-27] Running DRC with 2 threads
INFO: [Vivado_Tcl 4-198] DRC finished with 0 Errors, 21 Warnings
INFO: [Vivado_Tcl 4-199] Please refer to the DRC report (report_drc) for more information.
INFO: [Place 46-5] The placer was invoked with the 'ExtraPostPlacementOpt' directive.
INFO: [Place 30-611] Multithreading enabled for place_design using a maximum of 2 CPUs

Starting Placer Task

Phase 1 Placer Initialization

Phase 1.1 Placer Initialization Netlist Sorting
Netlist sorting complete. Time (s): cpu = 00:00:00 ; elapsed = 00:00:00.002 . Memory (MB): peak = 2206.324 ; gain = 0.000
Phase 1.1 Placer Initialization Netlist Sorting | Checksum: af49ea5a

Time (s): cpu = 00:00:00 ; elapsed = 00:00:00.004 . Memory (MB): peak = 2206.324 ; gain = 0.000
Netlist sorting complete. Time (s): cpu = 00:00:00 ; elapsed = 00:00:00.001 . Memory (MB): peak = 2206.324 ; gain = 0.000

Phase 1.2 IO Placement/ Clock Placement/ Build Placer Device
INFO: [Timing 38-35] Done setting XDC timing constraints.
Phase 1.2 IO Placement/ Clock Placement/ Build Placer Device | Checksum: f455019d

Time (s): cpu = 00:00:00 ; elapsed = 00:00:00.674 . Memory (MB): peak = 2206.324 ; gain = 0.000

Phase 1.3 Build Placer Netlist Model
Phase 1.3 Build Placer Netlist Model | Checksum: 16fe422ac

Time (s): cpu = 00:00:02 ; elapsed = 00:00:02 . Memory (MB): peak = 2206.324 ; gain = 0.000

Phase 1.4 Constrain Clocks/Macros
Phase 1.4 Constrain Clocks/Macros | Checksum: 16fe422ac

Time (s): cpu = 00:00:02 ; elapsed = 00:00:02 . Memory (MB): peak = 2206.324 ; gain = 0.000
Phase 1 Placer Initialization | Checksum: 16fe422ac

Time (s): cpu = 00:00:02 ; elapsed = 00:00:02 . Memory (MB): peak = 2206.324 ; gain = 0.000

Phase 2 Global Placement

Phase 2.1 Floorplanning
Phase 2.1 Floorplanning | Checksum: 1aa85a593

Time (s): cpu = 00:00:03 ; elapsed = 00:00:02 . Memory (MB): peak = 2206.324 ; gain = 0.000

Phase 2.2 Update Timing before SLR Path Opt
Phase 2.2 Update Timing before SLR Path Opt | Checksum: 12f467b22

Time (s): cpu = 00:00:03 ; elapsed = 00:00:03 . Memory (MB): peak = 2206.324 ; gain = 0.000

Phase 2.3 Post-Processing in Floorplanning
Phase 2.3 Post-Processing in Floorplanning | Checksum: 12f467b22

Time (s): cpu = 00:00:03 ; elapsed = 00:00:03 . Memory (MB): peak = 2206.324 ; gain = 0.000

Phase 2.4 Global Placement Core

Phase 2.4.1 UpdateTiming Before Physical Synthesis
Phase 2.4.1 UpdateTiming Before Physical Synthesis | Checksum: 23a862058

Time (s): cpu = 00:00:27 ; elapsed = 00:00:18 . Memory (MB): peak = 2206.324 ; gain = 0.000

Phase 2.4.2 Physical Synthesis In Placer
INFO: [Physopt 32-1035] Found 79 LUTNM shape to break, 21 LUT instances to create LUTNM shape
INFO: [Physopt 32-1044] Break lutnm for timing: one critical 21, two critical 58, total 79, new lutff created 0
INFO: [Physopt 32-1138] End 1 Pass. Optimized 85 nets or LUTs. Breaked 79 LUTs, combined 6 existing LUTs and moved 0 existing LUT
INFO: [Physopt 32-76] Pass 1. Identified 6 candidate nets for fanout optimization.
INFO: [Physopt 32-81] Processed net student_top_inst/Core_cpu/irom_addr_q_reg[11]_0[6]. Replicated 6 times.
INFO: [Physopt 32-81] Processed net student_top_inst/Core_cpu/irom_addr_q_reg[11]_0[11]. Replicated 6 times.
INFO: [Physopt 32-81] Processed net student_top_inst/Core_cpu/irom_addr_q_reg[11]_0[0]. Replicated 6 times.
INFO: [Physopt 32-81] Processed net student_top_inst/Core_cpu/irom_addr_q_reg[11]_0[5]. Replicated 6 times.
INFO: [Physopt 32-81] Processed net student_top_inst/Core_cpu/irom_addr_q_reg[11]_0[2]. Replicated 6 times.
INFO: [Physopt 32-81] Processed net student_top_inst/Core_cpu/irom_addr_q_reg[11]_0[1]. Replicated 6 times.
INFO: [Physopt 32-232] Optimized 6 nets. Created 36 new instances.
INFO: [Physopt 32-775] End 1 Pass. Optimized 6 nets or cells. Created 36 new cells, deleted 0 existing cell and moved 0 existing cell
Netlist sorting complete. Time (s): cpu = 00:00:00 ; elapsed = 00:00:00.028 . Memory (MB): peak = 2206.324 ; gain = 0.000
INFO: [Physopt 32-76] Pass 1. Identified 3 candidate nets for fanout optimization.
INFO: [Physopt 32-232] Optimized 0 net. Created 0 new instance.
INFO: [Physopt 32-775] End 1 Pass. Optimized 0 net or cell. Created 0 new cell, deleted 0 existing cell and moved 0 existing cell
Netlist sorting complete. Time (s): cpu = 00:00:00 ; elapsed = 00:00:00.008 . Memory (MB): peak = 2206.324 ; gain = 0.000
INFO: [Physopt 32-46] Identified 13 candidate nets for critical-cell optimization.
INFO: [Physopt 32-232] Optimized 0 net. Created 0 new instance.
INFO: [Physopt 32-775] End 1 Pass. Optimized 0 net or cell. Created 0 new cell, deleted 0 existing cell and moved 0 existing cell
INFO: [Physopt 32-456] No candidate cells for DSP register optimization found in the design.
INFO: [Physopt 32-775] End 2 Pass. Optimized 0 net or cell. Created 0 new cell, deleted 0 existing cell and moved 0 existing cell
INFO: [Physopt 32-1123] No candidate cells found for Shift Register to Pipeline optimization
INFO: [Physopt 32-775] End 2 Pass. Optimized 0 net or cell. Created 0 new cell, deleted 0 existing cell and moved 0 existing cell
INFO: [Physopt 32-1401] No candidate cells found for Shift Register optimization.
INFO: [Physopt 32-677] No candidate cells for Shift Register optimization found in the design
INFO: [Physopt 32-775] End 1 Pass. Optimized 0 net or cell. Created 0 new cell, deleted 0 existing cell and moved 0 existing cell
INFO: [Physopt 32-526] No candidate cells for BRAM register optimization found in the design
INFO: [Physopt 32-775] End 1 Pass. Optimized 0 net or cell. Created 0 new cell, deleted 0 existing cell and moved 0 existing cell
INFO: [Physopt 32-846] No candidate cells for URAM register optimization found in the design
INFO: [Physopt 32-775] End 1 Pass. Optimized 0 net or cell. Created 0 new cell, deleted 0 existing cell and moved 0 existing cell
INFO: [Physopt 32-846] No candidate cells for URAM register optimization found in the design
INFO: [Physopt 32-775] End 1 Pass. Optimized 0 net or cell. Created 0 new cell, deleted 0 existing cell and moved 0 existing cell
INFO: [Physopt 32-949] No candidate nets found for dynamic/static region interface net replication
INFO: [Physopt 32-775] End 1 Pass. Optimized 0 net or cell. Created 0 new cell, deleted 0 existing cell and moved 0 existing cell
Netlist sorting complete. Time (s): cpu = 00:00:00 ; elapsed = 00:00:00.003 . Memory (MB): peak = 2206.324 ; gain = 0.000
INFO: [Physopt 32-68] No nets found for critical-cell optimization.
INFO: [Physopt 32-232] Optimized 0 net. Created 0 new instance.
INFO: [Physopt 32-775] End 1 Pass. Optimized 0 net or cell. Created 0 new cell, deleted 0 existing cell and moved 0 existing cell
Netlist sorting complete. Time (s): cpu = 00:00:00 ; elapsed = 00:00:00.002 . Memory (MB): peak = 2206.324 ; gain = 0.000

Summary of Physical Synthesis Optimizations
============================================


-----------------------------------------------------------------------------------------------------------------------------------------------------------
|  Optimization                                     |  Added Cells  |  Removed Cells  |  Optimized Cells/Nets  |  Dont Touch  |  Iterations  |  Elapsed   |
-----------------------------------------------------------------------------------------------------------------------------------------------------------
|  LUT Combining                                    |           79  |              6  |                    85  |           0  |           1  |  00:00:00  |
|  Retime                                           |            0  |              0  |                     0  |           0  |           1  |  00:00:00  |
|  Very High Fanout                                 |           36  |              0  |                     6  |           0  |           1  |  00:00:01  |
|  Fanout                                           |            0  |              0  |                     0  |           0  |           1  |  00:00:00  |
|  Critical Cell                                    |            0  |              0  |                     0  |           0  |           1  |  00:00:00  |
|  DSP Register                                     |            0  |              0  |                     0  |           0  |           1  |  00:00:00  |
|  Shift Register to Pipeline                       |            0  |              0  |                     0  |           0  |           1  |  00:00:00  |
|  Shift Register                                   |            0  |              0  |                     0  |           0  |           1  |  00:00:00  |
|  BRAM Register                                    |            0  |              0  |                     0  |           0  |           1  |  00:00:00  |
|  URAM Register                                    |            0  |              0  |                     0  |           0  |           1  |  00:00:00  |
|  Dynamic/Static Region Interface Net Replication  |            0  |              0  |                     0  |           0  |           1  |  00:00:00  |
|  Critical Cell                                    |            0  |              0  |                     0  |           0  |           1  |  00:00:00  |
|  Total                                            |          115  |              6  |                    91  |           0  |          12  |  00:00:02  |
-----------------------------------------------------------------------------------------------------------------------------------------------------------


Phase 2.4.2 Physical Synthesis In Placer | Checksum: cbf0a37b

Time (s): cpu = 00:00:30 ; elapsed = 00:00:20 . Memory (MB): peak = 2206.324 ; gain = 0.000
Phase 2.4 Global Placement Core | Checksum: 199319a74

Time (s): cpu = 00:00:31 ; elapsed = 00:00:21 . Memory (MB): peak = 2206.324 ; gain = 0.000
Phase 2 Global Placement | Checksum: 199319a74

Time (s): cpu = 00:00:31 ; elapsed = 00:00:21 . Memory (MB): peak = 2206.324 ; gain = 0.000

Phase 3 Detail Placement

Phase 3.1 Commit Multi Column Macros
Phase 3.1 Commit Multi Column Macros | Checksum: 1dc73cad6

Time (s): cpu = 00:00:32 ; elapsed = 00:00:22 . Memory (MB): peak = 2206.324 ; gain = 0.000

Phase 3.2 Commit Most Macros & LUTRAMs
Phase 3.2 Commit Most Macros & LUTRAMs | Checksum: 1cb1b2b70

Time (s): cpu = 00:00:33 ; elapsed = 00:00:23 . Memory (MB): peak = 2206.324 ; gain = 0.000

Phase 3.3 Area Swap Optimization
Phase 3.3 Area Swap Optimization | Checksum: 1eb83d0de

Time (s): cpu = 00:00:33 ; elapsed = 00:00:23 . Memory (MB): peak = 2206.324 ; gain = 0.000

Phase 3.4 Pipeline Register Optimization
Phase 3.4 Pipeline Register Optimization | Checksum: 1a2809048

Time (s): cpu = 00:00:33 ; elapsed = 00:00:23 . Memory (MB): peak = 2206.324 ; gain = 0.000

Phase 3.5 Fast Optimization
Phase 3.5 Fast Optimization | Checksum: 13e89dc57

Time (s): cpu = 00:00:39 ; elapsed = 00:00:28 . Memory (MB): peak = 2206.324 ; gain = 0.000

Phase 3.6 Small Shape Detail Placement
Phase 3.6 Small Shape Detail Placement | Checksum: a5079f59

Time (s): cpu = 00:00:43 ; elapsed = 00:00:33 . Memory (MB): peak = 2206.324 ; gain = 0.000

Phase 3.7 Re-assign LUT pins
Phase 3.7 Re-assign LUT pins | Checksum: a91bde8b

Time (s): cpu = 00:00:43 ; elapsed = 00:00:33 . Memory (MB): peak = 2206.324 ; gain = 0.000

Phase 3.8 Pipeline Register Optimization
Phase 3.8 Pipeline Register Optimization | Checksum: e4179f75

Time (s): cpu = 00:00:43 ; elapsed = 00:00:33 . Memory (MB): peak = 2206.324 ; gain = 0.000

Phase 3.9 Fast Optimization
Phase 3.9 Fast Optimization | Checksum: ecb74559

Time (s): cpu = 00:00:52 ; elapsed = 00:00:42 . Memory (MB): peak = 2206.324 ; gain = 0.000
Phase 3 Detail Placement | Checksum: ecb74559

Time (s): cpu = 00:00:52 ; elapsed = 00:00:42 . Memory (MB): peak = 2206.324 ; gain = 0.000

Phase 4 Post Placement Optimization and Clean-Up

Phase 4.1 Post Commit Optimization
INFO: [Timing 38-35] Done setting XDC timing constraints.

Phase 4.1.1 Post Placement Optimization
Post Placement Optimization Initialization | Checksum: c085ad1f

Phase 4.1.1.1 BUFG Insertion

Starting Physical Synthesis Task

Phase 1 Physical Synthesis Initialization
INFO: [Physopt 32-721] Multithreading enabled for phys_opt_design using a maximum of 2 CPUs
INFO: [Physopt 32-619] Estimated Timing Summary | WNS=-3.445 | TNS=-1478.813 |
Phase 1 Physical Synthesis Initialization | Checksum: 8f929c33

Time (s): cpu = 00:00:01 ; elapsed = 00:00:00.370 . Memory (MB): peak = 2262.160 ; gain = 0.000
INFO: [Place 46-33] Processed net student_top_inst/Core_cpu/u_rf/bbstub_locked, BUFG insertion was skipped due to placement/routing conflicts.
INFO: [Place 46-56] BUFG insertion identified 1 candidate nets. Inserted BUFG: 0, Replicated BUFG Driver: 0, Skipped due to Placement/Routing Conflicts: 1, Skipped due to Timing Degradation: 0, Skipped due to netlist editing failed: 0.
Ending Physical Synthesis Task | Checksum: 8f929c33

Time (s): cpu = 00:00:01 ; elapsed = 00:00:00.677 . Memory (MB): peak = 2262.160 ; gain = 0.000
Phase 4.1.1.1 BUFG Insertion | Checksum: c085ad1f

Time (s): cpu = 00:00:55 ; elapsed = 00:00:44 . Memory (MB): peak = 2262.160 ; gain = 55.836

Phase 4.1.1.2 Post Placement Timing Optimization
INFO: [Place 30-746] Post Placement Timing Summary WNS=-2.880. For the most accurate timing information please run report_timing.
Phase 4.1.1.2 Post Placement Timing Optimization | Checksum: 1e08f8ba5

Time (s): cpu = 00:01:42 ; elapsed = 00:01:31 . Memory (MB): peak = 2264.758 ; gain = 58.434

Time (s): cpu = 00:01:42 ; elapsed = 00:01:31 . Memory (MB): peak = 2264.758 ; gain = 58.434
Phase 4.1 Post Commit Optimization | Checksum: 1e08f8ba5

Time (s): cpu = 00:01:42 ; elapsed = 00:01:31 . Memory (MB): peak = 2264.758 ; gain = 58.434
Post Placement Optimization Initialization | Checksum: 127ac7519

Starting Physical Synthesis Task

Phase 1 Physical Synthesis Initialization
INFO: [Physopt 32-721] Multithreading enabled for phys_opt_design using a maximum of 2 CPUs
INFO: [Physopt 32-619] Estimated Timing Summary | WNS=-3.078 | TNS=-1390.463 |
Phase 1 Physical Synthesis Initialization | Checksum: bb01f6c9

Time (s): cpu = 00:00:00 ; elapsed = 00:00:00.299 . Memory (MB): peak = 2272.172 ; gain = 0.000
INFO: [Place 46-33] Processed net student_top_inst/Core_cpu/u_rf/bbstub_locked, BUFG insertion was skipped due to placement/routing conflicts.
INFO: [Place 46-56] BUFG insertion identified 1 candidate nets. Inserted BUFG: 0, Replicated BUFG Driver: 0, Skipped due to Placement/Routing Conflicts: 1, Skipped due to Timing Degradation: 0, Skipped due to netlist editing failed: 0.
Ending Physical Synthesis Task | Checksum: bb01f6c9

Time (s): cpu = 00:00:00 ; elapsed = 00:00:00.558 . Memory (MB): peak = 2272.172 ; gain = 0.000
INFO: [Place 30-746] Post Placement Timing Summary WNS=-2.876. For the most accurate timing information please run report_timing.
Post Placement Optimization Initialization | Checksum: cd65b1f0

Starting Physical Synthesis Task

Phase 1 Physical Synthesis Initialization
INFO: [Physopt 32-721] Multithreading enabled for phys_opt_design using a maximum of 2 CPUs
INFO: [Physopt 32-619] Estimated Timing Summary | WNS=-2.876 | TNS=-1377.594 |
Phase 1 Physical Synthesis Initialization | Checksum: b81dcb02

Time (s): cpu = 00:00:01 ; elapsed = 00:00:00.301 . Memory (MB): peak = 2272.172 ; gain = 0.000
INFO: [Place 46-33] Processed net student_top_inst/Core_cpu/u_rf/bbstub_locked, BUFG insertion was skipped due to placement/routing conflicts.
INFO: [Place 46-56] BUFG insertion identified 1 candidate nets. Inserted BUFG: 0, Replicated BUFG Driver: 0, Skipped due to Placement/Routing Conflicts: 1, Skipped due to Timing Degradation: 0, Skipped due to netlist editing failed: 0.
Ending Physical Synthesis Task | Checksum: b81dcb02

Time (s): cpu = 00:00:01 ; elapsed = 00:00:00.568 . Memory (MB): peak = 2272.172 ; gain = 0.000
