#-----------------------------------------------------------
# Vivado v2018.3 (64-bit)
# SW Build 2405991 on Thu Dec  6 23:38:27 MST 2018
# IP Build 2404404 on Fri Dec  7 01:43:56 MST 2018
# Start of session at: Tue Apr 21 19:18:54 2026
# Process ID: 9304
# Current directory: C:/Users/37664/Desktop/digital_twin
# Command line: vivado.exe -gui_launcher_event rodinguilauncherevent5524 C:\Users\37664\Desktop\digital_twin\digital_twin.xpr
# Log file: C:/Users/37664/Desktop/digital_twin/vivado.log
# Journal file: C:/Users/37664/Desktop/digital_twin\vivado.jou
#-----------------------------------------------------------
start_gui
open_project C:/Users/37664/Desktop/digital_twin/digital_twin.xpr
INFO: [Project 1-313] Project file moved from 'C:/Users/KTD/Desktop/JYD2025_Contest-rv32i-50' since last save.
ERROR: [Project 1-208] No val for DA Elab Attr
ERROR: [Runs 36-378] The checkpoint 'C:/Users/37664/Desktop/digital_twin/digital_twin.srcs/utils_1/imports/synth_1/top.dcp' was created with 'Vivado v2023.2 (64-bit)', and cannot be opened in this version.
eopen_project C:/Users/37664/Desktop/digital_twin/digital_twin.xpr
INFO: [Project 1-313] Project file moved from 'C:/Users/KTD/Desktop/JYD2025_Contest-rv32i-50' since last save.
ERROR: [Project 1-208] No val for DA Elab Attr
ERROR: [Runs 36-378] The checkpoint 'C:/Users/37664/Desktop/digital_twin/digital_twin.srcs/utils_1/imports/synth_1/top.dcp' was created with 'Vivado v2023.2 (64-bit)', and cannot be opened in this version.
open_project C:/Users/37664/Desktop/digital_twin/digital_twin.xpr
INFO: [Project 1-313] Project file moved from 'C:/Users/KTD/Desktop/JYD2025_Contest-rv32i-50' since last save.
ERROR: [Project 1-208] No val for DA Elab Attr
ERROR: [Runs 36-378] The checkpoint 'C:/Users/37664/Desktop/digital_twin/digital_twin.srcs/utils_1/imports/synth_1/top.dcp' was created with 'Vivado v2023.2 (64-bit)', and cannot be opened in this version.
exit
INFO: [Common 17-206] Exiting Vivado at Tue Apr 21 19:20:41 2026...
