Copyright 1986-2022 Xilinx, Inc. All Rights Reserved. Copyright 2022-2025 Advanced Micro Devices, Inc. All Rights Reserved.
-------------------------------------------------------------------------------------------------------------------------------------------------------------------
| Tool Version : Vivado v.2025.2 (win64) Build 6299465 Fri Nov 14 19:35:11 GMT 2025
| Date         : Tue Jul  7 10:11:47 2026
| Host         : LAPTOP-247T8NJB running 64-bit major release  (build 9200)
| Command      : report_timing_summary -file E:/Projects/1Aprojects/RV32Final/timing_backups/place_sweep_from_opt_20260707_100258/timing_ExtraPostPlacementOpt.rpt
| Design       : top
| Device       : 7k325t-ffg900
| Speed File   : -2  PRODUCTION 1.12 2017-02-17
| Design State : Routed
-------------------------------------------------------------------------------------------------------------------------------------------------------------------

Timing Summary Report

------------------------------------------------------------------------------------------------
| Timer Settings
| --------------
------------------------------------------------------------------------------------------------

  Enable Multi Corner Analysis               :  Yes
  Enable Pessimism Removal                   :  Yes
  Pessimism Removal Resolution               :  Nearest Common Node
  Enable Input Delay Default Clock           :  No
  Enable Preset / Clear Arcs                 :  No
  Disable Flight Delays                      :  No
  Ignore I/O Paths                           :  No
  Timing Early Launch at Borrowing Latches   :  No
  Borrow Time for Max Delay Exceptions       :  Yes
  Merge Timing Exceptions                    :  Yes
  Inter-SLR Compensation                     :  Conservative

  Corner  Analyze    Analyze    
  Name    Max Paths  Min Paths  
  ------  ---------  ---------  
  Slow    Yes        Yes        
  Fast    Yes        Yes        


------------------------------------------------------------------------------------------------
| Report Methodology
| ------------------
------------------------------------------------------------------------------------------------

No report available as report_methodology has not been run prior. Run report_methodology on the current design for the summary of methodology violations.



check_timing report

Table of Contents
-----------------
1. checking no_clock (0)
2. checking constant_clock (0)
3. checking pulse_width_clock (0)
4. checking unconstrained_internal_endpoints (0)
5. checking no_input_delay (1)
6. checking no_output_delay (69)
7. checking multiple_clock (0)
8. checking generated_clocks (0)
9. checking loops (0)
10. checking partial_input_delay (0)
11. checking partial_output_delay (0)
12. checking latch_loops (0)

1. checking no_clock (0)
------------------------
 There are 0 register/latch pins with no clock.


2. checking constant_clock (0)
------------------------------
 There are 0 register/latch pins with constant_clock.


3. checking pulse_width_clock (0)
---------------------------------
 There are 0 register/latch pins which need pulse_width check


4. checking unconstrained_internal_endpoints (0)
------------------------------------------------
 There are 0 pins that are not constrained for maximum delay.

 There are 0 pins that are not constrained for maximum delay due to constant clock.


5. checking no_input_delay (1)
------------------------------
 There is 1 input port with no input delay specified. (HIGH)

 There are 0 input ports with no input delay but user has a false path constraint.


6. checking no_output_delay (69)
--------------------------------
 There are 69 ports with no output delay specified. (HIGH)

 There are 0 ports with no output delay but user has a false path constraint

 There are 0 ports with no output delay but with a timing clock defined on it or propagating through it


7. checking multiple_clock (0)
------------------------------
 There are 0 register/latch pins with multiple clocks.


8. checking generated_clocks (0)
--------------------------------
 There are 0 generated clocks that are not connected to a clock source.


9. checking loops (0)
---------------------
 There are 0 combinational loops in the design.


10. checking partial_input_delay (0)
------------------------------------
 There are 0 input ports with partial input delay specified.


11. checking partial_output_delay (0)
-------------------------------------
 There are 0 ports with partial output delay specified.


12. checking latch_loops (0)
----------------------------
 There are 0 combinational latch loops in the design through latch input



------------------------------------------------------------------------------------------------
| Design Timing Summary
| ---------------------
------------------------------------------------------------------------------------------------

    WNS(ns)      TNS(ns)  TNS Failing Endpoints  TNS Total Endpoints      WHS(ns)      THS(ns)  THS Failing Endpoints  THS Total Endpoints     WPWS(ns)     TPWS(ns)  TPWS Failing Endpoints  TPWS Total Endpoints  
    -------      -------  ---------------------  -------------------      -------      -------  ---------------------  -------------------     --------     --------  ----------------------  --------------------  
      0.215        0.000                      0                 6591        0.077        0.000                      0                 6591        1.100        0.000                       0                  2989  


All user specified timing constraints are met.


------------------------------------------------------------------------------------------------
| Clock Summary
| -------------
------------------------------------------------------------------------------------------------

Clock           Waveform(ns)         Period(ns)      Frequency(MHz)
-----           ------------         ----------      --------------
i_sys_clk_p     {0.000 2.500}        5.000           200.000         
  clk_out1_pll  {0.000 10.000}       20.000          50.000          
  clk_out2_pll  {0.000 2.500}        5.000           200.000         
  clkfbout_pll  {0.000 2.500}        5.000           200.000         


------------------------------------------------------------------------------------------------
| Intra Clock Table
| -----------------
------------------------------------------------------------------------------------------------

Clock               WNS(ns)      TNS(ns)  TNS Failing Endpoints  TNS Total Endpoints      WHS(ns)      THS(ns)  THS Failing Endpoints  THS Total Endpoints     WPWS(ns)     TPWS(ns)  TPWS Failing Endpoints  TPWS Total Endpoints  
-----               -------      -------  ---------------------  -------------------      -------      -------  ---------------------  -------------------     --------     --------  ----------------------  --------------------  
i_sys_clk_p                                                                                                                                                       1.100        0.000                       0                     2  
  clk_out1_pll       16.739        0.000                      0                  699        0.077        0.000                      0                  699        9.600        0.000                       0                   514  
  clk_out2_pll        0.215        0.000                      0                 5892        0.106        0.000                      0                 5892        2.100        0.000                       0                  2470  
  clkfbout_pll                                                                                                                                                    3.592        0.000                       0                     3  


------------------------------------------------------------------------------------------------
| Inter Clock Table
| -----------------
------------------------------------------------------------------------------------------------

From Clock    To Clock          WNS(ns)      TNS(ns)  TNS Failing Endpoints  TNS Total Endpoints      WHS(ns)      THS(ns)  THS Failing Endpoints  THS Total Endpoints  
----------    --------          -------      -------  ---------------------  -------------------      -------      -------  ---------------------  -------------------  


------------------------------------------------------------------------------------------------
| Other Path Groups Table
| -----------------------
------------------------------------------------------------------------------------------------

Path Group    From Clock    To Clock          WNS(ns)      TNS(ns)  TNS Failing Endpoints  TNS Total Endpoints      WHS(ns)      THS(ns)  THS Failing Endpoints  THS Total Endpoints  
----------    ----------    --------          -------      -------  ---------------------  -------------------      -------      -------  ---------------------  -------------------  


------------------------------------------------------------------------------------------------
| Timing Details
| --------------
------------------------------------------------------------------------------------------------


---------------------------------------------------------------------------------------------------
From Clock:  i_sys_clk_p
  To Clock:  i_sys_clk_p

Setup :           NA  Failing Endpoints,  Worst Slack           NA  ,  Total Violation           NA
Hold  :           NA  Failing Endpoints,  Worst Slack           NA  ,  Total Violation           NA
PW    :            0  Failing Endpoints,  Worst Slack        1.100ns,  Total Violation        0.000ns
---------------------------------------------------------------------------------------------------


Pulse Width Checks
--------------------------------------------------------------------------------------
Clock Name:         i_sys_clk_p
Waveform(ns):       { 0.000 2.500 }
Period(ns):         5.000
Sources:            { i_sys_clk_p }

Check Type        Corner  Lib Pin           Reference Pin  Required(ns)  Actual(ns)  Slack(ns)  Location        Pin
Min Period        n/a     BUFG/I            n/a            1.408         5.000       3.591      BUFGCTRL_X0Y3   pll_inst/inst/clkin1_bufg1/I
Max Period        n/a     PLLE2_ADV/CLKIN1  n/a            52.633        5.000       47.633     PLLE2_ADV_X1Y0  pll_inst/inst/plle2_adv_inst/CLKIN1
Low Pulse Width   Slow    PLLE2_ADV/CLKIN1  n/a            1.400         2.500       1.100      PLLE2_ADV_X1Y0  pll_inst/inst/plle2_adv_inst/CLKIN1
High Pulse Width  Slow    PLLE2_ADV/CLKIN1  n/a            1.400         2.500       1.100      PLLE2_ADV_X1Y0  pll_inst/inst/plle2_adv_inst/CLKIN1



---------------------------------------------------------------------------------------------------
From Clock:  clk_out1_pll
  To Clock:  clk_out1_pll

Setup :            0  Failing Endpoints,  Worst Slack       16.739ns,  Total Violation        0.000ns
Hold  :            0  Failing Endpoints,  Worst Slack        0.077ns,  Total Violation        0.000ns
PW    :            0  Failing Endpoints,  Worst Slack        9.600ns,  Total Violation        0.000ns
---------------------------------------------------------------------------------------------------


Max Delay Paths
--------------------------------------------------------------------------------------
Slack (MET) :             16.739ns  (required time - arrival time)
  Source:                 uart_inst/rx_data_reg[5]/C
                            (rising edge-triggered cell FDCE clocked by clk_out1_pll  {rise@0.000ns fall@10.000ns period=20.000ns})
  Destination:            twin_controller_inst/status_buffer_reg[0][3]/CE
                            (rising edge-triggered cell FDCE clocked by clk_out1_pll  {rise@0.000ns fall@10.000ns period=20.000ns})
  Path Group:             clk_out1_pll
  Path Type:              Setup (Max at Slow Process Corner)
  Requirement:            20.000ns  (clk_out1_pll rise@20.000ns - clk_out1_pll rise@0.000ns)
  Data Path Delay:        2.934ns  (logic 0.345ns (11.761%)  route 2.589ns (88.239%))
  Logic Levels:           2  (LUT5=1 LUT6=1)
  Clock Path Skew:        -0.053ns (DCD - SCD + CPR)
    Destination Clock Delay (DCD):    4.204ns = ( 24.204 - 20.000 ) 
    Source Clock Delay      (SCD):    4.589ns
    Clock Pessimism Removal (CPR):    0.331ns
  Clock Uncertainty:      0.074ns  ((TSJ^2 + DJ^2)^1/2) / 2 + PE
    Total System Jitter     (TSJ):    0.071ns
    Discrete Jitter          (DJ):    0.129ns
    Phase Error              (PE):    0.000ns

    Location             Delay type                Incr(ns)  Path(ns)    Netlist Resource(s)
  -------------------------------------------------------------------    -------------------
                         (clock clk_out1_pll rise edge)
                                                      0.000     0.000 r  
    AD12                                              0.000     0.000 r  i_sys_clk_p (IN)
                         net (fo=0)                   0.000     0.000    pll_inst/inst/clk_in1_p
    AD12                 IBUFDS (Prop_ibufds_I_O)     0.906     0.906 r  pll_inst/inst/clkin1_ibufgds/O
                         net (fo=1, routed)           2.299     3.205    pll_inst/inst/clk_in1_pll_buf
    BUFGCTRL_X0Y3        BUFG (Prop_bufg_I_O)         0.093     3.298 r  pll_inst/inst/clkin1_bufg1/O
                         net (fo=1, routed)           1.959     5.257    pll_inst/inst/clk_in1_pll
    PLLE2_ADV_X1Y0       PLLE2_ADV (Prop_plle2_adv_CLKIN1_CLKOUT0)
                                                     -4.519     0.738 r  pll_inst/inst/plle2_adv_inst/CLKOUT0
                         net (fo=1, routed)           2.467     3.205    pll_inst/inst/clk_out1_pll
    BUFGCTRL_X0Y1        BUFG (Prop_bufg_I_O)         0.093     3.298 r  pll_inst/inst/clkout1_buf/O
                         net (fo=512, routed)         1.291     4.589    uart_inst/CLK
    SLICE_X14Y200        FDCE                                         r  uart_inst/rx_data_reg[5]/C
  -------------------------------------------------------------------    -------------------
    SLICE_X14Y200        FDCE (Prop_fdce_C_Q)         0.259     4.848 f  uart_inst/rx_data_reg[5]/Q
                         net (fo=12, routed)          0.574     5.422    uart_inst/rx_data[5]
    SLICE_X17Y201        LUT6 (Prop_lut6_I0_O)        0.043     5.465 r  uart_inst/status_buffer[0][7]_i_2/O
                         net (fo=10, routed)          0.597     6.062    uart_inst/status_buffer[0][7]_i_2_n_0
    SLICE_X16Y203        LUT5 (Prop_lut5_I2_O)        0.043     6.105 r  uart_inst/status_buffer[0][7]_i_1/O
                         net (fo=144, routed)         1.417     7.522    twin_controller_inst/E[0]
    SLICE_X26Y202        FDCE                                         r  twin_controller_inst/status_buffer_reg[0][3]/CE
  -------------------------------------------------------------------    -------------------

                         (clock clk_out1_pll rise edge)
                                                     20.000    20.000 r  
    AD12                                              0.000    20.000 r  i_sys_clk_p (IN)
                         net (fo=0)                   0.000    20.000    pll_inst/inst/clk_in1_p
    AD12                 IBUFDS (Prop_ibufds_I_O)     0.803    20.803 r  pll_inst/inst/clkin1_ibufgds/O
                         net (fo=1, routed)           2.173    22.976    pll_inst/inst/clk_in1_pll_buf
    BUFGCTRL_X0Y3        BUFG (Prop_bufg_I_O)         0.083    23.059 r  pll_inst/inst/clkin1_bufg1/O
                         net (fo=1, routed)           1.796    24.855    pll_inst/inst/clk_in1_pll
    PLLE2_ADV_X1Y0       PLLE2_ADV (Prop_plle2_adv_CLKIN1_CLKOUT0)
                                                     -4.213    20.642 r  pll_inst/inst/plle2_adv_inst/CLKOUT0
                         net (fo=1, routed)           2.334    22.976    pll_inst/inst/clk_out1_pll
    BUFGCTRL_X0Y1        BUFG (Prop_bufg_I_O)         0.083    23.059 r  pll_inst/inst/clkout1_buf/O
                         net (fo=512, routed)         1.145    24.204    twin_controller_inst/clk_out1
    SLICE_X26Y202        FDCE                                         r  twin_controller_inst/status_buffer_reg[0][3]/C
                         clock pessimism              0.331    24.536    
                         clock uncertainty           -0.074    24.462    
    SLICE_X26Y202        FDCE (Setup_fdce_C_CE)      -0.201    24.261    twin_controller_inst/status_buffer_reg[0][3]
  -------------------------------------------------------------------
                         required time                         24.261    
                         arrival time                          -7.522    
  -------------------------------------------------------------------
                         slack                                 16.739    





Min Delay Paths
--------------------------------------------------------------------------------------
Slack (MET) :             0.077ns  (arrival time - required time)
  Source:                 uart_inst/rx_shift_reg[7]/C
                            (rising edge-triggered cell FDCE clocked by clk_out1_pll  {rise@0.000ns fall@10.000ns period=20.000ns})
  Destination:            uart_inst/rx_data_reg[7]/D
                            (rising edge-triggered cell FDCE clocked by clk_out1_pll  {rise@0.000ns fall@10.000ns period=20.000ns})
  Path Group:             clk_out1_pll
  Path Type:              Hold (Min at Fast Process Corner)
  Requirement:            0.000ns  (clk_out1_pll rise@0.000ns - clk_out1_pll rise@0.000ns)
  Data Path Delay:        0.332ns  (logic 0.118ns (35.490%)  route 0.214ns (64.509%))
  Logic Levels:           0  
  Clock Path Skew:        0.192ns (DCD - SCD - CPR)
    Destination Clock Delay (DCD):    2.438ns
    Source Clock Delay      (SCD):    2.089ns
    Clock Pessimism Removal (CPR):    0.156ns

    Location             Delay type                Incr(ns)  Path(ns)    Netlist Resource(s)
  -------------------------------------------------------------------    -------------------
                         (clock clk_out1_pll rise edge)
                                                      0.000     0.000 r  
    AD12                                              0.000     0.000 r  i_sys_clk_p (IN)
                         net (fo=0)                   0.000     0.000    pll_inst/inst/clk_in1_p
    AD12                 IBUFDS (Prop_ibufds_I_O)     0.388     0.388 r  pll_inst/inst/clkin1_ibufgds/O
                         net (fo=1, routed)           1.083     1.471    pll_inst/inst/clk_in1_pll_buf
    BUFGCTRL_X0Y3        BUFG (Prop_bufg_I_O)         0.026     1.497 r  pll_inst/inst/clkin1_bufg1/O
                         net (fo=1, routed)           0.767     2.264    pll_inst/inst/clk_in1_pll
    PLLE2_ADV_X1Y0       PLLE2_ADV (Prop_plle2_adv_CLKIN1_CLKOUT0)
                                                     -1.938     0.326 r  pll_inst/inst/plle2_adv_inst/CLKOUT0
                         net (fo=1, routed)           1.145     1.471    pll_inst/inst/clk_out1_pll
    BUFGCTRL_X0Y1        BUFG (Prop_bufg_I_O)         0.026     1.497 r  pll_inst/inst/clkout1_buf/O
                         net (fo=512, routed)         0.592     2.089    uart_inst/CLK
    SLICE_X14Y199        FDCE                                         r  uart_inst/rx_shift_reg[7]/C
  -------------------------------------------------------------------    -------------------
    SLICE_X14Y199        FDCE (Prop_fdce_C_Q)         0.118     2.207 r  uart_inst/rx_shift_reg[7]/Q
                         net (fo=2, routed)           0.214     2.422    uart_inst/p_0_in[6]
    SLICE_X14Y200        FDCE                                         r  uart_inst/rx_data_reg[7]/D
  -------------------------------------------------------------------    -------------------

                         (clock clk_out1_pll rise edge)
                                                      0.000     0.000 r  
    AD12                                              0.000     0.000 r  i_sys_clk_p (IN)
                         net (fo=0)                   0.000     0.000    pll_inst/inst/clk_in1_p
    AD12                 IBUFDS (Prop_ibufds_I_O)     0.470     0.470 r  pll_inst/inst/clkin1_ibufgds/O
                         net (fo=1, routed)           1.154     1.624    pll_inst/inst/clk_in1_pll_buf
    BUFGCTRL_X0Y3        BUFG (Prop_bufg_I_O)         0.030     1.654 r  pll_inst/inst/clkin1_bufg1/O
                         net (fo=1, routed)           1.037     2.691    pll_inst/inst/clk_in1_pll
    PLLE2_ADV_X1Y0       PLLE2_ADV (Prop_plle2_adv_CLKIN1_CLKOUT0)
                                                     -2.283     0.408 r  pll_inst/inst/plle2_adv_inst/CLKOUT0
                         net (fo=1, routed)           1.216     1.624    pll_inst/inst/clk_out1_pll
    BUFGCTRL_X0Y1        BUFG (Prop_bufg_I_O)         0.030     1.654 r  pll_inst/inst/clkout1_buf/O
                         net (fo=512, routed)         0.784     2.438    uart_inst/CLK
    SLICE_X14Y200        FDCE                                         r  uart_inst/rx_data_reg[7]/C
                         clock pessimism             -0.156     2.281    
    SLICE_X14Y200        FDCE (Hold_fdce_C_D)         0.063     2.344    uart_inst/rx_data_reg[7]
  -------------------------------------------------------------------
                         required time                         -2.344    
                         arrival time                           2.422    
  -------------------------------------------------------------------
                         slack                                  0.077    





Pulse Width Checks
--------------------------------------------------------------------------------------
Clock Name:         clk_out1_pll
Waveform(ns):       { 0.000 10.000 }
Period(ns):         20.000
Sources:            { pll_inst/inst/plle2_adv_inst/CLKOUT0 }

Check Type        Corner  Lib Pin            Reference Pin  Required(ns)  Actual(ns)  Slack(ns)  Location        Pin
Min Period        n/a     BUFG/I             n/a            1.408         20.000      18.591     BUFGCTRL_X0Y1   pll_inst/inst/clkout1_buf/I
Max Period        n/a     PLLE2_ADV/CLKOUT0  n/a            160.000       20.000      140.000    PLLE2_ADV_X1Y0  pll_inst/inst/plle2_adv_inst/CLKOUT0
Low Pulse Width   Slow    FDCE/C             n/a            0.400         10.000      9.600      SLICE_X14Y201   student_virtual_led_ff2_reg[0]/C
High Pulse Width  Slow    FDCE/C             n/a            0.350         10.000      9.650      SLICE_X14Y201   student_virtual_led_ff1_reg[0]/C



---------------------------------------------------------------------------------------------------
From Clock:  clk_out2_pll
  To Clock:  clk_out2_pll

Setup :            0  Failing Endpoints,  Worst Slack        0.215ns,  Total Violation        0.000ns
Hold  :            0  Failing Endpoints,  Worst Slack        0.106ns,  Total Violation        0.000ns
PW    :            0  Failing Endpoints,  Worst Slack        2.100ns,  Total Violation        0.000ns
---------------------------------------------------------------------------------------------------


Max Delay Paths
--------------------------------------------------------------------------------------
Slack (MET) :             0.215ns  (required time - arrival time)
  Source:                 student_top_inst/Core_cpu/m_rs1_reg_reg[7]/C
                            (rising edge-triggered cell FDCE clocked by clk_out2_pll  {rise@0.000ns fall@2.500ns period=5.000ns})
  Destination:            student_top_inst/Core_cpu/mul_uu__2/PCIN[0]
                            (rising edge-triggered cell DSP48E1 clocked by clk_out2_pll  {rise@0.000ns fall@2.500ns period=5.000ns})
  Path Group:             clk_out2_pll
  Path Type:              Setup (Max at Slow Process Corner)
  Requirement:            5.000ns  (clk_out2_pll rise@5.000ns - clk_out2_pll rise@0.000ns)
  Data Path Delay:        3.753ns  (logic 3.102ns (82.663%)  route 0.651ns (17.337%))
  Logic Levels:           1  (DSP48E1=1)
  Clock Path Skew:        0.023ns (DCD - SCD + CPR)
    Destination Clock Delay (DCD):    4.253ns = ( 9.253 - 5.000 ) 
    Source Clock Delay      (SCD):    4.562ns
    Clock Pessimism Removal (CPR):    0.331ns
  Clock Uncertainty:      0.060ns  ((TSJ^2 + DJ^2)^1/2) / 2 + PE
    Total System Jitter     (TSJ):    0.071ns
    Discrete Jitter          (DJ):    0.098ns
    Phase Error              (PE):    0.000ns

    Location             Delay type                Incr(ns)  Path(ns)    Netlist Resource(s)
  -------------------------------------------------------------------    -------------------
                         (clock clk_out2_pll rise edge)
                                                      0.000     0.000 r  
    AD12                                              0.000     0.000 r  i_sys_clk_p (IN)
                         net (fo=0)                   0.000     0.000    pll_inst/inst/clk_in1_p
    AD12                 IBUFDS (Prop_ibufds_I_O)     0.906     0.906 r  pll_inst/inst/clkin1_ibufgds/O
                         net (fo=1, routed)           2.299     3.205    pll_inst/inst/clk_in1_pll_buf
    BUFGCTRL_X0Y3        BUFG (Prop_bufg_I_O)         0.093     3.298 r  pll_inst/inst/clkin1_bufg1/O
                         net (fo=1, routed)           1.959     5.257    pll_inst/inst/clk_in1_pll
    PLLE2_ADV_X1Y0       PLLE2_ADV (Prop_plle2_adv_CLKIN1_CLKOUT1)
                                                     -4.519     0.738 r  pll_inst/inst/plle2_adv_inst/CLKOUT1
                         net (fo=1, routed)           2.467     3.205    pll_inst/inst/clk_out2_pll
    BUFGCTRL_X0Y0        BUFG (Prop_bufg_I_O)         0.093     3.298 r  pll_inst/inst/clkout2_buf/O
                         net (fo=2468, routed)        1.264     4.562    student_top_inst/Core_cpu/clk_out2
    SLICE_X32Y226        FDCE                                         r  student_top_inst/Core_cpu/m_rs1_reg_reg[7]/C
  -------------------------------------------------------------------    -------------------
    SLICE_X32Y226        FDCE (Prop_fdce_C_Q)         0.223     4.785 r  student_top_inst/Core_cpu/m_rs1_reg_reg[7]/Q
                         net (fo=7, routed)           0.651     5.435    student_top_inst/Core_cpu/m_rs1_reg[7]
    DSP48_X1Y90          DSP48E1 (Prop_dsp48e1_A[7]_PCOUT[0])
                                                      2.879     8.314 r  student_top_inst/Core_cpu/mul_uu__1/PCOUT[0]
                         net (fo=1, routed)           0.000     8.314    student_top_inst/Core_cpu/mul_uu__1_n_153
    DSP48_X1Y91          DSP48E1                                      r  student_top_inst/Core_cpu/mul_uu__2/PCIN[0]
  -------------------------------------------------------------------    -------------------

                         (clock clk_out2_pll rise edge)
                                                      5.000     5.000 r  
    AD12                                              0.000     5.000 r  i_sys_clk_p (IN)
                         net (fo=0)                   0.000     5.000    pll_inst/inst/clk_in1_p
    AD12                 IBUFDS (Prop_ibufds_I_O)     0.803     5.803 r  pll_inst/inst/clkin1_ibufgds/O
                         net (fo=1, routed)           2.173     7.976    pll_inst/inst/clk_in1_pll_buf
    BUFGCTRL_X0Y3        BUFG (Prop_bufg_I_O)         0.083     8.059 r  pll_inst/inst/clkin1_bufg1/O
                         net (fo=1, routed)           1.796     9.855    pll_inst/inst/clk_in1_pll
    PLLE2_ADV_X1Y0       PLLE2_ADV (Prop_plle2_adv_CLKIN1_CLKOUT1)
                                                     -4.213     5.642 r  pll_inst/inst/plle2_adv_inst/CLKOUT1
                         net (fo=1, routed)           2.334     7.976    pll_inst/inst/clk_out2_pll
    BUFGCTRL_X0Y0        BUFG (Prop_bufg_I_O)         0.083     8.059 r  pll_inst/inst/clkout2_buf/O
                         net (fo=2468, routed)        1.194     9.253    student_top_inst/Core_cpu/clk_out2
    DSP48_X1Y91          DSP48E1                                      r  student_top_inst/Core_cpu/mul_uu__2/CLK
                         clock pessimism              0.331     9.584    
                         clock uncertainty           -0.060     9.524    
    DSP48_X1Y91          DSP48E1 (Setup_dsp48e1_CLK_PCIN[0])
                                                     -0.995     8.529    student_top_inst/Core_cpu/mul_uu__2
  -------------------------------------------------------------------
                         required time                          8.529    
                         arrival time                          -8.314    
  -------------------------------------------------------------------
                         slack                                  0.215    





Min Delay Paths
--------------------------------------------------------------------------------------
Slack (MET) :             0.106ns  (arrival time - required time)
  Source:                 virtual_sw_cpu_ff1_reg[36]/C
                            (rising edge-triggered cell FDCE clocked by clk_out2_pll  {rise@0.000ns fall@2.500ns period=5.000ns})
  Destination:            virtual_sw_cpu_ff2_reg[36]/D
                            (rising edge-triggered cell FDCE clocked by clk_out2_pll  {rise@0.000ns fall@2.500ns period=5.000ns})
  Path Group:             clk_out2_pll
  Path Type:              Hold (Min at Fast Process Corner)
  Requirement:            0.000ns  (clk_out2_pll rise@0.000ns - clk_out2_pll rise@0.000ns)
  Data Path Delay:        0.155ns  (logic 0.100ns (64.566%)  route 0.055ns (35.434%))
  Logic Levels:           0  
  Clock Path Skew:        0.000ns (DCD - SCD - CPR)
    Destination Clock Delay (DCD):    2.437ns
    Source Clock Delay      (SCD):    2.074ns
    Clock Pessimism Removal (CPR):    0.362ns

    Location             Delay type                Incr(ns)  Path(ns)    Netlist Resource(s)
  -------------------------------------------------------------------    -------------------
                         (clock clk_out2_pll rise edge)
                                                      0.000     0.000 r  
    AD12                                              0.000     0.000 r  i_sys_clk_p (IN)
                         net (fo=0)                   0.000     0.000    pll_inst/inst/clk_in1_p
    AD12                 IBUFDS (Prop_ibufds_I_O)     0.388     0.388 r  pll_inst/inst/clkin1_ibufgds/O
                         net (fo=1, routed)           1.083     1.471    pll_inst/inst/clk_in1_pll_buf
    BUFGCTRL_X0Y3        BUFG (Prop_bufg_I_O)         0.026     1.497 r  pll_inst/inst/clkin1_bufg1/O
                         net (fo=1, routed)           0.767     2.264    pll_inst/inst/clk_in1_pll
    PLLE2_ADV_X1Y0       PLLE2_ADV (Prop_plle2_adv_CLKIN1_CLKOUT1)
                                                     -1.938     0.326 r  pll_inst/inst/plle2_adv_inst/CLKOUT1
                         net (fo=1, routed)           1.145     1.471    pll_inst/inst/clk_out2_pll
    BUFGCTRL_X0Y0        BUFG (Prop_bufg_I_O)         0.026     1.497 r  pll_inst/inst/clkout2_buf/O
                         net (fo=2468, routed)        0.577     2.074    cpu_clk
    SLICE_X13Y206        FDCE                                         r  virtual_sw_cpu_ff1_reg[36]/C
  -------------------------------------------------------------------    -------------------
    SLICE_X13Y206        FDCE (Prop_fdce_C_Q)         0.100     2.174 r  virtual_sw_cpu_ff1_reg[36]/Q
                         net (fo=1, routed)           0.055     2.229    virtual_sw_cpu_ff1[36]
    SLICE_X13Y206        FDCE                                         r  virtual_sw_cpu_ff2_reg[36]/D
  -------------------------------------------------------------------    -------------------

                         (clock clk_out2_pll rise edge)
                                                      0.000     0.000 r  
    AD12                                              0.000     0.000 r  i_sys_clk_p (IN)
                         net (fo=0)                   0.000     0.000    pll_inst/inst/clk_in1_p
    AD12                 IBUFDS (Prop_ibufds_I_O)     0.470     0.470 r  pll_inst/inst/clkin1_ibufgds/O
                         net (fo=1, routed)           1.154     1.624    pll_inst/inst/clk_in1_pll_buf
    BUFGCTRL_X0Y3        BUFG (Prop_bufg_I_O)         0.030     1.654 r  pll_inst/inst/clkin1_bufg1/O
                         net (fo=1, routed)           1.037     2.691    pll_inst/inst/clk_in1_pll
    PLLE2_ADV_X1Y0       PLLE2_ADV (Prop_plle2_adv_CLKIN1_CLKOUT1)
                                                     -2.283     0.408 r  pll_inst/inst/plle2_adv_inst/CLKOUT1
                         net (fo=1, routed)           1.216     1.624    pll_inst/inst/clk_out2_pll
    BUFGCTRL_X0Y0        BUFG (Prop_bufg_I_O)         0.030     1.654 r  pll_inst/inst/clkout2_buf/O
                         net (fo=2468, routed)        0.783     2.437    cpu_clk
    SLICE_X13Y206        FDCE                                         r  virtual_sw_cpu_ff2_reg[36]/C
                         clock pessimism             -0.362     2.074    
    SLICE_X13Y206        FDCE (Hold_fdce_C_D)         0.049     2.123    virtual_sw_cpu_ff2_reg[36]
  -------------------------------------------------------------------
                         required time                         -2.123    
                         arrival time                           2.229    
  -------------------------------------------------------------------
                         slack                                  0.106    





Pulse Width Checks
--------------------------------------------------------------------------------------
Clock Name:         clk_out2_pll
Waveform(ns):       { 0.000 2.500 }
Period(ns):         5.000
Sources:            { pll_inst/inst/plle2_adv_inst/CLKOUT1 }

Check Type        Corner  Lib Pin             Reference Pin  Required(ns)  Actual(ns)  Slack(ns)  Location        Pin
Min Period        n/a     RAMB36E1/CLKARDCLK  n/a            2.025         5.000       2.975      RAMB36_X0Y43    student_top_inst/bridge_inst/dram_driver_inst/dram_lane0_reg_0_0/CLKARDCLK
Max Period        n/a     PLLE2_ADV/CLKOUT1   n/a            160.000       5.000       155.000    PLLE2_ADV_X1Y0  pll_inst/inst/plle2_adv_inst/CLKOUT1
Low Pulse Width   Slow    FDCE/C              n/a            0.400         2.500       2.100      SLICE_X18Y200   virtual_key_cpu_ff2_reg[0]/C
High Pulse Width  Slow    FDCE/C              n/a            0.350         2.500       2.150      SLICE_X21Y228   ex_m_result_reg_reg[0]_i_14/C



---------------------------------------------------------------------------------------------------
From Clock:  clkfbout_pll
  To Clock:  clkfbout_pll

Setup :           NA  Failing Endpoints,  Worst Slack           NA  ,  Total Violation           NA
Hold  :           NA  Failing Endpoints,  Worst Slack           NA  ,  Total Violation           NA
PW    :            0  Failing Endpoints,  Worst Slack        3.592ns,  Total Violation        0.000ns
---------------------------------------------------------------------------------------------------


Pulse Width Checks
--------------------------------------------------------------------------------------
Clock Name:         clkfbout_pll
Waveform(ns):       { 0.000 2.500 }
Period(ns):         5.000
Sources:            { pll_inst/inst/plle2_adv_inst/CLKFBOUT }

Check Type  Corner  Lib Pin            Reference Pin  Required(ns)  Actual(ns)  Slack(ns)  Location        Pin
Min Period  n/a     BUFG/I             n/a            1.408         5.000       3.591      BUFGCTRL_X0Y2   pll_inst/inst/clkf_buf/I
Max Period  n/a     PLLE2_ADV/CLKFBIN  n/a            52.633        5.000       47.633     PLLE2_ADV_X1Y0  pll_inst/inst/plle2_adv_inst/CLKFBIN



