
*** Running vivado
    with args -log top.vdi -applog -m64 -product Vivado -messageDb vivado.pb -mode batch -source top.tcl -notrace



****** Vivado v2023.2 (64-bit)
  **** SW Build 4029153 on Fri Oct 13 20:14:34 MDT 2023
  **** IP Build 4028589 on Sat Oct 14 00:45:43 MDT 2023
  **** SharedData Build 4025554 on Tue Oct 10 17:18:54 MDT 2023
    ** Copyright 1986-2022 Xilinx, Inc. All Rights Reserved.
    ** Copyright 2022-2023 Advanced Micro Devices, Inc. All Rights Reserved.

source top.tcl -notrace
create_project: Time (s): cpu = 00:00:06 ; elapsed = 00:00:07 . Memory (MB): peak = 567.008 ; gain = 181.395
Command: link_design -top top -part xc7k325tffg900-2
Design is defaulting to srcset: sources_1
Design is defaulting to constrset: constrs_1
INFO: [Device 21-403] Loading part xc7k325tffg900-2
INFO: [Project 1-454] Reading design checkpoint 'd:/digital_twin/digital_twin/digital_twin.gen/sources_1/ip/pll/pll.dcp' for cell 'pll_inst'
INFO: [Project 1-454] Reading design checkpoint 'd:/digital_twin/digital_twin/digital_twin.gen/sources_1/ip/IROM/IROM.dcp' for cell 'student_top_inst/Mem_IROM'
Netlist sorting complete. Time (s): cpu = 00:00:00 ; elapsed = 00:00:00.128 . Memory (MB): peak = 1102.770 ; gain = 0.000
INFO: [Netlist 29-17] Analyzing 10873 Unisim elements for replacement
INFO: [Netlist 29-28] Unisim Transformation completed in 4 CPU seconds
INFO: [Project 1-479] Netlist was created with Vivado 2023.2
INFO: [Project 1-570] Preparing netlist for logic optimization
Parsing XDC File [d:/digital_twin/digital_twin/digital_twin.gen/sources_1/ip/pll/pll_board.xdc] for cell 'pll_inst/inst'
Finished Parsing XDC File [d:/digital_twin/digital_twin/digital_twin.gen/sources_1/ip/pll/pll_board.xdc] for cell 'pll_inst/inst'
Parsing XDC File [d:/digital_twin/digital_twin/digital_twin.gen/sources_1/ip/pll/pll.xdc] for cell 'pll_inst/inst'
INFO: [Timing 38-35] Done setting XDC timing constraints. [d:/digital_twin/digital_twin/digital_twin.gen/sources_1/ip/pll/pll.xdc:54]
INFO: [Timing 38-2] Deriving generated clocks [d:/digital_twin/digital_twin/digital_twin.gen/sources_1/ip/pll/pll.xdc:54]
get_clocks: Time (s): cpu = 00:00:12 ; elapsed = 00:00:11 . Memory (MB): peak = 2037.398 ; gain = 705.375
Finished Parsing XDC File [d:/digital_twin/digital_twin/digital_twin.gen/sources_1/ip/pll/pll.xdc] for cell 'pll_inst/inst'
Parsing XDC File [d:/digital_twin/digital_twin/digital_twin.srcs/constrs_1/new/digital_twin.xdc]
Finished Parsing XDC File [d:/digital_twin/digital_twin/digital_twin.srcs/constrs_1/new/digital_twin.xdc]
INFO: [Opt 31-138] Pushed 0 inverter(s) to 0 load pin(s).
Netlist sorting complete. Time (s): cpu = 00:00:00 ; elapsed = 00:00:00.047 . Memory (MB): peak = 2037.738 ; gain = 0.000
INFO: [Project 1-111] Unisim Transformation Summary:
  A total of 8192 instances were transformed.
  RAM256X1S => RAM256X1S (MUXF7(x2), MUXF8, RAMS64E(x4)): 8192 instances

The system cannot find the path specified.
11 Infos, 0 Warnings, 0 Critical Warnings and 0 Errors encountered.
link_design completed successfully
link_design: Time (s): cpu = 00:00:29 ; elapsed = 00:00:29 . Memory (MB): peak = 2037.738 ; gain = 1457.914
Command: opt_design
Attempting to get a license for feature 'Implementation' and/or device 'xc7k325t'
INFO: [Common 17-349] Got license for feature 'Implementation' and/or device 'xc7k325t'
Running DRC as a precondition to command opt_design

Starting DRC Task
INFO: [DRC 23-27] Running DRC with 2 threads
INFO: [Project 1-461] DRC finished with 0 Errors
INFO: [Project 1-462] Please refer to the DRC report (report_drc) for more information.

Time (s): cpu = 00:00:02 ; elapsed = 00:00:01 . Memory (MB): peak = 2037.738 ; gain = 0.000

Starting Cache Timing Information Task
INFO: [Timing 38-35] Done setting XDC timing constraints.
Ending Cache Timing Information Task | Checksum: e9c6d885

Time (s): cpu = 00:00:04 ; elapsed = 00:00:03 . Memory (MB): peak = 2055.195 ; gain = 17.457

Starting Logic Optimization Task

Phase 1 Initialization

Phase 1.1 Core Generation And Design Setup
Phase 1.1 Core Generation And Design Setup | Checksum: e9c6d885

Time (s): cpu = 00:00:00 ; elapsed = 00:00:00.020 . Memory (MB): peak = 2410.305 ; gain = 0.000

Phase 1.2 Setup Constraints And Sort Netlist
Phase 1.2 Setup Constraints And Sort Netlist | Checksum: e9c6d885

Time (s): cpu = 00:00:00 ; elapsed = 00:00:00.089 . Memory (MB): peak = 2410.305 ; gain = 0.000
Phase 1 Initialization | Checksum: e9c6d885

Time (s): cpu = 00:00:00 ; elapsed = 00:00:00.104 . Memory (MB): peak = 2410.305 ; gain = 0.000

Phase 2 Timer Update And Timing Data Collection

Phase 2.1 Timer Update
Phase 2.1 Timer Update | Checksum: e9c6d885

Time (s): cpu = 00:00:06 ; elapsed = 00:00:04 . Memory (MB): peak = 2448.691 ; gain = 38.387

Phase 2.2 Timing Data Collection
Phase 2.2 Timing Data Collection | Checksum: e9c6d885

Time (s): cpu = 00:00:07 ; elapsed = 00:00:05 . Memory (MB): peak = 2448.691 ; gain = 38.387
Phase 2 Timer Update And Timing Data Collection | Checksum: e9c6d885

Time (s): cpu = 00:00:07 ; elapsed = 00:00:05 . Memory (MB): peak = 2448.691 ; gain = 38.387

Phase 3 Retarget
INFO: [Opt 31-1566] Pulled 1 inverters resulting in an inversion of 36 pins
INFO: [Opt 31-138] Pushed 0 inverter(s) to 0 load pin(s).
INFO: [Opt 31-49] Retargeted 0 cell(s).
Phase 3 Retarget | Checksum: 19d86a839

Time (s): cpu = 00:00:07 ; elapsed = 00:00:05 . Memory (MB): peak = 2448.691 ; gain = 38.387
Retarget | Checksum: 19d86a839
INFO: [Opt 31-389] Phase Retarget created 0 cells and removed 1 cells
INFO: [Opt 31-1021] In phase Retarget, 1 netlist objects are constrained preventing optimization. Please run opt_design with -debug_log to get more detail. 

Phase 4 Constant propagation
INFO: [Opt 31-138] Pushed 0 inverter(s) to 0 load pin(s).
Phase 4 Constant propagation | Checksum: 175294f21

Time (s): cpu = 00:00:08 ; elapsed = 00:00:05 . Memory (MB): peak = 2448.691 ; gain = 38.387
Constant propagation | Checksum: 175294f21
INFO: [Opt 31-389] Phase Constant propagation created 0 cells and removed 0 cells

Phase 5 Sweep
Phase 5 Sweep | Checksum: 1548c123d

Time (s): cpu = 00:00:08 ; elapsed = 00:00:06 . Memory (MB): peak = 2448.691 ; gain = 38.387
Sweep | Checksum: 1548c123d
INFO: [Opt 31-389] Phase Sweep created 32 cells and removed 0 cells

Phase 6 BUFG optimization
Phase 6 BUFG optimization | Checksum: 1548c123d

Time (s): cpu = 00:00:12 ; elapsed = 00:00:08 . Memory (MB): peak = 2448.691 ; gain = 38.387
BUFG optimization | Checksum: 1548c123d
INFO: [Opt 31-662] Phase BUFG optimization created 0 cells of which 0 are BUFGs and removed 0 cells.

Phase 7 Shift Register Optimization
INFO: [Opt 31-1064] SRL Remap converted 0 SRLs to 0 registers and converted 0 registers of register chains to 0 SRLs
Phase 7 Shift Register Optimization | Checksum: 1548c123d

Time (s): cpu = 00:00:12 ; elapsed = 00:00:08 . Memory (MB): peak = 2448.691 ; gain = 38.387
Shift Register Optimization | Checksum: 1548c123d
INFO: [Opt 31-389] Phase Shift Register Optimization created 0 cells and removed 0 cells

Phase 8 Post Processing Netlist
Phase 8 Post Processing Netlist | Checksum: 1548c123d

Time (s): cpu = 00:00:12 ; elapsed = 00:00:08 . Memory (MB): peak = 2448.691 ; gain = 38.387
Post Processing Netlist | Checksum: 1548c123d
INFO: [Opt 31-389] Phase Post Processing Netlist created 0 cells and removed 0 cells

Phase 9 Finalization

Phase 9.1 Finalizing Design Cores and Updating Shapes
Phase 9.1 Finalizing Design Cores and Updating Shapes | Checksum: 19368882a

Time (s): cpu = 00:00:12 ; elapsed = 00:00:09 . Memory (MB): peak = 2448.691 ; gain = 38.387

Phase 9.2 Verifying Netlist Connectivity

Starting Connectivity Check Task

Time (s): cpu = 00:00:00 ; elapsed = 00:00:00.034 . Memory (MB): peak = 2448.691 ; gain = 0.000
Phase 9.2 Verifying Netlist Connectivity | Checksum: 19368882a

Time (s): cpu = 00:00:12 ; elapsed = 00:00:09 . Memory (MB): peak = 2448.691 ; gain = 38.387
Phase 9 Finalization | Checksum: 19368882a

Time (s): cpu = 00:00:12 ; elapsed = 00:00:09 . Memory (MB): peak = 2448.691 ; gain = 38.387
Opt_design Change Summary
=========================


-------------------------------------------------------------------------------------------------------------------------
|  Phase                        |  #Cells created  |  #Cells Removed  |  #Constrained objects preventing optimizations  |
-------------------------------------------------------------------------------------------------------------------------
|  Retarget                     |               0  |               1  |                                              1  |
|  Constant propagation         |               0  |               0  |                                              0  |
|  Sweep                        |              32  |               0  |                                              0  |
|  BUFG optimization            |               0  |               0  |                                              0  |
|  Shift Register Optimization  |               0  |               0  |                                              0  |
|  Post Processing Netlist      |               0  |               0  |                                              0  |
-------------------------------------------------------------------------------------------------------------------------


Ending Logic Optimization Task | Checksum: 19368882a

Time (s): cpu = 00:00:12 ; elapsed = 00:00:09 . Memory (MB): peak = 2448.691 ; gain = 38.387
INFO: [Constraints 18-11670] Building netlist checker database with flags, 0x8
Done building netlist checker database: Time (s): cpu = 00:00:00 ; elapsed = 00:00:00.055 . Memory (MB): peak = 2448.691 ; gain = 0.000

Starting Power Optimization Task
INFO: [Pwropt 34-132] Skipping clock gating for clocks with a period < 2.00 ns.
Ending Power Optimization Task | Checksum: 19368882a

Time (s): cpu = 00:00:00 ; elapsed = 00:00:00.085 . Memory (MB): peak = 2448.691 ; gain = 0.000

Starting Final Cleanup Task
Ending Final Cleanup Task | Checksum: 19368882a

Time (s): cpu = 00:00:00 ; elapsed = 00:00:00.014 . Memory (MB): peak = 2448.691 ; gain = 0.000

Starting Netlist Obfuscation Task
Netlist sorting complete. Time (s): cpu = 00:00:00 ; elapsed = 00:00:00.042 . Memory (MB): peak = 2448.691 ; gain = 0.000
Ending Netlist Obfuscation Task | Checksum: 19368882a

Time (s): cpu = 00:00:01 ; elapsed = 00:00:00.056 . Memory (MB): peak = 2448.691 ; gain = 0.000
INFO: [Common 17-83] Releasing license: Implementation
31 Infos, 0 Warnings, 0 Critical Warnings and 0 Errors encountered.
opt_design completed successfully
opt_design: Time (s): cpu = 00:00:22 ; elapsed = 00:00:17 . Memory (MB): peak = 2448.691 ; gain = 410.953
INFO: [runtcl-4] Executing : report_drc -file top_drc_opted.rpt -pb top_drc_opted.pb -rpx top_drc_opted.rpx
Command: report_drc -file top_drc_opted.rpt -pb top_drc_opted.pb -rpx top_drc_opted.rpx
INFO: [IP_Flow 19-1839] IP Catalog is up to date.
INFO: [DRC 23-27] Running DRC with 2 threads
INFO: [Vivado_Tcl 2-168] The results of DRC are in file d:/digital_twin/digital_twin/digital_twin.runs/impl_1/top_drc_opted.rpt.
report_drc completed successfully
INFO: [Timing 38-480] Writing timing data to binary archive.
Wrote PlaceDB: Time (s): cpu = 00:00:00 ; elapsed = 00:00:00.004 . Memory (MB): peak = 2448.691 ; gain = 0.000
Wrote PulsedLatchDB: Time (s): cpu = 00:00:00 ; elapsed = 00:00:00 . Memory (MB): peak = 2448.691 ; gain = 0.000
Writing XDEF routing.
Writing XDEF routing logical nets.
Writing XDEF routing special nets.
Wrote RouteStorage: Time (s): cpu = 00:00:00 ; elapsed = 00:00:00.087 . Memory (MB): peak = 2448.691 ; gain = 0.000
Wrote Netlist Cache: Time (s): cpu = 00:00:00 ; elapsed = 00:00:00 . Memory (MB): peak = 2448.691 ; gain = 0.000
Wrote Device Cache: Time (s): cpu = 00:00:00 ; elapsed = 00:00:00.007 . Memory (MB): peak = 2448.691 ; gain = 0.000
Write Physdb Complete: Time (s): cpu = 00:00:00 ; elapsed = 00:00:00.106 . Memory (MB): peak = 2448.691 ; gain = 0.000
Write ShapeDB Complete: Time (s): cpu = 00:00:01 ; elapsed = 00:00:00.247 . Memory (MB): peak = 2448.691 ; gain = 0.000
INFO: [Common 17-1381] The checkpoint 'd:/digital_twin/digital_twin/digital_twin.runs/impl_1/top_opt.dcp' has been generated.
Command: place_design
Attempting to get a license for feature 'Implementation' and/or device 'xc7k325t'
INFO: [Common 17-349] Got license for feature 'Implementation' and/or device 'xc7k325t'
INFO: [Common 17-83] Releasing license: Implementation
INFO: [DRC 23-27] Running DRC with 2 threads
INFO: [Vivado_Tcl 4-198] DRC finished with 0 Errors
INFO: [Vivado_Tcl 4-199] Please refer to the DRC report (report_drc) for more information.
Running DRC as a precondition to command place_design
INFO: [DRC 23-27] Running DRC with 2 threads
INFO: [Vivado_Tcl 4-198] DRC finished with 0 Errors
INFO: [Vivado_Tcl 4-199] Please refer to the DRC report (report_drc) for more information.
INFO: [Place 30-611] Multithreading enabled for place_design using a maximum of 2 CPUs

Starting Placer Task

Phase 1 Placer Initialization

Phase 1.1 Placer Initialization Netlist Sorting
Netlist sorting complete. Time (s): cpu = 00:00:00 ; elapsed = 00:00:00.045 . Memory (MB): peak = 2448.691 ; gain = 0.000
Phase 1.1 Placer Initialization Netlist Sorting | Checksum: b8a62dfa

Time (s): cpu = 00:00:00 ; elapsed = 00:00:00.063 . Memory (MB): peak = 2448.691 ; gain = 0.000
Netlist sorting complete. Time (s): cpu = 00:00:00 ; elapsed = 00:00:00.044 . Memory (MB): peak = 2448.691 ; gain = 0.000

Phase 1.2 IO Placement/ Clock Placement/ Build Placer Device
INFO: [Timing 38-35] Done setting XDC timing constraints.
Phase 1.2 IO Placement/ Clock Placement/ Build Placer Device | Checksum: 12ae37a1

Time (s): cpu = 00:00:08 ; elapsed = 00:00:07 . Memory (MB): peak = 2480.055 ; gain = 31.363

Phase 1.3 Build Placer Netlist Model
Phase 1.3 Build Placer Netlist Model | Checksum: d8f54a77

Time (s): cpu = 00:00:46 ; elapsed = 00:00:37 . Memory (MB): peak = 3039.246 ; gain = 590.555

Phase 1.4 Constrain Clocks/Macros
Phase 1.4 Constrain Clocks/Macros | Checksum: d8f54a77

Time (s): cpu = 00:00:46 ; elapsed = 00:00:37 . Memory (MB): peak = 3039.246 ; gain = 590.555
Phase 1 Placer Initialization | Checksum: d8f54a77

Time (s): cpu = 00:00:47 ; elapsed = 00:00:38 . Memory (MB): peak = 3039.246 ; gain = 590.555

Phase 2 Global Placement

Phase 2.1 Floorplanning
Phase 2.1 Floorplanning | Checksum: 3faf5f9a

Time (s): cpu = 00:00:58 ; elapsed = 00:00:46 . Memory (MB): peak = 3039.246 ; gain = 590.555

Phase 2.2 Update Timing before SLR Path Opt
Phase 2.2 Update Timing before SLR Path Opt | Checksum: df067dee

Time (s): cpu = 00:01:09 ; elapsed = 00:00:53 . Memory (MB): peak = 3039.246 ; gain = 590.555

Phase 2.3 Post-Processing in Floorplanning
Phase 2.3 Post-Processing in Floorplanning | Checksum: b783f2e0

Time (s): cpu = 00:01:09 ; elapsed = 00:00:53 . Memory (MB): peak = 3039.246 ; gain = 590.555

Phase 2.4 Global Placement Core

Phase 2.4.1 UpdateTiming Before Physical Synthesis
Phase 2.4.1 UpdateTiming Before Physical Synthesis | Checksum: 91714cef

Time (s): cpu = 00:01:58 ; elapsed = 00:01:28 . Memory (MB): peak = 3039.246 ; gain = 590.555

Phase 2.4.2 Physical Synthesis In Placer
INFO: [Physopt 32-1035] Found 2 LUTNM shape to break, 116 LUT instances to create LUTNM shape
INFO: [Physopt 32-1044] Break lutnm for timing: one critical 2, two critical 0, total 2, new lutff created 0
INFO: [Physopt 32-1138] End 1 Pass. Optimized 54 nets or LUTs. Breaked 2 LUTs, combined 52 existing LUTs and moved 0 existing LUT
INFO: [Physopt 32-76] Pass 1. Identified 8 candidate nets for fanout optimization.
INFO: [Physopt 32-81] Processed net student_top_inst/Core_cpu/Q[2]. Replicated 17 times.
INFO: [Physopt 32-81] Processed net student_top_inst/Core_cpu/Q[1]. Replicated 18 times.
INFO: [Physopt 32-81] Processed net student_top_inst/Core_cpu/Q[7]. Replicated 13 times.
INFO: [Physopt 32-81] Processed net student_top_inst/Core_cpu/Q[3]. Replicated 18 times.
INFO: [Physopt 32-81] Processed net student_top_inst/Core_cpu/Q[6]. Replicated 18 times.
INFO: [Physopt 32-81] Processed net student_top_inst/Core_cpu/Q[8]. Replicated 13 times.
INFO: [Physopt 32-81] Processed net student_top_inst/Core_cpu/Q[5]. Replicated 17 times.
INFO: [Physopt 32-81] Processed net student_top_inst/Core_cpu/Q[4]. Replicated 18 times.
INFO: [Physopt 32-232] Optimized 8 nets. Created 132 new instances.
INFO: [Physopt 32-775] End 1 Pass. Optimized 8 nets or cells. Created 132 new cells, deleted 0 existing cell and moved 0 existing cell
Netlist sorting complete. Time (s): cpu = 00:00:00 ; elapsed = 00:00:00.285 . Memory (MB): peak = 3039.246 ; gain = 0.000
INFO: [Physopt 32-456] No candidate cells for DSP register optimization found in the design.
INFO: [Physopt 32-775] End 2 Pass. Optimized 0 net or cell. Created 0 new cell, deleted 0 existing cell and moved 0 existing cell
INFO: [Physopt 32-1123] No candidate cells found for Shift Register to Pipeline optimization
INFO: [Physopt 32-775] End 2 Pass. Optimized 0 net or cell. Created 0 new cell, deleted 0 existing cell and moved 0 existing cell
INFO: [Physopt 32-1401] No candidate cells found for Shift Register optimization.
INFO: [Physopt 32-677] No candidate cells for Shift Register optimization found in the design
INFO: [Physopt 32-775] End 1 Pass. Optimized 0 net or cell. Created 0 new cell, deleted 0 existing cell and moved 0 existing cell
INFO: [Physopt 32-526] No candidate cells for BRAM register optimization found in the design
INFO: [Physopt 32-775] End 1 Pass. Optimized 0 net or cell. Created 0 new cell, deleted 0 existing cell and moved 0 existing cell
INFO: [Physopt 32-846] No candidate cells for URAM register optimization found in the design
INFO: [Physopt 32-775] End 1 Pass. Optimized 0 net or cell. Created 0 new cell, deleted 0 existing cell and moved 0 existing cell
INFO: [Physopt 32-846] No candidate cells for URAM register optimization found in the design
INFO: [Physopt 32-775] End 1 Pass. Optimized 0 net or cell. Created 0 new cell, deleted 0 existing cell and moved 0 existing cell
INFO: [Physopt 32-949] No candidate nets found for dynamic/static region interface net replication
INFO: [Physopt 32-775] End 1 Pass. Optimized 0 net or cell. Created 0 new cell, deleted 0 existing cell and moved 0 existing cell
Netlist sorting complete. Time (s): cpu = 00:00:00 ; elapsed = 00:00:00.049 . Memory (MB): peak = 3039.246 ; gain = 0.000
INFO: [Physopt 32-68] No nets found for critical-cell optimization.
INFO: [Physopt 32-232] Optimized 0 net. Created 0 new instance.
INFO: [Physopt 32-775] End 1 Pass. Optimized 0 net or cell. Created 0 new cell, deleted 0 existing cell and moved 0 existing cell
Netlist sorting complete. Time (s): cpu = 00:00:00 ; elapsed = 00:00:00.053 . Memory (MB): peak = 3039.246 ; gain = 0.000

Summary of Physical Synthesis Optimizations
============================================


-----------------------------------------------------------------------------------------------------------------------------------------------------------
|  Optimization                                     |  Added Cells  |  Removed Cells  |  Optimized Cells/Nets  |  Dont Touch  |  Iterations  |  Elapsed   |
-----------------------------------------------------------------------------------------------------------------------------------------------------------
|  LUT Combining                                    |            2  |             52  |                    54  |           0  |           1  |  00:00:01  |
|  Retime                                           |            0  |              0  |                     0  |           0  |           1  |  00:00:00  |
|  Very High Fanout                                 |          132  |              0  |                     8  |           0  |           1  |  00:00:59  |
|  DSP Register                                     |            0  |              0  |                     0  |           0  |           1  |  00:00:00  |
|  Shift Register to Pipeline                       |            0  |              0  |                     0  |           0  |           1  |  00:00:00  |
|  Shift Register                                   |            0  |              0  |                     0  |           0  |           1  |  00:00:00  |
|  BRAM Register                                    |            0  |              0  |                     0  |           0  |           1  |  00:00:00  |
|  URAM Register                                    |            0  |              0  |                     0  |           0  |           1  |  00:00:00  |
|  Dynamic/Static Region Interface Net Replication  |            0  |              0  |                     0  |           0  |           1  |  00:00:00  |
|  Critical Cell                                    |            0  |              0  |                     0  |           0  |           1  |  00:00:00  |
|  Total                                            |          134  |             52  |                    62  |           0  |          10  |  00:01:00  |
-----------------------------------------------------------------------------------------------------------------------------------------------------------


Phase 2.4.2 Physical Synthesis In Placer | Checksum: cfea66eb

Time (s): cpu = 00:03:09 ; elapsed = 00:02:37 . Memory (MB): peak = 3039.246 ; gain = 590.555
Phase 2.4 Global Placement Core | Checksum: 63b2e439

Time (s): cpu = 00:03:11 ; elapsed = 00:02:39 . Memory (MB): peak = 3039.246 ; gain = 590.555
Phase 2 Global Placement | Checksum: 63b2e439

Time (s): cpu = 00:03:11 ; elapsed = 00:02:39 . Memory (MB): peak = 3039.246 ; gain = 590.555

Phase 3 Detail Placement

Phase 3.1 Commit Multi Column Macros
Phase 3.1 Commit Multi Column Macros | Checksum: c62ae718

Time (s): cpu = 00:03:23 ; elapsed = 00:02:47 . Memory (MB): peak = 3039.246 ; gain = 590.555

Phase 3.2 Commit Most Macros & LUTRAMs
Phase 3.2 Commit Most Macros & LUTRAMs | Checksum: 17d7e0cfb

Time (s): cpu = 00:07:52 ; elapsed = 00:07:00 . Memory (MB): peak = 3039.246 ; gain = 590.555

Phase 3.3 Area Swap Optimization
Phase 3.3 Area Swap Optimization | Checksum: d15c9d09

Time (s): cpu = 00:07:53 ; elapsed = 00:07:01 . Memory (MB): peak = 3039.246 ; gain = 590.555

Phase 3.4 Pipeline Register Optimization
Phase 3.4 Pipeline Register Optimization | Checksum: fdf81296

Time (s): cpu = 00:07:53 ; elapsed = 00:07:01 . Memory (MB): peak = 3039.246 ; gain = 590.555

Phase 3.5 Fast Optimization
Phase 3.5 Fast Optimization | Checksum: c1732a4e

Time (s): cpu = 00:08:29 ; elapsed = 00:07:25 . Memory (MB): peak = 3039.246 ; gain = 590.555

Phase 3.6 Small Shape Detail Placement
Phase 3.6 Small Shape Detail Placement | Checksum: 1ed0c1512

Time (s): cpu = 00:08:34 ; elapsed = 00:07:30 . Memory (MB): peak = 3039.246 ; gain = 590.555

Phase 3.7 Re-assign LUT pins
Phase 3.7 Re-assign LUT pins | Checksum: 1f998a96c

Time (s): cpu = 00:08:35 ; elapsed = 00:07:31 . Memory (MB): peak = 3039.246 ; gain = 590.555

Phase 3.8 Pipeline Register Optimization
Phase 3.8 Pipeline Register Optimization | Checksum: 13c462547

Time (s): cpu = 00:08:35 ; elapsed = 00:07:32 . Memory (MB): peak = 3039.246 ; gain = 590.555

Phase 3.9 Fast Optimization
Phase 3.9 Fast Optimization | Checksum: c481f1f7

Time (s): cpu = 00:09:14 ; elapsed = 00:07:58 . Memory (MB): peak = 3039.246 ; gain = 590.555
Phase 3 Detail Placement | Checksum: c481f1f7

Time (s): cpu = 00:09:15 ; elapsed = 00:07:59 . Memory (MB): peak = 3039.246 ; gain = 590.555

Phase 4 Post Placement Optimization and Clean-Up

Phase 4.1 Post Commit Optimization
INFO: [Timing 38-35] Done setting XDC timing constraints.

Phase 4.1.1 Post Placement Optimization
Post Placement Optimization Initialization | Checksum: c1139395

Phase 4.1.1.1 BUFG Insertion

Starting Physical Synthesis Task

Phase 1 Physical Synthesis Initialization
INFO: [Physopt 32-721] Multithreading enabled for phys_opt_design using a maximum of 2 CPUs
INFO: [Physopt 32-619] Estimated Timing Summary | WNS=-2.029 | TNS=-89.133 |
Phase 1 Physical Synthesis Initialization | Checksum: c3058b99

Time (s): cpu = 00:00:10 ; elapsed = 00:00:08 . Memory (MB): peak = 3090.797 ; gain = 51.551
INFO: [Place 46-33] Processed net student_top_inst/Core_cpu/u_rf/bbstub_locked, BUFG insertion was skipped due to placement/routing conflicts.
INFO: [Place 46-56] BUFG insertion identified 1 candidate nets. Inserted BUFG: 0, Replicated BUFG Driver: 0, Skipped due to Placement/Routing Conflicts: 1, Skipped due to Timing Degradation: 0, Skipped due to netlist editing failed: 0.
Ending Physical Synthesis Task | Checksum: c3058b99

Time (s): cpu = 00:00:16 ; elapsed = 00:00:12 . Memory (MB): peak = 3091.980 ; gain = 52.734
Phase 4.1.1.1 BUFG Insertion | Checksum: c1139395

Time (s): cpu = 00:10:05 ; elapsed = 00:08:33 . Memory (MB): peak = 3091.980 ; gain = 643.289

Phase 4.1.1.2 Post Placement Timing Optimization
