Copyright 1986-2022 Xilinx, Inc. All Rights Reserved. Copyright 2022-2025 Advanced Micro Devices, Inc. All Rights Reserved.
-----------------------------------------------------------------------------------------------------------------------------------------------------------------------
| Tool Version : Vivado v.2025.2 (win64) Build 6299465 Fri Nov 14 19:35:11 GMT 2025
| Date         : Tue Jun 30 18:50:24 2026
| Host         : LAPTOP-247T8NJB running 64-bit major release  (build 9200)
| Command      : report_incremental_reuse -file E:/Projects/1Aprojects/RV32Final/timing_backups/incremental_from_baseline_202p25_20260630_184801/incremental_reuse.rpt
| Design       : top
| Device       : xc7k325t
| Design State : Unknown
-----------------------------------------------------------------------------------------------------------------------------------------------------------------------

Incremental Implementation Information

Table of Contents
-----------------
1. Incremental Flow Summary
2. Reuse Summary
3. Reference Checkpoint Information
4. Comparison with Reference Run
5. Optimization Comparison With Reference Run
5.1 iphys_opt_replay Optimizations
5.2 QoR Suggestion Optimizations
6. Command Comparison with Reference Run
6.1 Reference:
6.2 Incremental:
7. Non Reuse Information

1. Incremental Flow Summary
---------------------------

+-----------------------+------------------+
|    Flow Information   |       Value      |
+-----------------------+------------------+
| Synthesis Flow        |          Default |
| Auto Incremental      |               No |
| Incremental Directive | RuntimeOptimized |
| Target WNS            |              0.0 |
| QoR Suggestions       |                0 |
+-----------------------+------------------+


2. Reuse Summary
----------------

+-------+----------------------+----------------------------+--------------------+-------+
|  Type | Matched % (of Total) | Current Reuse % (of Total) | Fixed % (of Total) | Total |
+-------+----------------------+----------------------------+--------------------+-------+
| Cells |                97.52 |                      97.56 |               1.05 |  7103 |
| Nets  |                94.75 |                      85.12 |               0.00 |  4208 |
| Pins  |                    - |                      79.11 |                  - | 31723 |
| Ports |               100.00 |                     100.00 |             100.00 |    76 |
+-------+----------------------+----------------------------+--------------------+-------+
* Reused % can exceed matched % when unmatched cells take their placement directly from other cells that have been matched


3. Reference Checkpoint Information
-----------------------------------

+----------------+-------------------------------------------------------------------------------------------------+
| DCP Location:  | E:/Projects/1Aprojects/RV32Final/timing_backups/baseline_200mhz_explore/top_200mhz_baseline.dcp |
+----------------+-------------------------------------------------------------------------------------------------+


+--------------------------------+----------------------------+
|         DCP Information        |            Value           |
+--------------------------------+----------------------------+
| Vivado Version                 |                     2025.2 |
| DCP State                      |                 POST_ROUTE |
| Recorded WNS                   |                      0.068 |
| Recorded WHS                   |                      0.084 |
| Reference Speed File Version   | PRODUCTION 1.12 2017-02-17 |
| Incremental Speed File Version | PRODUCTION 1.12 2017-02-17 |
+--------------------------------+----------------------------+
* Recorded WNS/WHS timing numbers are estimated timing numbers. They may vary slightly from sign-off timing numbers.


4. Comparison with Reference Run
--------------------------------

+-----------------+---------------------------+---------------------------+---------------------------+
|                 |          WNS(ns)          |  Runtime(elapsed)(hh:mm)  |    Runtime(cpu)(hh:mm)    |
+-----------------+-------------+-------------+-------------+-------------+-------------+-------------+
|      Stage      |  Reference  | Incremental |  Reference  | Incremental |  Reference  | Incremental |
+-----------------+-------------+-------------+-------------+-------------+-------------+-------------+
| synth_design    |             |             |     < 1 min |       00:01 |     < 1 min |       00:01 |
| opt_design      |             |             |     < 1 min |             |     < 1 min |             |
| read_checkpoint |             |             |             |     < 1 min |             |     < 1 min |
| place_design    |       0.207 |             |       00:03 |             |       00:03 |             |
| phys_opt_design |       0.207 |             |     < 1 min |             |     < 1 min |             |
| route_design    |       0.068 |             |       00:01 |             |       00:01 |             |
+-----------------+-------------+-------------+-------------+-------------+-------------+-------------+


5. Optimization Comparison With Reference Run
---------------------------------------------

5.1 iphys_opt_replay Optimizations
----------------------------------

+-------------------------+--------+------------+
| iphys_opt_design replay | Reused | Not Reused |
+-------------------------+--------+------------+


5.2 QoR Suggestion Optimizations
--------------------------------

+-----------------+-------+
| QoR Suggestions | Value |
+-----------------+-------+


6. Command Comparison with Reference Run
----------------------------------------

6.1 Reference:
--------------
synth_design-define default::[not_specified] -verilog_define default::[not_specified] -vhdl_define default::[not_specified] -top  top -part  xc7k325tffg900-2 
opt_design
place_design -directive Explore
phys_opt_design
route_design -timing_summary

6.2 Incremental:
----------------
synth_design-define default::[not_specified] -verilog_define default::[not_specified] -vhdl_define default::[not_specified] -top  top -part  xc7k325tffg900-2 
read_checkpoint -directive RuntimeOptimized  -incremental E:/Projects/1Aprojects/RV32Final/timing_backups/baseline_200mhz_explore/top_200mhz_baseline.dcp

7. Non Reuse Information
------------------------

+------------------------------------------------------+------+
|                         Type                         |   %  |
+------------------------------------------------------+------+
| Non-Reused Cells                                     | 2.43 |
|   New                                                | 2.16 |
|   Discarded illegal placement due to netlist changes | 0.04 |
|   Discarded to improve timing                        | 0.22 |
| Partially reused nets                                | 6.46 |
| Non-Reused nets                                      | 8.41 |
| Non-Reused Ports                                     | 0.00 |
+------------------------------------------------------+------+


