Copyright 1986-2022 Xilinx, Inc. All Rights Reserved. Copyright 2022-2025 Advanced Micro Devices, Inc. All Rights Reserved.
------------------------------------------------------------------------------------------------------------------------------------------------------------------------
| Tool Version : Vivado v.2025.2 (win64) Build 6299465 Fri Nov 14 19:35:11 GMT 2025
| Date         : Tue Jul  7 10:00:37 2026
| Host         : LAPTOP-247T8NJB running 64-bit major release  (build 9200)
| Command      : report_timing_summary -file E:/Projects/1Aprojects/RV32Final/timing_backups/physopt_sweep_from_place_20260707_095802/postphys_AlternateReplication.rpt
| Design       : top
| Device       : 7k325t-ffg900
| Speed File   : -2  PRODUCTION 1.12 2017-02-17
| Design State : Physopt postPlace
------------------------------------------------------------------------------------------------------------------------------------------------------------------------

Timing Summary Report

------------------------------------------------------------------------------------------------
| Timer Settings
| --------------
------------------------------------------------------------------------------------------------

  Enable Multi Corner Analysis               :  Yes
  Enable Pessimism Removal                   :  Yes
  Pessimism Removal Resolution               :  Nearest Common Node
  Enable Input Delay Default Clock           :  No
  Enable Preset / Clear Arcs                 :  No
  Disable Flight Delays                      :  No
  Ignore I/O Paths                           :  No
  Timing Early Launch at Borrowing Latches   :  No
  Borrow Time for Max Delay Exceptions       :  Yes
  Merge Timing Exceptions                    :  Yes
  Inter-SLR Compensation                     :  Conservative

  Corner  Analyze    Analyze    
  Name    Max Paths  Min Paths  
  ------  ---------  ---------  
  Slow    Yes        Yes        
  Fast    Yes        Yes        


------------------------------------------------------------------------------------------------
| Report Methodology
| ------------------
------------------------------------------------------------------------------------------------

No report available as report_methodology has not been run prior. Run report_methodology on the current design for the summary of methodology violations.



check_timing report

Table of Contents
-----------------
1. checking no_clock (0)
2. checking constant_clock (0)
3. checking pulse_width_clock (0)
4. checking unconstrained_internal_endpoints (0)
5. checking no_input_delay (1)
6. checking no_output_delay (69)
7. checking multiple_clock (0)
8. checking generated_clocks (0)
9. checking loops (0)
10. checking partial_input_delay (0)
11. checking partial_output_delay (0)
12. checking latch_loops (0)

1. checking no_clock (0)
------------------------
 There are 0 register/latch pins with no clock.


2. checking constant_clock (0)
------------------------------
 There are 0 register/latch pins with constant_clock.


3. checking pulse_width_clock (0)
---------------------------------
 There are 0 register/latch pins which need pulse_width check


4. checking unconstrained_internal_endpoints (0)
------------------------------------------------
 There are 0 pins that are not constrained for maximum delay.

 There are 0 pins that are not constrained for maximum delay due to constant clock.


5. checking no_input_delay (1)
------------------------------
 There is 1 input port with no input delay specified. (HIGH)

 There are 0 input ports with no input delay but user has a false path constraint.


6. checking no_output_delay (69)
--------------------------------
 There are 69 ports with no output delay specified. (HIGH)

 There are 0 ports with no output delay but user has a false path constraint

 There are 0 ports with no output delay but with a timing clock defined on it or propagating through it


7. checking multiple_clock (0)
------------------------------
 There are 0 register/latch pins with multiple clocks.


8. checking generated_clocks (0)
--------------------------------
 There are 0 generated clocks that are not connected to a clock source.


9. checking loops (0)
---------------------
 There are 0 combinational loops in the design.


10. checking partial_input_delay (0)
------------------------------------
 There are 0 input ports with partial input delay specified.


11. checking partial_output_delay (0)
-------------------------------------
 There are 0 ports with partial output delay specified.


12. checking latch_loops (0)
----------------------------
 There are 0 combinational latch loops in the design through latch input



------------------------------------------------------------------------------------------------
| Design Timing Summary
| ---------------------
------------------------------------------------------------------------------------------------

    WNS(ns)      TNS(ns)  TNS Failing Endpoints  TNS Total Endpoints      WHS(ns)      THS(ns)  THS Failing Endpoints  THS Total Endpoints     WPWS(ns)     TPWS(ns)  TPWS Failing Endpoints  TPWS Total Endpoints  
    -------      -------  ---------------------  -------------------      -------      -------  ---------------------  -------------------     --------     --------  ----------------------  --------------------  
      0.016        0.000                      0                 6591       -0.052       -0.093                      4                 6591        1.100        0.000                       0                  2989  


Timing constraints are not met.


------------------------------------------------------------------------------------------------
| Clock Summary
| -------------
------------------------------------------------------------------------------------------------

Clock           Waveform(ns)         Period(ns)      Frequency(MHz)
-----           ------------         ----------      --------------
i_sys_clk_p     {0.000 2.500}        5.000           200.000         
  clk_out1_pll  {0.000 10.000}       20.000          50.000          
  clk_out2_pll  {0.000 2.500}        5.000           200.000         
  clkfbout_pll  {0.000 2.500}        5.000           200.000         


------------------------------------------------------------------------------------------------
| Intra Clock Table
| -----------------
------------------------------------------------------------------------------------------------

Clock               WNS(ns)      TNS(ns)  TNS Failing Endpoints  TNS Total Endpoints      WHS(ns)      THS(ns)  THS Failing Endpoints  THS Total Endpoints     WPWS(ns)     TPWS(ns)  TPWS Failing Endpoints  TPWS Total Endpoints  
-----               -------      -------  ---------------------  -------------------      -------      -------  ---------------------  -------------------     --------     --------  ----------------------  --------------------  
i_sys_clk_p                                                                                                                                                       1.100        0.000                       0                     2  
  clk_out1_pll       16.908        0.000                      0                  699       -0.052       -0.093                      4                  699        9.600        0.000                       0                   514  
  clk_out2_pll        0.016        0.000                      0                 5892        0.023        0.000                      0                 5892        2.100        0.000                       0                  2470  
  clkfbout_pll                                                                                                                                                    3.592        0.000                       0                     3  


------------------------------------------------------------------------------------------------
| Inter Clock Table
| -----------------
------------------------------------------------------------------------------------------------

From Clock    To Clock          WNS(ns)      TNS(ns)  TNS Failing Endpoints  TNS Total Endpoints      WHS(ns)      THS(ns)  THS Failing Endpoints  THS Total Endpoints  
----------    --------          -------      -------  ---------------------  -------------------      -------      -------  ---------------------  -------------------  


------------------------------------------------------------------------------------------------
| Other Path Groups Table
| -----------------------
------------------------------------------------------------------------------------------------

Path Group    From Clock    To Clock          WNS(ns)      TNS(ns)  TNS Failing Endpoints  TNS Total Endpoints      WHS(ns)      THS(ns)  THS Failing Endpoints  THS Total Endpoints  
----------    ----------    --------          -------      -------  ---------------------  -------------------      -------      -------  ---------------------  -------------------  


------------------------------------------------------------------------------------------------
| Timing Details
| --------------
------------------------------------------------------------------------------------------------


---------------------------------------------------------------------------------------------------
From Clock:  i_sys_clk_p
  To Clock:  i_sys_clk_p

Setup :           NA  Failing Endpoints,  Worst Slack           NA  ,  Total Violation           NA
Hold  :           NA  Failing Endpoints,  Worst Slack           NA  ,  Total Violation           NA
PW    :            0  Failing Endpoints,  Worst Slack        1.100ns,  Total Violation        0.000ns
---------------------------------------------------------------------------------------------------


Pulse Width Checks
--------------------------------------------------------------------------------------
Clock Name:         i_sys_clk_p
Waveform(ns):       { 0.000 2.500 }
Period(ns):         5.000
Sources:            { i_sys_clk_p }

Check Type        Corner  Lib Pin           Reference Pin  Required(ns)  Actual(ns)  Slack(ns)  Location        Pin
Min Period        n/a     BUFG/I            n/a            1.408         5.000       3.591      BUFGCTRL_X0Y3   pll_inst/inst/clkin1_bufg1/I
Max Period        n/a     PLLE2_ADV/CLKIN1  n/a            52.633        5.000       47.633     PLLE2_ADV_X1Y0  pll_inst/inst/plle2_adv_inst/CLKIN1
Low Pulse Width   Slow    PLLE2_ADV/CLKIN1  n/a            1.400         2.500       1.100      PLLE2_ADV_X1Y0  pll_inst/inst/plle2_adv_inst/CLKIN1
High Pulse Width  Slow    PLLE2_ADV/CLKIN1  n/a            1.400         2.500       1.100      PLLE2_ADV_X1Y0  pll_inst/inst/plle2_adv_inst/CLKIN1



---------------------------------------------------------------------------------------------------
From Clock:  clk_out1_pll
  To Clock:  clk_out1_pll

Setup :            0  Failing Endpoints,  Worst Slack       16.908ns,  Total Violation        0.000ns
Hold  :            4  Failing Endpoints,  Worst Slack       -0.052ns,  Total Violation       -0.093ns
PW    :            0  Failing Endpoints,  Worst Slack        9.600ns,  Total Violation        0.000ns
---------------------------------------------------------------------------------------------------


Max Delay Paths
--------------------------------------------------------------------------------------
Slack (MET) :             16.908ns  (required time - arrival time)
  Source:                 uart_inst/rx_cnt_reg[7]/C
                            (rising edge-triggered cell FDCE clocked by clk_out1_pll  {rise@0.000ns fall@10.000ns period=20.000ns})
  Destination:            uart_inst/rx_data_reg[0]/CE
                            (rising edge-triggered cell FDCE clocked by clk_out1_pll  {rise@0.000ns fall@10.000ns period=20.000ns})
  Path Group:             clk_out1_pll
  Path Type:              Setup (Max at Slow Process Corner)
  Requirement:            20.000ns  (clk_out1_pll rise@20.000ns - clk_out1_pll rise@0.000ns)
  Data Path Delay:        2.568ns  (logic 0.424ns (16.511%)  route 2.144ns (83.489%))
  Logic Levels:           3  (LUT3=1 LUT4=1 LUT6=1)
  Clock Path Skew:        -0.155ns (DCD - SCD + CPR)
    Destination Clock Delay (DCD):    4.217ns = ( 24.217 - 20.000 ) 
    Source Clock Delay      (SCD):    4.600ns
    Clock Pessimism Removal (CPR):    0.227ns
  Clock Uncertainty:      0.074ns  ((TSJ^2 + DJ^2)^1/2) / 2 + PE
    Total System Jitter     (TSJ):    0.071ns
    Discrete Jitter          (DJ):    0.129ns
    Phase Error              (PE):    0.000ns

    Location             Delay type                Incr(ns)  Path(ns)    Netlist Resource(s)
  -------------------------------------------------------------------    -------------------
                         (clock clk_out1_pll rise edge)
                                                      0.000     0.000 r  
    AD12                                              0.000     0.000 r  i_sys_clk_p (IN)
                         net (fo=0)                   0.000     0.000    pll_inst/inst/clk_in1_p
    AD12                 IBUFDS (Prop_ibufds_I_O)     0.906     0.906 r  pll_inst/inst/clkin1_ibufgds/O
                         net (fo=1, estimated)        2.299     3.205    pll_inst/inst/clk_in1_pll_buf
    BUFGCTRL_X0Y3        BUFG (Prop_bufg_I_O)         0.093     3.298 r  pll_inst/inst/clkin1_bufg1/O
                         net (fo=1, estimated)        1.871     5.169    pll_inst/inst/clk_in1_pll
    PLLE2_ADV_X1Y0       PLLE2_ADV (Prop_plle2_adv_CLKIN1_CLKOUT0)
                                                     -4.431     0.738 r  pll_inst/inst/plle2_adv_inst/CLKOUT0
                         net (fo=1, estimated)        2.467     3.205    pll_inst/inst/clk_out1_pll
    BUFGCTRL_X0Y1        BUFG (Prop_bufg_I_O)         0.093     3.298 r  pll_inst/inst/clkout1_buf/O
                         net (fo=512, estimated)      1.302     4.600    uart_inst/CLK
    SLICE_X9Y199         FDCE                                         r  uart_inst/rx_cnt_reg[7]/C
  -------------------------------------------------------------------    -------------------
    SLICE_X9Y199         FDCE (Prop_fdce_C_Q)         0.204     4.804 f  uart_inst/rx_cnt_reg[7]/Q
                         net (fo=2, estimated)        0.576     5.380    uart_inst/rx_cnt_reg_n_0_[7]
    SLICE_X9Y200         LUT4 (Prop_lut4_I1_O)        0.123     5.503 f  uart_inst/FSM_sequential_rx_state[1]_i_4/O
                         net (fo=1, estimated)        0.482     5.985    uart_inst/FSM_sequential_rx_state[1]_i_4_n_0
    SLICE_X9Y199         LUT6 (Prop_lut6_I0_O)        0.043     6.028 f  uart_inst/FSM_sequential_rx_state[1]_i_3/O
                         net (fo=17, estimated)       0.614     6.642    uart_inst/FSM_sequential_rx_state[1]_i_3_n_0
    SLICE_X9Y201         LUT3 (Prop_lut3_I0_O)        0.054     6.696 r  uart_inst/rx_data[7]_i_1/O
                         net (fo=9, estimated)        0.472     7.168    uart_inst/rx_data[7]_i_1_n_0
    SLICE_X17Y200        FDCE                                         r  uart_inst/rx_data_reg[0]/CE
  -------------------------------------------------------------------    -------------------

                         (clock clk_out1_pll rise edge)
                                                     20.000    20.000 r  
    AD12                                              0.000    20.000 r  i_sys_clk_p (IN)
                         net (fo=0)                   0.000    20.000    pll_inst/inst/clk_in1_p
    AD12                 IBUFDS (Prop_ibufds_I_O)     0.803    20.803 r  pll_inst/inst/clkin1_ibufgds/O
                         net (fo=1, estimated)        2.184    22.987    pll_inst/inst/clk_in1_pll_buf
    BUFGCTRL_X0Y3        BUFG (Prop_bufg_I_O)         0.083    23.070 r  pll_inst/inst/clkin1_bufg1/O
                         net (fo=1, estimated)        1.731    24.801    pll_inst/inst/clk_in1_pll
    PLLE2_ADV_X1Y0       PLLE2_ADV (Prop_plle2_adv_CLKIN1_CLKOUT0)
                                                     -4.158    20.644 r  pll_inst/inst/plle2_adv_inst/CLKOUT0
                         net (fo=1, estimated)        2.344    22.987    pll_inst/inst/clk_out1_pll
    BUFGCTRL_X0Y1        BUFG (Prop_bufg_I_O)         0.083    23.070 r  pll_inst/inst/clkout1_buf/O
                         net (fo=512, estimated)      1.147    24.217    uart_inst/CLK
    SLICE_X17Y200        FDCE                                         r  uart_inst/rx_data_reg[0]/C
                         clock pessimism              0.227    24.445    
                         clock uncertainty           -0.074    24.371    
    SLICE_X17Y200        FDCE (Setup_fdce_C_CE)      -0.295    24.076    uart_inst/rx_data_reg[0]
  -------------------------------------------------------------------
                         required time                         24.076    
                         arrival time                          -7.168    
  -------------------------------------------------------------------
                         slack                                 16.908    





Min Delay Paths
--------------------------------------------------------------------------------------
Slack (VIOLATED) :        -0.052ns  (arrival time - required time)
  Source:                 twin_controller_inst/sw_reg[1]/C
                            (rising edge-triggered cell FDCE clocked by clk_out1_pll  {rise@0.000ns fall@10.000ns period=20.000ns})
  Destination:            twin_controller_inst/status_buffer_reg[6][1]/D
                            (rising edge-triggered cell FDCE clocked by clk_out1_pll  {rise@0.000ns fall@10.000ns period=20.000ns})
  Path Group:             clk_out1_pll
  Path Type:              Hold (Min at Fast Process Corner)
  Requirement:            0.000ns  (clk_out1_pll rise@0.000ns - clk_out1_pll rise@0.000ns)
  Data Path Delay:        0.210ns  (logic 0.100ns (47.711%)  route 0.110ns (52.289%))
  Logic Levels:           0  
  Clock Path Skew:        0.218ns (DCD - SCD - CPR)
    Destination Clock Delay (DCD):    2.490ns
    Source Clock Delay      (SCD):    2.129ns
    Clock Pessimism Removal (CPR):    0.143ns

    Location             Delay type                Incr(ns)  Path(ns)    Netlist Resource(s)
  -------------------------------------------------------------------    -------------------
                         (clock clk_out1_pll rise edge)
                                                      0.000     0.000 r  
    AD12                                              0.000     0.000 r  i_sys_clk_p (IN)
                         net (fo=0)                   0.000     0.000    pll_inst/inst/clk_in1_p
    AD12                 IBUFDS (Prop_ibufds_I_O)     0.388     0.388 r  pll_inst/inst/clkin1_ibufgds/O
                         net (fo=1, estimated)        1.140     1.529    pll_inst/inst/clk_in1_pll_buf
    BUFGCTRL_X0Y3        BUFG (Prop_bufg_I_O)         0.026     1.555 r  pll_inst/inst/clkin1_bufg1/O
                         net (fo=1, estimated)        0.782     2.337    pll_inst/inst/clk_in1_pll
    PLLE2_ADV_X1Y0       PLLE2_ADV (Prop_plle2_adv_CLKIN1_CLKOUT0)
                                                     -2.031     0.305 r  pll_inst/inst/plle2_adv_inst/CLKOUT0
                         net (fo=1, estimated)        1.223     1.529    pll_inst/inst/clk_out1_pll
    BUFGCTRL_X0Y1        BUFG (Prop_bufg_I_O)         0.026     1.555 r  pll_inst/inst/clkout1_buf/O
                         net (fo=512, estimated)      0.574     2.129    twin_controller_inst/clk_out1
    SLICE_X21Y200        FDCE                                         r  twin_controller_inst/sw_reg[1]/C
  -------------------------------------------------------------------    -------------------
    SLICE_X21Y200        FDCE (Prop_fdce_C_Q)         0.100     2.229 r  twin_controller_inst/sw_reg[1]/Q
                         net (fo=3, estimated)        0.110     2.338    twin_controller_inst/sw[1]
    SLICE_X21Y198        FDCE                                         r  twin_controller_inst/status_buffer_reg[6][1]/D
  -------------------------------------------------------------------    -------------------

                         (clock clk_out1_pll rise edge)
                                                      0.000     0.000 r  
    AD12                                              0.000     0.000 r  i_sys_clk_p (IN)
                         net (fo=0)                   0.000     0.000    pll_inst/inst/clk_in1_p
    AD12                 IBUFDS (Prop_ibufds_I_O)     0.470     0.470 r  pll_inst/inst/clkin1_ibufgds/O
                         net (fo=1, estimated)        1.200     1.670    pll_inst/inst/clk_in1_pll_buf
    BUFGCTRL_X0Y3        BUFG (Prop_bufg_I_O)         0.030     1.700 r  pll_inst/inst/clkin1_bufg1/O
                         net (fo=1, estimated)        1.041     2.741    pll_inst/inst/clk_in1_pll
    PLLE2_ADV_X1Y0       PLLE2_ADV (Prop_plle2_adv_CLKIN1_CLKOUT0)
                                                     -2.361     0.380 r  pll_inst/inst/plle2_adv_inst/CLKOUT0
                         net (fo=1, estimated)        1.288     1.668    pll_inst/inst/clk_out1_pll
    BUFGCTRL_X0Y1        BUFG (Prop_bufg_I_O)         0.030     1.698 r  pll_inst/inst/clkout1_buf/O
                         net (fo=512, estimated)      0.792     2.490    twin_controller_inst/clk_out1
    SLICE_X21Y198        FDCE                                         r  twin_controller_inst/status_buffer_reg[6][1]/C
                         clock pessimism             -0.143     2.347    
    SLICE_X21Y198        FDCE (Hold_fdce_C_D)         0.044     2.391    twin_controller_inst/status_buffer_reg[6][1]
  -------------------------------------------------------------------
                         required time                         -2.391    
                         arrival time                           2.338    
  -------------------------------------------------------------------
                         slack                                 -0.052    





Pulse Width Checks
--------------------------------------------------------------------------------------
Clock Name:         clk_out1_pll
Waveform(ns):       { 0.000 10.000 }
Period(ns):         20.000
Sources:            { pll_inst/inst/plle2_adv_inst/CLKOUT0 }

Check Type        Corner  Lib Pin            Reference Pin  Required(ns)  Actual(ns)  Slack(ns)  Location        Pin
Min Period        n/a     BUFG/I             n/a            1.408         20.000      18.591     BUFGCTRL_X0Y1   pll_inst/inst/clkout1_buf/I
Max Period        n/a     PLLE2_ADV/CLKOUT0  n/a            160.000       20.000      140.000    PLLE2_ADV_X1Y0  pll_inst/inst/plle2_adv_inst/CLKOUT0
Low Pulse Width   Slow    FDCE/C             n/a            0.400         10.000      9.600      SLICE_X14Y201   student_virtual_led_ff2_reg[0]/C
High Pulse Width  Slow    FDCE/C             n/a            0.350         10.000      9.650      SLICE_X14Y201   student_virtual_led_ff1_reg[0]/C



---------------------------------------------------------------------------------------------------
From Clock:  clk_out2_pll
  To Clock:  clk_out2_pll

Setup :            0  Failing Endpoints,  Worst Slack        0.016ns,  Total Violation        0.000ns
Hold  :            0  Failing Endpoints,  Worst Slack        0.023ns,  Total Violation        0.000ns
PW    :            0  Failing Endpoints,  Worst Slack        2.100ns,  Total Violation        0.000ns
---------------------------------------------------------------------------------------------------


Max Delay Paths
--------------------------------------------------------------------------------------
Slack (MET) :             0.016ns  (required time - arrival time)
  Source:                 student_top_inst/bridge_inst/dram_driver_inst/dram_lane2_reg_0_1/CLKARDCLK
                            (rising edge-triggered cell RAMB36E1 clocked by clk_out2_pll  {rise@0.000ns fall@2.500ns period=5.000ns})
  Destination:            student_top_inst/Core_cpu/memwb_wdata_reg[17]/D
                            (rising edge-triggered cell FDCE clocked by clk_out2_pll  {rise@0.000ns fall@2.500ns period=5.000ns})
  Path Group:             clk_out2_pll
  Path Type:              Setup (Max at Slow Process Corner)
  Requirement:            5.000ns  (clk_out2_pll rise@5.000ns - clk_out2_pll rise@0.000ns)
  Data Path Delay:        4.767ns  (logic 2.528ns (53.031%)  route 2.239ns (46.969%))
  Logic Levels:           3  (LUT5=1 LUT6=1 RAMB36E1=1)
  Clock Path Skew:        -0.190ns (DCD - SCD + CPR)
    Destination Clock Delay (DCD):    4.209ns = ( 9.209 - 5.000 ) 
    Source Clock Delay      (SCD):    4.626ns
    Clock Pessimism Removal (CPR):    0.227ns
  Clock Uncertainty:      0.060ns  ((TSJ^2 + DJ^2)^1/2) / 2 + PE
    Total System Jitter     (TSJ):    0.071ns
    Discrete Jitter          (DJ):    0.098ns
    Phase Error              (PE):    0.000ns

    Location             Delay type                Incr(ns)  Path(ns)    Netlist Resource(s)
  -------------------------------------------------------------------    -------------------
                         (clock clk_out2_pll rise edge)
                                                      0.000     0.000 r  
    AD12                                              0.000     0.000 r  i_sys_clk_p (IN)
                         net (fo=0)                   0.000     0.000    pll_inst/inst/clk_in1_p
    AD12                 IBUFDS (Prop_ibufds_I_O)     0.906     0.906 r  pll_inst/inst/clkin1_ibufgds/O
                         net (fo=1, estimated)        2.299     3.205    pll_inst/inst/clk_in1_pll_buf
    BUFGCTRL_X0Y3        BUFG (Prop_bufg_I_O)         0.093     3.298 r  pll_inst/inst/clkin1_bufg1/O
                         net (fo=1, estimated)        1.871     5.169    pll_inst/inst/clk_in1_pll
    PLLE2_ADV_X1Y0       PLLE2_ADV (Prop_plle2_adv_CLKIN1_CLKOUT1)
                                                     -4.431     0.738 r  pll_inst/inst/plle2_adv_inst/CLKOUT1
                         net (fo=1, estimated)        2.467     3.205    pll_inst/inst/clk_out2_pll
    BUFGCTRL_X0Y0        BUFG (Prop_bufg_I_O)         0.093     3.298 r  pll_inst/inst/clkout2_buf/O
                         net (fo=2468, estimated)     1.329     4.626    student_top_inst/bridge_inst/dram_driver_inst/clk_out2
    RAMB36_X1Y30         RAMB36E1                                     r  student_top_inst/bridge_inst/dram_driver_inst/dram_lane2_reg_0_1/CLKARDCLK
  -------------------------------------------------------------------    -------------------
    RAMB36_X1Y30         RAMB36E1 (Prop_ramb36e1_CLKARDCLK_CASCADEOUTA)
                                                      2.123     6.749 r  student_top_inst/bridge_inst/dram_driver_inst/dram_lane2_reg_0_1/CASCADEOUTA
                         net (fo=1, estimated)        0.065     6.814    student_top_inst/bridge_inst/dram_driver_inst/dram_lane2_reg_0_1_n_0
    RAMB36_X1Y31         RAMB36E1 (Prop_ramb36e1_CASCADEINA_DOADO[0])
                                                      0.319     7.133 r  student_top_inst/bridge_inst/dram_driver_inst/dram_lane2_reg_1_1/DOADO[0]
                         net (fo=1, estimated)        0.582     7.715    student_top_inst/bridge_inst/dram_rdata[17]
    SLICE_X22Y156        LUT6 (Prop_lut6_I0_O)        0.043     7.758 r  student_top_inst/bridge_inst/memwb_wdata[17]_i_2/O
                         net (fo=2, estimated)        1.592     9.350    student_top_inst/Core_cpu/perip_rdata[17]
    SLICE_X21Y216        LUT5 (Prop_lut5_I1_O)        0.043     9.393 r  student_top_inst/Core_cpu/memwb_wdata[17]_i_1/O
                         net (fo=1, routed)           0.000     9.393    student_top_inst/Core_cpu/mem_wb_data[17]
    SLICE_X21Y216        FDCE                                         r  student_top_inst/Core_cpu/memwb_wdata_reg[17]/D
  -------------------------------------------------------------------    -------------------

                         (clock clk_out2_pll rise edge)
                                                      5.000     5.000 r  
    AD12                                              0.000     5.000 r  i_sys_clk_p (IN)
                         net (fo=0)                   0.000     5.000    pll_inst/inst/clk_in1_p
    AD12                 IBUFDS (Prop_ibufds_I_O)     0.803     5.803 r  pll_inst/inst/clkin1_ibufgds/O
                         net (fo=1, estimated)        2.184     7.987    pll_inst/inst/clk_in1_pll_buf
    BUFGCTRL_X0Y3        BUFG (Prop_bufg_I_O)         0.083     8.070 r  pll_inst/inst/clkin1_bufg1/O
                         net (fo=1, estimated)        1.731     9.801    pll_inst/inst/clk_in1_pll
    PLLE2_ADV_X1Y0       PLLE2_ADV (Prop_plle2_adv_CLKIN1_CLKOUT1)
                                                     -4.158     5.644 r  pll_inst/inst/plle2_adv_inst/CLKOUT1
                         net (fo=1, estimated)        2.344     7.987    pll_inst/inst/clk_out2_pll
    BUFGCTRL_X0Y0        BUFG (Prop_bufg_I_O)         0.083     8.070 r  pll_inst/inst/clkout2_buf/O
                         net (fo=2468, estimated)     1.139     9.209    student_top_inst/Core_cpu/clk_out2
    SLICE_X21Y216        FDCE                                         r  student_top_inst/Core_cpu/memwb_wdata_reg[17]/C
                         clock pessimism              0.227     9.437    
                         clock uncertainty           -0.060     9.376    
    SLICE_X21Y216        FDCE (Setup_fdce_C_D)        0.033     9.409    student_top_inst/Core_cpu/memwb_wdata_reg[17]
  -------------------------------------------------------------------
                         required time                          9.409    
                         arrival time                          -9.393    
  -------------------------------------------------------------------
                         slack                                  0.016    





Min Delay Paths
--------------------------------------------------------------------------------------
Slack (MET) :             0.023ns  (arrival time - required time)
  Source:                 student_top_inst/Core_cpu/exmem_alu_y_reg[4]_rep__0/C
                            (rising edge-triggered cell FDRE clocked by clk_out2_pll  {rise@0.000ns fall@2.500ns period=5.000ns})
  Destination:            student_top_inst/bridge_inst/dram_driver_inst/dram_lane2_reg_1_0/ADDRARDADDR[2]
                            (rising edge-triggered cell RAMB36E1 clocked by clk_out2_pll  {rise@0.000ns fall@2.500ns period=5.000ns})
  Path Group:             clk_out2_pll
  Path Type:              Hold (Min at Fast Process Corner)
  Requirement:            0.000ns  (clk_out2_pll rise@0.000ns - clk_out2_pll rise@0.000ns)
  Data Path Delay:        0.462ns  (logic 0.100ns (21.668%)  route 0.362ns (78.332%))
  Logic Levels:           0  
  Clock Path Skew:        0.256ns (DCD - SCD - CPR)
    Destination Clock Delay (DCD):    2.518ns
    Source Clock Delay      (SCD):    2.120ns
    Clock Pessimism Removal (CPR):    0.143ns

    Location             Delay type                Incr(ns)  Path(ns)    Netlist Resource(s)
  -------------------------------------------------------------------    -------------------
                         (clock clk_out2_pll rise edge)
                                                      0.000     0.000 r  
    AD12                                              0.000     0.000 r  i_sys_clk_p (IN)
                         net (fo=0)                   0.000     0.000    pll_inst/inst/clk_in1_p
    AD12                 IBUFDS (Prop_ibufds_I_O)     0.388     0.388 r  pll_inst/inst/clkin1_ibufgds/O
                         net (fo=1, estimated)        1.140     1.529    pll_inst/inst/clk_in1_pll_buf
    BUFGCTRL_X0Y3        BUFG (Prop_bufg_I_O)         0.026     1.555 r  pll_inst/inst/clkin1_bufg1/O
                         net (fo=1, estimated)        0.782     2.337    pll_inst/inst/clk_in1_pll
    PLLE2_ADV_X1Y0       PLLE2_ADV (Prop_plle2_adv_CLKIN1_CLKOUT1)
                                                     -2.031     0.305 r  pll_inst/inst/plle2_adv_inst/CLKOUT1
                         net (fo=1, estimated)        1.223     1.529    pll_inst/inst/clk_out2_pll
    BUFGCTRL_X0Y0        BUFG (Prop_bufg_I_O)         0.026     1.555 r  pll_inst/inst/clkout2_buf/O
                         net (fo=2468, estimated)     0.565     2.120    student_top_inst/Core_cpu/clk_out2
    SLICE_X30Y211        FDRE                                         r  student_top_inst/Core_cpu/exmem_alu_y_reg[4]_rep__0/C
  -------------------------------------------------------------------    -------------------
    SLICE_X30Y211        FDRE (Prop_fdre_C_Q)         0.100     2.220 r  student_top_inst/Core_cpu/exmem_alu_y_reg[4]_rep__0/Q
                         net (fo=16, estimated)       0.362     2.581    student_top_inst/bridge_inst/dram_driver_inst/ADDRARDADDR[2]
    RAMB36_X1Y39         RAMB36E1                                     r  student_top_inst/bridge_inst/dram_driver_inst/dram_lane2_reg_1_0/ADDRARDADDR[2]
  -------------------------------------------------------------------    -------------------

                         (clock clk_out2_pll rise edge)
                                                      0.000     0.000 r  
    AD12                                              0.000     0.000 r  i_sys_clk_p (IN)
                         net (fo=0)                   0.000     0.000    pll_inst/inst/clk_in1_p
    AD12                 IBUFDS (Prop_ibufds_I_O)     0.470     0.470 r  pll_inst/inst/clkin1_ibufgds/O
                         net (fo=1, estimated)        1.200     1.670    pll_inst/inst/clk_in1_pll_buf
    BUFGCTRL_X0Y3        BUFG (Prop_bufg_I_O)         0.030     1.700 r  pll_inst/inst/clkin1_bufg1/O
                         net (fo=1, estimated)        1.041     2.741    pll_inst/inst/clk_in1_pll
    PLLE2_ADV_X1Y0       PLLE2_ADV (Prop_plle2_adv_CLKIN1_CLKOUT1)
                                                     -2.361     0.380 r  pll_inst/inst/plle2_adv_inst/CLKOUT1
                         net (fo=1, estimated)        1.288     1.668    pll_inst/inst/clk_out2_pll
    BUFGCTRL_X0Y0        BUFG (Prop_bufg_I_O)         0.030     1.698 r  pll_inst/inst/clkout2_buf/O
                         net (fo=2468, estimated)     0.821     2.518    student_top_inst/bridge_inst/dram_driver_inst/clk_out2
    RAMB36_X1Y39         RAMB36E1                                     r  student_top_inst/bridge_inst/dram_driver_inst/dram_lane2_reg_1_0/CLKARDCLK
                         clock pessimism             -0.143     2.375    
    RAMB36_X1Y39         RAMB36E1 (Hold_ramb36e1_CLKARDCLK_ADDRARDADDR[2])
                                                      0.183     2.558    student_top_inst/bridge_inst/dram_driver_inst/dram_lane2_reg_1_0
  -------------------------------------------------------------------
                         required time                         -2.558    
                         arrival time                           2.581    
  -------------------------------------------------------------------
                         slack                                  0.023    





Pulse Width Checks
--------------------------------------------------------------------------------------
Clock Name:         clk_out2_pll
Waveform(ns):       { 0.000 2.500 }
Period(ns):         5.000
Sources:            { pll_inst/inst/plle2_adv_inst/CLKOUT1 }

Check Type        Corner  Lib Pin             Reference Pin  Required(ns)  Actual(ns)  Slack(ns)  Location        Pin
Min Period        n/a     RAMB36E1/CLKARDCLK  n/a            2.025         5.000       2.975      RAMB36_X0Y43    student_top_inst/bridge_inst/dram_driver_inst/dram_lane0_reg_0_0/CLKARDCLK
Max Period        n/a     PLLE2_ADV/CLKOUT1   n/a            160.000       5.000       155.000    PLLE2_ADV_X1Y0  pll_inst/inst/plle2_adv_inst/CLKOUT1
Low Pulse Width   Slow    FDCE/C              n/a            0.400         2.500       2.100      SLICE_X18Y200   virtual_key_cpu_ff2_reg[0]/C
High Pulse Width  Slow    FDCE/C              n/a            0.350         2.500       2.150      SLICE_X21Y228   ex_m_result_reg_reg[0]_i_14/C



---------------------------------------------------------------------------------------------------
From Clock:  clkfbout_pll
  To Clock:  clkfbout_pll

Setup :           NA  Failing Endpoints,  Worst Slack           NA  ,  Total Violation           NA
Hold  :           NA  Failing Endpoints,  Worst Slack           NA  ,  Total Violation           NA
PW    :            0  Failing Endpoints,  Worst Slack        3.592ns,  Total Violation        0.000ns
---------------------------------------------------------------------------------------------------


Pulse Width Checks
--------------------------------------------------------------------------------------
Clock Name:         clkfbout_pll
Waveform(ns):       { 0.000 2.500 }
Period(ns):         5.000
Sources:            { pll_inst/inst/plle2_adv_inst/CLKFBOUT }

Check Type  Corner  Lib Pin            Reference Pin  Required(ns)  Actual(ns)  Slack(ns)  Location        Pin
Min Period  n/a     BUFG/I             n/a            1.408         5.000       3.591      BUFGCTRL_X0Y2   pll_inst/inst/clkf_buf/I
Max Period  n/a     PLLE2_ADV/CLKFBIN  n/a            52.633        5.000       47.633     PLLE2_ADV_X1Y0  pll_inst/inst/plle2_adv_inst/CLKFBIN



