INFO: [VRFC 10-2263] Analyzing SystemVerilog file "D:/digital_twin/digital_twin/digital_twin.srcs/sources_1/imports/new/ALU.sv" into library xil_defaultlib
INFO: [VRFC 10-311] analyzing module ALU
INFO: [VRFC 10-2263] Analyzing SystemVerilog file "D:/digital_twin/digital_twin/digital_twin.srcs/sources_1/imports/new/IMMGEN.sv" into library xil_defaultlib
INFO: [VRFC 10-311] analyzing module IMMGEN
INFO: [VRFC 10-2263] Analyzing SystemVerilog file "D:/digital_twin/digital_twin/digital_twin.srcs/sources_1/imports/new/RF.sv" into library xil_defaultlib
INFO: [VRFC 10-311] analyzing module RF
INFO: [VRFC 10-2263] Analyzing SystemVerilog file "D:/digital_twin/digital_twin/digital_twin.srcs/sources_1/new/counter.sv" into library xil_defaultlib
INFO: [VRFC 10-311] analyzing module counter
INFO: [VRFC 10-2263] Analyzing SystemVerilog file "D:/digital_twin/digital_twin/digital_twin.srcs/sources_1/new/display_seg.sv" into library xil_defaultlib
INFO: [VRFC 10-311] analyzing module display_seg
INFO: [VRFC 10-2263] Analyzing SystemVerilog file "D:/digital_twin/digital_twin/digital_twin.srcs/sources_1/new/dram_driver.sv" into library xil_defaultlib
INFO: [VRFC 10-311] analyzing module dram_driver
INFO: [VRFC 10-2263] Analyzing SystemVerilog file "D:/digital_twin/digital_twin/digital_twin.srcs/sources_1/new/myCPU.sv" into library xil_defaultlib
INFO: [VRFC 10-311] analyzing module myCPU
INFO: [VRFC 10-311] analyzing module mycpu_rv32_decode
INFO: [VRFC 10-2263] Analyzing SystemVerilog file "D:/digital_twin/digital_twin/digital_twin.srcs/sources_1/new/perip_bridge.sv" into library xil_defaultlib
INFO: [VRFC 10-311] analyzing module perip_bridge
INFO: [VRFC 10-2263] Analyzing SystemVerilog file "D:/digital_twin/digital_twin/digital_twin.srcs/sources_1/new/seg7.sv" into library xil_defaultlib
INFO: [VRFC 10-311] analyzing module seg7
INFO: [VRFC 10-2263] Analyzing SystemVerilog file "D:/digital_twin/digital_twin/digital_twin.srcs/sources_1/new/student_top.sv" into library xil_defaultlib
INFO: [VRFC 10-311] analyzing module student_top
INFO: [VRFC 10-2263] Analyzing SystemVerilog file "D:/digital_twin/digital_twin/digital_twin.srcs/sim_1/new/tb_myCPU.sv" into library xil_defaultlib
INFO: [VRFC 10-311] analyzing module tb_myCPU
