Vivado Simulator v2023.2
Copyright 1986-2022 Xilinx, Inc. All Rights Reserved.
Copyright 2022-2023 Advanced Micro Devices, Inc. All Rights Reserved.
Running: D:/Xilinx/Vivado/2023.2/bin/unwrapped/win64.o/xelab.exe --incr --debug typical --relax --mt 2 -L xil_defaultlib -L dist_mem_gen_v8_0_14 -L uvm -L unisims_ver -L unimacro_ver -L secureip -L xpm --snapshot tb_myCPU_behav xil_defaultlib.tb_myCPU xil_defaultlib.glbl -log elaborate.log 
Using 2 slave threads.
Starting static elaboration
Pass Through NonSizing Optimizer
Completed static elaboration
Starting simulation data flow analysis
Completed simulation data flow analysis
Time Resolution for simulation is 1ps
Compiling module xil_defaultlib.mycpu_rv32_decode
Compiling module xil_defaultlib.IMMGEN
Compiling module xil_defaultlib.RF
Compiling module xil_defaultlib.ALU
Compiling module xil_defaultlib.myCPU
Compiling module dist_mem_gen_v8_0_14.dist_mem_gen_v8_0_14(C_FAMILY="k...
Compiling module xil_defaultlib.IROM
Compiling module xil_defaultlib.seg7
Compiling module xil_defaultlib.display_seg
Compiling module xil_defaultlib.dram_driver
Compiling module xil_defaultlib.counter
Compiling module xil_defaultlib.perip_bridge
Compiling module xil_defaultlib.student_top
Compiling module xil_defaultlib.tb_myCPU
Compiling module xil_defaultlib.glbl
Built simulation snapshot tb_myCPU_behav
