#-----------------------------------------------------------
# xsim v2023.2 (64-bit)
# SW Build 4029153 on Fri Oct 13 20:14:34 MDT 2023
# IP Build 4028589 on Sat Oct 14 00:45:43 MDT 2023
# SharedData Build 4025554 on Tue Oct 10 17:18:54 MDT 2023
# Start of session at: Sun Apr 26 12:06:03 2026
# Process ID: 17628
# Current directory: D:/digital_twin/digital_twin/digital_twin.sim/sim_1/behav/xsim
# Command line: xsim.exe -log run_30us.log -mode tcl -source {xsim.dir/tb_myCPU_behav/xsim_script.tcl}
# Log file: D:/digital_twin/digital_twin/digital_twin.sim/sim_1/behav/xsim/run_30us.log
# Journal file: D:/digital_twin/digital_twin/digital_twin.sim/sim_1/behav/xsim\xsim.jou
# Running On: YukiRin, OS: Windows, CPU Frequency: 3194 MHz, CPU Physical cores: 16, Host memory: 47089 MB
#-----------------------------------------------------------
source xsim.dir/tb_myCPU_behav/xsim_script.tcl
# xsim {tb_myCPU_behav} -autoloadwcfg -tclbatch {run_30us.tcl}
Time resolution is 1 ps
source run_30us.tcl
## run 30us
WARNING: This core is supplied with a behavioral model. To model cycle-accurate behavior you must run timing simulation.
WARNING: This core is supplied with a behavioral model. To model cycle-accurate behavior you must run timing simulation.
[TB] Reset released at 190.0 ns
[TB] Timer started at 22790.0 ns pc=80000364 seg=93e3f8fe3f
run: Time (s): cpu = 00:00:00 ; elapsed = 00:00:06 . Memory (MB): peak = 214.586 ; gain = 0.000
## quit
INFO: [Common 17-206] Exiting xsim at Sun Apr 26 12:06:13 2026...
